[ 2017-04-19T08:31:24+08:00 ] ::1 /MyProject/ALK/
INFO: [ app_init ] --START--
INFO: Run Behavior\BuildLiteBehavior [ RunTime:0.000038s ]
INFO: [ app_init ] --END-- [ RunTime:0.018236s ]
INFO: [ app_begin ] --START--
INFO: Run Behavior\ReadHtmlCacheBehavior [ RunTime:0.030800s ]
INFO: [ app_begin ] --END-- [ RunTime:0.030970s ]
SQL: SHOW COLUMNS FROM `alk_tb_news` [ RunTime:0.051803s ]
SQL: SELECT * FROM `alk_tb_news`  [ RunTime:0.000381s ]
SQL: SHOW COLUMNS FROM alk_tb_questproduct as q [ RunTime:0.000276s ]
ERR: 1064:You have an error in your SQL syntax; check the manual that corresponds to your MySQL server version for the right syntax to use near 'as q' at line 1
 [ SQL语句 ] : SHOW COLUMNS FROM alk_tb_questproduct as q
SQL: SELECT * FROM alk_tb_questproduct as q INNER JOIN alk_tb_questproducttype as t on q.questproducttypeid=t.id  WHERE ( `name` = '橄榄油知识' )  [ RunTime:0.059670s ]
SQL: SELECT * FROM alk_tb_questproduct as q INNER JOIN alk_tb_questproducttype as t on q.questproducttypeid=t.id  WHERE ( `name` = '葡萄酒文化' )  [ RunTime:0.000620s ]
SQL: SHOW COLUMNS FROM `alk_tb_product` [ RunTime:0.038187s ]
SQL: SELECT * FROM `alk_tb_product` ORDER BY id DESC LIMIT 4   [ RunTime:0.000450s ]
INFO: [ view_parse ] --START--
INFO: [ template_filter ] --START--
INFO: Run Behavior\ContentReplaceBehavior [ RunTime:0.000204s ]
INFO: [ template_filter ] --END-- [ RunTime:0.000356s ]
INFO: Run Behavior\ParseTemplateBehavior [ RunTime:0.144343s ]
INFO: [ view_parse ] --END-- [ RunTime:0.144591s ]
INFO: [ view_filter ] --START--
INFO: Run Behavior\WriteHtmlCacheBehavior [ RunTime:0.039006s ]
INFO: [ view_filter ] --END-- [ RunTime:0.039152s ]
INFO: [ app_end ] --START--
INFO: Run Behavior\ShowPageTraceBehavior [ RunTime:0.009581s ]
INFO: [ app_end ] --END-- [ RunTime:0.009718s ]

[ 2017-04-19T08:31:28+08:00 ] ::1 /MyProject/ALK/admin
INFO: [ app_init ] --START--
INFO: Run Behavior\BuildLiteBehavior [ RunTime:0.000034s ]
INFO: [ app_init ] --END-- [ RunTime:0.000913s ]
INFO: [ app_begin ] --START--
INFO: Run Behavior\ReadHtmlCacheBehavior [ RunTime:0.002552s ]
INFO: [ app_begin ] --END-- [ RunTime:0.002813s ]
INFO: [ view_parse ] --START--
INFO: [ template_filter ] --START--
INFO: Run Behavior\ContentReplaceBehavior [ RunTime:0.000091s ]
INFO: [ template_filter ] --END-- [ RunTime:0.000219s ]
INFO: Run Behavior\ParseTemplateBehavior [ RunTime:0.064308s ]
INFO: [ view_parse ] --END-- [ RunTime:0.064463s ]
INFO: [ view_filter ] --START--
INFO: Run Behavior\WriteHtmlCacheBehavior [ RunTime:0.002590s ]
INFO: [ view_filter ] --END-- [ RunTime:0.002751s ]
INFO: [ app_end ] --START--
INFO: Run Behavior\ShowPageTraceBehavior [ RunTime:0.002022s ]
INFO: [ app_end ] --END-- [ RunTime:0.002136s ]

[ 2017-04-19T08:31:35+08:00 ] ::1 /MyProject/ALK/index.php/Admin/Login/check
INFO: [ app_init ] --START--
INFO: Run Behavior\BuildLiteBehavior [ RunTime:0.000052s ]
INFO: [ app_init ] --END-- [ RunTime:0.001384s ]
INFO: [ app_begin ] --START--
INFO: Run Behavior\ReadHtmlCacheBehavior [ RunTime:0.002766s ]
INFO: [ app_begin ] --END-- [ RunTime:0.002954s ]
SQL: SHOW COLUMNS FROM `alk_tb_admin` [ RunTime:0.105298s ]
SQL: SELECT * FROM `alk_tb_admin` WHERE ( `username` = 'admin' ) AND ( `password` = '40bd001563085fc35165329ea1ff5c5ecbdbbeef' ) LIMIT 1   [ RunTime:0.000442s ]
INFO: [ view_parse ] --START--
INFO: [ template_filter ] --START--
INFO: Run Behavior\ContentReplaceBehavior [ RunTime:0.000070s ]
INFO: [ template_filter ] --END-- [ RunTime:0.000194s ]
INFO: Run Behavior\ParseTemplateBehavior [ RunTime:0.031829s ]
INFO: [ view_parse ] --END-- [ RunTime:0.031983s ]
INFO: [ view_filter ] --START--
INFO: Run Behavior\WriteHtmlCacheBehavior [ RunTime:0.001755s ]
INFO: [ view_filter ] --END-- [ RunTime:0.001875s ]
INFO: [ app_end ] --START--
INFO: Run Behavior\ShowPageTraceBehavior [ RunTime:0.002728s ]
INFO: [ app_end ] --END-- [ RunTime:0.002857s ]

[ 2017-04-19T08:31:36+08:00 ] ::1 /MyProject/ALK/index.php/Admin/Index/index.html
INFO: [ app_init ] --START--
INFO: Run Behavior\BuildLiteBehavior [ RunTime:0.000042s ]
INFO: [ app_init ] --END-- [ RunTime:0.001275s ]
INFO: [ app_begin ] --START--
INFO: Run Behavior\ReadHtmlCacheBehavior [ RunTime:0.002138s ]
INFO: [ app_begin ] --END-- [ RunTime:0.002343s ]
INFO: [ view_parse ] --START--
INFO: [ template_filter ] --START--
INFO: Run Behavior\ContentReplaceBehavior [ RunTime:0.000093s ]
INFO: [ template_filter ] --END-- [ RunTime:0.000242s ]
INFO: Run Behavior\ParseTemplateBehavior [ RunTime:0.037281s ]
INFO: [ view_parse ] --END-- [ RunTime:0.037438s ]
INFO: [ view_filter ] --START--
INFO: Run Behavior\WriteHtmlCacheBehavior [ RunTime:0.001754s ]
INFO: [ view_filter ] --END-- [ RunTime:0.001876s ]
INFO: [ app_end ] --START--
INFO: Run Behavior\ShowPageTraceBehavior [ RunTime:0.002481s ]
INFO: [ app_end ] --END-- [ RunTime:0.002615s ]

[ 2017-04-19T08:31:38+08:00 ] ::1 /MyProject/ALK/index.php/Admin/Index/info.html
INFO: [ app_init ] --START--
INFO: Run Behavior\BuildLiteBehavior [ RunTime:0.000030s ]
INFO: [ app_init ] --END-- [ RunTime:0.000892s ]
INFO: [ app_begin ] --START--
INFO: Run Behavior\ReadHtmlCacheBehavior [ RunTime:0.002055s ]
INFO: [ app_begin ] --END-- [ RunTime:0.002204s ]
SQL: SHOW COLUMNS FROM `alk_tb_company` [ RunTime:0.139029s ]
SQL: SELECT * FROM `alk_tb_company`  [ RunTime:0.000384s ]
INFO: [ view_parse ] --START--
INFO: [ template_filter ] --START--
INFO: Run Behavior\ContentReplaceBehavior [ RunTime:0.000111s ]
INFO: [ template_filter ] --END-- [ RunTime:0.000263s ]
INFO: Run Behavior\ParseTemplateBehavior [ RunTime:0.026585s ]
INFO: [ view_parse ] --END-- [ RunTime:0.026732s ]
INFO: [ view_filter ] --START--
INFO: Run Behavior\WriteHtmlCacheBehavior [ RunTime:0.001595s ]
INFO: [ view_filter ] --END-- [ RunTime:0.001706s ]
INFO: [ app_end ] --START--
INFO: Run Behavior\ShowPageTraceBehavior [ RunTime:0.002002s ]
INFO: [ app_end ] --END-- [ RunTime:0.002123s ]

[ 2017-04-19T11:32:43+08:00 ] ::1 /MyProject/ALK/
INFO: [ app_init ] --START--
INFO: Run Behavior\BuildLiteBehavior [ RunTime:0.000033s ]
INFO: [ app_init ] --END-- [ RunTime:0.019334s ]
INFO: [ app_begin ] --START--
INFO: Run Behavior\ReadHtmlCacheBehavior [ RunTime:0.019306s ]
INFO: [ app_begin ] --END-- [ RunTime:0.019493s ]
SQL: SHOW COLUMNS FROM `alk_tb_news` [ RunTime:0.022408s ]
SQL: SELECT * FROM `alk_tb_news`  [ RunTime:0.000611s ]
SQL: SHOW COLUMNS FROM alk_tb_questproduct as q [ RunTime:0.000385s ]
ERR: 1064:You have an error in your SQL syntax; check the manual that corresponds to your MySQL server version for the right syntax to use near 'as q' at line 1
 [ SQL语句 ] : SHOW COLUMNS FROM alk_tb_questproduct as q
SQL: SELECT * FROM alk_tb_questproduct as q INNER JOIN alk_tb_questproducttype as t on q.questproducttypeid=t.id  WHERE ( `name` = '橄榄油知识' )  [ RunTime:0.000877s ]
SQL: SELECT * FROM alk_tb_questproduct as q INNER JOIN alk_tb_questproducttype as t on q.questproducttypeid=t.id  WHERE ( `name` = '葡萄酒文化' )  [ RunTime:0.000319s ]
SQL: SHOW COLUMNS FROM `alk_tb_product` [ RunTime:0.008067s ]
SQL: SELECT * FROM `alk_tb_product` ORDER BY id DESC LIMIT 4   [ RunTime:0.000543s ]
INFO: [ view_parse ] --START--
INFO: [ template_filter ] --START--
INFO: Run Behavior\ContentReplaceBehavior [ RunTime:0.000286s ]
INFO: [ template_filter ] --END-- [ RunTime:0.000592s ]
INFO: Run Behavior\ParseTemplateBehavior [ RunTime:0.130048s ]
INFO: [ view_parse ] --END-- [ RunTime:0.130207s ]
INFO: [ view_filter ] --START--
INFO: Run Behavior\WriteHtmlCacheBehavior [ RunTime:0.012797s ]
INFO: [ view_filter ] --END-- [ RunTime:0.012954s ]
INFO: [ app_end ] --START--
INFO: Run Behavior\ShowPageTraceBehavior [ RunTime:0.009639s ]
INFO: [ app_end ] --END-- [ RunTime:0.009794s ]

[ 2017-04-19T11:32:48+08:00 ] ::1 /MyProject/ALK/admin
INFO: [ app_init ] --START--
INFO: Run Behavior\BuildLiteBehavior [ RunTime:0.000055s ]
INFO: [ app_init ] --END-- [ RunTime:0.001041s ]
INFO: [ app_begin ] --START--
INFO: Run Behavior\ReadHtmlCacheBehavior [ RunTime:0.001239s ]
INFO: [ app_begin ] --END-- [ RunTime:0.001426s ]
INFO: [ view_parse ] --START--
INFO: [ template_filter ] --START--
INFO: Run Behavior\ContentReplaceBehavior [ RunTime:0.000085s ]
INFO: [ template_filter ] --END-- [ RunTime:0.000214s ]
INFO: Run Behavior\ParseTemplateBehavior [ RunTime:0.025285s ]
INFO: [ view_parse ] --END-- [ RunTime:0.025454s ]
INFO: [ view_filter ] --START--
INFO: Run Behavior\WriteHtmlCacheBehavior [ RunTime:0.000570s ]
INFO: [ view_filter ] --END-- [ RunTime:0.000678s ]
INFO: [ app_end ] --START--
INFO: Run Behavior\ShowPageTraceBehavior [ RunTime:0.001363s ]
INFO: [ app_end ] --END-- [ RunTime:0.001667s ]

[ 2017-04-19T11:32:53+08:00 ] ::1 /MyProject/ALK/index.php/Admin/Login/check
INFO: [ app_init ] --START--
INFO: Run Behavior\BuildLiteBehavior [ RunTime:0.000031s ]
INFO: [ app_init ] --END-- [ RunTime:0.000639s ]
INFO: [ app_begin ] --START--
INFO: Run Behavior\ReadHtmlCacheBehavior [ RunTime:0.001009s ]
INFO: [ app_begin ] --END-- [ RunTime:0.001139s ]
SQL: SHOW COLUMNS FROM `alk_tb_admin` [ RunTime:0.074372s ]
SQL: SELECT * FROM `alk_tb_admin` WHERE ( `username` = 'admin' ) AND ( `password` = '40bd001563085fc35165329ea1ff5c5ecbdbbeef' ) LIMIT 1   [ RunTime:0.000922s ]
INFO: [ view_parse ] --START--
INFO: [ template_filter ] --START--
INFO: Run Behavior\ContentReplaceBehavior [ RunTime:0.000133s ]
INFO: [ template_filter ] --END-- [ RunTime:0.000408s ]
INFO: Run Behavior\ParseTemplateBehavior [ RunTime:0.061647s ]
INFO: [ view_parse ] --END-- [ RunTime:0.061968s ]
INFO: [ view_filter ] --START--
INFO: Run Behavior\WriteHtmlCacheBehavior [ RunTime:0.001228s ]
INFO: [ view_filter ] --END-- [ RunTime:0.001466s ]
INFO: [ app_end ] --START--
INFO: Run Behavior\ShowPageTraceBehavior [ RunTime:0.001999s ]
INFO: [ app_end ] --END-- [ RunTime:0.002301s ]

[ 2017-04-19T11:32:55+08:00 ] ::1 /MyProject/ALK/index.php/Admin/Index/index.html
INFO: [ app_init ] --START--
INFO: Run Behavior\BuildLiteBehavior [ RunTime:0.000033s ]
INFO: [ app_init ] --END-- [ RunTime:0.000898s ]
INFO: [ app_begin ] --START--
INFO: Run Behavior\ReadHtmlCacheBehavior [ RunTime:0.001124s ]
INFO: [ app_begin ] --END-- [ RunTime:0.001274s ]
INFO: [ view_parse ] --START--
INFO: [ template_filter ] --START--
INFO: Run Behavior\ContentReplaceBehavior [ RunTime:0.000106s ]
INFO: [ template_filter ] --END-- [ RunTime:0.000339s ]
INFO: Run Behavior\ParseTemplateBehavior [ RunTime:0.037887s ]
INFO: [ view_parse ] --END-- [ RunTime:0.038089s ]
INFO: [ view_filter ] --START--
INFO: Run Behavior\WriteHtmlCacheBehavior [ RunTime:0.000766s ]
INFO: [ view_filter ] --END-- [ RunTime:0.000912s ]
INFO: [ app_end ] --START--
INFO: Run Behavior\ShowPageTraceBehavior [ RunTime:0.001365s ]
INFO: [ app_end ] --END-- [ RunTime:0.001495s ]

[ 2017-04-19T11:32:56+08:00 ] ::1 /MyProject/ALK/index.php/Admin/Index/info.html
INFO: [ app_init ] --START--
INFO: Run Behavior\BuildLiteBehavior [ RunTime:0.000032s ]
INFO: [ app_init ] --END-- [ RunTime:0.000647s ]
INFO: [ app_begin ] --START--
INFO: Run Behavior\ReadHtmlCacheBehavior [ RunTime:0.001183s ]
INFO: [ app_begin ] --END-- [ RunTime:0.001424s ]
SQL: SHOW COLUMNS FROM `alk_tb_company` [ RunTime:0.007209s ]
SQL: SELECT * FROM `alk_tb_company`  [ RunTime:0.000679s ]
INFO: [ view_parse ] --START--
INFO: [ template_filter ] --START--
INFO: Run Behavior\ContentReplaceBehavior [ RunTime:0.000180s ]
INFO: [ template_filter ] --END-- [ RunTime:0.000350s ]
INFO: Run Behavior\ParseTemplateBehavior [ RunTime:0.100674s ]
INFO: [ view_parse ] --END-- [ RunTime:0.100846s ]
INFO: [ view_filter ] --START--
INFO: Run Behavior\WriteHtmlCacheBehavior [ RunTime:0.001419s ]
INFO: [ view_filter ] --END-- [ RunTime:0.001776s ]
INFO: [ app_end ] --START--
INFO: Run Behavior\ShowPageTraceBehavior [ RunTime:0.001708s ]
INFO: [ app_end ] --END-- [ RunTime:0.001900s ]

[ 2017-04-19T11:33:05+08:00 ] ::1 /MyProject/ALK/index.php/Admin/Product/select.html
INFO: [ app_init ] --START--
INFO: Run Behavior\BuildLiteBehavior [ RunTime:0.000031s ]
INFO: [ app_init ] --END-- [ RunTime:0.000613s ]
INFO: [ app_begin ] --START--
INFO: Run Behavior\ReadHtmlCacheBehavior [ RunTime:0.001208s ]
INFO: [ app_begin ] --END-- [ RunTime:0.001355s ]
SQL: SHOW COLUMNS FROM `alk_tb_product` [ RunTime:0.007737s ]
SQL: SELECT COUNT(*) AS tp_count FROM `alk_tb_product` LIMIT 1   [ RunTime:0.051325s ]
SQL: SELECT * FROM `alk_tb_product` ORDER BY id desc LIMIT 0,3   [ RunTime:0.000634s ]
INFO: [ view_parse ] --START--
INFO: [ template_filter ] --START--
INFO: Run Behavior\ContentReplaceBehavior [ RunTime:0.000129s ]
INFO: [ template_filter ] --END-- [ RunTime:0.000248s ]
NOTIC: [8] Undefined variable: iscid D:\wamp\www\MyProject\ALK\Application\Runtime\Cache\Admin\2c680f2b53b0fd42199375a3032c5099.php 第 23 行.
INFO: Run Behavior\ParseTemplateBehavior [ RunTime:0.047644s ]
INFO: [ view_parse ] --END-- [ RunTime:0.047783s ]
INFO: [ view_filter ] --START--
INFO: Run Behavior\WriteHtmlCacheBehavior [ RunTime:0.000619s ]
INFO: [ view_filter ] --END-- [ RunTime:0.000735s ]
INFO: [ app_end ] --START--
INFO: Run Behavior\ShowPageTraceBehavior [ RunTime:0.001085s ]
INFO: [ app_end ] --END-- [ RunTime:0.001209s ]

[ 2017-04-19T11:33:21+08:00 ] ::1 /MyProject/ALK/index.php/Admin/Product/select/p/2.html
INFO: [ app_init ] --START--
INFO: Run Behavior\BuildLiteBehavior [ RunTime:0.000031s ]
INFO: [ app_init ] --END-- [ RunTime:0.000707s ]
INFO: [ app_begin ] --START--
INFO: Run Behavior\ReadHtmlCacheBehavior [ RunTime:0.001055s ]
INFO: [ app_begin ] --END-- [ RunTime:0.001196s ]
SQL: SHOW COLUMNS FROM `alk_tb_product` [ RunTime:0.009657s ]
SQL: SELECT COUNT(*) AS tp_count FROM `alk_tb_product` LIMIT 1   [ RunTime:0.000425s ]
SQL: SELECT * FROM `alk_tb_product` ORDER BY id desc LIMIT 3,3   [ RunTime:0.000600s ]
INFO: [ view_parse ] --START--
INFO: [ template_filter ] --START--
INFO: Run Behavior\ContentReplaceBehavior [ RunTime:0.000147s ]
INFO: [ template_filter ] --END-- [ RunTime:0.000295s ]
NOTIC: [8] Undefined variable: iscid D:\wamp\www\MyProject\ALK\Application\Runtime\Cache\Admin\2c680f2b53b0fd42199375a3032c5099.php 第 23 行.
INFO: Run Behavior\ParseTemplateBehavior [ RunTime:0.016646s ]
INFO: [ view_parse ] --END-- [ RunTime:0.016775s ]
INFO: [ view_filter ] --START--
INFO: Run Behavior\WriteHtmlCacheBehavior [ RunTime:0.000629s ]
INFO: [ view_filter ] --END-- [ RunTime:0.000742s ]
INFO: [ app_end ] --START--
INFO: Run Behavior\ShowPageTraceBehavior [ RunTime:0.000986s ]
INFO: [ app_end ] --END-- [ RunTime:0.001105s ]

