[ 2017-05-07T01:00:58+08:00 ] 183.13.100.63 /admin
INFO: [ app_init ] --START--
INFO: Run Behavior\BuildLiteBehavior [ RunTime:0.000016s ]
INFO: [ app_init ] --END-- [ RunTime:0.000378s ]
INFO: [ app_begin ] --START--
INFO: Run Behavior\ReadHtmlCacheBehavior [ RunTime:0.000608s ]
INFO: [ app_begin ] --END-- [ RunTime:0.000653s ]
INFO: [ view_parse ] --START--
INFO: [ template_filter ] --START--
INFO: Run Behavior\ContentReplaceBehavior [ RunTime:0.000037s ]
INFO: [ template_filter ] --END-- [ RunTime:0.000104s ]
INFO: Run Behavior\ParseTemplateBehavior [ RunTime:0.005677s ]
INFO: [ view_parse ] --END-- [ RunTime:0.005736s ]
INFO: [ view_filter ] --START--
INFO: Run Behavior\WriteHtmlCacheBehavior [ RunTime:0.000276s ]
INFO: [ view_filter ] --END-- [ RunTime:0.000308s ]
INFO: [ app_end ] --START--
INFO: Run Behavior\ShowPageTraceBehavior [ RunTime:0.000534s ]
INFO: [ app_end ] --END-- [ RunTime:0.000575s ]

[ 2017-05-07T01:01:00+08:00 ] 183.13.100.63 /
INFO: [ app_init ] --START--
INFO: Run Behavior\BuildLiteBehavior [ RunTime:0.000017s ]
INFO: [ app_init ] --END-- [ RunTime:0.000401s ]
INFO: [ app_begin ] --START--
INFO: Run Behavior\ReadHtmlCacheBehavior [ RunTime:0.000481s ]
INFO: [ app_begin ] --END-- [ RunTime:0.000527s ]
SQL: SHOW COLUMNS FROM `tb_article` [ RunTime:0.001778s ]
NOTIC: [8] Undefined index: ip /data/home/bxu2442410262/htdocs/Application/Home/Controller/IndexController.class.php 第 11 行.
SQL: SELECT COUNT(*) AS tp_count FROM `tb_article` LIMIT 1   [ RunTime:0.001372s ]
SQL: SELECT * FROM `tb_article` WHERE ( `ispublic` = '0' ) LIMIT 0,7   [ RunTime:0.005155s ]
SQL: SHOW COLUMNS FROM tb_article_tag as at [ RunTime:0.001095s ]
ERR: 1064:You have an error in your SQL syntax; check the manual that corresponds to your MySQL server version for the right syntax to use near 'as at' at line 1
 [ SQL语句 ] : SHOW COLUMNS FROM tb_article_tag as at
SQL: SELECT * FROM tb_article_tag as at INNER JOIN tb_tag as t on at.tagid=t.id   [ RunTime:0.001694s ]
SQL: SHOW COLUMNS FROM `tb_article` [ RunTime:0.001412s ]
SQL: SELECT * FROM `tb_article` ORDER BY views desc  [ RunTime:0.004208s ]
SQL: SELECT * FROM `tb_article` ORDER BY articletime desc  [ RunTime:0.004502s ]
SQL: SHOW COLUMNS FROM `tb_friendlylink` [ RunTime:0.001555s ]
SQL: SELECT * FROM `tb_friendlylink`  [ RunTime:0.001296s ]
SQL: SHOW COLUMNS FROM `tb_tag` [ RunTime:0.001313s ]
SQL: SELECT * FROM `tb_tag`  [ RunTime:0.001163s ]
SQL: SHOW COLUMNS FROM `tb_visitors` [ RunTime:0.001418s ]
SQL: SELECT COUNT(distinct(ip)) AS tp_count FROM `tb_visitors` WHERE ( `ip` = 'ip' ) LIMIT 1   [ RunTime:0.001375s ]
INFO: [ view_parse ] --START--
INFO: [ template_filter ] --START--
INFO: Run Behavior\ContentReplaceBehavior [ RunTime:0.000056s ]
INFO: [ template_filter ] --END-- [ RunTime:0.000113s ]
NOTIC: [8] Undefined variable: data /data/home/bxu2442410262/htdocs/Application/Runtime/Cache/Home/2a94b8bda04ff446dcedd42276fc99ee.php 第 172 行.
NOTIC: [8] Undefined variable: data /data/home/bxu2442410262/htdocs/Application/Runtime/Cache/Home/2a94b8bda04ff446dcedd42276fc99ee.php 第 174 行.
INFO: Run Behavior\ParseTemplateBehavior [ RunTime:0.015913s ]
INFO: [ view_parse ] --END-- [ RunTime:0.015955s ]
INFO: [ view_filter ] --START--
INFO: Run Behavior\WriteHtmlCacheBehavior [ RunTime:0.000267s ]
INFO: [ view_filter ] --END-- [ RunTime:0.000300s ]
INFO: [ app_end ] --START--
INFO: Run Behavior\ShowPageTraceBehavior [ RunTime:0.000531s ]
INFO: [ app_end ] --END-- [ RunTime:0.000577s ]

[ 2017-05-07T01:01:05+08:00 ] 113.89.237.48 /Admin/Login/check
INFO: [ app_init ] --START--
INFO: Run Behavior\BuildLiteBehavior [ RunTime:0.000015s ]
INFO: [ app_init ] --END-- [ RunTime:0.000398s ]
INFO: [ app_begin ] --START--
INFO: Run Behavior\ReadHtmlCacheBehavior [ RunTime:0.000576s ]
INFO: [ app_begin ] --END-- [ RunTime:0.000624s ]
SQL: SHOW COLUMNS FROM `tb_admin` [ RunTime:0.001897s ]
SQL: SELECT * FROM `tb_admin` WHERE ( `username` = 'admin' ) AND ( `password` = 'd033e22ae348aeb5660fc2140aec35850c4da997' ) LIMIT 1   [ RunTime:0.001591s ]
INFO: [ view_parse ] --START--
INFO: [ template_filter ] --START--
INFO: Run Behavior\ContentReplaceBehavior [ RunTime:0.000024s ]
INFO: [ template_filter ] --END-- [ RunTime:0.000091s ]
INFO: Run Behavior\ParseTemplateBehavior [ RunTime:0.005623s ]
INFO: [ view_parse ] --END-- [ RunTime:0.005674s ]
INFO: [ view_filter ] --START--
INFO: Run Behavior\WriteHtmlCacheBehavior [ RunTime:0.000259s ]
INFO: [ view_filter ] --END-- [ RunTime:0.000311s ]
INFO: [ app_end ] --START--
INFO: Run Behavior\ShowPageTraceBehavior [ RunTime:0.000532s ]
INFO: [ app_end ] --END-- [ RunTime:0.000575s ]

[ 2017-05-07T01:01:06+08:00 ] 113.89.237.48 /Admin/Index/index.html
INFO: [ app_init ] --START--
INFO: Run Behavior\BuildLiteBehavior [ RunTime:0.000018s ]
INFO: [ app_init ] --END-- [ RunTime:0.000392s ]
INFO: [ app_begin ] --START--
INFO: Run Behavior\ReadHtmlCacheBehavior [ RunTime:0.000642s ]
INFO: [ app_begin ] --END-- [ RunTime:0.000687s ]
NOTIC: [2] mysql_get_server_info(): Can't connect to local MySQL server through socket '/tmp/mysql.sock' (2) /data/home/bxu2442410262/htdocs/Application/Admin/Controller/IndexController.class.php 第 18 行.
NOTIC: [2] mysql_get_server_info(): A link to the server could not be established /data/home/bxu2442410262/htdocs/Application/Admin/Controller/IndexController.class.php 第 18 行.
SQL: SHOW COLUMNS FROM `tb_friendlylink` [ RunTime:0.001990s ]
SQL: SELECT COUNT(*) AS tp_count FROM `tb_friendlylink` LIMIT 1   [ RunTime:0.001414s ]
SQL: SHOW COLUMNS FROM `tb_article` [ RunTime:0.001565s ]
SQL: SELECT COUNT(*) AS tp_count FROM `tb_article` LIMIT 1   [ RunTime:0.001133s ]
INFO: [ view_parse ] --START--
INFO: [ template_filter ] --START--
INFO: Run Behavior\ContentReplaceBehavior [ RunTime:0.000057s ]
INFO: [ template_filter ] --END-- [ RunTime:0.000097s ]
INFO: Run Behavior\ParseTemplateBehavior [ RunTime:0.012145s ]
INFO: [ view_parse ] --END-- [ RunTime:0.012187s ]
INFO: [ view_filter ] --START--
INFO: Run Behavior\WriteHtmlCacheBehavior [ RunTime:0.000263s ]
INFO: [ view_filter ] --END-- [ RunTime:0.000295s ]
INFO: [ app_end ] --START--
INFO: Run Behavior\ShowPageTraceBehavior [ RunTime:0.000614s ]
INFO: [ app_end ] --END-- [ RunTime:0.000654s ]

[ 2017-05-07T04:11:54+08:00 ] 123.125.67.165 /
INFO: [ app_init ] --START--
INFO: Run Behavior\BuildLiteBehavior [ RunTime:0.000015s ]
INFO: [ app_init ] --END-- [ RunTime:0.000380s ]
INFO: [ app_begin ] --START--
INFO: Run Behavior\ReadHtmlCacheBehavior [ RunTime:0.000500s ]
INFO: [ app_begin ] --END-- [ RunTime:0.000548s ]
SQL: SHOW COLUMNS FROM `tb_article` [ RunTime:0.001854s ]
NOTIC: [8] Undefined index: ip /data/home/bxu2442410262/htdocs/Application/Home/Controller/IndexController.class.php 第 11 行.
SQL: SELECT COUNT(*) AS tp_count FROM `tb_article` LIMIT 1   [ RunTime:0.001577s ]
SQL: SELECT * FROM `tb_article` WHERE ( `ispublic` = '0' ) LIMIT 0,7   [ RunTime:0.006171s ]
SQL: SHOW COLUMNS FROM tb_article_tag as at [ RunTime:0.001362s ]
ERR: 1064:You have an error in your SQL syntax; check the manual that corresponds to your MySQL server version for the right syntax to use near 'as at' at line 1
 [ SQL语句 ] : SHOW COLUMNS FROM tb_article_tag as at
SQL: SELECT * FROM tb_article_tag as at INNER JOIN tb_tag as t on at.tagid=t.id   [ RunTime:0.001782s ]
SQL: SHOW COLUMNS FROM `tb_article` [ RunTime:0.001681s ]
SQL: SELECT * FROM `tb_article` ORDER BY views desc  [ RunTime:0.005687s ]
SQL: SELECT * FROM `tb_article` ORDER BY articletime desc  [ RunTime:0.005249s ]
SQL: SHOW COLUMNS FROM `tb_friendlylink` [ RunTime:0.001678s ]
SQL: SELECT * FROM `tb_friendlylink`  [ RunTime:0.001615s ]
SQL: SHOW COLUMNS FROM `tb_tag` [ RunTime:0.001628s ]
SQL: SELECT * FROM `tb_tag`  [ RunTime:0.001444s ]
SQL: SHOW COLUMNS FROM `tb_visitors` [ RunTime:0.001665s ]
SQL: SELECT COUNT(distinct(ip)) AS tp_count FROM `tb_visitors` WHERE ( `ip` = 'ip' ) LIMIT 1   [ RunTime:0.001606s ]
NOTIC: [8] Undefined index: www.zxdphp.site /data/home/bxu2442410262/htdocs/Application/Home/Controller/IndexController.class.php 第 41 行.
INFO: [ view_parse ] --START--
INFO: [ template_filter ] --START--
INFO: Run Behavior\ContentReplaceBehavior [ RunTime:0.000055s ]
INFO: [ template_filter ] --END-- [ RunTime:0.000095s ]
NOTIC: [8] Undefined variable: data /data/home/bxu2442410262/htdocs/Application/Runtime/Cache/Home/2a94b8bda04ff446dcedd42276fc99ee.php 第 172 行.
NOTIC: [8] Undefined variable: data /data/home/bxu2442410262/htdocs/Application/Runtime/Cache/Home/2a94b8bda04ff446dcedd42276fc99ee.php 第 174 行.
INFO: Run Behavior\ParseTemplateBehavior [ RunTime:0.016150s ]
INFO: [ view_parse ] --END-- [ RunTime:0.016191s ]
INFO: [ view_filter ] --START--
INFO: Run Behavior\WriteHtmlCacheBehavior [ RunTime:0.000293s ]
INFO: [ view_filter ] --END-- [ RunTime:0.000327s ]
INFO: [ app_end ] --START--
INFO: Run Behavior\ShowPageTraceBehavior [ RunTime:0.000550s ]
INFO: [ app_end ] --END-- [ RunTime:0.000598s ]

[ 2017-05-07T10:37:44+08:00 ] 117.136.45.153 /
INFO: [ app_init ] --START--
INFO: Run Behavior\BuildLiteBehavior [ RunTime:0.000015s ]
INFO: [ app_init ] --END-- [ RunTime:0.000363s ]
INFO: [ app_begin ] --START--
INFO: Run Behavior\ReadHtmlCacheBehavior [ RunTime:0.000481s ]
INFO: [ app_begin ] --END-- [ RunTime:0.000527s ]
SQL: SHOW COLUMNS FROM `tb_article` [ RunTime:0.002029s ]
NOTIC: [8] Undefined index: ip /data/home/bxu2442410262/htdocs/Application/Home/Controller/IndexController.class.php 第 11 行.
SQL: SELECT COUNT(*) AS tp_count FROM `tb_article` LIMIT 1   [ RunTime:0.001778s ]
SQL: SELECT * FROM `tb_article` WHERE ( `ispublic` = '0' ) LIMIT 0,7   [ RunTime:0.005194s ]
SQL: SHOW COLUMNS FROM tb_article_tag as at [ RunTime:0.001439s ]
ERR: 1064:You have an error in your SQL syntax; check the manual that corresponds to your MySQL server version for the right syntax to use near 'as at' at line 1
 [ SQL语句 ] : SHOW COLUMNS FROM tb_article_tag as at
SQL: SELECT * FROM tb_article_tag as at INNER JOIN tb_tag as t on at.tagid=t.id   [ RunTime:0.001967s ]
SQL: SHOW COLUMNS FROM `tb_article` [ RunTime:0.001699s ]
SQL: SELECT * FROM `tb_article` ORDER BY views desc  [ RunTime:0.005002s ]
SQL: SELECT * FROM `tb_article` ORDER BY articletime desc  [ RunTime:0.005391s ]
SQL: SHOW COLUMNS FROM `tb_friendlylink` [ RunTime:0.001748s ]
SQL: SELECT * FROM `tb_friendlylink`  [ RunTime:0.001662s ]
SQL: SHOW COLUMNS FROM `tb_tag` [ RunTime:0.001672s ]
SQL: SELECT * FROM `tb_tag`  [ RunTime:0.001470s ]
SQL: SHOW COLUMNS FROM `tb_visitors` [ RunTime:0.001723s ]
SQL: SELECT COUNT(distinct(ip)) AS tp_count FROM `tb_visitors` WHERE ( `ip` = 'ip' ) LIMIT 1   [ RunTime:0.001713s ]
NOTIC: [8] Undefined index: www.zxdphp.site /data/home/bxu2442410262/htdocs/Application/Home/Controller/IndexController.class.php 第 41 行.
INFO: [ view_parse ] --START--
INFO: [ template_filter ] --START--
INFO: Run Behavior\ContentReplaceBehavior [ RunTime:0.000060s ]
INFO: [ template_filter ] --END-- [ RunTime:0.000115s ]
NOTIC: [8] Undefined variable: data /data/home/bxu2442410262/htdocs/Application/Runtime/Cache/Home/2a94b8bda04ff446dcedd42276fc99ee.php 第 172 行.
NOTIC: [8] Undefined variable: data /data/home/bxu2442410262/htdocs/Application/Runtime/Cache/Home/2a94b8bda04ff446dcedd42276fc99ee.php 第 174 行.
INFO: Run Behavior\ParseTemplateBehavior [ RunTime:0.017207s ]
INFO: [ view_parse ] --END-- [ RunTime:0.017257s ]
INFO: [ view_filter ] --START--
INFO: Run Behavior\WriteHtmlCacheBehavior [ RunTime:0.000262s ]
INFO: [ view_filter ] --END-- [ RunTime:0.000412s ]
INFO: [ app_end ] --START--
INFO: Run Behavior\ShowPageTraceBehavior [ RunTime:0.000679s ]
INFO: [ app_end ] --END-- [ RunTime:0.000739s ]

[ 2017-05-07T10:37:58+08:00 ] 117.136.45.153 /Home/NewList/newdetail/id/3.html
INFO: [ app_init ] --START--
INFO: Run Behavior\BuildLiteBehavior [ RunTime:0.000015s ]
INFO: [ app_init ] --END-- [ RunTime:0.000388s ]
INFO: [ app_begin ] --START--
INFO: Run Behavior\ReadHtmlCacheBehavior [ RunTime:0.000463s ]
INFO: [ app_begin ] --END-- [ RunTime:0.000510s ]
SQL: SHOW COLUMNS FROM `tb_article` [ RunTime:0.001453s ]
SQL: UPDATE `tb_article` SET `views`=views+1 WHERE ( `id` = 3 ) [ RunTime:0.003871s ]
SQL: SELECT * FROM `tb_article` WHERE ( `id` = 3 ) LIMIT 1   [ RunTime:0.001310s ]
SQL: SELECT * FROM `tb_article` WHERE ( id<3 ) ORDER BY id DESC LIMIT 1   [ RunTime:0.001236s ]
SQL: SELECT * FROM `tb_article` WHERE ( id>3 ) ORDER BY id ASC LIMIT 1   [ RunTime:0.001268s ]
INFO: [ view_parse ] --START--
INFO: [ template_filter ] --START--
INFO: Run Behavior\ContentReplaceBehavior [ RunTime:0.000063s ]
INFO: [ template_filter ] --END-- [ RunTime:0.000104s ]
INFO: Run Behavior\ParseTemplateBehavior [ RunTime:0.009917s ]
INFO: [ view_parse ] --END-- [ RunTime:0.010077s ]
INFO: [ view_filter ] --START--
INFO: Run Behavior\WriteHtmlCacheBehavior [ RunTime:0.000260s ]
INFO: [ view_filter ] --END-- [ RunTime:0.000293s ]
INFO: [ app_end ] --START--
INFO: Run Behavior\ShowPageTraceBehavior [ RunTime:0.000532s ]
INFO: [ app_end ] --END-- [ RunTime:0.000581s ]

[ 2017-05-07T10:37:58+08:00 ] 117.136.45.153 /
INFO: [ app_init ] --START--
INFO: Run Behavior\BuildLiteBehavior [ RunTime:0.000016s ]
INFO: [ app_init ] --END-- [ RunTime:0.000369s ]
INFO: [ app_begin ] --START--
INFO: Run Behavior\ReadHtmlCacheBehavior [ RunTime:0.000490s ]
INFO: [ app_begin ] --END-- [ RunTime:0.000536s ]
SQL: SHOW COLUMNS FROM `tb_article` [ RunTime:0.001663s ]
NOTIC: [8] Undefined index: ip /data/home/bxu2442410262/htdocs/Application/Home/Controller/IndexController.class.php 第 11 行.
SQL: SELECT COUNT(*) AS tp_count FROM `tb_article` LIMIT 1   [ RunTime:0.001298s ]
SQL: SELECT * FROM `tb_article` WHERE ( `ispublic` = '0' ) LIMIT 0,7   [ RunTime:0.004081s ]
SQL: SHOW COLUMNS FROM tb_article_tag as at [ RunTime:0.001089s ]
ERR: 1064:You have an error in your SQL syntax; check the manual that corresponds to your MySQL server version for the right syntax to use near 'as at' at line 1
 [ SQL语句 ] : SHOW COLUMNS FROM tb_article_tag as at
SQL: SELECT * FROM tb_article_tag as at INNER JOIN tb_tag as t on at.tagid=t.id   [ RunTime:0.001131s ]
SQL: SHOW COLUMNS FROM `tb_article` [ RunTime:0.001488s ]
SQL: SELECT * FROM `tb_article` ORDER BY views desc  [ RunTime:0.004314s ]
SQL: SELECT * FROM `tb_article` ORDER BY articletime desc  [ RunTime:0.004018s ]
SQL: SHOW COLUMNS FROM `tb_friendlylink` [ RunTime:0.001337s ]
SQL: SELECT * FROM `tb_friendlylink`  [ RunTime:0.001096s ]
SQL: SHOW COLUMNS FROM `tb_tag` [ RunTime:0.001298s ]
SQL: SELECT * FROM `tb_tag`  [ RunTime:0.001113s ]
SQL: SHOW COLUMNS FROM `tb_visitors` [ RunTime:0.001357s ]
SQL: SELECT COUNT(distinct(ip)) AS tp_count FROM `tb_visitors` WHERE ( `ip` = 'ip' ) LIMIT 1   [ RunTime:0.001082s ]
INFO: [ view_parse ] --START--
INFO: [ template_filter ] --START--
INFO: Run Behavior\ContentReplaceBehavior [ RunTime:0.000057s ]
INFO: [ template_filter ] --END-- [ RunTime:0.000100s ]
NOTIC: [8] Undefined variable: data /data/home/bxu2442410262/htdocs/Application/Runtime/Cache/Home/2a94b8bda04ff446dcedd42276fc99ee.php 第 172 行.
NOTIC: [8] Undefined variable: data /data/home/bxu2442410262/htdocs/Application/Runtime/Cache/Home/2a94b8bda04ff446dcedd42276fc99ee.php 第 174 行.
INFO: Run Behavior\ParseTemplateBehavior [ RunTime:0.016436s ]
INFO: [ view_parse ] --END-- [ RunTime:0.016479s ]
INFO: [ view_filter ] --START--
INFO: Run Behavior\WriteHtmlCacheBehavior [ RunTime:0.000288s ]
INFO: [ view_filter ] --END-- [ RunTime:0.000323s ]
INFO: [ app_end ] --START--
INFO: Run Behavior\ShowPageTraceBehavior [ RunTime:0.000541s ]
INFO: [ app_end ] --END-- [ RunTime:0.000589s ]

[ 2017-05-07T10:38:08+08:00 ] 101.226.66.180 /Home/NewList/newdetail/id/3.html
INFO: [ app_init ] --START--
INFO: Run Behavior\BuildLiteBehavior [ RunTime:0.000021s ]
INFO: [ app_init ] --END-- [ RunTime:0.000552s ]
INFO: [ app_begin ] --START--
INFO: Run Behavior\ReadHtmlCacheBehavior [ RunTime:0.000498s ]
INFO: [ app_begin ] --END-- [ RunTime:0.000544s ]
SQL: SHOW COLUMNS FROM `tb_article` [ RunTime:0.002927s ]
SQL: UPDATE `tb_article` SET `views`=views+1 WHERE ( `id` = 3 ) [ RunTime:0.004201s ]
SQL: SELECT * FROM `tb_article` WHERE ( `id` = 3 ) LIMIT 1   [ RunTime:0.001251s ]
SQL: SELECT * FROM `tb_article` WHERE ( id<3 ) ORDER BY id DESC LIMIT 1   [ RunTime:0.001221s ]
SQL: SELECT * FROM `tb_article` WHERE ( id>3 ) ORDER BY id ASC LIMIT 1   [ RunTime:0.001207s ]
INFO: [ view_parse ] --START--
INFO: [ template_filter ] --START--
INFO: Run Behavior\ContentReplaceBehavior [ RunTime:0.000063s ]
INFO: [ template_filter ] --END-- [ RunTime:0.000107s ]
INFO: Run Behavior\ParseTemplateBehavior [ RunTime:0.010146s ]
INFO: [ view_parse ] --END-- [ RunTime:0.010192s ]
INFO: [ view_filter ] --START--
INFO: Run Behavior\WriteHtmlCacheBehavior [ RunTime:0.000275s ]
INFO: [ view_filter ] --END-- [ RunTime:0.000307s ]
INFO: [ app_end ] --START--
INFO: Run Behavior\ShowPageTraceBehavior [ RunTime:0.000530s ]
INFO: [ app_end ] --END-- [ RunTime:0.000575s ]

[ 2017-05-07T20:52:08+08:00 ] 113.87.181.115 /admin
INFO: [ app_init ] --START--
INFO: Run Behavior\BuildLiteBehavior [ RunTime:0.000016s ]
INFO: [ app_init ] --END-- [ RunTime:0.000382s ]
INFO: [ app_begin ] --START--
INFO: Run Behavior\ReadHtmlCacheBehavior [ RunTime:0.000728s ]
INFO: [ app_begin ] --END-- [ RunTime:0.000784s ]
INFO: [ view_parse ] --START--
INFO: [ template_filter ] --START--
INFO: Run Behavior\ContentReplaceBehavior [ RunTime:0.000037s ]
INFO: [ template_filter ] --END-- [ RunTime:0.000083s ]
INFO: Run Behavior\ParseTemplateBehavior [ RunTime:0.005692s ]
INFO: [ view_parse ] --END-- [ RunTime:0.005746s ]
INFO: [ view_filter ] --START--
INFO: Run Behavior\WriteHtmlCacheBehavior [ RunTime:0.000268s ]
INFO: [ view_filter ] --END-- [ RunTime:0.000327s ]
INFO: [ app_end ] --START--
INFO: Run Behavior\ShowPageTraceBehavior [ RunTime:0.000490s ]
INFO: [ app_end ] --END-- [ RunTime:0.000530s ]

[ 2017-05-07T20:52:17+08:00 ] 180.153.214.189 /admin
INFO: [ app_init ] --START--
INFO: Run Behavior\BuildLiteBehavior [ RunTime:0.000026s ]
INFO: [ app_init ] --END-- [ RunTime:0.000447s ]
INFO: [ app_begin ] --START--
INFO: Run Behavior\ReadHtmlCacheBehavior [ RunTime:0.000628s ]
INFO: [ app_begin ] --END-- [ RunTime:0.000686s ]
INFO: [ view_parse ] --START--
INFO: [ template_filter ] --START--
INFO: Run Behavior\ContentReplaceBehavior [ RunTime:0.000043s ]
INFO: [ template_filter ] --END-- [ RunTime:0.000101s ]
INFO: Run Behavior\ParseTemplateBehavior [ RunTime:0.005947s ]
INFO: [ view_parse ] --END-- [ RunTime:0.006010s ]
INFO: [ view_filter ] --START--
INFO: Run Behavior\WriteHtmlCacheBehavior [ RunTime:0.000251s ]
INFO: [ view_filter ] --END-- [ RunTime:0.000283s ]
INFO: [ app_end ] --START--
INFO: Run Behavior\ShowPageTraceBehavior [ RunTime:0.000526s ]
INFO: [ app_end ] --END-- [ RunTime:0.000568s ]

[ 2017-05-07T20:52:19+08:00 ] 140.207.185.107 /admin
INFO: [ app_init ] --START--
INFO: Run Behavior\BuildLiteBehavior [ RunTime:0.000016s ]
INFO: [ app_init ] --END-- [ RunTime:0.000410s ]
INFO: [ app_begin ] --START--
INFO: Run Behavior\ReadHtmlCacheBehavior [ RunTime:0.000576s ]
INFO: [ app_begin ] --END-- [ RunTime:0.000623s ]
INFO: [ view_parse ] --START--
INFO: [ template_filter ] --START--
INFO: Run Behavior\ContentReplaceBehavior [ RunTime:0.000035s ]
INFO: [ template_filter ] --END-- [ RunTime:0.000081s ]
INFO: Run Behavior\ParseTemplateBehavior [ RunTime:0.005887s ]
INFO: [ view_parse ] --END-- [ RunTime:0.005930s ]
INFO: [ view_filter ] --START--
INFO: Run Behavior\WriteHtmlCacheBehavior [ RunTime:0.000269s ]
INFO: [ view_filter ] --END-- [ RunTime:0.000300s ]
INFO: [ app_end ] --START--
INFO: Run Behavior\ShowPageTraceBehavior [ RunTime:0.000540s ]
INFO: [ app_end ] --END-- [ RunTime:0.000584s ]

[ 2017-05-07T20:52:19+08:00 ] 140.207.185.107 /
INFO: [ app_init ] --START--
INFO: Run Behavior\BuildLiteBehavior [ RunTime:0.000015s ]
INFO: [ app_init ] --END-- [ RunTime:0.000386s ]
INFO: [ app_begin ] --START--
INFO: Run Behavior\ReadHtmlCacheBehavior [ RunTime:0.000461s ]
INFO: [ app_begin ] --END-- [ RunTime:0.000507s ]
SQL: SHOW COLUMNS FROM `tb_article` [ RunTime:0.002371s ]
NOTIC: [8] Undefined index: ip /data/home/bxu2442410262/htdocs/Application/Home/Controller/IndexController.class.php 第 11 行.
SQL: SELECT COUNT(*) AS tp_count FROM `tb_article` LIMIT 1   [ RunTime:0.001926s ]
SQL: SELECT * FROM `tb_article` WHERE ( `ispublic` = '0' ) LIMIT 0,7   [ RunTime:0.006060s ]
SQL: SHOW COLUMNS FROM tb_article_tag as at [ RunTime:0.001654s ]
ERR: 1064:You have an error in your SQL syntax; check the manual that corresponds to your MySQL server version for the right syntax to use near 'as at' at line 1
 [ SQL语句 ] : SHOW COLUMNS FROM tb_article_tag as at
SQL: SELECT * FROM tb_article_tag as at INNER JOIN tb_tag as t on at.tagid=t.id   [ RunTime:0.002358s ]
SQL: SHOW COLUMNS FROM `tb_article` [ RunTime:0.001982s ]
SQL: SELECT * FROM `tb_article` ORDER BY views desc  [ RunTime:0.005460s ]
SQL: SELECT * FROM `tb_article` ORDER BY articletime desc  [ RunTime:0.006163s ]
SQL: SHOW COLUMNS FROM `tb_friendlylink` [ RunTime:0.002251s ]
SQL: SELECT * FROM `tb_friendlylink`  [ RunTime:0.001898s ]
SQL: SHOW COLUMNS FROM `tb_tag` [ RunTime:0.002002s ]
SQL: SELECT * FROM `tb_tag`  [ RunTime:0.001734s ]
SQL: SHOW COLUMNS FROM `tb_visitors` [ RunTime:0.001941s ]
SQL: SELECT COUNT(distinct(ip)) AS tp_count FROM `tb_visitors` WHERE ( `ip` = 'ip' ) LIMIT 1   [ RunTime:0.001895s ]
NOTIC: [8] Undefined index: www.zxdphp.site /data/home/bxu2442410262/htdocs/Application/Home/Controller/IndexController.class.php 第 41 行.
INFO: [ view_parse ] --START--
INFO: [ template_filter ] --START--
INFO: Run Behavior\ContentReplaceBehavior [ RunTime:0.000058s ]
INFO: [ template_filter ] --END-- [ RunTime:0.000108s ]
NOTIC: [8] Undefined variable: data /data/home/bxu2442410262/htdocs/Application/Runtime/Cache/Home/2a94b8bda04ff446dcedd42276fc99ee.php 第 172 行.
NOTIC: [8] Undefined variable: data /data/home/bxu2442410262/htdocs/Application/Runtime/Cache/Home/2a94b8bda04ff446dcedd42276fc99ee.php 第 174 行.
INFO: Run Behavior\ParseTemplateBehavior [ RunTime:0.016174s ]
INFO: [ view_parse ] --END-- [ RunTime:0.016216s ]
INFO: [ view_filter ] --START--
INFO: Run Behavior\WriteHtmlCacheBehavior [ RunTime:0.000276s ]
INFO: [ view_filter ] --END-- [ RunTime:0.000314s ]
INFO: [ app_end ] --START--
INFO: Run Behavior\ShowPageTraceBehavior [ RunTime:0.000588s ]
INFO: [ app_end ] --END-- [ RunTime:0.000632s ]

[ 2017-05-07T20:52:25+08:00 ] 113.89.237.48 /
INFO: [ app_init ] --START--
INFO: Run Behavior\BuildLiteBehavior [ RunTime:0.000015s ]
INFO: [ app_init ] --END-- [ RunTime:0.000363s ]
INFO: [ app_begin ] --START--
INFO: Run Behavior\ReadHtmlCacheBehavior [ RunTime:0.000724s ]
INFO: [ app_begin ] --END-- [ RunTime:0.000794s ]
SQL: SHOW COLUMNS FROM `tb_article` [ RunTime:0.001637s ]
NOTIC: [8] Undefined index: ip /data/home/bxu2442410262/htdocs/Application/Home/Controller/IndexController.class.php 第 11 行.
SQL: SELECT COUNT(*) AS tp_count FROM `tb_article` LIMIT 1   [ RunTime:0.001175s ]
SQL: SELECT * FROM `tb_article` WHERE ( `ispublic` = '0' ) LIMIT 0,7   [ RunTime:0.003978s ]
SQL: SHOW COLUMNS FROM tb_article_tag as at [ RunTime:0.001138s ]
ERR: 1064:You have an error in your SQL syntax; check the manual that corresponds to your MySQL server version for the right syntax to use near 'as at' at line 1
 [ SQL语句 ] : SHOW COLUMNS FROM tb_article_tag as at
SQL: SELECT * FROM tb_article_tag as at INNER JOIN tb_tag as t on at.tagid=t.id   [ RunTime:0.001138s ]
SQL: SHOW COLUMNS FROM `tb_article` [ RunTime:0.001543s ]
SQL: SELECT * FROM `tb_article` ORDER BY views desc  [ RunTime:0.004123s ]
SQL: SELECT * FROM `tb_article` ORDER BY articletime desc  [ RunTime:0.004481s ]
SQL: SHOW COLUMNS FROM `tb_friendlylink` [ RunTime:0.001445s ]
SQL: SELECT * FROM `tb_friendlylink`  [ RunTime:0.001166s ]
SQL: SHOW COLUMNS FROM `tb_tag` [ RunTime:0.001833s ]
SQL: SELECT * FROM `tb_tag`  [ RunTime:0.001171s ]
SQL: SHOW COLUMNS FROM `tb_visitors` [ RunTime:0.001424s ]
SQL: SELECT COUNT(distinct(ip)) AS tp_count FROM `tb_visitors` WHERE ( `ip` = 'ip' ) LIMIT 1   [ RunTime:0.001123s ]
INFO: [ view_parse ] --START--
INFO: [ template_filter ] --START--
INFO: Run Behavior\ContentReplaceBehavior [ RunTime:0.000055s ]
INFO: [ template_filter ] --END-- [ RunTime:0.000094s ]
NOTIC: [8] Undefined variable: data /data/home/bxu2442410262/htdocs/Application/Runtime/Cache/Home/2a94b8bda04ff446dcedd42276fc99ee.php 第 172 行.
NOTIC: [8] Undefined variable: data /data/home/bxu2442410262/htdocs/Application/Runtime/Cache/Home/2a94b8bda04ff446dcedd42276fc99ee.php 第 174 行.
INFO: Run Behavior\ParseTemplateBehavior [ RunTime:0.016564s ]
INFO: [ view_parse ] --END-- [ RunTime:0.016608s ]
INFO: [ view_filter ] --START--
INFO: Run Behavior\WriteHtmlCacheBehavior [ RunTime:0.000259s ]
INFO: [ view_filter ] --END-- [ RunTime:0.000293s ]
INFO: [ app_end ] --START--
INFO: Run Behavior\ShowPageTraceBehavior [ RunTime:0.000764s ]
INFO: [ app_end ] --END-- [ RunTime:0.000844s ]

[ 2017-05-07T20:52:45+08:00 ] 183.13.84.237 /Admin/Login/check
INFO: [ app_init ] --START--
INFO: Run Behavior\BuildLiteBehavior [ RunTime:0.000016s ]
INFO: [ app_init ] --END-- [ RunTime:0.000391s ]
INFO: [ app_begin ] --START--
INFO: Run Behavior\ReadHtmlCacheBehavior [ RunTime:0.000585s ]
INFO: [ app_begin ] --END-- [ RunTime:0.000632s ]
SQL: SHOW COLUMNS FROM `tb_admin` [ RunTime:0.001681s ]
SQL: SELECT * FROM `tb_admin` WHERE ( `username` = 'admin' ) AND ( `password` = 'd033e22ae348aeb5660fc2140aec35850c4da997' ) LIMIT 1   [ RunTime:0.001414s ]
INFO: [ view_parse ] --START--
INFO: [ template_filter ] --START--
INFO: Run Behavior\ContentReplaceBehavior [ RunTime:0.000026s ]
INFO: [ template_filter ] --END-- [ RunTime:0.000073s ]
INFO: Run Behavior\ParseTemplateBehavior [ RunTime:0.006314s ]
INFO: [ view_parse ] --END-- [ RunTime:0.006376s ]
INFO: [ view_filter ] --START--
INFO: Run Behavior\WriteHtmlCacheBehavior [ RunTime:0.000361s ]
INFO: [ view_filter ] --END-- [ RunTime:0.000394s ]
INFO: [ app_end ] --START--
INFO: Run Behavior\ShowPageTraceBehavior [ RunTime:0.000664s ]
INFO: [ app_end ] --END-- [ RunTime:0.000708s ]

[ 2017-05-07T20:52:47+08:00 ] 183.13.84.237 /Admin/Index/index.html
INFO: [ app_init ] --START--
INFO: Run Behavior\BuildLiteBehavior [ RunTime:0.000015s ]
INFO: [ app_init ] --END-- [ RunTime:0.000391s ]
INFO: [ app_begin ] --START--
INFO: Run Behavior\ReadHtmlCacheBehavior [ RunTime:0.000595s ]
INFO: [ app_begin ] --END-- [ RunTime:0.000642s ]
NOTIC: [2] mysql_get_server_info(): Can't connect to local MySQL server through socket '/tmp/mysql.sock' (2) /data/home/bxu2442410262/htdocs/Application/Admin/Controller/IndexController.class.php 第 18 行.
NOTIC: [2] mysql_get_server_info(): A link to the server could not be established /data/home/bxu2442410262/htdocs/Application/Admin/Controller/IndexController.class.php 第 18 行.
SQL: SHOW COLUMNS FROM `tb_friendlylink` [ RunTime:0.001864s ]
SQL: SELECT COUNT(*) AS tp_count FROM `tb_friendlylink` LIMIT 1   [ RunTime:0.001686s ]
SQL: SHOW COLUMNS FROM `tb_article` [ RunTime:0.001663s ]
SQL: SELECT COUNT(*) AS tp_count FROM `tb_article` LIMIT 1   [ RunTime:0.001409s ]
INFO: [ view_parse ] --START--
INFO: [ template_filter ] --START--
INFO: Run Behavior\ContentReplaceBehavior [ RunTime:0.000059s ]
INFO: [ template_filter ] --END-- [ RunTime:0.000101s ]
INFO: Run Behavior\ParseTemplateBehavior [ RunTime:0.011555s ]
INFO: [ view_parse ] --END-- [ RunTime:0.011600s ]
INFO: [ view_filter ] --START--
INFO: Run Behavior\WriteHtmlCacheBehavior [ RunTime:0.000273s ]
INFO: [ view_filter ] --END-- [ RunTime:0.000306s ]
INFO: [ app_end ] --START--
INFO: Run Behavior\ShowPageTraceBehavior [ RunTime:0.000500s ]
INFO: [ app_end ] --END-- [ RunTime:0.000537s ]

[ 2017-05-07T20:52:59+08:00 ] 101.226.64.177 /Admin/Index/index.html
INFO: [ app_init ] --START--
INFO: Run Behavior\BuildLiteBehavior [ RunTime:0.000015s ]
INFO: [ app_init ] --END-- [ RunTime:0.000390s ]
INFO: [ app_begin ] --START--
INFO: Run Behavior\ReadHtmlCacheBehavior [ RunTime:0.000605s ]
INFO: [ app_begin ] --END-- [ RunTime:0.000652s ]
NOTIC: [2] mysql_get_server_info(): Can't connect to local MySQL server through socket '/tmp/mysql.sock' (2) /data/home/bxu2442410262/htdocs/Application/Admin/Controller/IndexController.class.php 第 18 行.
NOTIC: [2] mysql_get_server_info(): A link to the server could not be established /data/home/bxu2442410262/htdocs/Application/Admin/Controller/IndexController.class.php 第 18 行.
SQL: SHOW COLUMNS FROM `tb_friendlylink` [ RunTime:0.001431s ]
SQL: SELECT COUNT(*) AS tp_count FROM `tb_friendlylink` LIMIT 1   [ RunTime:0.001163s ]
SQL: SHOW COLUMNS FROM `tb_article` [ RunTime:0.001401s ]
SQL: SELECT COUNT(*) AS tp_count FROM `tb_article` LIMIT 1   [ RunTime:0.001094s ]
INFO: [ view_parse ] --START--
INFO: [ template_filter ] --START--
INFO: Run Behavior\ContentReplaceBehavior [ RunTime:0.000060s ]
INFO: [ template_filter ] --END-- [ RunTime:0.000106s ]
INFO: Run Behavior\ParseTemplateBehavior [ RunTime:0.012173s ]
INFO: [ view_parse ] --END-- [ RunTime:0.012218s ]
INFO: [ view_filter ] --START--
INFO: Run Behavior\WriteHtmlCacheBehavior [ RunTime:0.000257s ]
INFO: [ view_filter ] --END-- [ RunTime:0.000290s ]
INFO: [ app_end ] --START--
INFO: Run Behavior\ShowPageTraceBehavior [ RunTime:0.000527s ]
INFO: [ app_end ] --END-- [ RunTime:0.000569s ]

[ 2017-05-07T20:53:01+08:00 ] 101.226.33.221 /Admin/Index/index.html
INFO: [ app_init ] --START--
INFO: Run Behavior\BuildLiteBehavior [ RunTime:0.000016s ]
INFO: [ app_init ] --END-- [ RunTime:0.000375s ]
INFO: [ app_begin ] --START--
INFO: Run Behavior\ReadHtmlCacheBehavior [ RunTime:0.000601s ]
INFO: [ app_begin ] --END-- [ RunTime:0.000646s ]
NOTIC: [2] mysql_get_server_info(): Can't connect to local MySQL server through socket '/tmp/mysql.sock' (2) /data/home/bxu2442410262/htdocs/Application/Admin/Controller/IndexController.class.php 第 18 行.
NOTIC: [2] mysql_get_server_info(): A link to the server could not be established /data/home/bxu2442410262/htdocs/Application/Admin/Controller/IndexController.class.php 第 18 行.
SQL: SHOW COLUMNS FROM `tb_friendlylink` [ RunTime:0.001641s ]
SQL: SELECT COUNT(*) AS tp_count FROM `tb_friendlylink` LIMIT 1   [ RunTime:0.001097s ]
SQL: SHOW COLUMNS FROM `tb_article` [ RunTime:0.001408s ]
SQL: SELECT COUNT(*) AS tp_count FROM `tb_article` LIMIT 1   [ RunTime:0.001083s ]
INFO: [ view_parse ] --START--
INFO: [ template_filter ] --START--
INFO: Run Behavior\ContentReplaceBehavior [ RunTime:0.000059s ]
INFO: [ template_filter ] --END-- [ RunTime:0.000101s ]
INFO: Run Behavior\ParseTemplateBehavior [ RunTime:0.012002s ]
INFO: [ view_parse ] --END-- [ RunTime:0.012046s ]
INFO: [ view_filter ] --START--
INFO: Run Behavior\WriteHtmlCacheBehavior [ RunTime:0.000275s ]
INFO: [ view_filter ] --END-- [ RunTime:0.000309s ]
INFO: [ app_end ] --START--
INFO: Run Behavior\ShowPageTraceBehavior [ RunTime:0.000583s ]
INFO: [ app_end ] --END-- [ RunTime:0.000643s ]

[ 2017-05-07T20:53:10+08:00 ] 183.13.84.237 /Admin/Resources/select.html
INFO: [ app_init ] --START--
INFO: Run Behavior\BuildLiteBehavior [ RunTime:0.000015s ]
INFO: [ app_init ] --END-- [ RunTime:0.000377s ]
INFO: [ app_begin ] --START--
INFO: Run Behavior\ReadHtmlCacheBehavior [ RunTime:0.000651s ]
INFO: [ app_begin ] --END-- [ RunTime:0.000697s ]
SQL: SHOW COLUMNS FROM `tb_resources` [ RunTime:0.002423s ]
SQL: SELECT * FROM `tb_resources`  [ RunTime:0.001733s ]
INFO: [ view_parse ] --START--
INFO: [ template_filter ] --START--
INFO: Run Behavior\ContentReplaceBehavior [ RunTime:0.000096s ]
INFO: [ template_filter ] --END-- [ RunTime:0.000137s ]
NOTIC: [8] Undefined index: link_id /data/home/bxu2442410262/htdocs/Application/Runtime/Cache/Admin/bd41875d39a622ae06b9b4258cf12abf.php 第 126 行.
NOTIC: [8] Undefined index: link_id /data/home/bxu2442410262/htdocs/Application/Runtime/Cache/Admin/bd41875d39a622ae06b9b4258cf12abf.php 第 126 行.
NOTIC: [8] Undefined index: link_id /data/home/bxu2442410262/htdocs/Application/Runtime/Cache/Admin/bd41875d39a622ae06b9b4258cf12abf.php 第 126 行.
NOTIC: [8] Undefined index: link_id /data/home/bxu2442410262/htdocs/Application/Runtime/Cache/Admin/bd41875d39a622ae06b9b4258cf12abf.php 第 126 行.
NOTIC: [8] Undefined index: link_id /data/home/bxu2442410262/htdocs/Application/Runtime/Cache/Admin/bd41875d39a622ae06b9b4258cf12abf.php 第 126 行.
NOTIC: [8] Undefined index: link_id /data/home/bxu2442410262/htdocs/Application/Runtime/Cache/Admin/bd41875d39a622ae06b9b4258cf12abf.php 第 126 行.
NOTIC: [8] Undefined index: link_id /data/home/bxu2442410262/htdocs/Application/Runtime/Cache/Admin/bd41875d39a622ae06b9b4258cf12abf.php 第 126 行.
NOTIC: [8] Undefined index: link_id /data/home/bxu2442410262/htdocs/Application/Runtime/Cache/Admin/bd41875d39a622ae06b9b4258cf12abf.php 第 126 行.
NOTIC: [8] Undefined index: link_id /data/home/bxu2442410262/htdocs/Application/Runtime/Cache/Admin/bd41875d39a622ae06b9b4258cf12abf.php 第 126 行.
NOTIC: [8] Undefined index: link_id /data/home/bxu2442410262/htdocs/Application/Runtime/Cache/Admin/bd41875d39a622ae06b9b4258cf12abf.php 第 126 行.
NOTIC: [8] Undefined index: link_id /data/home/bxu2442410262/htdocs/Application/Runtime/Cache/Admin/bd41875d39a622ae06b9b4258cf12abf.php 第 126 行.
NOTIC: [8] Undefined index: link_id /data/home/bxu2442410262/htdocs/Application/Runtime/Cache/Admin/bd41875d39a622ae06b9b4258cf12abf.php 第 126 行.
NOTIC: [8] Undefined index: link_id /data/home/bxu2442410262/htdocs/Application/Runtime/Cache/Admin/bd41875d39a622ae06b9b4258cf12abf.php 第 126 行.
NOTIC: [8] Undefined index: link_id /data/home/bxu2442410262/htdocs/Application/Runtime/Cache/Admin/bd41875d39a622ae06b9b4258cf12abf.php 第 126 行.
NOTIC: [8] Undefined index: link_id /data/home/bxu2442410262/htdocs/Application/Runtime/Cache/Admin/bd41875d39a622ae06b9b4258cf12abf.php 第 126 行.
NOTIC: [8] Undefined index: link_id /data/home/bxu2442410262/htdocs/Application/Runtime/Cache/Admin/bd41875d39a622ae06b9b4258cf12abf.php 第 126 行.
NOTIC: [8] Undefined index: link_id /data/home/bxu2442410262/htdocs/Application/Runtime/Cache/Admin/bd41875d39a622ae06b9b4258cf12abf.php 第 126 行.
NOTIC: [8] Undefined index: link_id /data/home/bxu2442410262/htdocs/Application/Runtime/Cache/Admin/bd41875d39a622ae06b9b4258cf12abf.php 第 126 行.
NOTIC: [8] Undefined index: link_id /data/home/bxu2442410262/htdocs/Application/Runtime/Cache/Admin/bd41875d39a622ae06b9b4258cf12abf.php 第 126 行.
NOTIC: [8] Undefined index: link_id /data/home/bxu2442410262/htdocs/Application/Runtime/Cache/Admin/bd41875d39a622ae06b9b4258cf12abf.php 第 126 行.
INFO: Run Behavior\ParseTemplateBehavior [ RunTime:0.013372s ]
INFO: [ view_parse ] --END-- [ RunTime:0.013415s ]
INFO: [ view_filter ] --START--
INFO: Run Behavior\WriteHtmlCacheBehavior [ RunTime:0.000277s ]
INFO: [ view_filter ] --END-- [ RunTime:0.000311s ]
INFO: [ app_end ] --START--
INFO: Run Behavior\ShowPageTraceBehavior [ RunTime:0.000579s ]
INFO: [ app_end ] --END-- [ RunTime:0.000620s ]

[ 2017-05-07T20:53:14+08:00 ] 183.13.84.237 /Admin/Resources/add
INFO: [ app_init ] --START--
INFO: Run Behavior\BuildLiteBehavior [ RunTime:0.000019s ]
INFO: [ app_init ] --END-- [ RunTime:0.000423s ]
INFO: [ app_begin ] --START--
INFO: Run Behavior\ReadHtmlCacheBehavior [ RunTime:0.000671s ]
INFO: [ app_begin ] --END-- [ RunTime:0.000730s ]
INFO: [ view_parse ] --START--
INFO: [ template_filter ] --START--
INFO: Run Behavior\ContentReplaceBehavior [ RunTime:0.000073s ]
INFO: [ template_filter ] --END-- [ RunTime:0.000138s ]
INFO: Run Behavior\ParseTemplateBehavior [ RunTime:0.054371s ]
INFO: [ view_parse ] --END-- [ RunTime:0.054431s ]
INFO: [ view_filter ] --START--
INFO: Run Behavior\WriteHtmlCacheBehavior [ RunTime:0.000296s ]
INFO: [ view_filter ] --END-- [ RunTime:0.000334s ]
INFO: [ app_end ] --START--
INFO: Run Behavior\ShowPageTraceBehavior [ RunTime:0.000618s ]
INFO: [ app_end ] --END-- [ RunTime:0.000677s ]

[ 2017-05-07T20:53:20+08:00 ] 101.226.33.223 /Admin/Resources/select.html
INFO: [ app_init ] --START--
INFO: Run Behavior\BuildLiteBehavior [ RunTime:0.000019s ]
INFO: [ app_init ] --END-- [ RunTime:0.000390s ]
INFO: [ app_begin ] --START--
INFO: Run Behavior\ReadHtmlCacheBehavior [ RunTime:0.000623s ]
INFO: [ app_begin ] --END-- [ RunTime:0.000668s ]
SQL: SHOW COLUMNS FROM `tb_resources` [ RunTime:0.001829s ]
SQL: SELECT * FROM `tb_resources`  [ RunTime:0.001465s ]
INFO: [ view_parse ] --START--
INFO: [ template_filter ] --START--
INFO: Run Behavior\ContentReplaceBehavior [ RunTime:0.000152s ]
INFO: [ template_filter ] --END-- [ RunTime:0.000222s ]
NOTIC: [8] Undefined index: link_id /data/home/bxu2442410262/htdocs/Application/Runtime/Cache/Admin/bd41875d39a622ae06b9b4258cf12abf.php 第 126 行.
NOTIC: [8] Undefined index: link_id /data/home/bxu2442410262/htdocs/Application/Runtime/Cache/Admin/bd41875d39a622ae06b9b4258cf12abf.php 第 126 行.
NOTIC: [8] Undefined index: link_id /data/home/bxu2442410262/htdocs/Application/Runtime/Cache/Admin/bd41875d39a622ae06b9b4258cf12abf.php 第 126 行.
NOTIC: [8] Undefined index: link_id /data/home/bxu2442410262/htdocs/Application/Runtime/Cache/Admin/bd41875d39a622ae06b9b4258cf12abf.php 第 126 行.
NOTIC: [8] Undefined index: link_id /data/home/bxu2442410262/htdocs/Application/Runtime/Cache/Admin/bd41875d39a622ae06b9b4258cf12abf.php 第 126 行.
NOTIC: [8] Undefined index: link_id /data/home/bxu2442410262/htdocs/Application/Runtime/Cache/Admin/bd41875d39a622ae06b9b4258cf12abf.php 第 126 行.
NOTIC: [8] Undefined index: link_id /data/home/bxu2442410262/htdocs/Application/Runtime/Cache/Admin/bd41875d39a622ae06b9b4258cf12abf.php 第 126 行.
NOTIC: [8] Undefined index: link_id /data/home/bxu2442410262/htdocs/Application/Runtime/Cache/Admin/bd41875d39a622ae06b9b4258cf12abf.php 第 126 行.
NOTIC: [8] Undefined index: link_id /data/home/bxu2442410262/htdocs/Application/Runtime/Cache/Admin/bd41875d39a622ae06b9b4258cf12abf.php 第 126 行.
NOTIC: [8] Undefined index: link_id /data/home/bxu2442410262/htdocs/Application/Runtime/Cache/Admin/bd41875d39a622ae06b9b4258cf12abf.php 第 126 行.
NOTIC: [8] Undefined index: link_id /data/home/bxu2442410262/htdocs/Application/Runtime/Cache/Admin/bd41875d39a622ae06b9b4258cf12abf.php 第 126 行.
NOTIC: [8] Undefined index: link_id /data/home/bxu2442410262/htdocs/Application/Runtime/Cache/Admin/bd41875d39a622ae06b9b4258cf12abf.php 第 126 行.
NOTIC: [8] Undefined index: link_id /data/home/bxu2442410262/htdocs/Application/Runtime/Cache/Admin/bd41875d39a622ae06b9b4258cf12abf.php 第 126 行.
NOTIC: [8] Undefined index: link_id /data/home/bxu2442410262/htdocs/Application/Runtime/Cache/Admin/bd41875d39a622ae06b9b4258cf12abf.php 第 126 行.
NOTIC: [8] Undefined index: link_id /data/home/bxu2442410262/htdocs/Application/Runtime/Cache/Admin/bd41875d39a622ae06b9b4258cf12abf.php 第 126 行.
NOTIC: [8] Undefined index: link_id /data/home/bxu2442410262/htdocs/Application/Runtime/Cache/Admin/bd41875d39a622ae06b9b4258cf12abf.php 第 126 行.
NOTIC: [8] Undefined index: link_id /data/home/bxu2442410262/htdocs/Application/Runtime/Cache/Admin/bd41875d39a622ae06b9b4258cf12abf.php 第 126 行.
NOTIC: [8] Undefined index: link_id /data/home/bxu2442410262/htdocs/Application/Runtime/Cache/Admin/bd41875d39a622ae06b9b4258cf12abf.php 第 126 行.
NOTIC: [8] Undefined index: link_id /data/home/bxu2442410262/htdocs/Application/Runtime/Cache/Admin/bd41875d39a622ae06b9b4258cf12abf.php 第 126 行.
NOTIC: [8] Undefined index: link_id /data/home/bxu2442410262/htdocs/Application/Runtime/Cache/Admin/bd41875d39a622ae06b9b4258cf12abf.php 第 126 行.
INFO: Run Behavior\ParseTemplateBehavior [ RunTime:0.013905s ]
INFO: [ view_parse ] --END-- [ RunTime:0.013947s ]
INFO: [ view_filter ] --START--
INFO: Run Behavior\WriteHtmlCacheBehavior [ RunTime:0.000291s ]
INFO: [ view_filter ] --END-- [ RunTime:0.000325s ]
INFO: [ app_end ] --START--
INFO: Run Behavior\ShowPageTraceBehavior [ RunTime:0.000593s ]
INFO: [ app_end ] --END-- [ RunTime:0.000637s ]

[ 2017-05-07T20:53:21+08:00 ] 61.151.226.16 /Admin/Resources/select.html
INFO: [ app_init ] --START--
INFO: Run Behavior\BuildLiteBehavior [ RunTime:0.000016s ]
INFO: [ app_init ] --END-- [ RunTime:0.000406s ]
INFO: [ app_begin ] --START--
INFO: Run Behavior\ReadHtmlCacheBehavior [ RunTime:0.000589s ]
INFO: [ app_begin ] --END-- [ RunTime:0.000636s ]
SQL: SHOW COLUMNS FROM `tb_resources` [ RunTime:0.001784s ]
SQL: SELECT * FROM `tb_resources`  [ RunTime:0.001432s ]
INFO: [ view_parse ] --START--
INFO: [ template_filter ] --START--
INFO: Run Behavior\ContentReplaceBehavior [ RunTime:0.000095s ]
INFO: [ template_filter ] --END-- [ RunTime:0.000138s ]
NOTIC: [8] Undefined index: link_id /data/home/bxu2442410262/htdocs/Application/Runtime/Cache/Admin/bd41875d39a622ae06b9b4258cf12abf.php 第 126 行.
NOTIC: [8] Undefined index: link_id /data/home/bxu2442410262/htdocs/Application/Runtime/Cache/Admin/bd41875d39a622ae06b9b4258cf12abf.php 第 126 行.
NOTIC: [8] Undefined index: link_id /data/home/bxu2442410262/htdocs/Application/Runtime/Cache/Admin/bd41875d39a622ae06b9b4258cf12abf.php 第 126 行.
NOTIC: [8] Undefined index: link_id /data/home/bxu2442410262/htdocs/Application/Runtime/Cache/Admin/bd41875d39a622ae06b9b4258cf12abf.php 第 126 行.
NOTIC: [8] Undefined index: link_id /data/home/bxu2442410262/htdocs/Application/Runtime/Cache/Admin/bd41875d39a622ae06b9b4258cf12abf.php 第 126 行.
NOTIC: [8] Undefined index: link_id /data/home/bxu2442410262/htdocs/Application/Runtime/Cache/Admin/bd41875d39a622ae06b9b4258cf12abf.php 第 126 行.
NOTIC: [8] Undefined index: link_id /data/home/bxu2442410262/htdocs/Application/Runtime/Cache/Admin/bd41875d39a622ae06b9b4258cf12abf.php 第 126 行.
NOTIC: [8] Undefined index: link_id /data/home/bxu2442410262/htdocs/Application/Runtime/Cache/Admin/bd41875d39a622ae06b9b4258cf12abf.php 第 126 行.
NOTIC: [8] Undefined index: link_id /data/home/bxu2442410262/htdocs/Application/Runtime/Cache/Admin/bd41875d39a622ae06b9b4258cf12abf.php 第 126 行.
NOTIC: [8] Undefined index: link_id /data/home/bxu2442410262/htdocs/Application/Runtime/Cache/Admin/bd41875d39a622ae06b9b4258cf12abf.php 第 126 行.
NOTIC: [8] Undefined index: link_id /data/home/bxu2442410262/htdocs/Application/Runtime/Cache/Admin/bd41875d39a622ae06b9b4258cf12abf.php 第 126 行.
NOTIC: [8] Undefined index: link_id /data/home/bxu2442410262/htdocs/Application/Runtime/Cache/Admin/bd41875d39a622ae06b9b4258cf12abf.php 第 126 行.
NOTIC: [8] Undefined index: link_id /data/home/bxu2442410262/htdocs/Application/Runtime/Cache/Admin/bd41875d39a622ae06b9b4258cf12abf.php 第 126 行.
NOTIC: [8] Undefined index: link_id /data/home/bxu2442410262/htdocs/Application/Runtime/Cache/Admin/bd41875d39a622ae06b9b4258cf12abf.php 第 126 行.
NOTIC: [8] Undefined index: link_id /data/home/bxu2442410262/htdocs/Application/Runtime/Cache/Admin/bd41875d39a622ae06b9b4258cf12abf.php 第 126 行.
NOTIC: [8] Undefined index: link_id /data/home/bxu2442410262/htdocs/Application/Runtime/Cache/Admin/bd41875d39a622ae06b9b4258cf12abf.php 第 126 行.
NOTIC: [8] Undefined index: link_id /data/home/bxu2442410262/htdocs/Application/Runtime/Cache/Admin/bd41875d39a622ae06b9b4258cf12abf.php 第 126 行.
NOTIC: [8] Undefined index: link_id /data/home/bxu2442410262/htdocs/Application/Runtime/Cache/Admin/bd41875d39a622ae06b9b4258cf12abf.php 第 126 行.
NOTIC: [8] Undefined index: link_id /data/home/bxu2442410262/htdocs/Application/Runtime/Cache/Admin/bd41875d39a622ae06b9b4258cf12abf.php 第 126 行.
NOTIC: [8] Undefined index: link_id /data/home/bxu2442410262/htdocs/Application/Runtime/Cache/Admin/bd41875d39a622ae06b9b4258cf12abf.php 第 126 行.
INFO: Run Behavior\ParseTemplateBehavior [ RunTime:0.013190s ]
INFO: [ view_parse ] --END-- [ RunTime:0.013233s ]
INFO: [ view_filter ] --START--
INFO: Run Behavior\WriteHtmlCacheBehavior [ RunTime:0.000287s ]
INFO: [ view_filter ] --END-- [ RunTime:0.000320s ]
INFO: [ app_end ] --START--
INFO: Run Behavior\ShowPageTraceBehavior [ RunTime:0.000531s ]
INFO: [ app_end ] --END-- [ RunTime:0.000590s ]

[ 2017-05-07T20:53:25+08:00 ] 180.153.160.24 /Admin/Resources/add
INFO: [ app_init ] --START--
INFO: Run Behavior\BuildLiteBehavior [ RunTime:0.000016s ]
INFO: [ app_init ] --END-- [ RunTime:0.000376s ]
INFO: [ app_begin ] --START--
INFO: Run Behavior\ReadHtmlCacheBehavior [ RunTime:0.000624s ]
INFO: [ app_begin ] --END-- [ RunTime:0.000669s ]
INFO: [ view_parse ] --START--
INFO: [ template_filter ] --START--
INFO: Run Behavior\ContentReplaceBehavior [ RunTime:0.000061s ]
INFO: [ template_filter ] --END-- [ RunTime:0.000102s ]
INFO: Run Behavior\ParseTemplateBehavior [ RunTime:0.010037s ]
INFO: [ view_parse ] --END-- [ RunTime:0.010081s ]
INFO: [ view_filter ] --START--
INFO: Run Behavior\WriteHtmlCacheBehavior [ RunTime:0.000251s ]
INFO: [ view_filter ] --END-- [ RunTime:0.000283s ]
INFO: [ app_end ] --START--
INFO: Run Behavior\ShowPageTraceBehavior [ RunTime:0.000483s ]
INFO: [ app_end ] --END-- [ RunTime:0.000541s ]

[ 2017-05-07T20:53:29+08:00 ] 101.226.125.105 /Admin/Resources/add
INFO: [ app_init ] --START--
INFO: Run Behavior\BuildLiteBehavior [ RunTime:0.000016s ]
INFO: [ app_init ] --END-- [ RunTime:0.000391s ]
INFO: [ app_begin ] --START--
INFO: Run Behavior\ReadHtmlCacheBehavior [ RunTime:0.000732s ]
INFO: [ app_begin ] --END-- [ RunTime:0.000777s ]
INFO: [ view_parse ] --START--
INFO: [ template_filter ] --START--
INFO: Run Behavior\ContentReplaceBehavior [ RunTime:0.000061s ]
INFO: [ template_filter ] --END-- [ RunTime:0.000103s ]
INFO: Run Behavior\ParseTemplateBehavior [ RunTime:0.010346s ]
INFO: [ view_parse ] --END-- [ RunTime:0.010388s ]
INFO: [ view_filter ] --START--
INFO: Run Behavior\WriteHtmlCacheBehavior [ RunTime:0.000268s ]
INFO: [ view_filter ] --END-- [ RunTime:0.000301s ]
INFO: [ app_end ] --START--
INFO: Run Behavior\ShowPageTraceBehavior [ RunTime:0.000507s ]
INFO: [ app_end ] --END-- [ RunTime:0.000562s ]

[ 2017-05-07T20:53:38+08:00 ] 183.13.84.237 /Admin/Resources/add
INFO: [ app_init ] --START--
INFO: Run Behavior\BuildLiteBehavior [ RunTime:0.000016s ]
INFO: [ app_init ] --END-- [ RunTime:0.000431s ]
INFO: [ app_begin ] --START--
INFO: Run Behavior\ReadHtmlCacheBehavior [ RunTime:0.000587s ]
INFO: [ app_begin ] --END-- [ RunTime:0.000641s ]
SQL: SHOW COLUMNS FROM `tb_resources` [ RunTime:0.001856s ]
SQL: INSERT INTO `tb_resources` (`name`,`url`,`resourcesdate`) VALUES ('QQ推广','http://shang.qq.com/v3/widget.html','2017-05-07 20:53:38') [ RunTime:0.003875s ]
INFO: [ view_parse ] --START--
INFO: [ template_filter ] --START--
INFO: Run Behavior\ContentReplaceBehavior [ RunTime:0.000028s ]
INFO: [ template_filter ] --END-- [ RunTime:0.000077s ]
INFO: Run Behavior\ParseTemplateBehavior [ RunTime:0.005411s ]
INFO: [ view_parse ] --END-- [ RunTime:0.005459s ]
INFO: [ view_filter ] --START--
INFO: Run Behavior\WriteHtmlCacheBehavior [ RunTime:0.000289s ]
INFO: [ view_filter ] --END-- [ RunTime:0.000322s ]
INFO: [ app_end ] --START--
INFO: Run Behavior\ShowPageTraceBehavior [ RunTime:0.000605s ]
INFO: [ app_end ] --END-- [ RunTime:0.000649s ]

[ 2017-05-07T20:53:40+08:00 ] 183.13.84.237 /Admin/Resources/select.html
INFO: [ app_init ] --START--
INFO: Run Behavior\BuildLiteBehavior [ RunTime:0.000020s ]
INFO: [ app_init ] --END-- [ RunTime:0.000459s ]
INFO: [ app_begin ] --START--
INFO: Run Behavior\ReadHtmlCacheBehavior [ RunTime:0.000617s ]
INFO: [ app_begin ] --END-- [ RunTime:0.000664s ]
SQL: SHOW COLUMNS FROM `tb_resources` [ RunTime:0.001745s ]
SQL: SELECT * FROM `tb_resources`  [ RunTime:0.001364s ]
INFO: [ view_parse ] --START--
INFO: [ template_filter ] --START--
INFO: Run Behavior\ContentReplaceBehavior [ RunTime:0.000087s ]
INFO: [ template_filter ] --END-- [ RunTime:0.000130s ]
NOTIC: [8] Undefined index: link_id /data/home/bxu2442410262/htdocs/Application/Runtime/Cache/Admin/bd41875d39a622ae06b9b4258cf12abf.php 第 126 行.
NOTIC: [8] Undefined index: link_id /data/home/bxu2442410262/htdocs/Application/Runtime/Cache/Admin/bd41875d39a622ae06b9b4258cf12abf.php 第 126 行.
NOTIC: [8] Undefined index: link_id /data/home/bxu2442410262/htdocs/Application/Runtime/Cache/Admin/bd41875d39a622ae06b9b4258cf12abf.php 第 126 行.
NOTIC: [8] Undefined index: link_id /data/home/bxu2442410262/htdocs/Application/Runtime/Cache/Admin/bd41875d39a622ae06b9b4258cf12abf.php 第 126 行.
NOTIC: [8] Undefined index: link_id /data/home/bxu2442410262/htdocs/Application/Runtime/Cache/Admin/bd41875d39a622ae06b9b4258cf12abf.php 第 126 行.
NOTIC: [8] Undefined index: link_id /data/home/bxu2442410262/htdocs/Application/Runtime/Cache/Admin/bd41875d39a622ae06b9b4258cf12abf.php 第 126 行.
NOTIC: [8] Undefined index: link_id /data/home/bxu2442410262/htdocs/Application/Runtime/Cache/Admin/bd41875d39a622ae06b9b4258cf12abf.php 第 126 行.
NOTIC: [8] Undefined index: link_id /data/home/bxu2442410262/htdocs/Application/Runtime/Cache/Admin/bd41875d39a622ae06b9b4258cf12abf.php 第 126 行.
NOTIC: [8] Undefined index: link_id /data/home/bxu2442410262/htdocs/Application/Runtime/Cache/Admin/bd41875d39a622ae06b9b4258cf12abf.php 第 126 行.
NOTIC: [8] Undefined index: link_id /data/home/bxu2442410262/htdocs/Application/Runtime/Cache/Admin/bd41875d39a622ae06b9b4258cf12abf.php 第 126 行.
NOTIC: [8] Undefined index: link_id /data/home/bxu2442410262/htdocs/Application/Runtime/Cache/Admin/bd41875d39a622ae06b9b4258cf12abf.php 第 126 行.
NOTIC: [8] Undefined index: link_id /data/home/bxu2442410262/htdocs/Application/Runtime/Cache/Admin/bd41875d39a622ae06b9b4258cf12abf.php 第 126 行.
NOTIC: [8] Undefined index: link_id /data/home/bxu2442410262/htdocs/Application/Runtime/Cache/Admin/bd41875d39a622ae06b9b4258cf12abf.php 第 126 行.
NOTIC: [8] Undefined index: link_id /data/home/bxu2442410262/htdocs/Application/Runtime/Cache/Admin/bd41875d39a622ae06b9b4258cf12abf.php 第 126 行.
NOTIC: [8] Undefined index: link_id /data/home/bxu2442410262/htdocs/Application/Runtime/Cache/Admin/bd41875d39a622ae06b9b4258cf12abf.php 第 126 行.
NOTIC: [8] Undefined index: link_id /data/home/bxu2442410262/htdocs/Application/Runtime/Cache/Admin/bd41875d39a622ae06b9b4258cf12abf.php 第 126 行.
NOTIC: [8] Undefined index: link_id /data/home/bxu2442410262/htdocs/Application/Runtime/Cache/Admin/bd41875d39a622ae06b9b4258cf12abf.php 第 126 行.
NOTIC: [8] Undefined index: link_id /data/home/bxu2442410262/htdocs/Application/Runtime/Cache/Admin/bd41875d39a622ae06b9b4258cf12abf.php 第 126 行.
NOTIC: [8] Undefined index: link_id /data/home/bxu2442410262/htdocs/Application/Runtime/Cache/Admin/bd41875d39a622ae06b9b4258cf12abf.php 第 126 行.
NOTIC: [8] Undefined index: link_id /data/home/bxu2442410262/htdocs/Application/Runtime/Cache/Admin/bd41875d39a622ae06b9b4258cf12abf.php 第 126 行.
NOTIC: [8] Undefined index: link_id /data/home/bxu2442410262/htdocs/Application/Runtime/Cache/Admin/bd41875d39a622ae06b9b4258cf12abf.php 第 126 行.
INFO: Run Behavior\ParseTemplateBehavior [ RunTime:0.013855s ]
INFO: [ view_parse ] --END-- [ RunTime:0.013902s ]
INFO: [ view_filter ] --START--
INFO: Run Behavior\WriteHtmlCacheBehavior [ RunTime:0.000262s ]
INFO: [ view_filter ] --END-- [ RunTime:0.000295s ]
INFO: [ app_end ] --START--
INFO: Run Behavior\ShowPageTraceBehavior [ RunTime:0.000517s ]
INFO: [ app_end ] --END-- [ RunTime:0.000567s ]

[ 2017-05-07T21:54:43+08:00 ] 202.108.211.56 /
INFO: [ app_init ] --START--
INFO: Run Behavior\BuildLiteBehavior [ RunTime:0.000016s ]
INFO: [ app_init ] --END-- [ RunTime:0.000418s ]
INFO: [ app_begin ] --START--
INFO: Run Behavior\ReadHtmlCacheBehavior [ RunTime:0.000503s ]
INFO: [ app_begin ] --END-- [ RunTime:0.000561s ]
SQL: SHOW COLUMNS FROM `tb_article` [ RunTime:0.002066s ]
NOTIC: [8] Undefined index: ip /data/home/bxu2442410262/htdocs/Application/Home/Controller/IndexController.class.php 第 11 行.
SQL: SELECT COUNT(*) AS tp_count FROM `tb_article` LIMIT 1   [ RunTime:0.001683s ]
SQL: SELECT * FROM `tb_article` WHERE ( `ispublic` = '0' ) LIMIT 0,7   [ RunTime:0.005292s ]
SQL: SHOW COLUMNS FROM tb_article_tag as at [ RunTime:0.001427s ]
ERR: 1064:You have an error in your SQL syntax; check the manual that corresponds to your MySQL server version for the right syntax to use near 'as at' at line 1
 [ SQL语句 ] : SHOW COLUMNS FROM tb_article_tag as at
SQL: SELECT * FROM tb_article_tag as at INNER JOIN tb_tag as t on at.tagid=t.id   [ RunTime:0.001871s ]
SQL: SHOW COLUMNS FROM `tb_article` [ RunTime:0.001831s ]
SQL: SELECT * FROM `tb_article` ORDER BY views desc  [ RunTime:0.004998s ]
SQL: SELECT * FROM `tb_article` ORDER BY articletime desc  [ RunTime:0.005154s ]
SQL: SHOW COLUMNS FROM `tb_friendlylink` [ RunTime:0.001793s ]
SQL: SELECT * FROM `tb_friendlylink`  [ RunTime:0.001625s ]
SQL: SHOW COLUMNS FROM `tb_tag` [ RunTime:0.001587s ]
SQL: SELECT * FROM `tb_tag`  [ RunTime:0.001525s ]
SQL: SHOW COLUMNS FROM `tb_visitors` [ RunTime:0.001670s ]
SQL: SELECT COUNT(distinct(ip)) AS tp_count FROM `tb_visitors` WHERE ( `ip` = 'ip' ) LIMIT 1   [ RunTime:0.001669s ]
NOTIC: [8] Undefined index: www.zxdphp.site /data/home/bxu2442410262/htdocs/Application/Home/Controller/IndexController.class.php 第 41 行.
INFO: [ view_parse ] --START--
INFO: [ template_filter ] --START--
INFO: Run Behavior\ContentReplaceBehavior [ RunTime:0.000056s ]
INFO: [ template_filter ] --END-- [ RunTime:0.000098s ]
NOTIC: [8] Undefined variable: data /data/home/bxu2442410262/htdocs/Application/Runtime/Cache/Home/2a94b8bda04ff446dcedd42276fc99ee.php 第 172 行.
NOTIC: [8] Undefined variable: data /data/home/bxu2442410262/htdocs/Application/Runtime/Cache/Home/2a94b8bda04ff446dcedd42276fc99ee.php 第 174 行.
INFO: Run Behavior\ParseTemplateBehavior [ RunTime:0.016378s ]
INFO: [ view_parse ] --END-- [ RunTime:0.016422s ]
INFO: [ view_filter ] --START--
INFO: Run Behavior\WriteHtmlCacheBehavior [ RunTime:0.000269s ]
INFO: [ view_filter ] --END-- [ RunTime:0.000324s ]
INFO: [ app_end ] --START--
INFO: Run Behavior\ShowPageTraceBehavior [ RunTime:0.000546s ]
INFO: [ app_end ] --END-- [ RunTime:0.000609s ]

[ 2017-05-07T22:41:17+08:00 ] 183.14.169.88 /
INFO: [ app_init ] --START--
INFO: Run Behavior\BuildLiteBehavior [ RunTime:0.000015s ]
INFO: [ app_init ] --END-- [ RunTime:0.000394s ]
INFO: [ app_begin ] --START--
INFO: Run Behavior\ReadHtmlCacheBehavior [ RunTime:0.000535s ]
INFO: [ app_begin ] --END-- [ RunTime:0.000582s ]
SQL: SHOW COLUMNS FROM `tb_article` [ RunTime:0.001771s ]
NOTIC: [8] Undefined index: ip /data/home/bxu2442410262/htdocs/Application/Home/Controller/IndexController.class.php 第 11 行.
SQL: SELECT COUNT(*) AS tp_count FROM `tb_article` LIMIT 1   [ RunTime:0.001335s ]
SQL: SELECT * FROM `tb_article` WHERE ( `ispublic` = '0' ) LIMIT 0,7   [ RunTime:0.004816s ]
SQL: SHOW COLUMNS FROM tb_article_tag as at [ RunTime:0.001065s ]
ERR: 1064:You have an error in your SQL syntax; check the manual that corresponds to your MySQL server version for the right syntax to use near 'as at' at line 1
 [ SQL语句 ] : SHOW COLUMNS FROM tb_article_tag as at
SQL: SELECT * FROM tb_article_tag as at INNER JOIN tb_tag as t on at.tagid=t.id   [ RunTime:0.001531s ]
SQL: SHOW COLUMNS FROM `tb_article` [ RunTime:0.001463s ]
SQL: SELECT * FROM `tb_article` ORDER BY views desc  [ RunTime:0.004087s ]
SQL: SELECT * FROM `tb_article` ORDER BY articletime desc  [ RunTime:0.004419s ]
SQL: SHOW COLUMNS FROM `tb_friendlylink` [ RunTime:0.001389s ]
SQL: SELECT * FROM `tb_friendlylink`  [ RunTime:0.001343s ]
SQL: SHOW COLUMNS FROM `tb_tag` [ RunTime:0.001291s ]
SQL: SELECT * FROM `tb_tag`  [ RunTime:0.001143s ]
SQL: SHOW COLUMNS FROM `tb_visitors` [ RunTime:0.001502s ]
SQL: SELECT COUNT(distinct(ip)) AS tp_count FROM `tb_visitors` WHERE ( `ip` = 'ip' ) LIMIT 1   [ RunTime:0.001355s ]
INFO: [ view_parse ] --START--
INFO: [ template_filter ] --START--
INFO: Run Behavior\ContentReplaceBehavior [ RunTime:0.000055s ]
INFO: [ template_filter ] --END-- [ RunTime:0.000093s ]
NOTIC: [8] Undefined variable: data /data/home/bxu2442410262/htdocs/Application/Runtime/Cache/Home/2a94b8bda04ff446dcedd42276fc99ee.php 第 172 行.
NOTIC: [8] Undefined variable: data /data/home/bxu2442410262/htdocs/Application/Runtime/Cache/Home/2a94b8bda04ff446dcedd42276fc99ee.php 第 174 行.
INFO: Run Behavior\ParseTemplateBehavior [ RunTime:0.015872s ]
INFO: [ view_parse ] --END-- [ RunTime:0.015915s ]
INFO: [ view_filter ] --START--
INFO: Run Behavior\WriteHtmlCacheBehavior [ RunTime:0.000271s ]
INFO: [ view_filter ] --END-- [ RunTime:0.000305s ]
INFO: [ app_end ] --START--
INFO: Run Behavior\ShowPageTraceBehavior [ RunTime:0.000735s ]
INFO: [ app_end ] --END-- [ RunTime:0.000813s ]

[ 2017-05-07T23:44:30+08:00 ] 183.13.97.20 /Home/Message/add.html
INFO: [ app_init ] --START--
INFO: Run Behavior\BuildLiteBehavior [ RunTime:0.000015s ]
INFO: [ app_init ] --END-- [ RunTime:0.000370s ]
INFO: [ app_begin ] --START--
INFO: Run Behavior\ReadHtmlCacheBehavior [ RunTime:0.000494s ]
INFO: [ app_begin ] --END-- [ RunTime:0.000541s ]
INFO: [ view_parse ] --START--
INFO: [ template_filter ] --START--
INFO: Run Behavior\ContentReplaceBehavior [ RunTime:0.000053s ]
INFO: [ template_filter ] --END-- [ RunTime:0.000096s ]
INFO: Run Behavior\ParseTemplateBehavior [ RunTime:0.008159s ]
INFO: [ view_parse ] --END-- [ RunTime:0.008202s ]
INFO: [ view_filter ] --START--
INFO: Run Behavior\WriteHtmlCacheBehavior [ RunTime:0.000254s ]
INFO: [ view_filter ] --END-- [ RunTime:0.000285s ]
INFO: [ app_end ] --START--
INFO: Run Behavior\ShowPageTraceBehavior [ RunTime:0.000515s ]
INFO: [ app_end ] --END-- [ RunTime:0.000554s ]

[ 2017-05-07T23:44:31+08:00 ] 113.116.142.1 /Home/Message/getData
INFO: [ app_init ] --START--
INFO: Run Behavior\BuildLiteBehavior [ RunTime:0.000015s ]
INFO: [ app_init ] --END-- [ RunTime:0.000375s ]
INFO: [ app_begin ] --START--
INFO: Run Behavior\ReadHtmlCacheBehavior [ RunTime:0.000486s ]
INFO: [ app_begin ] --END-- [ RunTime:0.000531s ]
SQL: SHOW COLUMNS FROM `tb_message` [ RunTime:0.001932s ]
SQL: SELECT * FROM `tb_message`  [ RunTime:0.001426s ]
INFO: [ app_end ] --START--
INFO: Run Behavior\ShowPageTraceBehavior [ RunTime:0.000587s ]
INFO: [ app_end ] --END-- [ RunTime:0.000632s ]

[ 2017-05-07T23:44:32+08:00 ] 113.87.181.115 /
INFO: [ app_init ] --START--
INFO: Run Behavior\BuildLiteBehavior [ RunTime:0.000016s ]
INFO: [ app_init ] --END-- [ RunTime:0.000373s ]
INFO: [ app_begin ] --START--
INFO: Run Behavior\ReadHtmlCacheBehavior [ RunTime:0.000490s ]
INFO: [ app_begin ] --END-- [ RunTime:0.000536s ]
SQL: SHOW COLUMNS FROM `tb_article` [ RunTime:0.001902s ]
NOTIC: [8] Undefined index: ip /data/home/bxu2442410262/htdocs/Application/Home/Controller/IndexController.class.php 第 11 行.
SQL: SELECT COUNT(*) AS tp_count FROM `tb_article` LIMIT 1   [ RunTime:0.001593s ]
SQL: SELECT * FROM `tb_article` WHERE ( `ispublic` = '0' ) LIMIT 0,7   [ RunTime:0.006176s ]
SQL: SHOW COLUMNS FROM tb_article_tag as at [ RunTime:0.001387s ]
ERR: 1064:You have an error in your SQL syntax; check the manual that corresponds to your MySQL server version for the right syntax to use near 'as at' at line 1
 [ SQL语句 ] : SHOW COLUMNS FROM tb_article_tag as at
SQL: SELECT * FROM tb_article_tag as at INNER JOIN tb_tag as t on at.tagid=t.id   [ RunTime:0.001842s ]
SQL: SHOW COLUMNS FROM `tb_article` [ RunTime:0.001677s ]
SQL: SELECT * FROM `tb_article` ORDER BY views desc  [ RunTime:0.005699s ]
SQL: SELECT * FROM `tb_article` ORDER BY articletime desc  [ RunTime:0.005355s ]
SQL: SHOW COLUMNS FROM `tb_friendlylink` [ RunTime:0.001808s ]
SQL: SELECT * FROM `tb_friendlylink`  [ RunTime:0.001616s ]
SQL: SHOW COLUMNS FROM `tb_tag` [ RunTime:0.001606s ]
SQL: SELECT * FROM `tb_tag`  [ RunTime:0.001464s ]
SQL: SHOW COLUMNS FROM `tb_visitors` [ RunTime:0.001700s ]
SQL: SELECT COUNT(distinct(ip)) AS tp_count FROM `tb_visitors` WHERE ( `ip` = 'ip' ) LIMIT 1   [ RunTime:0.001647s ]
INFO: [ view_parse ] --START--
INFO: [ template_filter ] --START--
INFO: Run Behavior\ContentReplaceBehavior [ RunTime:0.000056s ]
INFO: [ template_filter ] --END-- [ RunTime:0.000095s ]
NOTIC: [8] Undefined variable: data /data/home/bxu2442410262/htdocs/Application/Runtime/Cache/Home/2a94b8bda04ff446dcedd42276fc99ee.php 第 172 行.
NOTIC: [8] Undefined variable: data /data/home/bxu2442410262/htdocs/Application/Runtime/Cache/Home/2a94b8bda04ff446dcedd42276fc99ee.php 第 174 行.
INFO: Run Behavior\ParseTemplateBehavior [ RunTime:0.016089s ]
INFO: [ view_parse ] --END-- [ RunTime:0.016132s ]
INFO: [ view_filter ] --START--
INFO: Run Behavior\WriteHtmlCacheBehavior [ RunTime:0.000296s ]
INFO: [ view_filter ] --END-- [ RunTime:0.000330s ]
INFO: [ app_end ] --START--
INFO: Run Behavior\ShowPageTraceBehavior [ RunTime:0.000526s ]
INFO: [ app_end ] --END-- [ RunTime:0.000573s ]

[ 2017-05-07T23:44:40+08:00 ] 101.226.89.116 /Home/Message/add.html
INFO: [ app_init ] --START--
INFO: Run Behavior\BuildLiteBehavior [ RunTime:0.000652s ]
INFO: [ app_init ] --END-- [ RunTime:0.001041s ]
INFO: [ app_begin ] --START--
INFO: Run Behavior\ReadHtmlCacheBehavior [ RunTime:0.000718s ]
INFO: [ app_begin ] --END-- [ RunTime:0.000791s ]
INFO: [ view_parse ] --START--
INFO: [ template_filter ] --START--
INFO: Run Behavior\ContentReplaceBehavior [ RunTime:0.000067s ]
INFO: [ template_filter ] --END-- [ RunTime:0.000125s ]
INFO: Run Behavior\ParseTemplateBehavior [ RunTime:0.012469s ]
INFO: [ view_parse ] --END-- [ RunTime:0.012532s ]
INFO: [ view_filter ] --START--
INFO: Run Behavior\WriteHtmlCacheBehavior [ RunTime:0.000382s ]
INFO: [ view_filter ] --END-- [ RunTime:0.000429s ]
INFO: [ app_end ] --START--
INFO: Run Behavior\ShowPageTraceBehavior [ RunTime:0.000776s ]
INFO: [ app_end ] --END-- [ RunTime:0.000865s ]

[ 2017-05-07T23:44:42+08:00 ] 180.153.214.178 /Home/Message/add.html
INFO: [ app_init ] --START--
INFO: Run Behavior\BuildLiteBehavior [ RunTime:0.000015s ]
INFO: [ app_init ] --END-- [ RunTime:0.000372s ]
INFO: [ app_begin ] --START--
INFO: Run Behavior\ReadHtmlCacheBehavior [ RunTime:0.000564s ]
INFO: [ app_begin ] --END-- [ RunTime:0.000611s ]
INFO: [ view_parse ] --START--
INFO: [ template_filter ] --START--
INFO: Run Behavior\ContentReplaceBehavior [ RunTime:0.000057s ]
INFO: [ template_filter ] --END-- [ RunTime:0.000104s ]
INFO: Run Behavior\ParseTemplateBehavior [ RunTime:0.008258s ]
INFO: [ view_parse ] --END-- [ RunTime:0.008312s ]
INFO: [ view_filter ] --START--
INFO: Run Behavior\WriteHtmlCacheBehavior [ RunTime:0.000272s ]
INFO: [ view_filter ] --END-- [ RunTime:0.000304s ]
INFO: [ app_end ] --START--
INFO: Run Behavior\ShowPageTraceBehavior [ RunTime:0.000492s ]
INFO: [ app_end ] --END-- [ RunTime:0.000531s ]

[ 2017-05-07T23:44:42+08:00 ] 180.153.214.178 /Home/Message/getData
INFO: [ app_init ] --START--
INFO: Run Behavior\BuildLiteBehavior [ RunTime:0.000014s ]
INFO: [ app_init ] --END-- [ RunTime:0.000363s ]
INFO: [ app_begin ] --START--
INFO: Run Behavior\ReadHtmlCacheBehavior [ RunTime:0.000503s ]
INFO: [ app_begin ] --END-- [ RunTime:0.000548s ]
SQL: SHOW COLUMNS FROM `tb_message` [ RunTime:0.001886s ]
SQL: SELECT * FROM `tb_message`  [ RunTime:0.001456s ]
INFO: [ app_end ] --START--
INFO: Run Behavior\ShowPageTraceBehavior [ RunTime:0.000660s ]
INFO: [ app_end ] --END-- [ RunTime:0.000714s ]

[ 2017-05-07T23:44:42+08:00 ] 180.153.214.178 /
INFO: [ app_init ] --START--
INFO: Run Behavior\BuildLiteBehavior [ RunTime:0.000013s ]
INFO: [ app_init ] --END-- [ RunTime:0.000349s ]
INFO: [ app_begin ] --START--
INFO: Run Behavior\ReadHtmlCacheBehavior [ RunTime:0.000479s ]
INFO: [ app_begin ] --END-- [ RunTime:0.000524s ]
SQL: SHOW COLUMNS FROM `tb_article` [ RunTime:0.001601s ]
NOTIC: [8] Undefined index: ip /data/home/bxu2442410262/htdocs/Application/Home/Controller/IndexController.class.php 第 11 行.
SQL: SELECT COUNT(*) AS tp_count FROM `tb_article` LIMIT 1   [ RunTime:0.001105s ]
SQL: SELECT * FROM `tb_article` WHERE ( `ispublic` = '0' ) LIMIT 0,7   [ RunTime:0.004692s ]
SQL: SHOW COLUMNS FROM tb_article_tag as at [ RunTime:0.001103s ]
ERR: 1064:You have an error in your SQL syntax; check the manual that corresponds to your MySQL server version for the right syntax to use near 'as at' at line 1
 [ SQL语句 ] : SHOW COLUMNS FROM tb_article_tag as at
SQL: SELECT * FROM tb_article_tag as at INNER JOIN tb_tag as t on at.tagid=t.id   [ RunTime:0.001261s ]
SQL: SHOW COLUMNS FROM `tb_article` [ RunTime:0.001513s ]
SQL: SELECT * FROM `tb_article` ORDER BY views desc  [ RunTime:0.004563s ]
SQL: SELECT * FROM `tb_article` ORDER BY articletime desc  [ RunTime:0.004363s ]
SQL: SHOW COLUMNS FROM `tb_friendlylink` [ RunTime:0.001732s ]
SQL: SELECT * FROM `tb_friendlylink`  [ RunTime:0.001179s ]
SQL: SHOW COLUMNS FROM `tb_tag` [ RunTime:0.001625s ]
SQL: SELECT * FROM `tb_tag`  [ RunTime:0.001137s ]
SQL: SHOW COLUMNS FROM `tb_visitors` [ RunTime:0.001361s ]
SQL: SELECT COUNT(distinct(ip)) AS tp_count FROM `tb_visitors` WHERE ( `ip` = 'ip' ) LIMIT 1   [ RunTime:0.001096s ]
NOTIC: [8] Undefined index: www.zxdphp.site /data/home/bxu2442410262/htdocs/Application/Home/Controller/IndexController.class.php 第 41 行.
INFO: [ view_parse ] --START--
INFO: [ template_filter ] --START--
INFO: Run Behavior\ContentReplaceBehavior [ RunTime:0.000057s ]
INFO: [ template_filter ] --END-- [ RunTime:0.000104s ]
NOTIC: [8] Undefined variable: data /data/home/bxu2442410262/htdocs/Application/Runtime/Cache/Home/2a94b8bda04ff446dcedd42276fc99ee.php 第 172 行.
NOTIC: [8] Undefined variable: data /data/home/bxu2442410262/htdocs/Application/Runtime/Cache/Home/2a94b8bda04ff446dcedd42276fc99ee.php 第 174 行.
INFO: Run Behavior\ParseTemplateBehavior [ RunTime:0.015772s ]
INFO: [ view_parse ] --END-- [ RunTime:0.015817s ]
INFO: [ view_filter ] --START--
INFO: Run Behavior\WriteHtmlCacheBehavior [ RunTime:0.000289s ]
INFO: [ view_filter ] --END-- [ RunTime:0.000326s ]
INFO: [ app_end ] --START--
INFO: Run Behavior\ShowPageTraceBehavior [ RunTime:0.000552s ]
INFO: [ app_end ] --END-- [ RunTime:0.000600s ]

[ 2017-05-07T23:54:08+08:00 ] 183.13.103.9 /Home/Knowledge/knowledge.html
INFO: [ app_init ] --START--
INFO: Run Behavior\BuildLiteBehavior [ RunTime:0.000016s ]
INFO: [ app_init ] --END-- [ RunTime:0.000415s ]
INFO: [ app_begin ] --START--
INFO: Run Behavior\ReadHtmlCacheBehavior [ RunTime:0.000489s ]
INFO: [ app_begin ] --END-- [ RunTime:0.000536s ]
INFO: [ view_parse ] --START--
INFO: [ template_filter ] --START--
INFO: Run Behavior\ContentReplaceBehavior [ RunTime:0.000046s ]
INFO: [ template_filter ] --END-- [ RunTime:0.000085s ]
INFO: Run Behavior\ParseTemplateBehavior [ RunTime:0.008240s ]
INFO: [ view_parse ] --END-- [ RunTime:0.008282s ]
INFO: [ view_filter ] --START--
INFO: Run Behavior\WriteHtmlCacheBehavior [ RunTime:0.000353s ]
INFO: [ view_filter ] --END-- [ RunTime:0.000386s ]
INFO: [ app_end ] --START--
INFO: Run Behavior\ShowPageTraceBehavior [ RunTime:0.000494s ]
INFO: [ app_end ] --END-- [ RunTime:0.000536s ]

[ 2017-05-07T23:54:09+08:00 ] 183.13.103.9 /
INFO: [ app_init ] --START--
INFO: Run Behavior\BuildLiteBehavior [ RunTime:0.000015s ]
INFO: [ app_init ] --END-- [ RunTime:0.000418s ]
INFO: [ app_begin ] --START--
INFO: Run Behavior\ReadHtmlCacheBehavior [ RunTime:0.000479s ]
INFO: [ app_begin ] --END-- [ RunTime:0.000525s ]
SQL: SHOW COLUMNS FROM `tb_article` [ RunTime:0.001774s ]
NOTIC: [8] Undefined index: ip /data/home/bxu2442410262/htdocs/Application/Home/Controller/IndexController.class.php 第 11 行.
SQL: SELECT COUNT(*) AS tp_count FROM `tb_article` LIMIT 1   [ RunTime:0.001396s ]
SQL: SELECT * FROM `tb_article` WHERE ( `ispublic` = '0' ) LIMIT 0,7   [ RunTime:0.005029s ]
SQL: SHOW COLUMNS FROM tb_article_tag as at [ RunTime:0.001111s ]
ERR: 1064:You have an error in your SQL syntax; check the manual that corresponds to your MySQL server version for the right syntax to use near 'as at' at line 1
 [ SQL语句 ] : SHOW COLUMNS FROM tb_article_tag as at
SQL: SELECT * FROM tb_article_tag as at INNER JOIN tb_tag as t on at.tagid=t.id   [ RunTime:0.001581s ]
SQL: SHOW COLUMNS FROM `tb_article` [ RunTime:0.001474s ]
SQL: SELECT * FROM `tb_article` ORDER BY views desc  [ RunTime:0.004209s ]
SQL: SELECT * FROM `tb_article` ORDER BY articletime desc  [ RunTime:0.004373s ]
SQL: SHOW COLUMNS FROM `tb_friendlylink` [ RunTime:0.001615s ]
SQL: SELECT * FROM `tb_friendlylink`  [ RunTime:0.001303s ]
SQL: SHOW COLUMNS FROM `tb_tag` [ RunTime:0.001368s ]
SQL: SELECT * FROM `tb_tag`  [ RunTime:0.001170s ]
SQL: SHOW COLUMNS FROM `tb_visitors` [ RunTime:0.001437s ]
SQL: SELECT COUNT(distinct(ip)) AS tp_count FROM `tb_visitors` WHERE ( `ip` = 'ip' ) LIMIT 1   [ RunTime:0.001372s ]
INFO: [ view_parse ] --START--
INFO: [ template_filter ] --START--
INFO: Run Behavior\ContentReplaceBehavior [ RunTime:0.000056s ]
INFO: [ template_filter ] --END-- [ RunTime:0.000097s ]
NOTIC: [8] Undefined variable: data /data/home/bxu2442410262/htdocs/Application/Runtime/Cache/Home/2a94b8bda04ff446dcedd42276fc99ee.php 第 172 行.
NOTIC: [8] Undefined variable: data /data/home/bxu2442410262/htdocs/Application/Runtime/Cache/Home/2a94b8bda04ff446dcedd42276fc99ee.php 第 174 行.
INFO: Run Behavior\ParseTemplateBehavior [ RunTime:0.016205s ]
INFO: [ view_parse ] --END-- [ RunTime:0.016249s ]
INFO: [ view_filter ] --START--
INFO: Run Behavior\WriteHtmlCacheBehavior [ RunTime:0.000289s ]
INFO: [ view_filter ] --END-- [ RunTime:0.000323s ]
INFO: [ app_end ] --START--
INFO: Run Behavior\ShowPageTraceBehavior [ RunTime:0.000571s ]
INFO: [ app_end ] --END-- [ RunTime:0.000618s ]

[ 2017-05-07T23:54:16+08:00 ] 183.13.84.237 /Home/Share/share.html
INFO: [ app_init ] --START--
INFO: Run Behavior\BuildLiteBehavior [ RunTime:0.000018s ]
INFO: [ app_init ] --END-- [ RunTime:0.000537s ]
INFO: [ app_begin ] --START--
INFO: Run Behavior\ReadHtmlCacheBehavior [ RunTime:0.000717s ]
INFO: [ app_begin ] --END-- [ RunTime:0.000784s ]
SQL: SHOW COLUMNS FROM `tb_article` [ RunTime:0.001999s ]
SQL: SELECT * FROM `tb_article` ORDER BY articletime desc  [ RunTime:0.007495s ]
SQL: SELECT * FROM `tb_article` ORDER BY views desc  [ RunTime:0.005213s ]
INFO: [ view_parse ] --START--
INFO: [ template_filter ] --START--
INFO: Run Behavior\ContentReplaceBehavior [ RunTime:0.000053s ]
INFO: [ template_filter ] --END-- [ RunTime:0.000094s ]
INFO: Run Behavior\ParseTemplateBehavior [ RunTime:0.018929s ]
INFO: [ view_parse ] --END-- [ RunTime:0.018990s ]
INFO: [ view_filter ] --START--
INFO: Run Behavior\WriteHtmlCacheBehavior [ RunTime:0.000272s ]
INFO: [ view_filter ] --END-- [ RunTime:0.000308s ]
INFO: [ app_end ] --START--
INFO: Run Behavior\ShowPageTraceBehavior [ RunTime:0.000572s ]
INFO: [ app_end ] --END-- [ RunTime:0.000609s ]

[ 2017-05-07T23:55:24+08:00 ] 113.87.181.115 /Home/MoodList/moodlist.html
INFO: [ app_init ] --START--
INFO: Run Behavior\BuildLiteBehavior [ RunTime:0.000016s ]
INFO: [ app_init ] --END-- [ RunTime:0.000426s ]
INFO: [ app_begin ] --START--
INFO: Run Behavior\ReadHtmlCacheBehavior [ RunTime:0.000518s ]
INFO: [ app_begin ] --END-- [ RunTime:0.000566s ]
INFO: [ view_parse ] --START--
INFO: [ template_filter ] --START--
INFO: Run Behavior\ContentReplaceBehavior [ RunTime:0.000035s ]
INFO: [ template_filter ] --END-- [ RunTime:0.000084s ]
INFO: Run Behavior\ParseTemplateBehavior [ RunTime:0.006761s ]
INFO: [ view_parse ] --END-- [ RunTime:0.006808s ]
INFO: [ view_filter ] --START--
INFO: Run Behavior\WriteHtmlCacheBehavior [ RunTime:0.000308s ]
INFO: [ view_filter ] --END-- [ RunTime:0.000341s ]
INFO: [ app_end ] --START--
INFO: Run Behavior\ShowPageTraceBehavior [ RunTime:0.000540s ]
INFO: [ app_end ] --END-- [ RunTime:0.000580s ]

[ 2017-05-07T23:55:33+08:00 ] 101.226.125.16 /Home/MoodList/moodlist.html
INFO: [ app_init ] --START--
INFO: Run Behavior\BuildLiteBehavior [ RunTime:0.000015s ]
INFO: [ app_init ] --END-- [ RunTime:0.000388s ]
INFO: [ app_begin ] --START--
INFO: Run Behavior\ReadHtmlCacheBehavior [ RunTime:0.000482s ]
INFO: [ app_begin ] --END-- [ RunTime:0.000539s ]
INFO: [ view_parse ] --START--
INFO: [ template_filter ] --START--
INFO: Run Behavior\ContentReplaceBehavior [ RunTime:0.000032s ]
INFO: [ template_filter ] --END-- [ RunTime:0.000075s ]
INFO: Run Behavior\ParseTemplateBehavior [ RunTime:0.006926s ]
INFO: [ view_parse ] --END-- [ RunTime:0.006971s ]
INFO: [ view_filter ] --START--
INFO: Run Behavior\WriteHtmlCacheBehavior [ RunTime:0.000265s ]
INFO: [ view_filter ] --END-- [ RunTime:0.000298s ]
INFO: [ app_end ] --START--
INFO: Run Behavior\ShowPageTraceBehavior [ RunTime:0.000522s ]
INFO: [ app_end ] --END-- [ RunTime:0.000562s ]

[ 2017-05-07T23:55:35+08:00 ] 101.226.33.224 /Home/MoodList/moodlist.html
INFO: [ app_init ] --START--
INFO: Run Behavior\BuildLiteBehavior [ RunTime:0.000016s ]
INFO: [ app_init ] --END-- [ RunTime:0.000412s ]
INFO: [ app_begin ] --START--
INFO: Run Behavior\ReadHtmlCacheBehavior [ RunTime:0.000510s ]
INFO: [ app_begin ] --END-- [ RunTime:0.000556s ]
INFO: [ view_parse ] --START--
INFO: [ template_filter ] --START--
INFO: Run Behavior\ContentReplaceBehavior [ RunTime:0.000032s ]
INFO: [ template_filter ] --END-- [ RunTime:0.000072s ]
INFO: Run Behavior\ParseTemplateBehavior [ RunTime:0.006867s ]
INFO: [ view_parse ] --END-- [ RunTime:0.006920s ]
INFO: [ view_filter ] --START--
INFO: Run Behavior\WriteHtmlCacheBehavior [ RunTime:0.000272s ]
INFO: [ view_filter ] --END-- [ RunTime:0.000305s ]
INFO: [ app_end ] --START--
INFO: Run Behavior\ShowPageTraceBehavior [ RunTime:0.000542s ]
INFO: [ app_end ] --END-- [ RunTime:0.000612s ]

