[ 2017-06-17T00:27:03+08:00 ] 123.125.71.48 /Home/NewList/newdetail/id/31
INFO: [ app_init ] --START--
INFO: Run Behavior\BuildLiteBehavior [ RunTime:0.000016s ]
INFO: [ app_init ] --END-- [ RunTime:0.000346s ]
INFO: [ app_begin ] --START--
INFO: Run Behavior\ReadHtmlCacheBehavior [ RunTime:0.000459s ]
INFO: [ app_begin ] --END-- [ RunTime:0.000509s ]
SQL: SHOW COLUMNS FROM `tb_article` [ RunTime:0.001828s ]
SQL: UPDATE `tb_article` SET `views`=views+1 WHERE ( `id` = 31 ) [ RunTime:0.005497s ]
SQL: SELECT * FROM `tb_article` WHERE ( `id` = 31 ) LIMIT 1   [ RunTime:0.001661s ]
SQL: SELECT * FROM `tb_article` WHERE ( id<31 ) ORDER BY id DESC LIMIT 1   [ RunTime:0.001499s ]
SQL: SELECT * FROM `tb_article` WHERE ( id>31 ) ORDER BY id ASC LIMIT 1   [ RunTime:0.003148s ]
INFO: [ view_parse ] --START--
INFO: [ template_filter ] --START--
INFO: Run Behavior\ContentReplaceBehavior [ RunTime:0.000074s ]
INFO: [ template_filter ] --END-- [ RunTime:0.000119s ]
INFO: Run Behavior\ParseTemplateBehavior [ RunTime:0.009336s ]
INFO: [ view_parse ] --END-- [ RunTime:0.009383s ]
INFO: [ view_filter ] --START--
INFO: Run Behavior\WriteHtmlCacheBehavior [ RunTime:0.000222s ]
INFO: [ view_filter ] --END-- [ RunTime:0.000351s ]
INFO: [ app_end ] --START--
INFO: Run Behavior\ShowPageTraceBehavior [ RunTime:0.000572s ]
INFO: [ app_end ] --END-- [ RunTime:0.000617s ]

[ 2017-06-17T01:00:23+08:00 ] 220.181.108.154 /Home/NewList/newdetail/id/33
INFO: [ app_init ] --START--
INFO: Run Behavior\BuildLiteBehavior [ RunTime:0.000034s ]
INFO: [ app_init ] --END-- [ RunTime:0.000369s ]
INFO: [ app_begin ] --START--
INFO: Run Behavior\ReadHtmlCacheBehavior [ RunTime:0.000436s ]
INFO: [ app_begin ] --END-- [ RunTime:0.000483s ]
SQL: SHOW COLUMNS FROM `tb_article` [ RunTime:0.001783s ]
SQL: UPDATE `tb_article` SET `views`=views+1 WHERE ( `id` = 33 ) [ RunTime:0.004409s ]
SQL: SELECT * FROM `tb_article` WHERE ( `id` = 33 ) LIMIT 1   [ RunTime:0.001356s ]
SQL: SELECT * FROM `tb_article` WHERE ( id<33 ) ORDER BY id DESC LIMIT 1   [ RunTime:0.002928s ]
SQL: SELECT * FROM `tb_article` WHERE ( id>33 ) ORDER BY id ASC LIMIT 1   [ RunTime:0.001380s ]
INFO: [ view_parse ] --START--
INFO: [ template_filter ] --START--
INFO: Run Behavior\ContentReplaceBehavior [ RunTime:0.000055s ]
INFO: [ template_filter ] --END-- [ RunTime:0.000095s ]
INFO: Run Behavior\ParseTemplateBehavior [ RunTime:0.010220s ]
INFO: [ view_parse ] --END-- [ RunTime:0.010293s ]
INFO: [ view_filter ] --START--
INFO: Run Behavior\WriteHtmlCacheBehavior [ RunTime:0.000323s ]
INFO: [ view_filter ] --END-- [ RunTime:0.000372s ]
INFO: [ app_end ] --START--
INFO: Run Behavior\ShowPageTraceBehavior [ RunTime:0.000525s ]
INFO: [ app_end ] --END-- [ RunTime:0.000570s ]

[ 2017-06-17T02:07:03+08:00 ] 220.181.108.120 /Home/NewList/newdetail/id/34
INFO: [ app_init ] --START--
INFO: Run Behavior\BuildLiteBehavior [ RunTime:0.000016s ]
INFO: [ app_init ] --END-- [ RunTime:0.000365s ]
INFO: [ app_begin ] --START--
INFO: Run Behavior\ReadHtmlCacheBehavior [ RunTime:0.000467s ]
INFO: [ app_begin ] --END-- [ RunTime:0.000514s ]
SQL: SHOW COLUMNS FROM `tb_article` [ RunTime:0.001609s ]
SQL: UPDATE `tb_article` SET `views`=views+1 WHERE ( `id` = 34 ) [ RunTime:0.006694s ]
SQL: SELECT * FROM `tb_article` WHERE ( `id` = 34 ) LIMIT 1   [ RunTime:0.001590s ]
SQL: SELECT * FROM `tb_article` WHERE ( id<34 ) ORDER BY id DESC LIMIT 1   [ RunTime:0.001436s ]
SQL: SELECT * FROM `tb_article` WHERE ( id>34 ) ORDER BY id ASC LIMIT 1   [ RunTime:0.001423s ]
INFO: [ view_parse ] --START--
INFO: [ template_filter ] --START--
INFO: Run Behavior\ContentReplaceBehavior [ RunTime:0.000067s ]
INFO: [ template_filter ] --END-- [ RunTime:0.000112s ]
INFO: Run Behavior\ParseTemplateBehavior [ RunTime:0.009740s ]
INFO: [ view_parse ] --END-- [ RunTime:0.009790s ]
INFO: [ view_filter ] --START--
INFO: Run Behavior\WriteHtmlCacheBehavior [ RunTime:0.000242s ]
INFO: [ view_filter ] --END-- [ RunTime:0.000276s ]
INFO: [ app_end ] --START--
INFO: Run Behavior\ShowPageTraceBehavior [ RunTime:0.000517s ]
INFO: [ app_end ] --END-- [ RunTime:0.000561s ]

[ 2017-06-17T05:27:08+08:00 ] 220.181.51.116 /
INFO: [ app_init ] --START--
INFO: Run Behavior\BuildLiteBehavior [ RunTime:0.000015s ]
INFO: [ app_init ] --END-- [ RunTime:0.000352s ]
INFO: [ app_begin ] --START--
INFO: Run Behavior\ReadHtmlCacheBehavior [ RunTime:0.000456s ]
INFO: [ app_begin ] --END-- [ RunTime:0.000501s ]
SQL: SHOW COLUMNS FROM `tb_article` [ RunTime:0.001651s ]
SQL: SHOW COLUMNS FROM `tb_visitors` [ RunTime:0.001724s ]
SQL: INSERT INTO `tb_visitors` (`ip`,`ipdate`,`address`) VALUES ('220.181.51.116','2017-06-17 05:27:07','‰∏≠ÂõΩÂåó‰∫¨Â∏ÇÂåó‰∫¨Â∏Ç') [ RunTime:0.004179s ]
SQL: SELECT COUNT(*) AS tp_count FROM `tb_article` LIMIT 1   [ RunTime:0.002013s ]
SQL: SELECT * FROM `tb_article` WHERE ( `ispublic` = '0' ) ORDER BY articletime desc LIMIT 0,7   [ RunTime:0.005210s ]
SQL: SHOW COLUMNS FROM tb_article_tag as at [ RunTime:0.001075s ]
ERR: 1064:You have an error in your SQL syntax; check the manual that corresponds to your MySQL server version for the right syntax to use near 'as at' at line 1
 [ SQLËØ≠Âè• ] : SHOW COLUMNS FROM tb_article_tag as at
SQL: SELECT * FROM tb_article_tag as at INNER JOIN tb_tag as t on at.tagid=t.id   [ RunTime:0.001630s ]
SQL: SHOW COLUMNS FROM `tb_article` [ RunTime:0.001439s ]
SQL: SELECT * FROM `tb_article` ORDER BY views desc  [ RunTime:0.010578s ]
SQL: SELECT * FROM `tb_article` ORDER BY articletime desc  [ RunTime:0.005467s ]
SQL: SHOW COLUMNS FROM `tb_friendlylink` [ RunTime:0.001490s ]
SQL: SELECT * FROM `tb_friendlylink`  [ RunTime:0.001369s ]
SQL: SHOW COLUMNS FROM `tb_tag` [ RunTime:0.001387s ]
SQL: SELECT * FROM `tb_tag`  [ RunTime:0.001133s ]
SQL: SELECT COUNT(distinct(ip)) AS tp_count FROM `tb_visitors` WHERE ( `ip` = 'ip' ) LIMIT 1   [ RunTime:0.001505s ]
NOTIC: [8] Undefined index: www.zxdphp.site /data/home/bxu2442410262/htdocs/Application/Home/Controller/IndexController.class.php Á¨¨ 111 Ë°å.
INFO: [ view_parse ] --START--
INFO: [ template_filter ] --START--
INFO: Run Behavior\ContentReplaceBehavior [ RunTime:0.000177s ]
INFO: [ template_filter ] --END-- [ RunTime:0.000221s ]
NOTIC: [8] Undefined variable: data /data/home/bxu2442410262/htdocs/Application/Runtime/Cache/Home/2a94b8bda04ff446dcedd42276fc99ee.php Á¨¨ 169 Ë°å.
NOTIC: [8] Undefined variable: data /data/home/bxu2442410262/htdocs/Application/Runtime/Cache/Home/2a94b8bda04ff446dcedd42276fc99ee.php Á¨¨ 171 Ë°å.
INFO: Run Behavior\ParseTemplateBehavior [ RunTime:0.017475s ]
INFO: [ view_parse ] --END-- [ RunTime:0.017534s ]
INFO: [ view_filter ] --START--
INFO: Run Behavior\WriteHtmlCacheBehavior [ RunTime:0.000265s ]
INFO: [ view_filter ] --END-- [ RunTime:0.000301s ]
INFO: [ app_end ] --START--
INFO: Run Behavior\ShowPageTraceBehavior [ RunTime:0.000502s ]
INFO: [ app_end ] --END-- [ RunTime:0.000565s ]

[ 2017-06-17T17:45:52+08:00 ] 183.14.135.159 /
INFO: [ app_init ] --START--
INFO: Run Behavior\BuildLiteBehavior [ RunTime:0.000019s ]
INFO: [ app_init ] --END-- [ RunTime:0.000401s ]
INFO: [ app_begin ] --START--
INFO: Run Behavior\ReadHtmlCacheBehavior [ RunTime:0.000623s ]
INFO: [ app_begin ] --END-- [ RunTime:0.000717s ]
SQL: SHOW COLUMNS FROM `tb_article` [ RunTime:0.001752s ]
SQL: SHOW COLUMNS FROM `tb_visitors` [ RunTime:0.001648s ]
SQL: INSERT INTO `tb_visitors` (`ip`,`ipdate`,`address`) VALUES ('183.14.135.159','2017-06-17 17:45:52','‰∏≠ÂõΩÂπø‰∏úÁúÅÊ∑±Âú≥Â∏Ç') [ RunTime:0.004384s ]
SQL: SELECT COUNT(*) AS tp_count FROM `tb_article` LIMIT 1   [ RunTime:0.001788s ]
SQL: SELECT * FROM `tb_article` WHERE ( `ispublic` = '0' ) ORDER BY articletime desc LIMIT 0,7   [ RunTime:0.005910s ]
SQL: SHOW COLUMNS FROM tb_article_tag as at [ RunTime:0.001106s ]
ERR: 1064:You have an error in your SQL syntax; check the manual that corresponds to your MySQL server version for the right syntax to use near 'as at' at line 1
 [ SQLËØ≠Âè• ] : SHOW COLUMNS FROM tb_article_tag as at
SQL: SELECT * FROM tb_article_tag as at INNER JOIN tb_tag as t on at.tagid=t.id   [ RunTime:0.001576s ]
SQL: SHOW COLUMNS FROM `tb_article` [ RunTime:0.001462s ]
SQL: SELECT * FROM `tb_article` ORDER BY views desc  [ RunTime:0.008507s ]
SQL: SELECT * FROM `tb_article` ORDER BY articletime desc  [ RunTime:0.005112s ]
SQL: SHOW COLUMNS FROM `tb_friendlylink` [ RunTime:0.001482s ]
SQL: SELECT * FROM `tb_friendlylink`  [ RunTime:0.001402s ]
SQL: SHOW COLUMNS FROM `tb_tag` [ RunTime:0.001363s ]
SQL: SELECT * FROM `tb_tag`  [ RunTime:0.001284s ]
SQL: SELECT COUNT(distinct(ip)) AS tp_count FROM `tb_visitors` WHERE ( `ip` = 'ip' ) LIMIT 1   [ RunTime:0.001565s ]
NOTIC: [8] Undefined index: www.zxdphp.site /data/home/bxu2442410262/htdocs/Application/Home/Controller/IndexController.class.php Á¨¨ 111 Ë°å.
INFO: [ view_parse ] --START--
INFO: [ template_filter ] --START--
INFO: Run Behavior\ContentReplaceBehavior [ RunTime:0.000059s ]
INFO: [ template_filter ] --END-- [ RunTime:0.000119s ]
NOTIC: [8] Undefined variable: data /data/home/bxu2442410262/htdocs/Application/Runtime/Cache/Home/2a94b8bda04ff446dcedd42276fc99ee.php Á¨¨ 169 Ë°å.
NOTIC: [8] Undefined variable: data /data/home/bxu2442410262/htdocs/Application/Runtime/Cache/Home/2a94b8bda04ff446dcedd42276fc99ee.php Á¨¨ 171 Ë°å.
INFO: Run Behavior\ParseTemplateBehavior [ RunTime:0.053149s ]
INFO: [ view_parse ] --END-- [ RunTime:0.053217s ]
INFO: [ view_filter ] --START--
INFO: Run Behavior\WriteHtmlCacheBehavior [ RunTime:0.000224s ]
INFO: [ view_filter ] --END-- [ RunTime:0.000262s ]
INFO: [ app_end ] --START--
INFO: Run Behavior\ShowPageTraceBehavior [ RunTime:0.000522s ]
INFO: [ app_end ] --END-- [ RunTime:0.000569s ]

[ 2017-06-17T17:45:57+08:00 ] 183.14.135.159 /admin
INFO: [ app_init ] --START--
INFO: Run Behavior\BuildLiteBehavior [ RunTime:0.000015s ]
INFO: [ app_init ] --END-- [ RunTime:0.000335s ]
INFO: [ app_begin ] --START--
INFO: Run Behavior\ReadHtmlCacheBehavior [ RunTime:0.000641s ]
INFO: [ app_begin ] --END-- [ RunTime:0.000724s ]
INFO: [ view_parse ] --START--
INFO: [ template_filter ] --START--
INFO: Run Behavior\ContentReplaceBehavior [ RunTime:0.000042s ]
INFO: [ template_filter ] --END-- [ RunTime:0.000085s ]
INFO: Run Behavior\ParseTemplateBehavior [ RunTime:0.005479s ]
INFO: [ view_parse ] --END-- [ RunTime:0.005540s ]
INFO: [ view_filter ] --START--
INFO: Run Behavior\WriteHtmlCacheBehavior [ RunTime:0.000202s ]
INFO: [ view_filter ] --END-- [ RunTime:0.000233s ]
INFO: [ app_end ] --START--
INFO: Run Behavior\ShowPageTraceBehavior [ RunTime:0.000487s ]
INFO: [ app_end ] --END-- [ RunTime:0.000531s ]

[ 2017-06-17T17:46:02+08:00 ] 183.14.135.159 /Admin/Login/check
INFO: [ app_init ] --START--
INFO: Run Behavior\BuildLiteBehavior [ RunTime:0.000017s ]
INFO: [ app_init ] --END-- [ RunTime:0.000354s ]
INFO: [ app_begin ] --START--
INFO: Run Behavior\ReadHtmlCacheBehavior [ RunTime:0.000552s ]
INFO: [ app_begin ] --END-- [ RunTime:0.000599s ]
SQL: SHOW COLUMNS FROM `tb_admin` [ RunTime:0.008049s ]
SQL: SELECT * FROM `tb_admin` WHERE ( `username` = 'admin' ) AND ( `password` = 'd033e22ae348aeb5660fc2140aec35850c4da997' ) LIMIT 1   [ RunTime:0.001740s ]
INFO: [ view_parse ] --START--
INFO: [ template_filter ] --START--
INFO: Run Behavior\ContentReplaceBehavior [ RunTime:0.000027s ]
INFO: [ template_filter ] --END-- [ RunTime:0.000073s ]
INFO: Run Behavior\ParseTemplateBehavior [ RunTime:0.005483s ]
INFO: [ view_parse ] --END-- [ RunTime:0.005540s ]
INFO: [ view_filter ] --START--
INFO: Run Behavior\WriteHtmlCacheBehavior [ RunTime:0.000204s ]
INFO: [ view_filter ] --END-- [ RunTime:0.000236s ]
INFO: [ app_end ] --START--
INFO: Run Behavior\ShowPageTraceBehavior [ RunTime:0.000561s ]
INFO: [ app_end ] --END-- [ RunTime:0.000605s ]

[ 2017-06-17T17:46:03+08:00 ] 183.14.135.159 /
INFO: [ app_init ] --START--
INFO: Run Behavior\BuildLiteBehavior [ RunTime:0.000016s ]
INFO: [ app_init ] --END-- [ RunTime:0.000400s ]
INFO: [ app_begin ] --START--
INFO: Run Behavior\ReadHtmlCacheBehavior [ RunTime:0.000436s ]
INFO: [ app_begin ] --END-- [ RunTime:0.000482s ]
SQL: SHOW COLUMNS FROM `tb_article` [ RunTime:0.001702s ]
SQL: SHOW COLUMNS FROM `tb_visitors` [ RunTime:0.001602s ]
SQL: INSERT INTO `tb_visitors` (`ip`,`ipdate`,`address`) VALUES ('183.14.135.159','2017-06-17 17:46:03','‰∏≠ÂõΩÂπø‰∏úÁúÅÊ∑±Âú≥Â∏Ç') [ RunTime:0.004826s ]
SQL: SELECT COUNT(*) AS tp_count FROM `tb_article` LIMIT 1   [ RunTime:0.001115s ]
SQL: SELECT * FROM `tb_article` WHERE ( `ispublic` = '0' ) ORDER BY articletime desc LIMIT 0,7   [ RunTime:0.005293s ]
SQL: SHOW COLUMNS FROM tb_article_tag as at [ RunTime:0.001139s ]
ERR: 1064:You have an error in your SQL syntax; check the manual that corresponds to your MySQL server version for the right syntax to use near 'as at' at line 1
 [ SQLËØ≠Âè• ] : SHOW COLUMNS FROM tb_article_tag as at
SQL: SELECT * FROM tb_article_tag as at INNER JOIN tb_tag as t on at.tagid=t.id   [ RunTime:0.001175s ]
SQL: SHOW COLUMNS FROM `tb_article` [ RunTime:0.001577s ]
SQL: SELECT * FROM `tb_article` ORDER BY views desc  [ RunTime:0.008007s ]
SQL: SELECT * FROM `tb_article` ORDER BY articletime desc  [ RunTime:0.005814s ]
SQL: SHOW COLUMNS FROM `tb_friendlylink` [ RunTime:0.001510s ]
SQL: SELECT * FROM `tb_friendlylink`  [ RunTime:0.001119s ]
SQL: SHOW COLUMNS FROM `tb_tag` [ RunTime:0.001524s ]
SQL: SELECT * FROM `tb_tag`  [ RunTime:0.001136s ]
SQL: SELECT COUNT(distinct(ip)) AS tp_count FROM `tb_visitors` WHERE ( `ip` = 'ip' ) LIMIT 1   [ RunTime:0.001451s ]
INFO: [ view_parse ] --START--
INFO: [ template_filter ] --START--
INFO: Run Behavior\ContentReplaceBehavior [ RunTime:0.000065s ]
INFO: [ template_filter ] --END-- [ RunTime:0.000109s ]
NOTIC: [8] Undefined variable: data /data/home/bxu2442410262/htdocs/Application/Runtime/Cache/Home/2a94b8bda04ff446dcedd42276fc99ee.php Á¨¨ 169 Ë°å.
NOTIC: [8] Undefined variable: data /data/home/bxu2442410262/htdocs/Application/Runtime/Cache/Home/2a94b8bda04ff446dcedd42276fc99ee.php Á¨¨ 171 Ë°å.
INFO: Run Behavior\ParseTemplateBehavior [ RunTime:0.017146s ]
INFO: [ view_parse ] --END-- [ RunTime:0.017198s ]
INFO: [ view_filter ] --START--
INFO: Run Behavior\WriteHtmlCacheBehavior [ RunTime:0.000205s ]
INFO: [ view_filter ] --END-- [ RunTime:0.000239s ]
INFO: [ app_end ] --START--
INFO: Run Behavior\ShowPageTraceBehavior [ RunTime:0.000483s ]
INFO: [ app_end ] --END-- [ RunTime:0.000525s ]

[ 2017-06-17T17:46:04+08:00 ] 183.14.135.159 /Admin/Index/index.html
INFO: [ app_init ] --START--
INFO: Run Behavior\BuildLiteBehavior [ RunTime:0.000014s ]
INFO: [ app_init ] --END-- [ RunTime:0.000473s ]
INFO: [ app_begin ] --START--
INFO: Run Behavior\ReadHtmlCacheBehavior [ RunTime:0.000545s ]
INFO: [ app_begin ] --END-- [ RunTime:0.000592s ]
NOTIC: [2] mysql_get_server_info(): Can't connect to local MySQL server through socket '/tmp/mysql.sock' (2) /data/home/bxu2442410262/htdocs/Application/Admin/Controller/IndexController.class.php Á¨¨ 18 Ë°å.
NOTIC: [2] mysql_get_server_info(): A link to the server could not be established /data/home/bxu2442410262/htdocs/Application/Admin/Controller/IndexController.class.php Á¨¨ 18 Ë°å.
SQL: SHOW COLUMNS FROM `tb_friendlylink` [ RunTime:0.001670s ]
SQL: SELECT COUNT(*) AS tp_count FROM `tb_friendlylink` LIMIT 1   [ RunTime:0.001561s ]
SQL: SHOW COLUMNS FROM `tb_article` [ RunTime:0.001444s ]
SQL: SELECT COUNT(*) AS tp_count FROM `tb_article` LIMIT 1   [ RunTime:0.001134s ]
INFO: [ view_parse ] --START--
INFO: [ template_filter ] --START--
INFO: Run Behavior\ContentReplaceBehavior [ RunTime:0.000069s ]
INFO: [ template_filter ] --END-- [ RunTime:0.000110s ]
INFO: Run Behavior\ParseTemplateBehavior [ RunTime:0.011626s ]
INFO: [ view_parse ] --END-- [ RunTime:0.011670s ]
INFO: [ view_filter ] --START--
INFO: Run Behavior\WriteHtmlCacheBehavior [ RunTime:0.000222s ]
INFO: [ view_filter ] --END-- [ RunTime:0.000294s ]
INFO: [ app_end ] --START--
INFO: Run Behavior\ShowPageTraceBehavior [ RunTime:0.000466s ]
INFO: [ app_end ] --END-- [ RunTime:0.000530s ]

[ 2017-06-17T17:46:09+08:00 ] 183.14.135.159 /Admin/Resources/select.html
INFO: [ app_init ] --START--
INFO: Run Behavior\BuildLiteBehavior [ RunTime:0.000016s ]
INFO: [ app_init ] --END-- [ RunTime:0.000381s ]
INFO: [ app_begin ] --START--
INFO: Run Behavior\ReadHtmlCacheBehavior [ RunTime:0.000547s ]
INFO: [ app_begin ] --END-- [ RunTime:0.000594s ]
SQL: SHOW COLUMNS FROM tb_resources as r [ RunTime:0.001130s ]
ERR: 1064:You have an error in your SQL syntax; check the manual that corresponds to your MySQL server version for the right syntax to use near 'as r' at line 1
 [ SQLËØ≠Âè• ] : SHOW COLUMNS FROM tb_resources as r
SQL: SELECT COUNT(*) AS tp_count FROM tb_resources as r left join tb_resourcestype as rt on r.resourcestypeid=rt.id  LIMIT 1   [ RunTime:0.001728s ]
SQL: SELECT r.id,r.name,r.url,r.resourcespw,r.resourcesdate,r.ispublic,rt.resourcestypename FROM tb_resources as r left join tb_resourcestype as rt on r.resourcestypeid=rt.id  LIMIT 0,10   [ RunTime:0.001235s ]
SQL: SHOW COLUMNS FROM `tb_resourcestype` [ RunTime:0.001427s ]
SQL: SELECT * FROM `tb_resourcestype`  [ RunTime:0.001199s ]
INFO: [ view_parse ] --START--
INFO: [ template_filter ] --START--
INFO: Run Behavior\ContentReplaceBehavior [ RunTime:0.000065s ]
INFO: [ template_filter ] --END-- [ RunTime:0.000109s ]
INFO: Run Behavior\ParseTemplateBehavior [ RunTime:0.011675s ]
INFO: [ view_parse ] --END-- [ RunTime:0.011721s ]
INFO: [ view_filter ] --START--
INFO: Run Behavior\WriteHtmlCacheBehavior [ RunTime:0.000204s ]
INFO: [ view_filter ] --END-- [ RunTime:0.000237s ]
INFO: [ app_end ] --START--
INFO: Run Behavior\ShowPageTraceBehavior [ RunTime:0.000492s ]
INFO: [ app_end ] --END-- [ RunTime:0.000533s ]

[ 2017-06-17T17:46:13+08:00 ] 183.14.135.159 /Admin/Resources/add
INFO: [ app_init ] --START--
INFO: Run Behavior\BuildLiteBehavior [ RunTime:0.000024s ]
INFO: [ app_init ] --END-- [ RunTime:0.000474s ]
INFO: [ app_begin ] --START--
INFO: Run Behavior\ReadHtmlCacheBehavior [ RunTime:0.000561s ]
INFO: [ app_begin ] --END-- [ RunTime:0.000608s ]
SQL: SHOW COLUMNS FROM `tb_resourcestype` [ RunTime:0.001381s ]
SQL: SELECT * FROM `tb_resourcestype`  [ RunTime:0.001130s ]
INFO: [ view_parse ] --START--
INFO: [ template_filter ] --START--
INFO: Run Behavior\ContentReplaceBehavior [ RunTime:0.000048s ]
INFO: [ template_filter ] --END-- [ RunTime:0.000109s ]
INFO: Run Behavior\ParseTemplateBehavior [ RunTime:0.052496s ]
INFO: [ view_parse ] --END-- [ RunTime:0.052559s ]
INFO: [ view_filter ] --START--
INFO: Run Behavior\WriteHtmlCacheBehavior [ RunTime:0.000250s ]
INFO: [ view_filter ] --END-- [ RunTime:0.000285s ]
INFO: [ app_end ] --START--
INFO: Run Behavior\ShowPageTraceBehavior [ RunTime:0.000521s ]
INFO: [ app_end ] --END-- [ RunTime:0.000566s ]

[ 2017-06-17T17:46:16+08:00 ] 183.14.135.159 /Admin/Article/select.html
INFO: [ app_init ] --START--
INFO: Run Behavior\BuildLiteBehavior [ RunTime:0.000016s ]
INFO: [ app_init ] --END-- [ RunTime:0.000377s ]
INFO: [ app_begin ] --START--
INFO: Run Behavior\ReadHtmlCacheBehavior [ RunTime:0.000526s ]
INFO: [ app_begin ] --END-- [ RunTime:0.000573s ]
SQL: SHOW COLUMNS FROM `tb_article` [ RunTime:0.001540s ]
SQL: SELECT COUNT(*) AS tp_count FROM `tb_article` LIMIT 1   [ RunTime:0.001139s ]
SQL: SELECT * FROM `tb_article` ORDER BY articletime desc LIMIT 0,7   [ RunTime:0.006133s ]
INFO: [ view_parse ] --START--
INFO: [ template_filter ] --START--
INFO: Run Behavior\ContentReplaceBehavior [ RunTime:0.000059s ]
INFO: [ template_filter ] --END-- [ RunTime:0.000116s ]
INFO: Run Behavior\ParseTemplateBehavior [ RunTime:0.054761s ]
INFO: [ view_parse ] --END-- [ RunTime:0.054869s ]
INFO: [ view_filter ] --START--
INFO: Run Behavior\WriteHtmlCacheBehavior [ RunTime:0.000255s ]
INFO: [ view_filter ] --END-- [ RunTime:0.000291s ]
INFO: [ app_end ] --START--
INFO: Run Behavior\ShowPageTraceBehavior [ RunTime:0.000629s ]
INFO: [ app_end ] --END-- [ RunTime:0.000674s ]

[ 2017-06-17T17:46:18+08:00 ] 183.14.135.159 /Admin/Article/add
INFO: [ app_init ] --START--
INFO: Run Behavior\BuildLiteBehavior [ RunTime:0.000015s ]
INFO: [ app_init ] --END-- [ RunTime:0.000343s ]
INFO: [ app_begin ] --START--
INFO: Run Behavior\ReadHtmlCacheBehavior [ RunTime:0.000669s ]
INFO: [ app_begin ] --END-- [ RunTime:0.000715s ]
SQL: SHOW COLUMNS FROM `tb_tag` [ RunTime:0.001740s ]
SQL: SELECT * FROM `tb_tag`  [ RunTime:0.001316s ]
SQL: SHOW COLUMNS FROM `tb_img` [ RunTime:0.001634s ]
SQL: SELECT * FROM `tb_img`  [ RunTime:0.001566s ]
INFO: [ view_parse ] --START--
INFO: [ template_filter ] --START--
INFO: Run Behavior\ContentReplaceBehavior [ RunTime:0.000074s ]
INFO: [ template_filter ] --END-- [ RunTime:0.000116s ]
INFO: Run Behavior\ParseTemplateBehavior [ RunTime:0.078756s ]
INFO: [ view_parse ] --END-- [ RunTime:0.078824s ]
INFO: [ view_filter ] --START--
INFO: Run Behavior\WriteHtmlCacheBehavior [ RunTime:0.000247s ]
INFO: [ view_filter ] --END-- [ RunTime:0.000283s ]
INFO: [ app_end ] --START--
INFO: Run Behavior\ShowPageTraceBehavior [ RunTime:0.000546s ]
INFO: [ app_end ] --END-- [ RunTime:0.000612s ]

[ 2017-06-17T17:47:25+08:00 ] 183.14.135.159 /Admin/Article/add
INFO: [ app_init ] --START--
INFO: Run Behavior\BuildLiteBehavior [ RunTime:0.000015s ]
INFO: [ app_init ] --END-- [ RunTime:0.000346s ]
INFO: [ app_begin ] --START--
INFO: Run Behavior\ReadHtmlCacheBehavior [ RunTime:0.000523s ]
INFO: [ app_begin ] --END-- [ RunTime:0.000570s ]
SQL: SHOW COLUMNS FROM `tb_article` [ RunTime:0.001677s ]
SQL: INSERT INTO `tb_article` (`articletitle`,`description`,`ispublic`,`articletime`,`articlecontent`,`titlepic`) VALUES (' Git:‰ª£Á†ÅÂÜ≤Á™ÅÂ∏∏ËßÅËß£ÂÜ≥ÊñπÊ≥ï ',' Git:‰ª£Á†ÅÂÜ≤Á™ÅÂ∏∏ËßÅËß£ÂÜ≥ÊñπÊ≥ï ','0','2017-06-17 17:47:25','&lt;p&gt;Â¶ÇÊûúÁ≥ªÁªü‰∏≠Êúâ‰∏Ä‰∫õÈÖçÁΩÆÊñá‰ª∂Âú®ÊúçÂä°Âô®‰∏äÂÅö‰∫ÜÈÖçÁΩÆ‰øÆÊîπ,ÁÑ∂ÂêéÂêéÁª≠ÂºÄÂèëÂèàÊñ∞Ê∑ªÂä†‰∏Ä‰∫õÈÖçÁΩÆÈ°πÁöÑÊó∂ÂÄ\ô,&lt;/p&gt;&lt;p&gt;Âú®ÂèëÂ∏ÉËøô‰∏™ÈÖçÁΩÆÊñá‰ª∂ÁöÑÊó∂ÂÄ\ô,‰ºöÂèëÁîü‰ª£Á†ÅÂÜ≤Á™\Å:&lt;/p&gt;&lt;p&gt;error: Your local changes to the following files would be overwritten by merge:&lt;br/&gt;&amp;nbsp;&amp;nbsp;&amp;nbsp;&amp;nbsp;&amp;nbsp;&amp;nbsp;&amp;nbsp; protected/config/main.php&lt;br/&gt;Please, commit your changes or stash them before you can merge.&lt;br/&gt;&lt;/p&gt;&lt;p&gt;Â¶ÇÊûúÂ∏åÊúõ‰øùÁïôÁîü‰∫ßÊúçÂä°Âô®‰∏äÊâÄÂÅöÁöÑÊîπÂä®,‰ªÖ‰ªÖÂπ∂ÂÖ•Êñ∞ÈÖçÁΩÆÈ°π, Â§ÑÁêÜÊñπÊ≥ïÂ¶Ç‰∏ã:&lt;/p&gt;&lt;pre&gt;git&amp;nbsp;stash\r\ngit&amp;nbsp;pull\r\ngit&amp;nbsp;stash&amp;nbsp;pop&lt;/pre&gt;&lt;p&gt;ÁÑ∂ÂêéÂèØ‰ª•‰ΩøÁî®&lt;a href=&quot;http://lib.csdn.net/base/git&quot; class=&quot;replace_word&quot; title=&quot;GitÁü•ËØÜÂ∫\ì&quot; target=&quot;_blank&quot; style=&quot;color:#df3434; font-weight:bold;&quot;&gt;Git&lt;/a&gt; diff -w +Êñá‰ª∂Âê\ç Êù•Á°ÆËÆ§‰ª£Á†ÅËá™Âä®ÂêàÂπ∂ÁöÑÊÉÖÂÜµ.&lt;br/&gt;&lt;/p&gt;&lt;p&gt;&lt;br/&gt;&lt;/p&gt;&lt;p&gt;ÂèçËøáÊù\•,Â¶ÇÊûúÂ∏åÊúõÁî®‰ª£Á†ÅÂ∫ì‰∏≠ÁöÑÊñá‰ª∂ÂÆåÂÖ®Ë¶ÜÁõñÊú¨Âú∞Â∑•‰ΩúÁâàÊú¨. ÊñπÊ≥ïÂ¶Ç‰∏ã:&lt;/p&gt;&lt;pre&gt;git&amp;nbsp;reset&amp;nbsp;--hard\r\ngit&amp;nbsp;pull&lt;/pre&gt;&lt;p&gt;ÂÖ∂‰∏≠&lt;a href=&quot;http://lib.csdn.net/base/git&quot; class=&quot;replace_word&quot; title=&quot;GitÁü•ËØÜÂ∫\ì&quot; target=&quot;_blank&quot; style=&quot;color:#df3434; font-weight:bold;&quot;&gt;git&lt;/a&gt; resetÊòØÈíàÂØπÁâàÊú\¨,Â¶ÇÊûúÊÉ≥ÈíàÂØπÊñá‰ª∂ÂõûÈÄÄÊú¨Âú∞‰øÆÊîπ,‰ΩøÁî®&lt;/p&gt;&lt;p&gt;git&amp;nbsp;checkout&amp;nbsp;HEAD&amp;nbsp;file/to/restore &lt;br/&gt;&lt;/p&gt;','2017-05-01/149357583259062898e4f8b.png') [ RunTime:0.004630s ]
SQL: SHOW COLUMNS FROM `tb_article_tag` [ RunTime:0.001537s ]
SQL: INSERT INTO `tb_article_tag` (`articleid`,`tagid`) VALUES (36,3) [ RunTime:0.003664s ]
SQL: INSERT INTO `tb_article_tag` (`articleid`,`tagid`) VALUES (36,17) [ RunTime:0.004127s ]
INFO: [ view_parse ] --START--
INFO: [ template_filter ] --START--
INFO: Run Behavior\ContentReplaceBehavior [ RunTime:0.000025s ]
INFO: [ template_filter ] --END-- [ RunTime:0.000070s ]
INFO: Run Behavior\ParseTemplateBehavior [ RunTime:0.005185s ]
INFO: [ view_parse ] --END-- [ RunTime:0.005301s ]
INFO: [ view_filter ] --START--
INFO: Run Behavior\WriteHtmlCacheBehavior [ RunTime:0.000202s ]
INFO: [ view_filter ] --END-- [ RunTime:0.000234s ]
INFO: [ app_end ] --START--
INFO: Run Behavior\ShowPageTraceBehavior [ RunTime:0.000534s ]
INFO: [ app_end ] --END-- [ RunTime:0.000577s ]

[ 2017-06-17T17:47:26+08:00 ] 183.14.135.159 /Admin/Article/select.html
INFO: [ app_init ] --START--
INFO: Run Behavior\BuildLiteBehavior [ RunTime:0.000015s ]
INFO: [ app_init ] --END-- [ RunTime:0.000383s ]
INFO: [ app_begin ] --START--
INFO: Run Behavior\ReadHtmlCacheBehavior [ RunTime:0.000545s ]
INFO: [ app_begin ] --END-- [ RunTime:0.000591s ]
SQL: SHOW COLUMNS FROM `tb_article` [ RunTime:0.002424s ]
SQL: SELECT COUNT(*) AS tp_count FROM `tb_article` LIMIT 1   [ RunTime:0.001606s ]
SQL: SELECT * FROM `tb_article` ORDER BY articletime desc LIMIT 0,7   [ RunTime:0.005005s ]
INFO: [ view_parse ] --START--
INFO: [ template_filter ] --START--
INFO: Run Behavior\ContentReplaceBehavior [ RunTime:0.000055s ]
INFO: [ template_filter ] --END-- [ RunTime:0.000101s ]
INFO: Run Behavior\ParseTemplateBehavior [ RunTime:0.010283s ]
INFO: [ view_parse ] --END-- [ RunTime:0.010351s ]
INFO: [ view_filter ] --START--
INFO: Run Behavior\WriteHtmlCacheBehavior [ RunTime:0.000209s ]
INFO: [ view_filter ] --END-- [ RunTime:0.000242s ]
INFO: [ app_end ] --START--
INFO: Run Behavior\ShowPageTraceBehavior [ RunTime:0.000598s ]
INFO: [ app_end ] --END-- [ RunTime:0.000650s ]

[ 2017-06-17T17:47:36+08:00 ] 183.14.135.159 /Admin/Login/logout.html
INFO: [ app_init ] --START--
INFO: Run Behavior\BuildLiteBehavior [ RunTime:0.000019s ]
INFO: [ app_init ] --END-- [ RunTime:0.000446s ]
INFO: [ app_begin ] --START--
INFO: Run Behavior\ReadHtmlCacheBehavior [ RunTime:0.000802s ]
INFO: [ app_begin ] --END-- [ RunTime:0.000864s ]
INFO: [ view_parse ] --START--
INFO: [ template_filter ] --START--
INFO: Run Behavior\ContentReplaceBehavior [ RunTime:0.000024s ]
INFO: [ template_filter ] --END-- [ RunTime:0.000066s ]
INFO: Run Behavior\ParseTemplateBehavior [ RunTime:0.005169s ]
INFO: [ view_parse ] --END-- [ RunTime:0.005226s ]
INFO: [ view_filter ] --START--
INFO: Run Behavior\WriteHtmlCacheBehavior [ RunTime:0.000200s ]
INFO: [ view_filter ] --END-- [ RunTime:0.000233s ]

[ 2017-06-17T17:47:37+08:00 ] 183.14.135.159 /Admin/Login/index
INFO: [ app_init ] --START--
INFO: Run Behavior\BuildLiteBehavior [ RunTime:0.000016s ]
INFO: [ app_init ] --END-- [ RunTime:0.000351s ]
INFO: [ app_begin ] --START--
INFO: Run Behavior\ReadHtmlCacheBehavior [ RunTime:0.000561s ]
INFO: [ app_begin ] --END-- [ RunTime:0.000607s ]
INFO: [ view_parse ] --START--
INFO: [ template_filter ] --START--
INFO: Run Behavior\ContentReplaceBehavior [ RunTime:0.000044s ]
INFO: [ template_filter ] --END-- [ RunTime:0.000107s ]
INFO: Run Behavior\ParseTemplateBehavior [ RunTime:0.005831s ]
INFO: [ view_parse ] --END-- [ RunTime:0.005874s ]
INFO: [ view_filter ] --START--
INFO: Run Behavior\WriteHtmlCacheBehavior [ RunTime:0.000202s ]
INFO: [ view_filter ] --END-- [ RunTime:0.000234s ]
INFO: [ app_end ] --START--
INFO: Run Behavior\ShowPageTraceBehavior [ RunTime:0.000485s ]
INFO: [ app_end ] --END-- [ RunTime:0.000524s ]

