[ 2017-07-14T06:54:57+08:00 ] 123.125.71.31 /Home/Index/index/p/
INFO: [ app_init ] --START--
INFO: Run Behavior\BuildLiteBehavior [ RunTime:0.000015s ]
INFO: [ app_init ] --END-- [ RunTime:0.000366s ]
INFO: [ app_begin ] --START--
INFO: Run Behavior\ReadHtmlCacheBehavior [ RunTime:0.000527s ]
INFO: [ app_begin ] --END-- [ RunTime:0.000580s ]
SQL: SHOW COLUMNS FROM `tb_article` [ RunTime:0.001727s ]
SQL: SHOW COLUMNS FROM `tb_visitors` [ RunTime:0.001610s ]
SQL: INSERT INTO `tb_visitors` (`ip`,`ipdate`,`address`) VALUES ('123.125.71.31','2017-07-14 06:54:57','中国北京市北京市') [ RunTime:0.003918s ]
SQL: SELECT COUNT(*) AS tp_count FROM `tb_article` LIMIT 1   [ RunTime:0.001657s ]
SQL: SELECT * FROM `tb_article` WHERE ( `ispublic` = '0' ) ORDER BY articletime desc LIMIT 0,7   [ RunTime:0.002606s ]
SQL: SHOW COLUMNS FROM tb_article_tag as at [ RunTime:0.001100s ]
ERR: 1064:You have an error in your SQL syntax; check the manual that corresponds to your MySQL server version for the right syntax to use near 'as at' at line 1
 [ SQL语句 ] : SHOW COLUMNS FROM tb_article_tag as at
SQL: SELECT * FROM tb_article_tag as at INNER JOIN tb_tag as t on at.tagid=t.id   [ RunTime:0.001655s ]
SQL: SHOW COLUMNS FROM `tb_article` [ RunTime:0.001369s ]
SQL: SELECT * FROM `tb_article` ORDER BY views desc  [ RunTime:0.010118s ]
SQL: SELECT * FROM `tb_article` ORDER BY articletime desc  [ RunTime:0.005172s ]
SQL: SHOW COLUMNS FROM `tb_friendlylink` [ RunTime:0.001592s ]
SQL: SELECT * FROM `tb_friendlylink`  [ RunTime:0.001516s ]
SQL: SHOW COLUMNS FROM `tb_tag` [ RunTime:0.001385s ]
SQL: SELECT * FROM `tb_tag`  [ RunTime:0.001247s ]
SQL: SELECT COUNT(distinct(ip)) AS tp_count FROM `tb_visitors` WHERE ( `ip` = 'ip' ) LIMIT 1   [ RunTime:0.001856s ]
NOTIC: [8] Undefined index: www.zxdphp.site /data/home/bxu2442410262/htdocs/Application/Home/Controller/IndexController.class.php 第 111 行.
INFO: [ view_parse ] --START--
INFO: [ template_filter ] --START--
INFO: Run Behavior\ContentReplaceBehavior [ RunTime:0.000055s ]
INFO: [ template_filter ] --END-- [ RunTime:0.000095s ]
NOTIC: [8] Undefined variable: data /data/home/bxu2442410262/htdocs/Application/Runtime/Cache/Home/2a94b8bda04ff446dcedd42276fc99ee.php 第 169 行.
NOTIC: [8] Undefined variable: data /data/home/bxu2442410262/htdocs/Application/Runtime/Cache/Home/2a94b8bda04ff446dcedd42276fc99ee.php 第 171 行.
INFO: Run Behavior\ParseTemplateBehavior [ RunTime:0.016767s ]
INFO: [ view_parse ] --END-- [ RunTime:0.016811s ]
INFO: [ view_filter ] --START--
INFO: Run Behavior\WriteHtmlCacheBehavior [ RunTime:0.000273s ]
INFO: [ view_filter ] --END-- [ RunTime:0.000308s ]
INFO: [ app_end ] --START--
INFO: Run Behavior\ShowPageTraceBehavior [ RunTime:0.000574s ]
INFO: [ app_end ] --END-- [ RunTime:0.000620s ]

[ 2017-07-14T13:03:55+08:00 ] 223.102.172.0 /
INFO: [ app_init ] --START--
INFO: Run Behavior\BuildLiteBehavior [ RunTime:0.000016s ]
INFO: [ app_init ] --END-- [ RunTime:0.000369s ]
INFO: [ app_begin ] --START--
INFO: Run Behavior\ReadHtmlCacheBehavior [ RunTime:0.000455s ]
INFO: [ app_begin ] --END-- [ RunTime:0.000508s ]
SQL: SHOW COLUMNS FROM `tb_article` [ RunTime:0.001654s ]
SQL: SHOW COLUMNS FROM `tb_visitors` [ RunTime:0.002289s ]
SQL: INSERT INTO `tb_visitors` (`ip`,`ipdate`,`address`) VALUES ('223.102.172.0','2017-07-14 13:03:55','中国辽宁省丹东市') [ RunTime:0.033779s ]
SQL: SELECT COUNT(*) AS tp_count FROM `tb_article` LIMIT 1   [ RunTime:0.001898s ]
SQL: SELECT * FROM `tb_article` WHERE ( `ispublic` = '0' ) ORDER BY articletime desc LIMIT 0,7   [ RunTime:0.002955s ]
SQL: SHOW COLUMNS FROM tb_article_tag as at [ RunTime:0.001237s ]
ERR: 1064:You have an error in your SQL syntax; check the manual that corresponds to your MySQL server version for the right syntax to use near 'as at' at line 1
 [ SQL语句 ] : SHOW COLUMNS FROM tb_article_tag as at
SQL: SELECT * FROM tb_article_tag as at INNER JOIN tb_tag as t on at.tagid=t.id   [ RunTime:0.001775s ]
SQL: SHOW COLUMNS FROM `tb_article` [ RunTime:0.001638s ]
SQL: SELECT * FROM `tb_article` ORDER BY views desc  [ RunTime:0.011288s ]
SQL: SELECT * FROM `tb_article` ORDER BY articletime desc  [ RunTime:0.005922s ]
SQL: SHOW COLUMNS FROM `tb_friendlylink` [ RunTime:0.001781s ]
SQL: SELECT * FROM `tb_friendlylink`  [ RunTime:0.001451s ]
SQL: SHOW COLUMNS FROM `tb_tag` [ RunTime:0.001486s ]
SQL: SELECT * FROM `tb_tag`  [ RunTime:0.001343s ]
SQL: SELECT COUNT(distinct(ip)) AS tp_count FROM `tb_visitors` WHERE ( `ip` = 'ip' ) LIMIT 1   [ RunTime:0.001746s ]
NOTIC: [8] Undefined index: www.zxdphp.site /data/home/bxu2442410262/htdocs/Application/Home/Controller/IndexController.class.php 第 111 行.
INFO: [ view_parse ] --START--
INFO: [ template_filter ] --START--
INFO: Run Behavior\ContentReplaceBehavior [ RunTime:0.000061s ]
INFO: [ template_filter ] --END-- [ RunTime:0.000114s ]
NOTIC: [8] Undefined variable: data /data/home/bxu2442410262/htdocs/Application/Runtime/Cache/Home/2a94b8bda04ff446dcedd42276fc99ee.php 第 169 行.
NOTIC: [8] Undefined variable: data /data/home/bxu2442410262/htdocs/Application/Runtime/Cache/Home/2a94b8bda04ff446dcedd42276fc99ee.php 第 171 行.
INFO: Run Behavior\ParseTemplateBehavior [ RunTime:0.017564s ]
INFO: [ view_parse ] --END-- [ RunTime:0.017608s ]
INFO: [ view_filter ] --START--
INFO: Run Behavior\WriteHtmlCacheBehavior [ RunTime:0.000250s ]
INFO: [ view_filter ] --END-- [ RunTime:0.000286s ]
INFO: [ app_end ] --START--
INFO: Run Behavior\ShowPageTraceBehavior [ RunTime:0.000684s ]
INFO: [ app_end ] --END-- [ RunTime:0.000766s ]

[ 2017-07-14T13:13:06+08:00 ] 123.125.71.107 /
INFO: [ app_init ] --START--
INFO: Run Behavior\BuildLiteBehavior [ RunTime:0.000018s ]
INFO: [ app_init ] --END-- [ RunTime:0.000389s ]
INFO: [ app_begin ] --START--
INFO: Run Behavior\ReadHtmlCacheBehavior [ RunTime:0.000701s ]
INFO: [ app_begin ] --END-- [ RunTime:0.000764s ]
SQL: SHOW COLUMNS FROM `tb_article` [ RunTime:0.001751s ]
SQL: SHOW COLUMNS FROM `tb_visitors` [ RunTime:0.001760s ]
SQL: INSERT INTO `tb_visitors` (`ip`,`ipdate`,`address`) VALUES ('123.125.71.107','2017-07-14 13:13:06','中国北京市北京市') [ RunTime:0.009790s ]
SQL: SELECT COUNT(*) AS tp_count FROM `tb_article` LIMIT 1   [ RunTime:0.002042s ]
SQL: SELECT * FROM `tb_article` WHERE ( `ispublic` = '0' ) ORDER BY articletime desc LIMIT 0,7   [ RunTime:0.003033s ]
SQL: SHOW COLUMNS FROM tb_article_tag as at [ RunTime:0.001269s ]
ERR: 1064:You have an error in your SQL syntax; check the manual that corresponds to your MySQL server version for the right syntax to use near 'as at' at line 1
 [ SQL语句 ] : SHOW COLUMNS FROM tb_article_tag as at
SQL: SELECT * FROM tb_article_tag as at INNER JOIN tb_tag as t on at.tagid=t.id   [ RunTime:0.001810s ]
SQL: SHOW COLUMNS FROM `tb_article` [ RunTime:0.001669s ]
SQL: SELECT * FROM `tb_article` ORDER BY views desc  [ RunTime:0.012371s ]
SQL: SELECT * FROM `tb_article` ORDER BY articletime desc  [ RunTime:0.005689s ]
SQL: SHOW COLUMNS FROM `tb_friendlylink` [ RunTime:0.001708s ]
SQL: SELECT * FROM `tb_friendlylink`  [ RunTime:0.001538s ]
SQL: SHOW COLUMNS FROM `tb_tag` [ RunTime:0.001493s ]
SQL: SELECT * FROM `tb_tag`  [ RunTime:0.001341s ]
SQL: SELECT COUNT(distinct(ip)) AS tp_count FROM `tb_visitors` WHERE ( `ip` = 'ip' ) LIMIT 1   [ RunTime:0.001801s ]
NOTIC: [8] Undefined index: www.zxdphp.site /data/home/bxu2442410262/htdocs/Application/Home/Controller/IndexController.class.php 第 111 行.
INFO: [ view_parse ] --START--
INFO: [ template_filter ] --START--
INFO: Run Behavior\ContentReplaceBehavior [ RunTime:0.000057s ]
INFO: [ template_filter ] --END-- [ RunTime:0.000099s ]
NOTIC: [8] Undefined variable: data /data/home/bxu2442410262/htdocs/Application/Runtime/Cache/Home/2a94b8bda04ff446dcedd42276fc99ee.php 第 169 行.
NOTIC: [8] Undefined variable: data /data/home/bxu2442410262/htdocs/Application/Runtime/Cache/Home/2a94b8bda04ff446dcedd42276fc99ee.php 第 171 行.
INFO: Run Behavior\ParseTemplateBehavior [ RunTime:0.017720s ]
INFO: [ view_parse ] --END-- [ RunTime:0.017780s ]
INFO: [ view_filter ] --START--
INFO: Run Behavior\WriteHtmlCacheBehavior [ RunTime:0.000252s ]
INFO: [ view_filter ] --END-- [ RunTime:0.000289s ]
INFO: [ app_end ] --START--
INFO: Run Behavior\ShowPageTraceBehavior [ RunTime:0.000530s ]
INFO: [ app_end ] --END-- [ RunTime:0.000575s ]

