[ 2017-06-09T03:29:29+08:00 ] 123.125.71.109 /
INFO: [ app_init ] --START--
INFO: Run Behavior\BuildLiteBehavior [ RunTime:0.000015s ]
INFO: [ app_init ] --END-- [ RunTime:0.000378s ]
INFO: [ app_begin ] --START--
INFO: Run Behavior\ReadHtmlCacheBehavior [ RunTime:0.000441s ]
INFO: [ app_begin ] --END-- [ RunTime:0.000490s ]
SQL: SHOW COLUMNS FROM `tb_article` [ RunTime:0.001611s ]
SQL: SHOW COLUMNS FROM `tb_visitors` [ RunTime:0.001610s ]
SQL: INSERT INTO `tb_visitors` (`ip`,`ipdate`,`address`) VALUES ('123.125.71.109','2017-06-09 03:29:29','中国北京市北京市') [ RunTime:0.005158s ]
SQL: SELECT COUNT(*) AS tp_count FROM `tb_article` LIMIT 1   [ RunTime:0.001586s ]
SQL: SELECT * FROM `tb_article` WHERE ( `ispublic` = '0' ) ORDER BY articletime desc LIMIT 0,7   [ RunTime:0.005493s ]
SQL: SHOW COLUMNS FROM tb_article_tag as at [ RunTime:0.001072s ]
ERR: 1064:You have an error in your SQL syntax; check the manual that corresponds to your MySQL server version for the right syntax to use near 'as at' at line 1
 [ SQL语句 ] : SHOW COLUMNS FROM tb_article_tag as at
SQL: SELECT * FROM tb_article_tag as at INNER JOIN tb_tag as t on at.tagid=t.id   [ RunTime:0.001594s ]
SQL: SHOW COLUMNS FROM `tb_article` [ RunTime:0.001454s ]
SQL: SELECT * FROM `tb_article` ORDER BY views desc  [ RunTime:0.008707s ]
SQL: SELECT * FROM `tb_article` ORDER BY articletime desc  [ RunTime:0.004794s ]
SQL: SHOW COLUMNS FROM `tb_friendlylink` [ RunTime:0.001419s ]
SQL: SELECT * FROM `tb_friendlylink`  [ RunTime:0.001267s ]
SQL: SHOW COLUMNS FROM `tb_tag` [ RunTime:0.001280s ]
SQL: SELECT * FROM `tb_tag`  [ RunTime:0.001166s ]
SQL: SELECT COUNT(distinct(ip)) AS tp_count FROM `tb_visitors` WHERE ( `ip` = 'ip' ) LIMIT 1   [ RunTime:0.001447s ]
NOTIC: [8] Undefined index: www.zxdphp.site /data/home/bxu2442410262/htdocs/Application/Home/Controller/IndexController.class.php 第 111 行.
INFO: [ view_parse ] --START--
INFO: [ template_filter ] --START--
INFO: Run Behavior\ContentReplaceBehavior [ RunTime:0.000057s ]
INFO: [ template_filter ] --END-- [ RunTime:0.000118s ]
NOTIC: [8] Undefined variable: data /data/home/bxu2442410262/htdocs/Application/Runtime/Cache/Home/2a94b8bda04ff446dcedd42276fc99ee.php 第 172 行.
NOTIC: [8] Undefined variable: data /data/home/bxu2442410262/htdocs/Application/Runtime/Cache/Home/2a94b8bda04ff446dcedd42276fc99ee.php 第 174 行.
INFO: Run Behavior\ParseTemplateBehavior [ RunTime:0.017524s ]
INFO: [ view_parse ] --END-- [ RunTime:0.017571s ]
INFO: [ view_filter ] --START--
INFO: Run Behavior\WriteHtmlCacheBehavior [ RunTime:0.000241s ]
INFO: [ view_filter ] --END-- [ RunTime:0.000280s ]
INFO: [ app_end ] --START--
INFO: Run Behavior\ShowPageTraceBehavior [ RunTime:0.000620s ]
INFO: [ app_end ] --END-- [ RunTime:0.000669s ]

[ 2017-06-09T13:00:27+08:00 ] 138.197.17.171 /
INFO: [ app_init ] --START--
INFO: Run Behavior\BuildLiteBehavior [ RunTime:0.000015s ]
INFO: [ app_init ] --END-- [ RunTime:0.000364s ]
INFO: [ app_begin ] --START--
INFO: Run Behavior\ReadHtmlCacheBehavior [ RunTime:0.000488s ]
INFO: [ app_begin ] --END-- [ RunTime:0.000534s ]
SQL: SHOW COLUMNS FROM `tb_article` [ RunTime:0.001766s ]
SQL: SHOW COLUMNS FROM `tb_visitors` [ RunTime:0.002070s ]
SQL: INSERT INTO `tb_visitors` (`ip`,`ipdate`,`address`) VALUES ('138.197.17.171','2017-06-09 13:00:27','美国') [ RunTime:0.004447s ]
SQL: SELECT COUNT(*) AS tp_count FROM `tb_article` LIMIT 1   [ RunTime:0.001950s ]
SQL: SELECT * FROM `tb_article` WHERE ( `ispublic` = '0' ) ORDER BY articletime desc LIMIT 0,7   [ RunTime:0.006630s ]
SQL: SHOW COLUMNS FROM tb_article_tag as at [ RunTime:0.001298s ]
ERR: 1064:You have an error in your SQL syntax; check the manual that corresponds to your MySQL server version for the right syntax to use near 'as at' at line 1
 [ SQL语句 ] : SHOW COLUMNS FROM tb_article_tag as at
SQL: SELECT * FROM tb_article_tag as at INNER JOIN tb_tag as t on at.tagid=t.id   [ RunTime:0.001831s ]
SQL: SHOW COLUMNS FROM `tb_article` [ RunTime:0.001623s ]
SQL: SELECT * FROM `tb_article` ORDER BY views desc  [ RunTime:0.009496s ]
SQL: SELECT * FROM `tb_article` ORDER BY articletime desc  [ RunTime:0.005636s ]
SQL: SHOW COLUMNS FROM `tb_friendlylink` [ RunTime:0.001557s ]
SQL: SELECT * FROM `tb_friendlylink`  [ RunTime:0.001491s ]
SQL: SHOW COLUMNS FROM `tb_tag` [ RunTime:0.001515s ]
SQL: SELECT * FROM `tb_tag`  [ RunTime:0.001331s ]
SQL: SELECT COUNT(distinct(ip)) AS tp_count FROM `tb_visitors` WHERE ( `ip` = 'ip' ) LIMIT 1   [ RunTime:0.001602s ]
NOTIC: [8] Undefined index: www.zxdphp.site /data/home/bxu2442410262/htdocs/Application/Home/Controller/IndexController.class.php 第 111 行.
INFO: [ view_parse ] --START--
INFO: [ template_filter ] --START--
INFO: Run Behavior\ContentReplaceBehavior [ RunTime:0.000055s ]
INFO: [ template_filter ] --END-- [ RunTime:0.000098s ]
NOTIC: [8] Undefined variable: data /data/home/bxu2442410262/htdocs/Application/Runtime/Cache/Home/2a94b8bda04ff446dcedd42276fc99ee.php 第 172 行.
NOTIC: [8] Undefined variable: data /data/home/bxu2442410262/htdocs/Application/Runtime/Cache/Home/2a94b8bda04ff446dcedd42276fc99ee.php 第 174 行.
INFO: Run Behavior\ParseTemplateBehavior [ RunTime:0.020902s ]
INFO: [ view_parse ] --END-- [ RunTime:0.020955s ]
INFO: [ view_filter ] --START--
INFO: Run Behavior\WriteHtmlCacheBehavior [ RunTime:0.000288s ]
INFO: [ view_filter ] --END-- [ RunTime:0.000347s ]
INFO: [ app_end ] --START--
INFO: Run Behavior\ShowPageTraceBehavior [ RunTime:0.000620s ]
INFO: [ app_end ] --END-- [ RunTime:0.000664s ]

