[ 2017-07-06T02:22:29+08:00 ] 220.181.108.173 /Home/Index/index/id/16.html
INFO: [ app_init ] --START--
INFO: Run Behavior\BuildLiteBehavior [ RunTime:0.000015s ]
INFO: [ app_init ] --END-- [ RunTime:0.000396s ]
INFO: [ app_begin ] --START--
INFO: Run Behavior\ReadHtmlCacheBehavior [ RunTime:0.000472s ]
INFO: [ app_begin ] --END-- [ RunTime:0.000519s ]
SQL: SHOW COLUMNS FROM `tb_article` [ RunTime:0.001707s ]
SQL: SHOW COLUMNS FROM `tb_visitors` [ RunTime:0.001734s ]
SQL: INSERT INTO `tb_visitors` (`ip`,`ipdate`,`address`) VALUES ('220.181.108.173','2017-07-06 02:22:28','中国北京市北京市') [ RunTime:0.004959s ]
SQL: SHOW COLUMNS FROM tb_article as a [ RunTime:0.001257s ]
ERR: 1064:You have an error in your SQL syntax; check the manual that corresponds to your MySQL server version for the right syntax to use near 'as a' at line 1
 [ SQL语句 ] : SHOW COLUMNS FROM tb_article as a
SQL: SELECT COUNT(*) AS tp_count FROM tb_article as a INNER JOIN tb_article_tag as at on a.id=at.articleid INNER JOIN tb_tag as t on at.tagid=t.id  WHERE ( at.tagid = '16' ) AND ( a.ispublic = '0' ) LIMIT 1   [ RunTime:0.002014s ]
SQL: SELECT a.id,a.titlepic,a.articletitle,a.articlecontent,a.articletime,at.articleid,t.name FROM tb_article as a INNER JOIN tb_article_tag as at on a.id=at.articleid INNER JOIN tb_tag as t on at.tagid=t.id  WHERE ( at.tagid = '16' ) AND ( a.ispublic = '0' ) LIMIT 0,7   [ RunTime:0.004797s ]
SQL: SHOW COLUMNS FROM tb_article_tag as at [ RunTime:0.001971s ]
ERR: 1064:You have an error in your SQL syntax; check the manual that corresponds to your MySQL server version for the right syntax to use near 'as at' at line 1
 [ SQL语句 ] : SHOW COLUMNS FROM tb_article_tag as at
SQL: SELECT * FROM tb_article_tag as at INNER JOIN tb_tag as t on at.tagid=t.id   [ RunTime:0.001367s ]
SQL: SHOW COLUMNS FROM `tb_article` [ RunTime:0.001455s ]
SQL: SELECT * FROM `tb_article` ORDER BY views desc  [ RunTime:0.014890s ]
SQL: SELECT * FROM `tb_article` ORDER BY articletime desc  [ RunTime:0.012574s ]
SQL: SHOW COLUMNS FROM `tb_friendlylink` [ RunTime:0.002008s ]
SQL: SELECT * FROM `tb_friendlylink`  [ RunTime:0.001454s ]
SQL: SHOW COLUMNS FROM `tb_tag` [ RunTime:0.001431s ]
SQL: SELECT * FROM `tb_tag`  [ RunTime:0.001297s ]
SQL: SELECT COUNT(distinct(ip)) AS tp_count FROM `tb_visitors` WHERE ( `ip` = 'ip' ) LIMIT 1   [ RunTime:0.001781s ]
NOTIC: [8] Undefined index: www.zxdphp.site /data/home/bxu2442410262/htdocs/Application/Home/Controller/IndexController.class.php 第 55 行.
INFO: [ view_parse ] --START--
INFO: [ template_filter ] --START--
INFO: Run Behavior\ContentReplaceBehavior [ RunTime:0.000055s ]
INFO: [ template_filter ] --END-- [ RunTime:0.000093s ]
NOTIC: [8] Undefined index: views /data/home/bxu2442410262/htdocs/Application/Runtime/Cache/Home/2a94b8bda04ff446dcedd42276fc99ee.php 第 93 行.
NOTIC: [8] Undefined variable: data /data/home/bxu2442410262/htdocs/Application/Runtime/Cache/Home/2a94b8bda04ff446dcedd42276fc99ee.php 第 169 行.
NOTIC: [8] Undefined variable: data /data/home/bxu2442410262/htdocs/Application/Runtime/Cache/Home/2a94b8bda04ff446dcedd42276fc99ee.php 第 171 行.
INFO: Run Behavior\ParseTemplateBehavior [ RunTime:0.016505s ]
INFO: [ view_parse ] --END-- [ RunTime:0.016549s ]
INFO: [ view_filter ] --START--
INFO: Run Behavior\WriteHtmlCacheBehavior [ RunTime:0.000267s ]
INFO: [ view_filter ] --END-- [ RunTime:0.000301s ]
INFO: [ app_end ] --START--
INFO: Run Behavior\ShowPageTraceBehavior [ RunTime:0.000534s ]
INFO: [ app_end ] --END-- [ RunTime:0.000583s ]

[ 2017-07-06T06:37:26+08:00 ] 220.181.51.116 /
INFO: [ app_init ] --START--
INFO: Run Behavior\BuildLiteBehavior [ RunTime:0.000020s ]
INFO: [ app_init ] --END-- [ RunTime:0.000407s ]
INFO: [ app_begin ] --START--
INFO: Run Behavior\ReadHtmlCacheBehavior [ RunTime:0.000484s ]
INFO: [ app_begin ] --END-- [ RunTime:0.000535s ]
SQL: SHOW COLUMNS FROM `tb_article` [ RunTime:0.002532s ]
SQL: SHOW COLUMNS FROM `tb_visitors` [ RunTime:0.001855s ]
SQL: INSERT INTO `tb_visitors` (`ip`,`ipdate`,`address`) VALUES ('220.181.51.116','2017-07-06 06:37:26','中国北京市北京市') [ RunTime:0.011927s ]
SQL: SELECT COUNT(*) AS tp_count FROM `tb_article` LIMIT 1   [ RunTime:0.001951s ]
SQL: SELECT * FROM `tb_article` WHERE ( `ispublic` = '0' ) ORDER BY articletime desc LIMIT 0,7   [ RunTime:0.002964s ]
SQL: SHOW COLUMNS FROM tb_article_tag as at [ RunTime:0.001244s ]
ERR: 1064:You have an error in your SQL syntax; check the manual that corresponds to your MySQL server version for the right syntax to use near 'as at' at line 1
 [ SQL语句 ] : SHOW COLUMNS FROM tb_article_tag as at
SQL: SELECT * FROM tb_article_tag as at INNER JOIN tb_tag as t on at.tagid=t.id   [ RunTime:0.001781s ]
SQL: SHOW COLUMNS FROM `tb_article` [ RunTime:0.001627s ]
SQL: SELECT * FROM `tb_article` ORDER BY views desc  [ RunTime:0.018711s ]
SQL: SELECT * FROM `tb_article` ORDER BY articletime desc  [ RunTime:0.013853s ]
SQL: SHOW COLUMNS FROM `tb_friendlylink` [ RunTime:0.001861s ]
SQL: SELECT * FROM `tb_friendlylink`  [ RunTime:0.001548s ]
SQL: SHOW COLUMNS FROM `tb_tag` [ RunTime:0.001455s ]
SQL: SELECT * FROM `tb_tag`  [ RunTime:0.001414s ]
SQL: SELECT COUNT(distinct(ip)) AS tp_count FROM `tb_visitors` WHERE ( `ip` = 'ip' ) LIMIT 1   [ RunTime:0.001816s ]
NOTIC: [8] Undefined index: www.zxdphp.site /data/home/bxu2442410262/htdocs/Application/Home/Controller/IndexController.class.php 第 111 行.
INFO: [ view_parse ] --START--
INFO: [ template_filter ] --START--
INFO: Run Behavior\ContentReplaceBehavior [ RunTime:0.000054s ]
INFO: [ template_filter ] --END-- [ RunTime:0.000093s ]
NOTIC: [8] Undefined variable: data /data/home/bxu2442410262/htdocs/Application/Runtime/Cache/Home/2a94b8bda04ff446dcedd42276fc99ee.php 第 169 行.
NOTIC: [8] Undefined variable: data /data/home/bxu2442410262/htdocs/Application/Runtime/Cache/Home/2a94b8bda04ff446dcedd42276fc99ee.php 第 171 行.
INFO: Run Behavior\ParseTemplateBehavior [ RunTime:0.016869s ]
INFO: [ view_parse ] --END-- [ RunTime:0.016912s ]
INFO: [ view_filter ] --START--
INFO: Run Behavior\WriteHtmlCacheBehavior [ RunTime:0.000262s ]
INFO: [ view_filter ] --END-- [ RunTime:0.000297s ]
INFO: [ app_end ] --START--
INFO: Run Behavior\ShowPageTraceBehavior [ RunTime:0.000539s ]
INFO: [ app_end ] --END-- [ RunTime:0.000590s ]

[ 2017-07-06T10:49:12+08:00 ] 123.125.71.51 /
INFO: [ app_init ] --START--
INFO: Run Behavior\BuildLiteBehavior [ RunTime:0.000013s ]
INFO: [ app_init ] --END-- [ RunTime:0.000367s ]
INFO: [ app_begin ] --START--
INFO: Run Behavior\ReadHtmlCacheBehavior [ RunTime:0.000491s ]
INFO: [ app_begin ] --END-- [ RunTime:0.000545s ]
SQL: SHOW COLUMNS FROM `tb_article` [ RunTime:0.001869s ]
SQL: SHOW COLUMNS FROM `tb_visitors` [ RunTime:0.001877s ]
SQL: INSERT INTO `tb_visitors` (`ip`,`ipdate`,`address`) VALUES ('123.125.71.51','2017-07-06 10:49:12','中国北京市北京市') [ RunTime:0.004303s ]
SQL: SELECT COUNT(*) AS tp_count FROM `tb_article` LIMIT 1   [ RunTime:0.001944s ]
SQL: SELECT * FROM `tb_article` WHERE ( `ispublic` = '0' ) ORDER BY articletime desc LIMIT 0,7   [ RunTime:0.003372s ]
SQL: SHOW COLUMNS FROM tb_article_tag as at [ RunTime:0.001381s ]
ERR: 1064:You have an error in your SQL syntax; check the manual that corresponds to your MySQL server version for the right syntax to use near 'as at' at line 1
 [ SQL语句 ] : SHOW COLUMNS FROM tb_article_tag as at
SQL: SELECT * FROM tb_article_tag as at INNER JOIN tb_tag as t on at.tagid=t.id   [ RunTime:0.001941s ]
SQL: SHOW COLUMNS FROM `tb_article` [ RunTime:0.001751s ]
SQL: SELECT * FROM `tb_article` ORDER BY views desc  [ RunTime:0.019006s ]
SQL: SELECT * FROM `tb_article` ORDER BY articletime desc  [ RunTime:0.013098s ]
SQL: SHOW COLUMNS FROM `tb_friendlylink` [ RunTime:0.001862s ]
SQL: SELECT * FROM `tb_friendlylink`  [ RunTime:0.001596s ]
SQL: SHOW COLUMNS FROM `tb_tag` [ RunTime:0.001853s ]
SQL: SELECT * FROM `tb_tag`  [ RunTime:0.001481s ]
SQL: SELECT COUNT(distinct(ip)) AS tp_count FROM `tb_visitors` WHERE ( `ip` = 'ip' ) LIMIT 1   [ RunTime:0.001910s ]
NOTIC: [8] Undefined index: www.zxdphp.site /data/home/bxu2442410262/htdocs/Application/Home/Controller/IndexController.class.php 第 111 行.
INFO: [ view_parse ] --START--
INFO: [ template_filter ] --START--
INFO: Run Behavior\ContentReplaceBehavior [ RunTime:0.000055s ]
INFO: [ template_filter ] --END-- [ RunTime:0.000093s ]
NOTIC: [8] Undefined variable: data /data/home/bxu2442410262/htdocs/Application/Runtime/Cache/Home/2a94b8bda04ff446dcedd42276fc99ee.php 第 169 行.
NOTIC: [8] Undefined variable: data /data/home/bxu2442410262/htdocs/Application/Runtime/Cache/Home/2a94b8bda04ff446dcedd42276fc99ee.php 第 171 行.
INFO: Run Behavior\ParseTemplateBehavior [ RunTime:0.016791s ]
INFO: [ view_parse ] --END-- [ RunTime:0.016836s ]
INFO: [ view_filter ] --START--
INFO: Run Behavior\WriteHtmlCacheBehavior [ RunTime:0.000265s ]
INFO: [ view_filter ] --END-- [ RunTime:0.000301s ]
INFO: [ app_end ] --START--
INFO: Run Behavior\ShowPageTraceBehavior [ RunTime:0.000523s ]
INFO: [ app_end ] --END-- [ RunTime:0.000567s ]

[ 2017-07-06T15:23:24+08:00 ] 123.125.71.116 /Home/NewList/newdetail/id/17
INFO: [ app_init ] --START--
INFO: Run Behavior\BuildLiteBehavior [ RunTime:0.000016s ]
INFO: [ app_init ] --END-- [ RunTime:0.000385s ]
INFO: [ app_begin ] --START--
INFO: Run Behavior\ReadHtmlCacheBehavior [ RunTime:0.000500s ]
INFO: [ app_begin ] --END-- [ RunTime:0.000546s ]
SQL: SHOW COLUMNS FROM `tb_article` [ RunTime:0.001693s ]
SQL: UPDATE `tb_article` SET `views`=views+1 WHERE ( `id` = 17 ) [ RunTime:0.004849s ]
SQL: SELECT * FROM `tb_article` WHERE ( `id` = 17 ) LIMIT 1   [ RunTime:0.001314s ]
SQL: SELECT * FROM `tb_article` WHERE ( id<17 ) ORDER BY id DESC LIMIT 1   [ RunTime:0.001408s ]
SQL: SELECT * FROM `tb_article` WHERE ( id>17 ) ORDER BY id ASC LIMIT 1   [ RunTime:0.005627s ]
INFO: [ view_parse ] --START--
INFO: [ template_filter ] --START--
INFO: Run Behavior\ContentReplaceBehavior [ RunTime:0.000074s ]
INFO: [ template_filter ] --END-- [ RunTime:0.000126s ]
INFO: Run Behavior\ParseTemplateBehavior [ RunTime:0.097290s ]
INFO: [ view_parse ] --END-- [ RunTime:0.097361s ]
INFO: [ view_filter ] --START--
INFO: Run Behavior\WriteHtmlCacheBehavior [ RunTime:0.000333s ]
INFO: [ view_filter ] --END-- [ RunTime:0.000369s ]
INFO: [ app_end ] --START--
INFO: Run Behavior\ShowPageTraceBehavior [ RunTime:0.000606s ]
INFO: [ app_end ] --END-- [ RunTime:0.000669s ]

[ 2017-07-06T18:17:12+08:00 ] 202.108.211.56 /
INFO: [ app_init ] --START--
INFO: Run Behavior\BuildLiteBehavior [ RunTime:0.000018s ]
INFO: [ app_init ] --END-- [ RunTime:0.000389s ]
INFO: [ app_begin ] --START--
INFO: Run Behavior\ReadHtmlCacheBehavior [ RunTime:0.000501s ]
INFO: [ app_begin ] --END-- [ RunTime:0.000548s ]
SQL: SHOW COLUMNS FROM `tb_article` [ RunTime:0.002031s ]
SQL: SHOW COLUMNS FROM `tb_visitors` [ RunTime:0.001875s ]
SQL: INSERT INTO `tb_visitors` (`ip`,`ipdate`,`address`) VALUES ('202.108.211.56','2017-07-06 18:17:12','中国北京市北京市') [ RunTime:0.012639s ]
SQL: SELECT COUNT(*) AS tp_count FROM `tb_article` LIMIT 1   [ RunTime:0.002128s ]
SQL: SELECT * FROM `tb_article` WHERE ( `ispublic` = '0' ) ORDER BY articletime desc LIMIT 0,7   [ RunTime:0.002963s ]
SQL: SHOW COLUMNS FROM tb_article_tag as at [ RunTime:0.001324s ]
ERR: 1064:You have an error in your SQL syntax; check the manual that corresponds to your MySQL server version for the right syntax to use near 'as at' at line 1
 [ SQL语句 ] : SHOW COLUMNS FROM tb_article_tag as at
SQL: SELECT * FROM tb_article_tag as at INNER JOIN tb_tag as t on at.tagid=t.id   [ RunTime:0.002010s ]
SQL: SHOW COLUMNS FROM `tb_article` [ RunTime:0.001746s ]
SQL: SELECT * FROM `tb_article` ORDER BY views desc  [ RunTime:0.020379s ]
SQL: SELECT * FROM `tb_article` ORDER BY articletime desc  [ RunTime:0.012989s ]
SQL: SHOW COLUMNS FROM `tb_friendlylink` [ RunTime:0.001673s ]
SQL: SELECT * FROM `tb_friendlylink`  [ RunTime:0.001530s ]
SQL: SHOW COLUMNS FROM `tb_tag` [ RunTime:0.001508s ]
SQL: SELECT * FROM `tb_tag`  [ RunTime:0.001462s ]
SQL: SELECT COUNT(distinct(ip)) AS tp_count FROM `tb_visitors` WHERE ( `ip` = 'ip' ) LIMIT 1   [ RunTime:0.001918s ]
NOTIC: [8] Undefined index: www.zxdphp.site /data/home/bxu2442410262/htdocs/Application/Home/Controller/IndexController.class.php 第 111 行.
INFO: [ view_parse ] --START--
INFO: [ template_filter ] --START--
INFO: Run Behavior\ContentReplaceBehavior [ RunTime:0.000059s ]
INFO: [ template_filter ] --END-- [ RunTime:0.000102s ]
NOTIC: [8] Undefined variable: data /data/home/bxu2442410262/htdocs/Application/Runtime/Cache/Home/2a94b8bda04ff446dcedd42276fc99ee.php 第 169 行.
NOTIC: [8] Undefined variable: data /data/home/bxu2442410262/htdocs/Application/Runtime/Cache/Home/2a94b8bda04ff446dcedd42276fc99ee.php 第 171 行.
INFO: Run Behavior\ParseTemplateBehavior [ RunTime:0.017369s ]
INFO: [ view_parse ] --END-- [ RunTime:0.017413s ]
INFO: [ view_filter ] --START--
INFO: Run Behavior\WriteHtmlCacheBehavior [ RunTime:0.000271s ]
INFO: [ view_filter ] --END-- [ RunTime:0.000307s ]
INFO: [ app_end ] --START--
INFO: Run Behavior\ShowPageTraceBehavior [ RunTime:0.000557s ]
INFO: [ app_end ] --END-- [ RunTime:0.000604s ]

