[ 2017-05-31T03:44:27+08:00 ] 220.181.51.88 /
INFO: [ app_init ] --START--
INFO: Run Behavior\BuildLiteBehavior [ RunTime:0.000015s ]
INFO: [ app_init ] --END-- [ RunTime:0.000357s ]
INFO: [ app_begin ] --START--
INFO: Run Behavior\ReadHtmlCacheBehavior [ RunTime:0.000595s ]
INFO: [ app_begin ] --END-- [ RunTime:0.000653s ]
SQL: SHOW COLUMNS FROM `tb_article` [ RunTime:0.001877s ]
SQL: SHOW COLUMNS FROM `tb_visitors` [ RunTime:0.001632s ]
SQL: INSERT INTO `tb_visitors` (`ip`,`ipdate`,`address`) VALUES ('220.181.51.88','2017-05-31 03:44:27','‰∏≠ÂõΩÂåó‰∫¨Â∏ÇÂåó‰∫¨Â∏Ç') [ RunTime:0.003910s ]
SQL: SELECT COUNT(*) AS tp_count FROM `tb_article` LIMIT 1   [ RunTime:0.001574s ]
SQL: SELECT * FROM `tb_article` WHERE ( `ispublic` = '0' ) ORDER BY articletime desc LIMIT 0,7   [ RunTime:0.008184s ]
SQL: SHOW COLUMNS FROM tb_article_tag as at [ RunTime:0.001188s ]
ERR: 1064:You have an error in your SQL syntax; check the manual that corresponds to your MySQL server version for the right syntax to use near 'as at' at line 1
 [ SQLËØ≠Âè• ] : SHOW COLUMNS FROM tb_article_tag as at
SQL: SELECT * FROM tb_article_tag as at INNER JOIN tb_tag as t on at.tagid=t.id   [ RunTime:0.001680s ]
SQL: SHOW COLUMNS FROM `tb_article` [ RunTime:0.001476s ]
SQL: SELECT * FROM `tb_article` ORDER BY views desc  [ RunTime:0.005157s ]
SQL: SELECT * FROM `tb_article` ORDER BY articletime desc  [ RunTime:0.003874s ]
SQL: SHOW COLUMNS FROM `tb_friendlylink` [ RunTime:0.001495s ]
SQL: SELECT * FROM `tb_friendlylink`  [ RunTime:0.001362s ]
SQL: SHOW COLUMNS FROM `tb_tag` [ RunTime:0.001384s ]
SQL: SELECT * FROM `tb_tag`  [ RunTime:0.001268s ]
SQL: SELECT COUNT(distinct(ip)) AS tp_count FROM `tb_visitors` WHERE ( `ip` = 'ip' ) LIMIT 1   [ RunTime:0.001480s ]
NOTIC: [8] Undefined index: www.zxdphp.site /data/home/bxu2442410262/htdocs/Application/Home/Controller/IndexController.class.php Á¨¨ 111 Ë°å.
INFO: [ view_parse ] --START--
INFO: [ template_filter ] --START--
INFO: Run Behavior\ContentReplaceBehavior [ RunTime:0.000057s ]
INFO: [ template_filter ] --END-- [ RunTime:0.000100s ]
NOTIC: [8] Undefined variable: data /data/home/bxu2442410262/htdocs/Application/Runtime/Cache/Home/2a94b8bda04ff446dcedd42276fc99ee.php Á¨¨ 172 Ë°å.
NOTIC: [8] Undefined variable: data /data/home/bxu2442410262/htdocs/Application/Runtime/Cache/Home/2a94b8bda04ff446dcedd42276fc99ee.php Á¨¨ 174 Ë°å.
INFO: Run Behavior\ParseTemplateBehavior [ RunTime:0.017531s ]
INFO: [ view_parse ] --END-- [ RunTime:0.017573s ]
INFO: [ view_filter ] --START--
INFO: Run Behavior\WriteHtmlCacheBehavior [ RunTime:0.000257s ]
INFO: [ view_filter ] --END-- [ RunTime:0.000296s ]
INFO: [ app_end ] --START--
INFO: Run Behavior\ShowPageTraceBehavior [ RunTime:0.000700s ]
INFO: [ app_end ] --END-- [ RunTime:0.000762s ]

[ 2017-05-31T03:44:31+08:00 ] 220.181.51.91 /
INFO: [ app_init ] --START--
INFO: Run Behavior\BuildLiteBehavior [ RunTime:0.000015s ]
INFO: [ app_init ] --END-- [ RunTime:0.000354s ]
INFO: [ app_begin ] --START--
INFO: Run Behavior\ReadHtmlCacheBehavior [ RunTime:0.000470s ]
INFO: [ app_begin ] --END-- [ RunTime:0.000516s ]
SQL: SHOW COLUMNS FROM `tb_article` [ RunTime:0.001748s ]
SQL: SHOW COLUMNS FROM `tb_visitors` [ RunTime:0.002994s ]
SQL: INSERT INTO `tb_visitors` (`ip`,`ipdate`,`address`) VALUES ('220.181.51.91','2017-05-31 03:44:31','‰∏≠ÂõΩÂåó‰∫¨Â∏ÇÂåó‰∫¨Â∏Ç') [ RunTime:0.003507s ]
SQL: SELECT COUNT(*) AS tp_count FROM `tb_article` LIMIT 1   [ RunTime:0.001449s ]
SQL: SELECT * FROM `tb_article` WHERE ( `ispublic` = '0' ) ORDER BY articletime desc LIMIT 0,7   [ RunTime:0.009280s ]
SQL: SHOW COLUMNS FROM tb_article_tag as at [ RunTime:0.001378s ]
ERR: 1064:You have an error in your SQL syntax; check the manual that corresponds to your MySQL server version for the right syntax to use near 'as at' at line 1
 [ SQLËØ≠Âè• ] : SHOW COLUMNS FROM tb_article_tag as at
SQL: SELECT * FROM tb_article_tag as at INNER JOIN tb_tag as t on at.tagid=t.id   [ RunTime:0.001604s ]
SQL: SHOW COLUMNS FROM `tb_article` [ RunTime:0.001685s ]
SQL: SELECT * FROM `tb_article` ORDER BY views desc  [ RunTime:0.006115s ]
SQL: SELECT * FROM `tb_article` ORDER BY articletime desc  [ RunTime:0.004479s ]
SQL: SHOW COLUMNS FROM `tb_friendlylink` [ RunTime:0.002086s ]
SQL: SELECT * FROM `tb_friendlylink`  [ RunTime:0.002307s ]
SQL: SHOW COLUMNS FROM `tb_tag` [ RunTime:0.001560s ]
SQL: SELECT * FROM `tb_tag`  [ RunTime:0.001634s ]
SQL: SELECT COUNT(distinct(ip)) AS tp_count FROM `tb_visitors` WHERE ( `ip` = 'ip' ) LIMIT 1   [ RunTime:0.001651s ]
INFO: [ view_parse ] --START--
INFO: [ template_filter ] --START--
INFO: Run Behavior\ContentReplaceBehavior [ RunTime:0.000056s ]
INFO: [ template_filter ] --END-- [ RunTime:0.000098s ]
NOTIC: [8] Undefined variable: data /data/home/bxu2442410262/htdocs/Application/Runtime/Cache/Home/2a94b8bda04ff446dcedd42276fc99ee.php Á¨¨ 172 Ë°å.
NOTIC: [8] Undefined variable: data /data/home/bxu2442410262/htdocs/Application/Runtime/Cache/Home/2a94b8bda04ff446dcedd42276fc99ee.php Á¨¨ 174 Ë°å.
INFO: Run Behavior\ParseTemplateBehavior [ RunTime:0.017080s ]
INFO: [ view_parse ] --END-- [ RunTime:0.017126s ]
INFO: [ view_filter ] --START--
INFO: Run Behavior\WriteHtmlCacheBehavior [ RunTime:0.000238s ]
INFO: [ view_filter ] --END-- [ RunTime:0.000273s ]
INFO: [ app_end ] --START--
INFO: Run Behavior\ShowPageTraceBehavior [ RunTime:0.000499s ]
INFO: [ app_end ] --END-- [ RunTime:0.000549s ]

[ 2017-05-31T09:02:19+08:00 ] 220.181.108.100 /
INFO: [ app_init ] --START--
INFO: Run Behavior\BuildLiteBehavior [ RunTime:0.000025s ]
INFO: [ app_init ] --END-- [ RunTime:0.000528s ]
INFO: [ app_begin ] --START--
INFO: Run Behavior\ReadHtmlCacheBehavior [ RunTime:0.000507s ]
INFO: [ app_begin ] --END-- [ RunTime:0.000554s ]
SQL: SHOW COLUMNS FROM `tb_article` [ RunTime:0.001987s ]
SQL: SHOW COLUMNS FROM `tb_visitors` [ RunTime:0.001671s ]
SQL: INSERT INTO `tb_visitors` (`ip`,`ipdate`,`address`) VALUES ('220.181.108.100','2017-05-31 09:02:19','‰∏≠ÂõΩÂåó‰∫¨Â∏ÇÂåó‰∫¨Â∏Ç') [ RunTime:0.006626s ]
SQL: SELECT COUNT(*) AS tp_count FROM `tb_article` LIMIT 1   [ RunTime:0.001705s ]
SQL: SELECT * FROM `tb_article` WHERE ( `ispublic` = '0' ) ORDER BY articletime desc LIMIT 0,7   [ RunTime:0.008482s ]
SQL: SHOW COLUMNS FROM tb_article_tag as at [ RunTime:0.001699s ]
ERR: 1064:You have an error in your SQL syntax; check the manual that corresponds to your MySQL server version for the right syntax to use near 'as at' at line 1
 [ SQLËØ≠Âè• ] : SHOW COLUMNS FROM tb_article_tag as at
SQL: SELECT * FROM tb_article_tag as at INNER JOIN tb_tag as t on at.tagid=t.id   [ RunTime:0.001879s ]
SQL: SHOW COLUMNS FROM `tb_article` [ RunTime:0.001594s ]
SQL: SELECT * FROM `tb_article` ORDER BY views desc  [ RunTime:0.005701s ]
SQL: SELECT * FROM `tb_article` ORDER BY articletime desc  [ RunTime:0.004226s ]
SQL: SHOW COLUMNS FROM `tb_friendlylink` [ RunTime:0.001691s ]
SQL: SELECT * FROM `tb_friendlylink`  [ RunTime:0.001425s ]
SQL: SHOW COLUMNS FROM `tb_tag` [ RunTime:0.001435s ]
SQL: SELECT * FROM `tb_tag`  [ RunTime:0.001317s ]
SQL: SELECT COUNT(distinct(ip)) AS tp_count FROM `tb_visitors` WHERE ( `ip` = 'ip' ) LIMIT 1   [ RunTime:0.001586s ]
NOTIC: [8] Undefined index: www.zxdphp.site /data/home/bxu2442410262/htdocs/Application/Home/Controller/IndexController.class.php Á¨¨ 111 Ë°å.
INFO: [ view_parse ] --START--
INFO: [ template_filter ] --START--
INFO: Run Behavior\ContentReplaceBehavior [ RunTime:0.000067s ]
INFO: [ template_filter ] --END-- [ RunTime:0.000132s ]
NOTIC: [8] Undefined variable: data /data/home/bxu2442410262/htdocs/Application/Runtime/Cache/Home/2a94b8bda04ff446dcedd42276fc99ee.php Á¨¨ 172 Ë°å.
NOTIC: [8] Undefined variable: data /data/home/bxu2442410262/htdocs/Application/Runtime/Cache/Home/2a94b8bda04ff446dcedd42276fc99ee.php Á¨¨ 174 Ë°å.
INFO: Run Behavior\ParseTemplateBehavior [ RunTime:0.043854s ]
INFO: [ view_parse ] --END-- [ RunTime:0.043920s ]
INFO: [ view_filter ] --START--
INFO: Run Behavior\WriteHtmlCacheBehavior [ RunTime:0.000288s ]
INFO: [ view_filter ] --END-- [ RunTime:0.000333s ]
INFO: [ app_end ] --START--
INFO: Run Behavior\ShowPageTraceBehavior [ RunTime:0.000769s ]
INFO: [ app_end ] --END-- [ RunTime:0.000861s ]

[ 2017-05-31T09:25:23+08:00 ] 183.14.135.196 /
INFO: [ app_init ] --START--
INFO: Run Behavior\BuildLiteBehavior [ RunTime:0.000016s ]
INFO: [ app_init ] --END-- [ RunTime:0.000373s ]
INFO: [ app_begin ] --START--
INFO: Run Behavior\ReadHtmlCacheBehavior [ RunTime:0.000495s ]
INFO: [ app_begin ] --END-- [ RunTime:0.000541s ]
SQL: SHOW COLUMNS FROM `tb_article` [ RunTime:0.002013s ]
SQL: SHOW COLUMNS FROM `tb_visitors` [ RunTime:0.001968s ]
SQL: INSERT INTO `tb_visitors` (`ip`,`ipdate`,`address`) VALUES ('183.14.135.196','2017-05-31 09:25:23','‰∏≠ÂõΩÂπø‰∏úÁúÅÊ∑±Âú≥Â∏Ç') [ RunTime:0.005628s ]
SQL: SELECT COUNT(*) AS tp_count FROM `tb_article` LIMIT 1   [ RunTime:0.001843s ]
SQL: SELECT * FROM `tb_article` WHERE ( `ispublic` = '0' ) ORDER BY articletime desc LIMIT 0,7   [ RunTime:0.009892s ]
SQL: SHOW COLUMNS FROM tb_article_tag as at [ RunTime:0.001426s ]
ERR: 1064:You have an error in your SQL syntax; check the manual that corresponds to your MySQL server version for the right syntax to use near 'as at' at line 1
 [ SQLËØ≠Âè• ] : SHOW COLUMNS FROM tb_article_tag as at
SQL: SELECT * FROM tb_article_tag as at INNER JOIN tb_tag as t on at.tagid=t.id   [ RunTime:0.002746s ]
SQL: SHOW COLUMNS FROM `tb_article` [ RunTime:0.001795s ]
SQL: SELECT * FROM `tb_article` ORDER BY views desc  [ RunTime:0.006201s ]
SQL: SELECT * FROM `tb_article` ORDER BY articletime desc  [ RunTime:0.004561s ]
SQL: SHOW COLUMNS FROM `tb_friendlylink` [ RunTime:0.001739s ]
SQL: SELECT * FROM `tb_friendlylink`  [ RunTime:0.001653s ]
SQL: SHOW COLUMNS FROM `tb_tag` [ RunTime:0.001663s ]
SQL: SELECT * FROM `tb_tag`  [ RunTime:0.001552s ]
SQL: SELECT COUNT(distinct(ip)) AS tp_count FROM `tb_visitors` WHERE ( `ip` = 'ip' ) LIMIT 1   [ RunTime:0.002101s ]
NOTIC: [8] Undefined index: www.zxdphp.site /data/home/bxu2442410262/htdocs/Application/Home/Controller/IndexController.class.php Á¨¨ 111 Ë°å.
INFO: [ view_parse ] --START--
INFO: [ template_filter ] --START--
INFO: Run Behavior\ContentReplaceBehavior [ RunTime:0.000069s ]
INFO: [ template_filter ] --END-- [ RunTime:0.000138s ]
NOTIC: [8] Undefined variable: data /data/home/bxu2442410262/htdocs/Application/Runtime/Cache/Home/2a94b8bda04ff446dcedd42276fc99ee.php Á¨¨ 172 Ë°å.
NOTIC: [8] Undefined variable: data /data/home/bxu2442410262/htdocs/Application/Runtime/Cache/Home/2a94b8bda04ff446dcedd42276fc99ee.php Á¨¨ 174 Ë°å.
INFO: Run Behavior\ParseTemplateBehavior [ RunTime:0.019311s ]
INFO: [ view_parse ] --END-- [ RunTime:0.019392s ]
INFO: [ view_filter ] --START--
INFO: Run Behavior\WriteHtmlCacheBehavior [ RunTime:0.000283s ]
INFO: [ view_filter ] --END-- [ RunTime:0.000321s ]
INFO: [ app_end ] --START--
INFO: Run Behavior\ShowPageTraceBehavior [ RunTime:0.000593s ]
INFO: [ app_end ] --END-- [ RunTime:0.000633s ]

[ 2017-05-31T09:25:41+08:00 ] 183.14.135.196 /admin
INFO: [ app_init ] --START--
INFO: Run Behavior\BuildLiteBehavior [ RunTime:0.000017s ]
INFO: [ app_init ] --END-- [ RunTime:0.000408s ]
INFO: [ app_begin ] --START--
INFO: Run Behavior\ReadHtmlCacheBehavior [ RunTime:0.000723s ]
INFO: [ app_begin ] --END-- [ RunTime:0.000802s ]
INFO: [ view_parse ] --START--
INFO: [ template_filter ] --START--
INFO: Run Behavior\ContentReplaceBehavior [ RunTime:0.000044s ]
INFO: [ template_filter ] --END-- [ RunTime:0.000108s ]
INFO: Run Behavior\ParseTemplateBehavior [ RunTime:0.088664s ]
INFO: [ view_parse ] --END-- [ RunTime:0.088760s ]
INFO: [ view_filter ] --START--
INFO: Run Behavior\WriteHtmlCacheBehavior [ RunTime:0.000325s ]
INFO: [ view_filter ] --END-- [ RunTime:0.000362s ]
INFO: [ app_end ] --START--
INFO: Run Behavior\ShowPageTraceBehavior [ RunTime:0.000675s ]
INFO: [ app_end ] --END-- [ RunTime:0.000723s ]

[ 2017-05-31T09:25:49+08:00 ] 183.14.135.196 /Admin/Login/check
INFO: [ app_init ] --START--
INFO: Run Behavior\BuildLiteBehavior [ RunTime:0.000016s ]
INFO: [ app_init ] --END-- [ RunTime:0.000358s ]
INFO: [ app_begin ] --START--
INFO: Run Behavior\ReadHtmlCacheBehavior [ RunTime:0.000589s ]
INFO: [ app_begin ] --END-- [ RunTime:0.000635s ]
SQL: SHOW COLUMNS FROM `tb_admin` [ RunTime:0.001498s ]
SQL: SELECT * FROM `tb_admin` WHERE ( `username` = 'admin' ) AND ( `password` = 'd033e22ae348aeb5660fc2140aec35850c4da997' ) LIMIT 1   [ RunTime:0.001443s ]
INFO: [ view_parse ] --START--
INFO: [ template_filter ] --START--
INFO: Run Behavior\ContentReplaceBehavior [ RunTime:0.000032s ]
INFO: [ template_filter ] --END-- [ RunTime:0.000096s ]
INFO: Run Behavior\ParseTemplateBehavior [ RunTime:0.047715s ]
INFO: [ view_parse ] --END-- [ RunTime:0.047770s ]
INFO: [ view_filter ] --START--
INFO: Run Behavior\WriteHtmlCacheBehavior [ RunTime:0.000252s ]
INFO: [ view_filter ] --END-- [ RunTime:0.000287s ]
INFO: [ app_end ] --START--
INFO: Run Behavior\ShowPageTraceBehavior [ RunTime:0.000642s ]
INFO: [ app_end ] --END-- [ RunTime:0.000687s ]

[ 2017-05-31T09:25:49+08:00 ] 183.14.135.196 /
INFO: [ app_init ] --START--
INFO: Run Behavior\BuildLiteBehavior [ RunTime:0.000015s ]
INFO: [ app_init ] --END-- [ RunTime:0.000376s ]
INFO: [ app_begin ] --START--
INFO: Run Behavior\ReadHtmlCacheBehavior [ RunTime:0.000451s ]
INFO: [ app_begin ] --END-- [ RunTime:0.000498s ]
SQL: SHOW COLUMNS FROM `tb_article` [ RunTime:0.001629s ]
SQL: SHOW COLUMNS FROM `tb_visitors` [ RunTime:0.002970s ]
SQL: INSERT INTO `tb_visitors` (`ip`,`ipdate`,`address`) VALUES ('183.14.135.196','2017-05-31 09:25:49','‰∏≠ÂõΩÂπø‰∏úÁúÅÊ∑±Âú≥Â∏Ç') [ RunTime:0.003960s ]
SQL: SELECT COUNT(*) AS tp_count FROM `tb_article` LIMIT 1   [ RunTime:0.001222s ]
SQL: SELECT * FROM `tb_article` WHERE ( `ispublic` = '0' ) ORDER BY articletime desc LIMIT 0,7   [ RunTime:0.006818s ]
SQL: SHOW COLUMNS FROM tb_article_tag as at [ RunTime:0.001148s ]
ERR: 1064:You have an error in your SQL syntax; check the manual that corresponds to your MySQL server version for the right syntax to use near 'as at' at line 1
 [ SQLËØ≠Âè• ] : SHOW COLUMNS FROM tb_article_tag as at
SQL: SELECT * FROM tb_article_tag as at INNER JOIN tb_tag as t on at.tagid=t.id   [ RunTime:0.001160s ]
SQL: SHOW COLUMNS FROM `tb_article` [ RunTime:0.001513s ]
SQL: SELECT * FROM `tb_article` ORDER BY views desc  [ RunTime:0.005428s ]
SQL: SELECT * FROM `tb_article` ORDER BY articletime desc  [ RunTime:0.003867s ]
SQL: SHOW COLUMNS FROM `tb_friendlylink` [ RunTime:0.001605s ]
SQL: SELECT * FROM `tb_friendlylink`  [ RunTime:0.001136s ]
SQL: SHOW COLUMNS FROM `tb_tag` [ RunTime:0.001358s ]
SQL: SELECT * FROM `tb_tag`  [ RunTime:0.001109s ]
SQL: SELECT COUNT(distinct(ip)) AS tp_count FROM `tb_visitors` WHERE ( `ip` = 'ip' ) LIMIT 1   [ RunTime:0.001419s ]
INFO: [ view_parse ] --START--
INFO: [ template_filter ] --START--
INFO: Run Behavior\ContentReplaceBehavior [ RunTime:0.000088s ]
INFO: [ template_filter ] --END-- [ RunTime:0.000168s ]
NOTIC: [8] Undefined variable: data /data/home/bxu2442410262/htdocs/Application/Runtime/Cache/Home/2a94b8bda04ff446dcedd42276fc99ee.php Á¨¨ 172 Ë°å.
NOTIC: [8] Undefined variable: data /data/home/bxu2442410262/htdocs/Application/Runtime/Cache/Home/2a94b8bda04ff446dcedd42276fc99ee.php Á¨¨ 174 Ë°å.
INFO: Run Behavior\ParseTemplateBehavior [ RunTime:0.019757s ]
INFO: [ view_parse ] --END-- [ RunTime:0.019807s ]
INFO: [ view_filter ] --START--
INFO: Run Behavior\WriteHtmlCacheBehavior [ RunTime:0.000267s ]
INFO: [ view_filter ] --END-- [ RunTime:0.000305s ]
INFO: [ app_end ] --START--
INFO: Run Behavior\ShowPageTraceBehavior [ RunTime:0.000558s ]
INFO: [ app_end ] --END-- [ RunTime:0.000603s ]

[ 2017-05-31T09:25:50+08:00 ] 183.14.135.196 /Admin/Index/index.html
INFO: [ app_init ] --START--
INFO: Run Behavior\BuildLiteBehavior [ RunTime:0.000016s ]
INFO: [ app_init ] --END-- [ RunTime:0.000363s ]
INFO: [ app_begin ] --START--
INFO: Run Behavior\ReadHtmlCacheBehavior [ RunTime:0.000587s ]
INFO: [ app_begin ] --END-- [ RunTime:0.000633s ]
NOTIC: [2] mysql_get_server_info(): Can't connect to local MySQL server through socket '/tmp/mysql.sock' (2) /data/home/bxu2442410262/htdocs/Application/Admin/Controller/IndexController.class.php Á¨¨ 18 Ë°å.
NOTIC: [2] mysql_get_server_info(): A link to the server could not be established /data/home/bxu2442410262/htdocs/Application/Admin/Controller/IndexController.class.php Á¨¨ 18 Ë°å.
SQL: SHOW COLUMNS FROM `tb_friendlylink` [ RunTime:0.001634s ]
SQL: SELECT COUNT(*) AS tp_count FROM `tb_friendlylink` LIMIT 1   [ RunTime:0.001210s ]
SQL: SHOW COLUMNS FROM `tb_article` [ RunTime:0.001428s ]
SQL: SELECT COUNT(*) AS tp_count FROM `tb_article` LIMIT 1   [ RunTime:0.001119s ]
INFO: [ view_parse ] --START--
INFO: [ template_filter ] --START--
INFO: Run Behavior\ContentReplaceBehavior [ RunTime:0.000060s ]
INFO: [ template_filter ] --END-- [ RunTime:0.000105s ]
INFO: Run Behavior\ParseTemplateBehavior [ RunTime:0.012183s ]
INFO: [ view_parse ] --END-- [ RunTime:0.012257s ]
INFO: [ view_filter ] --START--
INFO: Run Behavior\WriteHtmlCacheBehavior [ RunTime:0.000246s ]
INFO: [ view_filter ] --END-- [ RunTime:0.000279s ]
INFO: [ app_end ] --START--
INFO: Run Behavior\ShowPageTraceBehavior [ RunTime:0.000526s ]
INFO: [ app_end ] --END-- [ RunTime:0.000568s ]

[ 2017-05-31T09:26:06+08:00 ] 183.14.135.196 /Admin/Resources/select.html
INFO: [ app_init ] --START--
INFO: Run Behavior\BuildLiteBehavior [ RunTime:0.000016s ]
INFO: [ app_init ] --END-- [ RunTime:0.000409s ]
INFO: [ app_begin ] --START--
INFO: Run Behavior\ReadHtmlCacheBehavior [ RunTime:0.000571s ]
INFO: [ app_begin ] --END-- [ RunTime:0.000618s ]
SQL: SHOW COLUMNS FROM tb_resources as r [ RunTime:0.001113s ]
ERR: 1064:You have an error in your SQL syntax; check the manual that corresponds to your MySQL server version for the right syntax to use near 'as r' at line 1
 [ SQLËØ≠Âè• ] : SHOW COLUMNS FROM tb_resources as r
SQL: SELECT COUNT(*) AS tp_count FROM tb_resources as r left join tb_resourcestype as rt on r.resourcestypeid=rt.id  LIMIT 1   [ RunTime:0.001838s ]
SQL: SELECT r.id,r.name,r.url,r.resourcespw,r.resourcesdate,r.ispublic,rt.resourcestypename FROM tb_resources as r left join tb_resourcestype as rt on r.resourcestypeid=rt.id  LIMIT 0,10   [ RunTime:0.001272s ]
SQL: SHOW COLUMNS FROM `tb_resourcestype` [ RunTime:0.001404s ]
SQL: SELECT * FROM `tb_resourcestype`  [ RunTime:0.001216s ]
INFO: [ view_parse ] --START--
INFO: [ template_filter ] --START--
INFO: Run Behavior\ContentReplaceBehavior [ RunTime:0.000085s ]
INFO: [ template_filter ] --END-- [ RunTime:0.000150s ]
INFO: Run Behavior\ParseTemplateBehavior [ RunTime:0.239575s ]
INFO: [ view_parse ] --END-- [ RunTime:0.239647s ]
INFO: [ view_filter ] --START--
INFO: Run Behavior\WriteHtmlCacheBehavior [ RunTime:0.000321s ]
INFO: [ view_filter ] --END-- [ RunTime:0.000356s ]
INFO: [ app_end ] --START--
INFO: Run Behavior\ShowPageTraceBehavior [ RunTime:0.000587s ]
INFO: [ app_end ] --END-- [ RunTime:0.000624s ]

[ 2017-05-31T09:26:12+08:00 ] 183.14.135.196 /Admin/Resources/add
INFO: [ app_init ] --START--
INFO: Run Behavior\BuildLiteBehavior [ RunTime:0.000016s ]
INFO: [ app_init ] --END-- [ RunTime:0.000369s ]
INFO: [ app_begin ] --START--
INFO: Run Behavior\ReadHtmlCacheBehavior [ RunTime:0.000600s ]
INFO: [ app_begin ] --END-- [ RunTime:0.000645s ]
SQL: SHOW COLUMNS FROM `tb_resourcestype` [ RunTime:0.001619s ]
SQL: SELECT * FROM `tb_resourcestype`  [ RunTime:0.001227s ]
INFO: [ view_parse ] --START--
INFO: [ template_filter ] --START--
INFO: Run Behavior\ContentReplaceBehavior [ RunTime:0.000056s ]
INFO: [ template_filter ] --END-- [ RunTime:0.000126s ]
INFO: Run Behavior\ParseTemplateBehavior [ RunTime:0.055540s ]
INFO: [ view_parse ] --END-- [ RunTime:0.055624s ]
INFO: [ view_filter ] --START--
INFO: Run Behavior\WriteHtmlCacheBehavior [ RunTime:0.000288s ]
INFO: [ view_filter ] --END-- [ RunTime:0.000322s ]
INFO: [ app_end ] --START--
INFO: Run Behavior\ShowPageTraceBehavior [ RunTime:0.000797s ]
INFO: [ app_end ] --END-- [ RunTime:0.000870s ]

[ 2017-05-31T09:26:39+08:00 ] 183.14.135.196 /Admin/Resources/add
INFO: [ app_init ] --START--
INFO: Run Behavior\BuildLiteBehavior [ RunTime:0.000015s ]
INFO: [ app_init ] --END-- [ RunTime:0.000389s ]
INFO: [ app_begin ] --START--
INFO: Run Behavior\ReadHtmlCacheBehavior [ RunTime:0.000584s ]
INFO: [ app_begin ] --END-- [ RunTime:0.000632s ]
SQL: SHOW COLUMNS FROM `tb_resources` [ RunTime:0.002149s ]
SQL: INSERT INTO `tb_resources` (`resourcestypeid`,`name`,`url`,`resourcespw`,`ispublic`,`resourcesdate`) VALUES (2,'RESTful API ËÆæËÆ°ÊåáÂçó','http://www.ruanyifeng.com/blog/2014/05/restful_api.html','','1','2017-05-31 09:26:39') [ RunTime:0.003674s ]
INFO: [ view_parse ] --START--
INFO: [ template_filter ] --START--
INFO: Run Behavior\ContentReplaceBehavior [ RunTime:0.000027s ]
INFO: [ template_filter ] --END-- [ RunTime:0.000070s ]
INFO: Run Behavior\ParseTemplateBehavior [ RunTime:0.005695s ]
INFO: [ view_parse ] --END-- [ RunTime:0.005746s ]
INFO: [ view_filter ] --START--
INFO: Run Behavior\WriteHtmlCacheBehavior [ RunTime:0.000252s ]
INFO: [ view_filter ] --END-- [ RunTime:0.000282s ]
INFO: [ app_end ] --START--
INFO: Run Behavior\ShowPageTraceBehavior [ RunTime:0.000559s ]
INFO: [ app_end ] --END-- [ RunTime:0.000603s ]

[ 2017-05-31T09:26:40+08:00 ] 183.14.135.196 /Admin/Resources/select.html
INFO: [ app_init ] --START--
INFO: Run Behavior\BuildLiteBehavior [ RunTime:0.000017s ]
INFO: [ app_init ] --END-- [ RunTime:0.000385s ]
INFO: [ app_begin ] --START--
INFO: Run Behavior\ReadHtmlCacheBehavior [ RunTime:0.000648s ]
INFO: [ app_begin ] --END-- [ RunTime:0.000696s ]
SQL: SHOW COLUMNS FROM tb_resources as r [ RunTime:0.002349s ]
ERR: 1064:You have an error in your SQL syntax; check the manual that corresponds to your MySQL server version for the right syntax to use near 'as r' at line 1
 [ SQLËØ≠Âè• ] : SHOW COLUMNS FROM tb_resources as r
SQL: SELECT COUNT(*) AS tp_count FROM tb_resources as r left join tb_resourcestype as rt on r.resourcestypeid=rt.id  LIMIT 1   [ RunTime:0.001299s ]
SQL: SELECT r.id,r.name,r.url,r.resourcespw,r.resourcesdate,r.ispublic,rt.resourcestypename FROM tb_resources as r left join tb_resourcestype as rt on r.resourcestypeid=rt.id  LIMIT 0,10   [ RunTime:0.001383s ]
SQL: SHOW COLUMNS FROM `tb_resourcestype` [ RunTime:0.001334s ]
SQL: SELECT * FROM `tb_resourcestype`  [ RunTime:0.001085s ]
INFO: [ view_parse ] --START--
INFO: [ template_filter ] --START--
INFO: Run Behavior\ContentReplaceBehavior [ RunTime:0.000062s ]
INFO: [ template_filter ] --END-- [ RunTime:0.000122s ]
INFO: Run Behavior\ParseTemplateBehavior [ RunTime:0.012980s ]
INFO: [ view_parse ] --END-- [ RunTime:0.013028s ]
INFO: [ view_filter ] --START--
INFO: Run Behavior\WriteHtmlCacheBehavior [ RunTime:0.000353s ]
INFO: [ view_filter ] --END-- [ RunTime:0.000388s ]
INFO: [ app_end ] --START--
INFO: Run Behavior\ShowPageTraceBehavior [ RunTime:0.000696s ]
INFO: [ app_end ] --END-- [ RunTime:0.000745s ]

[ 2017-05-31T09:27:11+08:00 ] 183.14.135.196 /Admin/Resources/search
INFO: [ app_init ] --START--
INFO: Run Behavior\BuildLiteBehavior [ RunTime:0.000019s ]
INFO: [ app_init ] --END-- [ RunTime:0.000444s ]
INFO: [ app_begin ] --START--
INFO: Run Behavior\ReadHtmlCacheBehavior [ RunTime:0.000568s ]
INFO: [ app_begin ] --END-- [ RunTime:0.000615s ]
SQL: SHOW COLUMNS FROM tb_resources as r [ RunTime:0.001327s ]
ERR: 1064:You have an error in your SQL syntax; check the manual that corresponds to your MySQL server version for the right syntax to use near 'as r' at line 1
 [ SQLËØ≠Âè• ] : SHOW COLUMNS FROM tb_resources as r
SQL: SELECT r.id,r.name,r.url,r.resourcespw,r.resourcesdate,r.ispublic,rt.resourcestypename FROM tb_resources as r left join tb_resourcestype as rt on r.resourcestypeid=rt.id  WHERE ( r.name LIKE '%API%' )  [ RunTime:0.001405s ]
SQL: SHOW COLUMNS FROM `tb_resourcestype` [ RunTime:0.001492s ]
SQL: SELECT * FROM `tb_resourcestype`  [ RunTime:0.001195s ]
INFO: [ view_parse ] --START--
INFO: [ template_filter ] --START--
INFO: Run Behavior\ContentReplaceBehavior [ RunTime:0.000069s ]
INFO: [ template_filter ] --END-- [ RunTime:0.000120s ]
NOTIC: [8] Undefined variable: page /data/home/bxu2442410262/htdocs/Application/Runtime/Cache/Admin/bd41875d39a622ae06b9b4258cf12abf.php Á¨¨ 210 Ë°å.
INFO: Run Behavior\ParseTemplateBehavior [ RunTime:0.014818s ]
INFO: [ view_parse ] --END-- [ RunTime:0.014862s ]
INFO: [ view_filter ] --START--
INFO: Run Behavior\WriteHtmlCacheBehavior [ RunTime:0.000360s ]
INFO: [ view_filter ] --END-- [ RunTime:0.000398s ]
INFO: [ app_end ] --START--
INFO: Run Behavior\ShowPageTraceBehavior [ RunTime:0.000541s ]
INFO: [ app_end ] --END-- [ RunTime:0.000608s ]

[ 2017-05-31T09:29:24+08:00 ] 183.14.135.196 /Admin/Article/select.html
INFO: [ app_init ] --START--
INFO: Run Behavior\BuildLiteBehavior [ RunTime:0.000017s ]
INFO: [ app_init ] --END-- [ RunTime:0.000396s ]
INFO: [ app_begin ] --START--
INFO: Run Behavior\ReadHtmlCacheBehavior [ RunTime:0.000587s ]
INFO: [ app_begin ] --END-- [ RunTime:0.000663s ]
SQL: SHOW COLUMNS FROM `tb_article` [ RunTime:0.001819s ]
SQL: SELECT COUNT(*) AS tp_count FROM `tb_article` LIMIT 1   [ RunTime:0.001194s ]
SQL: SELECT * FROM `tb_article` ORDER BY articletime desc LIMIT 0,7   [ RunTime:0.008573s ]
INFO: [ view_parse ] --START--
INFO: [ template_filter ] --START--
INFO: Run Behavior\ContentReplaceBehavior [ RunTime:0.000077s ]
INFO: [ template_filter ] --END-- [ RunTime:0.000147s ]
INFO: Run Behavior\ParseTemplateBehavior [ RunTime:0.026985s ]
INFO: [ view_parse ] --END-- [ RunTime:0.027056s ]
INFO: [ view_filter ] --START--
INFO: Run Behavior\WriteHtmlCacheBehavior [ RunTime:0.000329s ]
INFO: [ view_filter ] --END-- [ RunTime:0.000366s ]
INFO: [ app_end ] --START--
INFO: Run Behavior\ShowPageTraceBehavior [ RunTime:0.000585s ]
INFO: [ app_end ] --END-- [ RunTime:0.000632s ]

[ 2017-05-31T09:29:29+08:00 ] 183.14.135.196 /Admin/Article/add
INFO: [ app_init ] --START--
INFO: Run Behavior\BuildLiteBehavior [ RunTime:0.000021s ]
INFO: [ app_init ] --END-- [ RunTime:0.000398s ]
INFO: [ app_begin ] --START--
INFO: Run Behavior\ReadHtmlCacheBehavior [ RunTime:0.000649s ]
INFO: [ app_begin ] --END-- [ RunTime:0.000695s ]
SQL: SHOW COLUMNS FROM `tb_tag` [ RunTime:0.001765s ]
SQL: SELECT * FROM `tb_tag`  [ RunTime:0.001233s ]
SQL: SHOW COLUMNS FROM `tb_img` [ RunTime:0.001644s ]
SQL: SELECT * FROM `tb_img`  [ RunTime:0.001461s ]
INFO: [ view_parse ] --START--
INFO: [ template_filter ] --START--
INFO: Run Behavior\ContentReplaceBehavior [ RunTime:0.000069s ]
INFO: [ template_filter ] --END-- [ RunTime:0.000118s ]
INFO: Run Behavior\ParseTemplateBehavior [ RunTime:0.028872s ]
INFO: [ view_parse ] --END-- [ RunTime:0.028931s ]
INFO: [ view_filter ] --START--
INFO: Run Behavior\WriteHtmlCacheBehavior [ RunTime:0.000306s ]
INFO: [ view_filter ] --END-- [ RunTime:0.000342s ]
INFO: [ app_end ] --START--
INFO: Run Behavior\ShowPageTraceBehavior [ RunTime:0.000537s ]
INFO: [ app_end ] --END-- [ RunTime:0.000579s ]

[ 2017-05-31T09:30:39+08:00 ] 183.14.135.196 /Admin/Article/add
INFO: [ app_init ] --START--
INFO: Run Behavior\BuildLiteBehavior [ RunTime:0.000018s ]
INFO: [ app_init ] --END-- [ RunTime:0.000396s ]
INFO: [ app_begin ] --START--
INFO: Run Behavior\ReadHtmlCacheBehavior [ RunTime:0.000567s ]
INFO: [ app_begin ] --END-- [ RunTime:0.000615s ]
SQL: SHOW COLUMNS FROM `tb_article` [ RunTime:0.002001s ]
SQL: INSERT INTO `tb_article` (`articletitle`,`description`,`ispublic`,`articletime`,`articlecontent`,`titlepic`) VALUES ('ÂÖ≥‰∫éUbuntu16.04‰∏çËÉΩÂÆâË£Ölibapache2-mod-php5','ÂÖ≥‰∫éUbuntu16.04‰∏çËÉΩÂÆâË£Ölibapache2-mod-php5','0','2017-05-31 09:30:39','&lt;p&gt;ubuntu16.04Â∑≤ÁªèÈÄâÊã©PHP7.0‰Ωú‰∏∫Êñ∞ÁöÑÂü∫Á°ÄÂåÖ‰∫ÜÔºåÊâÄ‰ª•‰∏çËÉΩÂÜçUbuntu16.04‰∏äÂÆâË£ÖPHP5ÔºåÂ¶ÇÊûúÁ°¨Ë¶ÅÂÆâË£ÖÔºåÂàô‰ºöÂá∫Áé∞‰æùËµñÈóÆÈ¢òÔºåËÄå‰∏î‰∏ÄËà¨Êó†Ê≥ïËß£ÂÜ≥Ôºö&lt;br/&gt;&lt;br/&gt;&lt;br/&gt;ÊØîÂ¶ÇÔºåUbuntu16.04‰∏äÁöÑËΩØ‰ª∂ÈúÄË¶ÅÁöÑÊòØ‰∏Ä‰∏™ËæÉÈ´òÁâàÊú¨ÁöÑÂ∫ìÔºåËÄåPHP5ÈúÄË¶ÅÁöÑÊòØ‰∏Ä‰∏™ËæÉ‰ΩéÁâàÊú¨ÁöÑÂ∫ìÔºåÁ≥ªÁªü‰ºöÊèêÁ§∫Ôºölibapache2-mod-php5‰æùËµñ‰∫éÊüêÊüêÂ∫ìÔºå‰ΩÜËØ•Â∫ì‰∏çËÉΩË¢´ÂÆâË£Ö„ÄÇÂõ†‰∏∫php5Âü∫‰∫éËæÉ‰ΩéÁâàÊú¨ÁöÑÂ∫ìÊñá‰ª∂ÔºåÂ¶ÇÊûúÂÆâË£ÖÁöÑËØùÊúâÂÖ∂‰ªñËΩØ‰ª∂Â∞Ü‰∏çËÉΩËøêË°å„Ä\Ç&lt;br/&gt;&lt;br/&gt;&lt;br/&gt;ÊïÖÔºåÊé®ËçêÂÆâË£ÖPHP7.0ÔºåÂπ∂‰∏îÁî®‚Äúlibapache2-mod-php‚Äù‰ª£Êõø‚Äúlibapache2-mod-php5‚Äù„Ä\Ç&lt;br/&gt;&lt;br/&gt;&lt;br/&gt;ÊúÄÂêéÔºåÂ¶ÇÊûúÈòÅ‰∏ãÈùûË¶Å‰ΩøÁî®PHP5ÔºåÈÇ£Â∞±Âè™Â•ΩÂõûÂà∞Ubuntu14.04LTCÔºàÊé®ËçêÔºâ‰∫ÜÔºÅ&lt;/p&gt;','2017-05-01/149357249859061b923bdd2.png') [ RunTime:0.004844s ]
SQL: SHOW COLUMNS FROM `tb_article_tag` [ RunTime:0.001906s ]
SQL: INSERT INTO `tb_article_tag` (`articleid`,`tagid`) VALUES (23,2) [ RunTime:0.003695s ]
SQL: INSERT INTO `tb_article_tag` (`articleid`,`tagid`) VALUES (23,3) [ RunTime:0.003699s ]
INFO: [ view_parse ] --START--
INFO: [ template_filter ] --START--
INFO: Run Behavior\ContentReplaceBehavior [ RunTime:0.000031s ]
INFO: [ template_filter ] --END-- [ RunTime:0.000075s ]
INFO: Run Behavior\ParseTemplateBehavior [ RunTime:0.005963s ]
INFO: [ view_parse ] --END-- [ RunTime:0.006031s ]
INFO: [ view_filter ] --START--
INFO: Run Behavior\WriteHtmlCacheBehavior [ RunTime:0.000246s ]
INFO: [ view_filter ] --END-- [ RunTime:0.000278s ]
INFO: [ app_end ] --START--
INFO: Run Behavior\ShowPageTraceBehavior [ RunTime:0.000534s ]
INFO: [ app_end ] --END-- [ RunTime:0.000578s ]

[ 2017-05-31T09:30:41+08:00 ] 183.14.135.196 /Admin/Article/select.html
INFO: [ app_init ] --START--
INFO: Run Behavior\BuildLiteBehavior [ RunTime:0.000018s ]
INFO: [ app_init ] --END-- [ RunTime:0.000376s ]
INFO: [ app_begin ] --START--
INFO: Run Behavior\ReadHtmlCacheBehavior [ RunTime:0.000708s ]
INFO: [ app_begin ] --END-- [ RunTime:0.000756s ]
SQL: SHOW COLUMNS FROM `tb_article` [ RunTime:0.001912s ]
SQL: SELECT COUNT(*) AS tp_count FROM `tb_article` LIMIT 1   [ RunTime:0.001685s ]
SQL: SELECT * FROM `tb_article` ORDER BY articletime desc LIMIT 0,7   [ RunTime:0.009832s ]
INFO: [ view_parse ] --START--
INFO: [ template_filter ] --START--
INFO: Run Behavior\ContentReplaceBehavior [ RunTime:0.000053s ]
INFO: [ template_filter ] --END-- [ RunTime:0.000102s ]
INFO: Run Behavior\ParseTemplateBehavior [ RunTime:0.011130s ]
INFO: [ view_parse ] --END-- [ RunTime:0.011178s ]
INFO: [ view_filter ] --START--
INFO: Run Behavior\WriteHtmlCacheBehavior [ RunTime:0.000301s ]
INFO: [ view_filter ] --END-- [ RunTime:0.000334s ]
INFO: [ app_end ] --START--
INFO: Run Behavior\ShowPageTraceBehavior [ RunTime:0.000586s ]
INFO: [ app_end ] --END-- [ RunTime:0.000630s ]

[ 2017-05-31T09:31:28+08:00 ] 183.14.135.196 /Admin/Article/add
INFO: [ app_init ] --START--
INFO: Run Behavior\BuildLiteBehavior [ RunTime:0.000016s ]
INFO: [ app_init ] --END-- [ RunTime:0.000366s ]
INFO: [ app_begin ] --START--
INFO: Run Behavior\ReadHtmlCacheBehavior [ RunTime:0.000561s ]
INFO: [ app_begin ] --END-- [ RunTime:0.000627s ]
SQL: SHOW COLUMNS FROM `tb_tag` [ RunTime:0.001861s ]
SQL: SELECT * FROM `tb_tag`  [ RunTime:0.001396s ]
SQL: SHOW COLUMNS FROM `tb_img` [ RunTime:0.001606s ]
SQL: SELECT * FROM `tb_img`  [ RunTime:0.001357s ]
INFO: [ view_parse ] --START--
INFO: [ template_filter ] --START--
INFO: Run Behavior\ContentReplaceBehavior [ RunTime:0.000063s ]
INFO: [ template_filter ] --END-- [ RunTime:0.000103s ]
INFO: Run Behavior\ParseTemplateBehavior [ RunTime:0.013477s ]
INFO: [ view_parse ] --END-- [ RunTime:0.013521s ]
INFO: [ view_filter ] --START--
INFO: Run Behavior\WriteHtmlCacheBehavior [ RunTime:0.000253s ]
INFO: [ view_filter ] --END-- [ RunTime:0.000286s ]
INFO: [ app_end ] --START--
INFO: Run Behavior\ShowPageTraceBehavior [ RunTime:0.000515s ]
INFO: [ app_end ] --END-- [ RunTime:0.000557s ]

[ 2017-05-31T09:32:09+08:00 ] 183.14.135.196 /Admin/Article/add
INFO: [ app_init ] --START--
INFO: Run Behavior\BuildLiteBehavior [ RunTime:0.000017s ]
INFO: [ app_init ] --END-- [ RunTime:0.000389s ]
INFO: [ app_begin ] --START--
INFO: Run Behavior\ReadHtmlCacheBehavior [ RunTime:0.000621s ]
INFO: [ app_begin ] --END-- [ RunTime:0.000681s ]
SQL: SHOW COLUMNS FROM `tb_article` [ RunTime:0.001584s ]
SQL: INSERT INTO `tb_article` (`articletitle`,`description`,`ispublic`,`articletime`,`articlecontent`,`titlepic`) VALUES ('ubuntu‰∏≠ÂÆâË£ÖÂíåÂç∏ËΩΩapache2','ubuntu‰∏≠ÂÆâË£ÖÂíåÂç∏ËΩΩapache2','0','2017-05-31 09:32:09','&lt;p&gt;1.ÂÆâË£Öapache2&lt;br/&gt;&lt;br/&gt;ÂÆâË£ÖÂëΩ‰ª§Ôºösudo apt-get install apache2&lt;br/&gt;&lt;br/&gt;ÂêØÂä®/ÂÅúÊ≠¢/ÈáçÂêØapache2: service apache2 start/stop/restart&lt;br/&gt;&lt;br/&gt;&lt;br/&gt;2. Âç∏ËΩΩapache2&lt;br/&gt;&lt;br/&gt;‰πãÂâçÂç∏ËΩΩÈáçÊñ∞ÂÆâË£ÖÂêéÊâæ‰∏çÂà∞apache2.confÈÖçÁΩÆÊñá‰ª∂ÔºåÊµãËØï‰ΩøÁî®‰∏Ä‰∏ãÊñπÂºèÂç∏ËΩΩÂêéÂèØÁî®„Ä\Ç&lt;br/&gt;(1)&amp;nbsp; $ sudo apt-get --purge remove apache2&lt;br/&gt;&amp;nbsp;&amp;nbsp;&amp;nbsp;&amp;nbsp;&amp;nbsp;&amp;nbsp; $ sudo apt-get --purge remove apache2.2-common&lt;br/&gt;&amp;nbsp;&amp;nbsp;&amp;nbsp;&amp;nbsp;&amp;nbsp;&amp;nbsp; $ sudo apt-get autoremove&lt;br/&gt;&lt;br/&gt;(2) ÔºàÂÖ≥ÈîÆ‰∏ÄÊ≠•ÔºâÊâæÂà∞Ê≤°ÊúâÂà†Èô§ÊéâÁöÑÈÖçÁΩÆÊñá‰ª∂Ôºå‰∏ÄÂπ∂Âà†Èô\§&lt;br/&gt;&amp;nbsp;&amp;nbsp;&amp;nbsp;&amp;nbsp;&amp;nbsp;&amp;nbsp; $ sudo find&amp;nbsp; /etc -name &amp;quot;*apache*&amp;quot; -exec&amp;nbsp; rm -rf {} \\;&lt;br/&gt;&amp;nbsp;&amp;nbsp;&amp;nbsp;&amp;nbsp;&amp;nbsp;&amp;nbsp; $ sudo rm -rf /var/www&lt;/p&gt;','2017-05-01/149357249859061b923bdd2.png') [ RunTime:0.007495s ]
SQL: SHOW COLUMNS FROM `tb_article_tag` [ RunTime:0.001439s ]
SQL: INSERT INTO `tb_article_tag` (`articleid`,`tagid`) VALUES (24,2) [ RunTime:0.008319s ]
INFO: [ view_parse ] --START--
INFO: [ template_filter ] --START--
INFO: Run Behavior\ContentReplaceBehavior [ RunTime:0.000031s ]
INFO: [ template_filter ] --END-- [ RunTime:0.000074s ]
INFO: Run Behavior\ParseTemplateBehavior [ RunTime:0.005688s ]
INFO: [ view_parse ] --END-- [ RunTime:0.005769s ]
INFO: [ view_filter ] --START--
INFO: Run Behavior\WriteHtmlCacheBehavior [ RunTime:0.000244s ]
INFO: [ view_filter ] --END-- [ RunTime:0.000280s ]
INFO: [ app_end ] --START--
INFO: Run Behavior\ShowPageTraceBehavior [ RunTime:0.000742s ]
INFO: [ app_end ] --END-- [ RunTime:0.000787s ]

[ 2017-05-31T09:32:10+08:00 ] 183.14.135.196 /Admin/Article/select.html
INFO: [ app_init ] --START--
INFO: Run Behavior\BuildLiteBehavior [ RunTime:0.000021s ]
INFO: [ app_init ] --END-- [ RunTime:0.000422s ]
INFO: [ app_begin ] --START--
INFO: Run Behavior\ReadHtmlCacheBehavior [ RunTime:0.000618s ]
INFO: [ app_begin ] --END-- [ RunTime:0.000663s ]
SQL: SHOW COLUMNS FROM `tb_article` [ RunTime:0.001623s ]
SQL: SELECT COUNT(*) AS tp_count FROM `tb_article` LIMIT 1   [ RunTime:0.001402s ]
SQL: SELECT * FROM `tb_article` ORDER BY articletime desc LIMIT 0,7   [ RunTime:0.007570s ]
INFO: [ view_parse ] --START--
INFO: [ template_filter ] --START--
INFO: Run Behavior\ContentReplaceBehavior [ RunTime:0.000054s ]
INFO: [ template_filter ] --END-- [ RunTime:0.000110s ]
INFO: Run Behavior\ParseTemplateBehavior [ RunTime:0.010743s ]
INFO: [ view_parse ] --END-- [ RunTime:0.010791s ]
INFO: [ view_filter ] --START--
INFO: Run Behavior\WriteHtmlCacheBehavior [ RunTime:0.000247s ]
INFO: [ view_filter ] --END-- [ RunTime:0.000280s ]
INFO: [ app_end ] --START--
INFO: Run Behavior\ShowPageTraceBehavior [ RunTime:0.000530s ]
INFO: [ app_end ] --END-- [ RunTime:0.000575s ]

[ 2017-05-31T09:44:38+08:00 ] 220.181.108.149 /
INFO: [ app_init ] --START--
INFO: Run Behavior\BuildLiteBehavior [ RunTime:0.000018s ]
INFO: [ app_init ] --END-- [ RunTime:0.000376s ]
INFO: [ app_begin ] --START--
INFO: Run Behavior\ReadHtmlCacheBehavior [ RunTime:0.000460s ]
INFO: [ app_begin ] --END-- [ RunTime:0.000508s ]
SQL: SHOW COLUMNS FROM `tb_article` [ RunTime:0.002090s ]
SQL: SHOW COLUMNS FROM `tb_visitors` [ RunTime:0.011885s ]
SQL: INSERT INTO `tb_visitors` (`ip`,`ipdate`,`address`) VALUES ('220.181.108.149','2017-05-31 09:44:38','‰∏≠ÂõΩÂåó‰∫¨Â∏ÇÂåó‰∫¨Â∏Ç') [ RunTime:0.004228s ]
SQL: SELECT COUNT(*) AS tp_count FROM `tb_article` LIMIT 1   [ RunTime:0.002015s ]
SQL: SELECT * FROM `tb_article` WHERE ( `ispublic` = '0' ) ORDER BY articletime desc LIMIT 0,7   [ RunTime:0.010749s ]
SQL: SHOW COLUMNS FROM tb_article_tag as at [ RunTime:0.001876s ]
ERR: 1064:You have an error in your SQL syntax; check the manual that corresponds to your MySQL server version for the right syntax to use near 'as at' at line 1
 [ SQLËØ≠Âè• ] : SHOW COLUMNS FROM tb_article_tag as at
SQL: SELECT * FROM tb_article_tag as at INNER JOIN tb_tag as t on at.tagid=t.id   [ RunTime:0.002584s ]
SQL: SHOW COLUMNS FROM `tb_article` [ RunTime:0.001831s ]
SQL: SELECT * FROM `tb_article` ORDER BY views desc  [ RunTime:0.007149s ]
SQL: SELECT * FROM `tb_article` ORDER BY articletime desc  [ RunTime:0.005025s ]
SQL: SHOW COLUMNS FROM `tb_friendlylink` [ RunTime:0.001801s ]
SQL: SELECT * FROM `tb_friendlylink`  [ RunTime:0.001680s ]
SQL: SHOW COLUMNS FROM `tb_tag` [ RunTime:0.001652s ]
SQL: SELECT * FROM `tb_tag`  [ RunTime:0.001567s ]
SQL: SELECT COUNT(distinct(ip)) AS tp_count FROM `tb_visitors` WHERE ( `ip` = 'ip' ) LIMIT 1   [ RunTime:0.001780s ]
NOTIC: [8] Undefined index: www.zxdphp.site /data/home/bxu2442410262/htdocs/Application/Home/Controller/IndexController.class.php Á¨¨ 111 Ë°å.
INFO: [ view_parse ] --START--
INFO: [ template_filter ] --START--
INFO: Run Behavior\ContentReplaceBehavior [ RunTime:0.000060s ]
INFO: [ template_filter ] --END-- [ RunTime:0.000110s ]
NOTIC: [8] Undefined variable: data /data/home/bxu2442410262/htdocs/Application/Runtime/Cache/Home/2a94b8bda04ff446dcedd42276fc99ee.php Á¨¨ 172 Ë°å.
NOTIC: [8] Undefined variable: data /data/home/bxu2442410262/htdocs/Application/Runtime/Cache/Home/2a94b8bda04ff446dcedd42276fc99ee.php Á¨¨ 174 Ë°å.
INFO: Run Behavior\ParseTemplateBehavior [ RunTime:0.018885s ]
INFO: [ view_parse ] --END-- [ RunTime:0.018942s ]
INFO: [ view_filter ] --START--
INFO: Run Behavior\WriteHtmlCacheBehavior [ RunTime:0.000263s ]
INFO: [ view_filter ] --END-- [ RunTime:0.000303s ]
INFO: [ app_end ] --START--
INFO: Run Behavior\ShowPageTraceBehavior [ RunTime:0.000777s ]
INFO: [ app_end ] --END-- [ RunTime:0.000839s ]

[ 2017-05-31T09:51:46+08:00 ] 183.14.135.196 /Admin/Article/add
INFO: [ app_init ] --START--
INFO: Run Behavior\BuildLiteBehavior [ RunTime:0.000016s ]
INFO: [ app_init ] --END-- [ RunTime:0.000373s ]
INFO: [ app_begin ] --START--
INFO: Run Behavior\ReadHtmlCacheBehavior [ RunTime:0.000629s ]
INFO: [ app_begin ] --END-- [ RunTime:0.000676s ]
SQL: SHOW COLUMNS FROM `tb_tag` [ RunTime:0.001654s ]
SQL: SELECT * FROM `tb_tag`  [ RunTime:0.002274s ]
SQL: SHOW COLUMNS FROM `tb_img` [ RunTime:0.001730s ]
SQL: SELECT * FROM `tb_img`  [ RunTime:0.001361s ]
INFO: [ view_parse ] --START--
INFO: [ template_filter ] --START--
INFO: Run Behavior\ContentReplaceBehavior [ RunTime:0.000076s ]
INFO: [ template_filter ] --END-- [ RunTime:0.000143s ]
INFO: Run Behavior\ParseTemplateBehavior [ RunTime:0.016389s ]
INFO: [ view_parse ] --END-- [ RunTime:0.016438s ]
INFO: [ view_filter ] --START--
INFO: Run Behavior\WriteHtmlCacheBehavior [ RunTime:0.000270s ]
INFO: [ view_filter ] --END-- [ RunTime:0.000304s ]
INFO: [ app_end ] --START--
INFO: Run Behavior\ShowPageTraceBehavior [ RunTime:0.000554s ]
INFO: [ app_end ] --END-- [ RunTime:0.000592s ]

[ 2017-05-31T09:54:14+08:00 ] 183.14.135.196 /Admin/Article/add
INFO: [ app_init ] --START--
INFO: Run Behavior\BuildLiteBehavior [ RunTime:0.000021s ]
INFO: [ app_init ] --END-- [ RunTime:0.000443s ]
INFO: [ app_begin ] --START--
INFO: Run Behavior\ReadHtmlCacheBehavior [ RunTime:0.000591s ]
INFO: [ app_begin ] --END-- [ RunTime:0.000639s ]
SQL: SHOW COLUMNS FROM `tb_article` [ RunTime:0.001811s ]
SQL: INSERT INTO `tb_article` (`articletitle`,`description`,`ispublic`,`articletime`,`articlecontent`,`titlepic`) VALUES ('Ubuntu‰∏≠ÂÆâË£ÖApcuÈóÆÈ¢ò','Ubuntu‰∏≠ÂÆâË£ÖApcuÈóÆÈ¢ò','0','2017-05-31 09:54:14','&lt;p&gt;ÂëΩ‰ª§Ë°åÂÆâË£ÖÊòØÂÆâË£Ö‰∏ç‰∫ÜÔºåÈúÄË¶ÅÂà∞phpÊâ©Â±ïÂ∫ìÊâæÊ∫êÁ†ÅÂåÖÔºåÁºñËØëÂÆâË£ÖÊâçÂèØË°å„Ä\Ç&lt;br/&gt;&lt;/p&gt;','2017-05-01/149357249859061b923bdd2.png') [ RunTime:0.003563s ]
SQL: SHOW COLUMNS FROM `tb_article_tag` [ RunTime:0.001469s ]
SQL: INSERT INTO `tb_article_tag` (`articleid`,`tagid`) VALUES (25,2) [ RunTime:0.004281s ]
INFO: [ view_parse ] --START--
INFO: [ template_filter ] --START--
INFO: Run Behavior\ContentReplaceBehavior [ RunTime:0.000029s ]
INFO: [ template_filter ] --END-- [ RunTime:0.000071s ]
INFO: Run Behavior\ParseTemplateBehavior [ RunTime:0.005827s ]
INFO: [ view_parse ] --END-- [ RunTime:0.005897s ]
INFO: [ view_filter ] --START--
INFO: Run Behavior\WriteHtmlCacheBehavior [ RunTime:0.000351s ]
INFO: [ view_filter ] --END-- [ RunTime:0.000385s ]
INFO: [ app_end ] --START--
INFO: Run Behavior\ShowPageTraceBehavior [ RunTime:0.000701s ]
INFO: [ app_end ] --END-- [ RunTime:0.000754s ]

[ 2017-05-31T09:54:15+08:00 ] 183.14.135.196 /Admin/Article/select.html
INFO: [ app_init ] --START--
INFO: Run Behavior\BuildLiteBehavior [ RunTime:0.000016s ]
INFO: [ app_init ] --END-- [ RunTime:0.000366s ]
INFO: [ app_begin ] --START--
INFO: Run Behavior\ReadHtmlCacheBehavior [ RunTime:0.000590s ]
INFO: [ app_begin ] --END-- [ RunTime:0.000637s ]
SQL: SHOW COLUMNS FROM `tb_article` [ RunTime:0.001932s ]
SQL: SELECT COUNT(*) AS tp_count FROM `tb_article` LIMIT 1   [ RunTime:0.001814s ]
SQL: SELECT * FROM `tb_article` ORDER BY articletime desc LIMIT 0,7   [ RunTime:0.007532s ]
INFO: [ view_parse ] --START--
INFO: [ template_filter ] --START--
INFO: Run Behavior\ContentReplaceBehavior [ RunTime:0.000066s ]
INFO: [ template_filter ] --END-- [ RunTime:0.000156s ]
INFO: Run Behavior\ParseTemplateBehavior [ RunTime:0.012049s ]
INFO: [ view_parse ] --END-- [ RunTime:0.012135s ]
INFO: [ view_filter ] --START--
INFO: Run Behavior\WriteHtmlCacheBehavior [ RunTime:0.000291s ]
INFO: [ view_filter ] --END-- [ RunTime:0.000325s ]
INFO: [ app_end ] --START--
INFO: Run Behavior\ShowPageTraceBehavior [ RunTime:0.000552s ]
INFO: [ app_end ] --END-- [ RunTime:0.000595s ]

[ 2017-05-31T11:19:39+08:00 ] 183.14.135.196 /Admin/Tag/select.html
INFO: [ app_init ] --START--
INFO: Run Behavior\BuildLiteBehavior [ RunTime:0.000023s ]
INFO: [ app_init ] --END-- [ RunTime:0.000475s ]
INFO: [ app_begin ] --START--
INFO: Run Behavior\ReadHtmlCacheBehavior [ RunTime:0.000639s ]
INFO: [ app_begin ] --END-- [ RunTime:0.000685s ]
SQL: SHOW COLUMNS FROM `tb_tag` [ RunTime:0.002005s ]
SQL: SELECT COUNT(*) AS tp_count FROM `tb_tag` LIMIT 1   [ RunTime:0.001746s ]
SQL: SELECT * FROM `tb_tag` LIMIT 0,8   [ RunTime:0.001559s ]
INFO: [ view_parse ] --START--
INFO: [ template_filter ] --START--
INFO: Run Behavior\ContentReplaceBehavior [ RunTime:0.000061s ]
INFO: [ template_filter ] --END-- [ RunTime:0.000113s ]
INFO: Run Behavior\ParseTemplateBehavior [ RunTime:0.074208s ]
INFO: [ view_parse ] --END-- [ RunTime:0.074255s ]
INFO: [ view_filter ] --START--
INFO: Run Behavior\WriteHtmlCacheBehavior [ RunTime:0.000286s ]
INFO: [ view_filter ] --END-- [ RunTime:0.000321s ]
INFO: [ app_end ] --START--
INFO: Run Behavior\ShowPageTraceBehavior [ RunTime:0.000569s ]
INFO: [ app_end ] --END-- [ RunTime:0.000622s ]

[ 2017-05-31T11:19:42+08:00 ] 183.14.135.196 /Admin/Tag/add
INFO: [ app_init ] --START--
INFO: Run Behavior\BuildLiteBehavior [ RunTime:0.000015s ]
INFO: [ app_init ] --END-- [ RunTime:0.000396s ]
INFO: [ app_begin ] --START--
INFO: Run Behavior\ReadHtmlCacheBehavior [ RunTime:0.000631s ]
INFO: [ app_begin ] --END-- [ RunTime:0.000678s ]
INFO: [ view_parse ] --START--
INFO: [ template_filter ] --START--
INFO: Run Behavior\ContentReplaceBehavior [ RunTime:0.000038s ]
INFO: [ template_filter ] --END-- [ RunTime:0.000082s ]
INFO: Run Behavior\ParseTemplateBehavior [ RunTime:0.045748s ]
INFO: [ view_parse ] --END-- [ RunTime:0.045840s ]
INFO: [ view_filter ] --START--
INFO: Run Behavior\WriteHtmlCacheBehavior [ RunTime:0.000289s ]
INFO: [ view_filter ] --END-- [ RunTime:0.000323s ]
INFO: [ app_end ] --START--
INFO: Run Behavior\ShowPageTraceBehavior [ RunTime:0.000562s ]
INFO: [ app_end ] --END-- [ RunTime:0.000607s ]

[ 2017-05-31T11:19:52+08:00 ] 183.14.135.196 /Admin/Tag/add
INFO: [ app_init ] --START--
INFO: Run Behavior\BuildLiteBehavior [ RunTime:0.000019s ]
INFO: [ app_init ] --END-- [ RunTime:0.000381s ]
INFO: [ app_begin ] --START--
INFO: Run Behavior\ReadHtmlCacheBehavior [ RunTime:0.000603s ]
INFO: [ app_begin ] --END-- [ RunTime:0.000685s ]
SQL: SHOW COLUMNS FROM `tb_tag` [ RunTime:0.001969s ]
SQL: INSERT INTO `tb_tag` (`name`) VALUES ('Vim') [ RunTime:0.004086s ]
INFO: [ view_parse ] --START--
INFO: [ template_filter ] --START--
INFO: Run Behavior\ContentReplaceBehavior [ RunTime:0.000032s ]
INFO: [ template_filter ] --END-- [ RunTime:0.000076s ]
INFO: Run Behavior\ParseTemplateBehavior [ RunTime:0.005851s ]
INFO: [ view_parse ] --END-- [ RunTime:0.005902s ]
INFO: [ view_filter ] --START--
INFO: Run Behavior\WriteHtmlCacheBehavior [ RunTime:0.000295s ]
INFO: [ view_filter ] --END-- [ RunTime:0.000328s ]
INFO: [ app_end ] --START--
INFO: Run Behavior\ShowPageTraceBehavior [ RunTime:0.000559s ]
INFO: [ app_end ] --END-- [ RunTime:0.000621s ]

[ 2017-05-31T11:19:53+08:00 ] 183.14.135.196 /Admin/Tag/select.html
INFO: [ app_init ] --START--
INFO: Run Behavior\BuildLiteBehavior [ RunTime:0.000016s ]
INFO: [ app_init ] --END-- [ RunTime:0.000377s ]
INFO: [ app_begin ] --START--
INFO: Run Behavior\ReadHtmlCacheBehavior [ RunTime:0.000664s ]
INFO: [ app_begin ] --END-- [ RunTime:0.000717s ]
SQL: SHOW COLUMNS FROM `tb_tag` [ RunTime:0.001821s ]
SQL: SELECT COUNT(*) AS tp_count FROM `tb_tag` LIMIT 1   [ RunTime:0.001454s ]
SQL: SELECT * FROM `tb_tag` LIMIT 0,8   [ RunTime:0.001366s ]
INFO: [ view_parse ] --START--
INFO: [ template_filter ] --START--
INFO: Run Behavior\ContentReplaceBehavior [ RunTime:0.000058s ]
INFO: [ template_filter ] --END-- [ RunTime:0.000100s ]
INFO: Run Behavior\ParseTemplateBehavior [ RunTime:0.009726s ]
INFO: [ view_parse ] --END-- [ RunTime:0.009777s ]
INFO: [ view_filter ] --START--
INFO: Run Behavior\WriteHtmlCacheBehavior [ RunTime:0.000280s ]
INFO: [ view_filter ] --END-- [ RunTime:0.000314s ]
INFO: [ app_end ] --START--
INFO: Run Behavior\ShowPageTraceBehavior [ RunTime:0.000518s ]
INFO: [ app_end ] --END-- [ RunTime:0.000607s ]

[ 2017-05-31T11:19:55+08:00 ] 183.14.135.196 /Admin/Article/select.html
INFO: [ app_init ] --START--
INFO: Run Behavior\BuildLiteBehavior [ RunTime:0.000016s ]
INFO: [ app_init ] --END-- [ RunTime:0.000385s ]
INFO: [ app_begin ] --START--
INFO: Run Behavior\ReadHtmlCacheBehavior [ RunTime:0.000603s ]
INFO: [ app_begin ] --END-- [ RunTime:0.000648s ]
SQL: SHOW COLUMNS FROM `tb_article` [ RunTime:0.001878s ]
SQL: SELECT COUNT(*) AS tp_count FROM `tb_article` LIMIT 1   [ RunTime:0.001797s ]
SQL: SELECT * FROM `tb_article` ORDER BY articletime desc LIMIT 0,7   [ RunTime:0.005947s ]
INFO: [ view_parse ] --START--
INFO: [ template_filter ] --START--
INFO: Run Behavior\ContentReplaceBehavior [ RunTime:0.000055s ]
INFO: [ template_filter ] --END-- [ RunTime:0.000101s ]
INFO: Run Behavior\ParseTemplateBehavior [ RunTime:0.010095s ]
INFO: [ view_parse ] --END-- [ RunTime:0.010163s ]
INFO: [ view_filter ] --START--
INFO: Run Behavior\WriteHtmlCacheBehavior [ RunTime:0.000241s ]
INFO: [ view_filter ] --END-- [ RunTime:0.000274s ]
INFO: [ app_end ] --START--
INFO: Run Behavior\ShowPageTraceBehavior [ RunTime:0.000577s ]
INFO: [ app_end ] --END-- [ RunTime:0.000650s ]

[ 2017-05-31T11:19:57+08:00 ] 183.14.135.196 /Admin/Article/add
INFO: [ app_init ] --START--
INFO: Run Behavior\BuildLiteBehavior [ RunTime:0.000016s ]
INFO: [ app_init ] --END-- [ RunTime:0.000378s ]
INFO: [ app_begin ] --START--
INFO: Run Behavior\ReadHtmlCacheBehavior [ RunTime:0.000621s ]
INFO: [ app_begin ] --END-- [ RunTime:0.000669s ]
SQL: SHOW COLUMNS FROM `tb_tag` [ RunTime:0.001446s ]
SQL: SELECT * FROM `tb_tag`  [ RunTime:0.001395s ]
SQL: SHOW COLUMNS FROM `tb_img` [ RunTime:0.001388s ]
SQL: SELECT * FROM `tb_img`  [ RunTime:0.001320s ]
INFO: [ view_parse ] --START--
INFO: [ template_filter ] --START--
INFO: Run Behavior\ContentReplaceBehavior [ RunTime:0.000067s ]
INFO: [ template_filter ] --END-- [ RunTime:0.000120s ]
INFO: Run Behavior\ParseTemplateBehavior [ RunTime:0.013465s ]
INFO: [ view_parse ] --END-- [ RunTime:0.013534s ]
INFO: [ view_filter ] --START--
INFO: Run Behavior\WriteHtmlCacheBehavior [ RunTime:0.000258s ]
INFO: [ view_filter ] --END-- [ RunTime:0.000292s ]
INFO: [ app_end ] --START--
INFO: Run Behavior\ShowPageTraceBehavior [ RunTime:0.000531s ]
INFO: [ app_end ] --END-- [ RunTime:0.000571s ]

[ 2017-05-31T11:22:33+08:00 ] 183.14.135.196 /Admin/Article/add
INFO: [ app_init ] --START--
INFO: Run Behavior\BuildLiteBehavior [ RunTime:0.000027s ]
INFO: [ app_init ] --END-- [ RunTime:0.000497s ]
INFO: [ app_begin ] --START--
INFO: Run Behavior\ReadHtmlCacheBehavior [ RunTime:0.000984s ]
INFO: [ app_begin ] --END-- [ RunTime:0.001056s ]
SQL: SHOW COLUMNS FROM `tb_article` [ RunTime:0.001780s ]
SQL: INSERT INTO `tb_article` (`articletitle`,`description`,`ispublic`,`articletime`,`articlecontent`,`titlepic`) VALUES ('VimÂëΩ‰ª§ËØ¶Ëß£','VimÂëΩ‰ª§ËØ¶Ëß£','0','2017-05-31 11:22:33','&lt;p style=&quot;text-align: left;&quot;&gt;vi: Visual Interface ÂèØËßÜÂåñÊé•Âè\£&lt;br/&gt;vim: VI iMproved VIÂ¢ûÂº∫Áâ\à&lt;br/&gt;&lt;br/&gt;ÂÖ®Â±èÁºñËæëÂô®ÔºåÊ®°ÂºèÂåñÁºñËæëÂô®&lt;br/&gt;&lt;br/&gt;vimÊ®°ÂºèÔº\ö&lt;br/&gt;&lt;br/&gt;&amp;nbsp;&amp;nbsp;&amp;nbsp; ÁºñËæëÊ®°Âºè(ÂëΩ‰ª§Ê®°Âºè)&lt;br/&gt;&amp;nbsp;&amp;nbsp;&amp;nbsp; ËæìÂÖ•Ê®°Âºè&lt;br/&gt;&amp;nbsp;&amp;nbsp;&amp;nbsp; Êú´Ë°åÊ®°Âºè&lt;br/&gt;&lt;br/&gt;Ê®°ÂºèËΩ¨Êç¢Ôº\ö&lt;br/&gt;&lt;br/&gt;ÁºñËæë--&amp;gt;ËæìÂÖ•Ôº\ö&lt;br/&gt;&lt;br/&gt;&amp;nbsp;&amp;nbsp;&amp;nbsp; i: Âú®ÂΩìÂâçÂÖâÊ†áÊâÄÂú®Â≠óÁ¨¶ÁöÑÂâçÈù¢ÔºåËΩ¨‰∏∫ËæìÂÖ•Ê®°ÂºèÔºõ&lt;br/&gt;&lt;br/&gt;&amp;nbsp;&amp;nbsp;&amp;nbsp; a: Âú®ÂΩìÂâçÂÖâÊ†áÊâÄÂú®Â≠óÁ¨¶ÁöÑÂêéÈù¢ÔºåËΩ¨‰∏∫ËæìÂÖ•Ê®°ÂºèÔºõ&lt;br/&gt;&lt;br/&gt;&amp;nbsp;&amp;nbsp;&amp;nbsp; o: Âú®ÂΩìÂâçÂÖâÊ†áÊâÄÂú®Ë°åÁöÑ‰∏ãÊñπÔºåÊñ∞Âª∫‰∏ÄË°åÔºåÂπ∂ËΩ¨‰∏∫ËæìÂÖ•Ê®°ÂºèÔºõ&lt;br/&gt;&lt;br/&gt;&amp;nbsp;&amp;nbsp;&amp;nbsp; IÔºöÂú®ÂΩìÂâçÂÖâÊ†áÊâÄÂú®Ë°åÁöÑË°åÈ¶ñÔºåËΩ¨Êç¢‰∏∫ËæìÂÖ•Ê®°Âº\è&lt;br/&gt;&lt;br/&gt;&amp;nbsp;&amp;nbsp;&amp;nbsp; AÔºöÂú®ÂΩìÂâçÂÖâÊ†áÊâÄÂú®Ë°åÁöÑË°åÂ∞æÔºåËΩ¨Êç¢‰∏∫ËæìÂÖ•Ê®°Âº\è&lt;br/&gt;&lt;br/&gt;&amp;nbsp;&amp;nbsp;&amp;nbsp; OÔºöÂú®ÂΩìÂâçÂÖâÊ†áÊâÄÂú®Ë°åÁöÑ‰∏äÊñπÔºåÊñ∞Âª∫‰∏ÄË°åÔºåÂπ∂ËΩ¨‰∏∫ËæìÂÖ•Ê®°ÂºèÔºõ&lt;br/&gt;&lt;br/&gt;ËæìÂÖ•--&amp;gt;ÁºñËæëÔº\ö&lt;br/&gt;&lt;br/&gt;&amp;nbsp;&amp;nbsp;&amp;nbsp; ESC&lt;br/&gt;&lt;br/&gt;ÁºñËæë--&amp;gt;Êú´Ë°åÔº\ö&lt;br/&gt;&lt;br/&gt;&amp;nbsp;&amp;nbsp;&amp;nbsp; :&lt;br/&gt;&lt;br/&gt;Êú´Ë°å--&amp;gt;ÁºñËæëÔº\ö&lt;br/&gt;&lt;br/&gt;&amp;nbsp;&amp;nbsp;&amp;nbsp; ESC, ESC&lt;br/&gt;&lt;br/&gt;Ê≥®ÔºöËæìÂÖ•Ê®°ÂºèÂíåÊú´Ë°åÊ®°Âºè‰πãÈó¥‰∏çËÉΩÁõ¥Êé•ÂàáÊç\¢&lt;br/&gt;‰∏Ä„ÄÅÊâìÂºÄÊñá‰ª∂&lt;br/&gt;&lt;br/&gt;&amp;nbsp;&amp;nbsp;&amp;nbsp; vim +# :ÊâìÂºÄÊñá‰ª∂ÔºåÂπ∂ÂÆö‰Ωç‰∫éÁ¨¨#Ë°\å&lt;br/&gt;&lt;br/&gt;&amp;nbsp;&amp;nbsp;&amp;nbsp; vim +ÔºöÊâìÂºÄÊñá‰ª∂ÔºåÂÆö‰ΩçËá≥ÊúÄÂêé‰∏ÄË°\å&lt;br/&gt;&lt;br/&gt;&amp;nbsp;&amp;nbsp;&amp;nbsp; vim +/PATTERN : ÊâìÂºÄÊñá‰ª∂ÔºåÂÆö‰ΩçËá≥Á¨¨‰∏ÄÊ¨°Ë¢´PATTERNÂåπÈÖçÂà∞ÁöÑË°åÁöÑË°åÈ¶ñ&lt;br/&gt;&lt;br/&gt;Ê≥®ÔºöÈªòËÆ§Â§Ñ‰∫éÁºñËæëÊ®°Âºè&lt;br/&gt;‰∫å„ÄÅÂÖ≥Èó≠Êñá‰ª\∂&lt;br/&gt;&lt;br/&gt;1„ÄÅÊú´Ë°åÊ®°ÂºèÂÖ≥Èó≠Êñá‰ª\∂&lt;br/&gt;&lt;br/&gt;&amp;nbsp;&amp;nbsp;&amp;nbsp; :q&amp;nbsp; ÈÄÄÂá\∫&lt;br/&gt;&lt;br/&gt;&amp;nbsp;&amp;nbsp;&amp;nbsp; :wq ‰øùÂ≠òÂπ∂ÈÄÄÂá\∫&lt;br/&gt;&lt;br/&gt;&amp;nbsp;&amp;nbsp;&amp;nbsp; :q! ‰∏ç‰øùÂ≠òÂπ∂ÈÄÄÂá\∫&lt;br/&gt;&lt;br/&gt;&amp;nbsp;&amp;nbsp;&amp;nbsp; :w ‰øùÂ≠ò&lt;br/&gt;&lt;br/&gt;&amp;nbsp;&amp;nbsp;&amp;nbsp; :w! Âº∫Ë°å‰øùÂ≠ò&lt;br/&gt;&lt;br/&gt;&amp;nbsp;&amp;nbsp;&amp;nbsp; :wq --&amp;gt; :x&lt;br/&gt;&lt;br/&gt;2„ÄÅÁºñËæëÊ®°Âºè‰∏ãÈÄÄÂá\∫&lt;br/&gt;&lt;br/&gt;ZZ: ‰øùÂ≠òÂπ∂ÈÄÄÂá\∫&lt;br/&gt;&lt;br/&gt;‰∏â„ÄÅÁßªÂä®ÂÖâÊ†\á(ÁºñËæëÊ®°Âºè)&lt;br/&gt;&lt;br/&gt;1„ÄÅÈÄêÂ≠óÁ¨¶ÁßªÂä®Ôºö&lt;br/&gt;&lt;br/&gt;&amp;nbsp;&amp;nbsp;&amp;nbsp; h: Â∑\¶&lt;br/&gt;&lt;br/&gt;&amp;nbsp;&amp;nbsp;&amp;nbsp; l: Âè\≥&lt;br/&gt;&lt;br/&gt;&amp;nbsp;&amp;nbsp;&amp;nbsp; j: ‰∏\ã&lt;br/&gt;&lt;br/&gt;&amp;nbsp;&amp;nbsp;&amp;nbsp; k: ‰∏\ä&lt;br/&gt;&lt;br/&gt;&amp;nbsp;&amp;nbsp;&amp;nbsp; #h: ÁßªÂä®#‰∏™Â≠óÁ¨\¶&lt;br/&gt;&lt;br/&gt;2„ÄÅ‰ª•ÂçïËØç‰∏∫Âçï‰ΩçÁßªÂä\®&lt;br/&gt;&lt;br/&gt;&amp;nbsp;&amp;nbsp;&amp;nbsp; w: ÁßªËá≥‰∏ã‰∏Ä‰∏™ÂçïËØçÁöÑËØçÈ¶ñ&lt;br/&gt;&lt;br/&gt;&amp;nbsp;&amp;nbsp;&amp;nbsp; e: Ë∑≥Ëá≥ÂΩìÂâçÊàñ‰∏ã‰∏Ä‰∏™ÂçïËØçÁöÑËØçÂ∞æ&lt;br/&gt;&lt;br/&gt;&amp;nbsp;&amp;nbsp;&amp;nbsp; b: Ë∑≥Ëá≥ÂΩìÂâçÊàñÂâç‰∏Ä‰∏™ÂçïËØçÁöÑËØçÈ¶ñ&lt;br/&gt;&lt;br/&gt;&amp;nbsp;&amp;nbsp;&amp;nbsp; #w: ÁßªÂä®#‰∏™ÂçïËØ\ç&lt;br/&gt;&lt;br/&gt;3„ÄÅË°åÂÜÖË∑≥ËΩ¨Ôºö&lt;br/&gt;&lt;br/&gt;&amp;nbsp;&amp;nbsp;&amp;nbsp; 0: ÁªùÂØπË°åÈ¶ñ&lt;br/&gt;&lt;br/&gt;&amp;nbsp;&amp;nbsp;&amp;nbsp; ^: Ë°åÈ¶ñÁöÑÁ¨¨‰∏Ä‰∏™ÈùûÁ©∫ÁôΩÂ≠óÁ¨¶&lt;br/&gt;&lt;br/&gt;&amp;nbsp;&amp;nbsp;&amp;nbsp; $: ÁªùÂØπË°åÂ∞æ&lt;br/&gt;&lt;br/&gt;4„ÄÅË°åÈó¥Ë∑≥ËΩ\¨&lt;br/&gt;&lt;br/&gt;&amp;nbsp;&amp;nbsp;&amp;nbsp; #GÔºöË∑≥ËΩ¨Ëá≥Á¨\¨#Ë°\å&lt;br/&gt;&lt;br/&gt;&amp;nbsp;&amp;nbsp;&amp;nbsp; gg: Á¨¨‰∏ÄË°\å&lt;br/&gt;&lt;br/&gt;&amp;nbsp;&amp;nbsp;&amp;nbsp; GÔºöÊúÄÂêé‰∏ÄË°\å&lt;br/&gt;&lt;br/&gt;5„ÄÅÊú´Ë°åÊ®°Âº\è&lt;br/&gt;&lt;br/&gt;&amp;nbsp;&amp;nbsp;&amp;nbsp; .: Ë°®Á§∫ÂΩìÂâçË°\å&lt;br/&gt;&lt;br/&gt;&amp;nbsp;&amp;nbsp;&amp;nbsp; $: ÊúÄÂêé‰∏ÄË°\å&lt;br/&gt;&lt;br/&gt;&amp;nbsp;&amp;nbsp;&amp;nbsp; #ÔºöÁ¨¨#Ë°\å&lt;br/&gt;&lt;br/&gt;&amp;nbsp;&amp;nbsp;&amp;nbsp; +#: Âêë‰∏ãÁö\Ñ#Ë°\å&lt;br/&gt;&lt;br/&gt;Âõõ„ÄÅÁøªÂ±\è&lt;br/&gt;&lt;br/&gt;&amp;nbsp;&amp;nbsp;&amp;nbsp; Ctrl+f: Âêë‰∏ãÁøª‰∏ÄÂ±\è&lt;br/&gt;&amp;nbsp;&amp;nbsp; &amp;nbsp;&lt;br/&gt;&amp;nbsp;&amp;nbsp;&amp;nbsp; Ctrl+b: Âêë‰∏äÁøª‰∏ÄÂ±\è&lt;br/&gt;&lt;br/&gt;&amp;nbsp;&amp;nbsp;&amp;nbsp; Ctrl+d: Âêë‰∏ãÁøªÂçäÂ±\è&lt;br/&gt;&lt;br/&gt;&amp;nbsp;&amp;nbsp;&amp;nbsp; Ctrl+u: Âêë‰∏äÁøªÂçäÂ±\è&lt;br/&gt;&lt;br/&gt;‰∫î„ÄÅÂà†Èô§Âçï‰∏™Â≠óÁ¨\¶&lt;br/&gt;&lt;br/&gt;&amp;nbsp;&amp;nbsp;&amp;nbsp; x: Âà†Èô§ÂÖâÊ†áÊâÄÂú®Â§ÑÁöÑÂçï‰∏™Â≠óÁ¨\¶&lt;br/&gt;&lt;br/&gt;&amp;nbsp;&amp;nbsp;&amp;nbsp; #x: Âà†Èô§ÂÖâÊ†áÊâÄÂú®Â§ÑÂèäÂêëÂêéÁöÑÂÖ\±#‰∏™Â≠óÁ¨\¶&lt;br/&gt;&lt;br/&gt;ÂÖ≠„ÄÅÂà†Èô§ÂëΩ‰ª\§: d&lt;br/&gt;&lt;br/&gt;dÂëΩ‰ª§Ë∑üË∑≥ËΩ¨ÂëΩ‰ª§ÁªÑÂêà‰ΩøÁî\®&lt;br/&gt;&lt;br/&gt;&amp;nbsp;&amp;nbsp;&amp;nbsp; #dw, #de, #db&lt;br/&gt;&lt;br/&gt;dd: Âà†Èô§ÂΩìÂâçÂÖâÊ†áÊâÄÂú®Ë°å&lt;br/&gt;#dd: Âà†Èô§ÂåÖÊã¨ÂΩìÂâçÂÖâÊ†áÊâÄÂú®Ë°åÂú®ÂÜÖÁö\Ñ#Ë°åÔºõ&lt;br/&gt;‰∏É„ÄÅÁ≤òË¥¥ÂëΩ‰ª\§ p&lt;br/&gt;&lt;br/&gt;&amp;nbsp;&amp;nbsp;&amp;nbsp; p: Â¶ÇÊûúÂà†Èô§ÊàñÂ§çÂà∂‰∏∫Êï¥Ë°åÂÜÖÂÆπÔºåÂàôÁ≤òË¥¥Ëá≥ÂÖâÊ†áÊâÄÂú®Ë°åÁöÑ‰∏ãÊñπÔºåÂ¶ÇÊûúÂ§çÂà∂ÊàñÂà†Èô§ÁöÑÂÜÖÂÆπ‰∏∫ÈùûÊï¥Ë°åÔºåÂàôÁ≤òË¥¥Ëá≥ÂÖâÊ†áÊâÄÂú®Â≠óÁ¨¶ÁöÑÂêéÈù¢&lt;br/&gt;&lt;br/&gt;&amp;nbsp;&amp;nbsp;&amp;nbsp; P: Â¶ÇÊûúÂà†Èô§ÊàñÂ§çÂà∂‰∏∫Êï¥Ë°åÂÜÖÂÆπÔºåÂàôÁ≤òË¥¥Ëá≥ÂÖâÊ†áÊâÄÂú®Ë°åÁöÑ‰∏äÊñπÔºåÂ¶ÇÊûúÂ§çÂà∂ÊàñÂà†Èô§ÁöÑÂÜÖÂÆπ‰∏∫ÈùûÊï¥Ë°åÔºåÂàôÁ≤òË¥¥Ëá≥ÂÖâÊ†áÊâÄÂú®Â≠óÁ¨¶ÁöÑÂâçÈù¢&lt;br/&gt;&lt;br/&gt;ÂÖ´„ÄÅÂ§çÂà∂ÂëΩ‰ª\§ y&lt;br/&gt;&lt;br/&gt;&amp;nbsp;&amp;nbsp;&amp;nbsp; Áî®Ê≥ïÂêådÂëΩ‰ª§&lt;br/&gt;&lt;br/&gt;‰πù„ÄÅ‰øÆÊîπÔºöÂÖàÂà†Èô§ÂÜÖÂÆπÔºåÂÜçËΩ¨Êç¢‰∏∫ËæìÂÖ•Ê®°Âºè&lt;br/&gt;&lt;br/&gt;&amp;nbsp;&amp;nbsp;&amp;nbsp; c: Áî®Ê≥ïÂêådÂëΩ‰ª§&lt;br/&gt;&lt;br/&gt;ÂçÅ„ÄÅÊõøÊç¢Ôºö&lt;br/&gt;&lt;br/&gt;&amp;nbsp;&amp;nbsp;&amp;nbsp; rÔºöÂçïÂ≠óÁ¨¶ÊõøÊç¢&lt;br/&gt;&lt;br/&gt;&amp;nbsp;&amp;nbsp;&amp;nbsp; #r: ÂÖâÊ†áÂê\é#‰∏™Â≠óÁ¨¶ÂÖ®ÈÉ®ÊõøÊç\¢&lt;br/&gt;&lt;br/&gt;&amp;nbsp;&amp;nbsp;&amp;nbsp; R: ÊõøÊç¢Ê®°Âºè&lt;br/&gt;&lt;br/&gt;ÂçÅ‰∏Ä„ÄÅÊí§Ê∂àÁºñËæëÊìç‰Ω\ú u&lt;br/&gt;&lt;br/&gt;&amp;nbsp;&amp;nbsp;&amp;nbsp; uÔºöÊí§Ê∂àÂâç‰∏ÄÊ¨°ÁöÑÁºñËæëÊìç‰Ωú&lt;br/&gt;&lt;br/&gt;&amp;nbsp;&amp;nbsp;&amp;nbsp; #u: Áõ¥Êé•Êí§Ê∂àÊúÄËø\ë#Ê¨°ÁºñËæëÊìç‰Ω\ú&lt;br/&gt;&lt;br/&gt;&amp;nbsp;&amp;nbsp;&amp;nbsp; ËøûÁª≠uÂëΩ‰ª§ÂèØÊí§Ê∂àÊ≠§ÂâçÁöÑnÊ¨°ÁºñËæëÊìç‰Ω\ú&lt;br/&gt;&lt;br/&gt;&amp;nbsp;&amp;nbsp;&amp;nbsp; Êí§Ê∂àÊúÄËøë‰∏ÄÊ¨°Êí§Ê∂àÊìç‰ΩúÔºöCtrl+r&lt;br/&gt;&lt;br/&gt;ÂçÅ‰∫å„ÄÅÈáçÂ§çÂâç‰∏ÄÊ¨°ÁºñËæëÊìç‰Ω\ú&lt;br/&gt;&lt;br/&gt;&amp;nbsp;&amp;nbsp;&amp;nbsp; .ÔºöÁºñËæëÊ®°ÂºèÈáçÂ§çÂâç‰∏ÄÊ¨°ÁºñËæëÊìç‰Ω\ú&lt;br/&gt;&lt;br/&gt;ÂçÅ‰∏â„ÄÅÂèØËßÜÂåñÊ®°Âºè&lt;br/&gt;&lt;br/&gt;&amp;nbsp;&amp;nbsp;&amp;nbsp; v: ÊåâÂ≠óÁ¨¶ÈÄâÂèñ&lt;br/&gt;&lt;br/&gt;&amp;nbsp;&amp;nbsp;&amp;nbsp; VÔºöÊåâÁü©ÂΩ¢ÈÄâÂèñ&lt;br/&gt;&lt;br/&gt;ÂçÅÂõõ„ÄÅÊü•Êâ\æ&lt;br/&gt;&lt;br/&gt;&amp;nbsp;&amp;nbsp;&amp;nbsp; /PATTERN&lt;br/&gt;&lt;br/&gt;&amp;nbsp;&amp;nbsp;&amp;nbsp; ?PATTERN&lt;br/&gt;&lt;br/&gt;&amp;nbsp;&amp;nbsp;&amp;nbsp; n ‰∏ã‰∏Ä‰∏\™&lt;br/&gt;&lt;br/&gt;&amp;nbsp;&amp;nbsp;&amp;nbsp; N ‰∏ä‰∏Ä‰∏\™&lt;br/&gt;&lt;br/&gt;ÂçÅ‰∫î„ÄÅÊü•ÊâæÂπ∂ÊõøÊç¢&lt;br/&gt;&lt;br/&gt;Âú®Êú´Ë°åÊ®°Âºè‰∏ã‰ΩøÁî®sÂëΩ‰ª§&lt;br/&gt;&lt;br/&gt;&amp;nbsp;&amp;nbsp;&amp;nbsp; headline,footlines#PATTERN#string#g&lt;br/&gt;&lt;br/&gt;&amp;nbsp;&amp;nbsp;&amp;nbsp; 1,$:Ë°®Á§∫ÂÖ®Êñá&lt;br/&gt;&lt;br/&gt;&amp;nbsp;&amp;nbsp;&amp;nbsp; %ÔºöË°®Á§∫ÂÖ®Êñ\á&lt;br/&gt;&lt;br/&gt;ÂçÅÂÖ≠„ÄÅ‰ΩøÁî®vimÁºñËæëÂ§ö‰∏™Êñá‰ª∂&lt;br/&gt;&lt;br/&gt;&amp;nbsp;&amp;nbsp;&amp;nbsp; vim FILE1 FILE2 FILE3&lt;br/&gt;&lt;br/&gt;&amp;nbsp;&amp;nbsp;&amp;nbsp; :next ÂàáÊç¢Ëá≥‰∏ã‰∏Ä‰∏™Êñá‰ª\∂&lt;br/&gt;&lt;br/&gt;&amp;nbsp;&amp;nbsp;&amp;nbsp; :prev ÂàáÊç¢Ëá≥Ââç‰∏Ä‰∏™Êñá‰ª\∂&lt;br/&gt;&lt;br/&gt;&amp;nbsp;&amp;nbsp;&amp;nbsp; :last ÂàáÊç¢Ëá≥ÊúÄÂêé‰∏Ä‰∏™Êñá‰ª\∂&lt;br/&gt;&lt;br/&gt;&amp;nbsp;&amp;nbsp;&amp;nbsp; :first ÂàáÊç¢Ëá≥Á¨¨‰∏Ä‰∏™Êñá‰ª\∂&lt;br/&gt;&lt;br/&gt;&amp;nbsp;&amp;nbsp;&amp;nbsp; :qÈÄÄÂá∫ÂΩìÂâçÊñá‰ª\∂&lt;br/&gt;&lt;br/&gt;&amp;nbsp;&amp;nbsp;&amp;nbsp; :qa ÂÖ®ÈÉ®ÈÄÄÂá\∫&lt;br/&gt;&lt;br/&gt;ÂçÅ‰∏É„ÄÅÂàÜÂ±èÊòæÁ§∫‰∏Ä‰∏™Êñá‰ª\∂&lt;br/&gt;&lt;br/&gt;&amp;nbsp;&amp;nbsp;&amp;nbsp; Ctrl+w, s: Ê∞¥Âπ≥ÊãÜÂàÜÁ™óÂè£&lt;br/&gt;&lt;br/&gt;&amp;nbsp;&amp;nbsp;&amp;nbsp; Ctrl+w, v: ÂûÇÁõ¥ÊãÜÂàÜÁ™óÂè£&lt;br/&gt;&lt;br/&gt;Âú®Á™óÂè£Èó¥ÂàáÊç¢ÂÖâÊ†áÔº\ö&lt;br/&gt;&lt;br/&gt;&amp;nbsp;&amp;nbsp;&amp;nbsp; Ctrl+w, ARROW(h,j,k,lÊàñÊñπÂêëÈîÆ) &lt;br/&gt;&lt;br/&gt;&amp;nbsp;&amp;nbsp;&amp;nbsp; :qa ÂÖ≥Èó≠ÊâÄÊúâÁ™óÂè\£&lt;br/&gt;&lt;br/&gt;ÂçÅÂÖ´„ÄÅÂàÜÁ™óÂè£ÁºñËæëÂ§ö‰∏™Êñá‰ª∂&lt;br/&gt;&lt;br/&gt;&amp;nbsp;&amp;nbsp;&amp;nbsp; vim -o : Ê∞¥Âπ≥ÂàÜÂâ≤ÊòæÁ§∫&lt;br/&gt;&lt;br/&gt;&amp;nbsp;&amp;nbsp;&amp;nbsp; vim -O : ÂûÇÁõ¥ÂàÜÂâ≤ÊòæÁ§∫&lt;br/&gt;&lt;br/&gt;ÂçÅ‰πù„ÄÅÂ∞ÜÂΩìÂâçÊñá‰ª∂‰∏≠ÈÉ®ÂàÜÂÜÖÂÆπÂè¶Â≠ò‰∏∫Âè¶Â§ñ‰∏Ä‰∏™Êñá‰ª\∂&lt;br/&gt;&lt;br/&gt;Êú´Ë°åÊ®°Âºè‰∏ã‰ΩøÁî®wÂëΩ‰ª§&lt;br/&gt;&lt;br/&gt;&amp;nbsp;&amp;nbsp;&amp;nbsp; :ADDR1,ADDR2w /path/to/somewhere&lt;br/&gt;&lt;br/&gt;‰∫åÂçÅ„ÄÅÂ∞ÜÂè¶Â§ñ‰∏Ä‰∏™Êñá‰ª∂ÁöÑÂÜÖÂÆπÂ°´ÂÖÖÂú®ÂΩìÂâçÊñá‰ª∂‰∏≠&lt;br/&gt;&lt;br/&gt;&amp;nbsp;&amp;nbsp;&amp;nbsp; :r /path/to/somefile&lt;br/&gt;&lt;br/&gt;&amp;nbsp;&amp;nbsp;&amp;nbsp; ÈôÑÂä†Âà∞ÂΩìÂâçÊñá‰ª∂ÂÖâÊ†áÂêé&lt;br/&gt;&lt;br/&gt;‰∫åÂçÅ‰∏Ä„ÄÅË∑üshell‰∫§‰∫í&lt;br/&gt;&lt;br/&gt;&amp;nbsp;&amp;nbsp;&amp;nbsp; :! COMMAND&lt;br/&gt;&lt;br/&gt;‰∫åÂçÅ‰∫å„ÄÅÈ´òÁ∫ßËØùÈ¢\ò&lt;br/&gt;&lt;br/&gt;1„ÄÅÊòæÁ§∫ÊàñÂèñÊ∂àÊòæÁ§∫Ë°åÂè∑&lt;br/&gt;&lt;br/&gt;&amp;nbsp;&amp;nbsp;&amp;nbsp; :set nu&lt;br/&gt;&lt;br/&gt;&amp;nbsp;&amp;nbsp;&amp;nbsp; :set nonu&lt;br/&gt;&lt;br/&gt;&amp;nbsp;&amp;nbsp;&amp;nbsp; mu = number&lt;br/&gt;&lt;br/&gt;2„ÄÅÊòæÁ§∫ÂøΩÁï•ÊàñÂå∫ÂàÜÂ≠óÁ¨¶Â§ßÂ∞èÂÜ\ô&lt;br/&gt;&lt;br/&gt;&amp;nbsp;&amp;nbsp;&amp;nbsp; :set ic&lt;br/&gt;&lt;br/&gt;&amp;nbsp;&amp;nbsp;&amp;nbsp; :set noic&lt;br/&gt;&lt;br/&gt;&amp;nbsp;&amp;nbsp;&amp;nbsp; ic = ignorecase&lt;br/&gt;&lt;br/&gt;3„ÄÅËÆæÂÆöËá™Âä®Áº©Ëø\õ&lt;br/&gt;&lt;br/&gt;&amp;nbsp;&amp;nbsp;&amp;nbsp; :set ai&lt;br/&gt;&lt;br/&gt;&amp;nbsp;&amp;nbsp;&amp;nbsp; :set noai&lt;br/&gt;&lt;br/&gt;&amp;nbsp;&amp;nbsp;&amp;nbsp; ai = autoindent&lt;br/&gt;&lt;br/&gt;4„ÄÅÊü•ÊâæÂà∞ÁöÑÊñáÊú¨È´ò‰∫ÆÊòæÁ§∫ÊàñÂèñÊ∂à&lt;br/&gt;&lt;br/&gt;&amp;nbsp;&amp;nbsp;&amp;nbsp; :set hlsearch&lt;br/&gt;&lt;br/&gt;&amp;nbsp;&amp;nbsp;&amp;nbsp; :set nohlsearch&lt;br/&gt;&lt;br/&gt;5„ÄÅËØ≠Ê≥ïÈ´ò‰∫\Æ&lt;br/&gt;&lt;br/&gt;&amp;nbsp;&amp;nbsp;&amp;nbsp; :syntax on&lt;br/&gt;&lt;br/&gt;&amp;nbsp;&amp;nbsp;&amp;nbsp; :syntax off&lt;br/&gt;&lt;br/&gt;Ê≥\®:ÁâπÊÄßÂΩìÂâçÊúâÊïàÔºåÂ¶ÇÊûúÊÉ≥Ë¶ÅÊ∞∏‰πÖÊúâÊïàÈúÄ‰øÆÊîπÈÖçÁΩÆÊñá‰ª∂&lt;br/&gt;‰∫åÂçÅ‰∏â„ÄÅÈÖçÁΩÆÊñá‰ª\∂&lt;br/&gt;&lt;br/&gt;&amp;nbsp;&amp;nbsp;&amp;nbsp; /etc/vimrc&amp;nbsp;&amp;nbsp;&amp;nbsp; ÈíàÂØπÊâÄÊúâÁî®Êà\∑&lt;br/&gt;&lt;br/&gt;&amp;nbsp;&amp;nbsp;&amp;nbsp; ~/.vimrc&amp;nbsp;&amp;nbsp;&amp;nbsp; ÈíàÂØπÂΩìÂâçÁî®Êà∑&lt;br/&gt;&lt;br/&gt;&lt;/p&gt;','2017-05-01/149357249859061b923bdd2.png') [ RunTime:0.010599s ]
SQL: SHOW COLUMNS FROM `tb_article_tag` [ RunTime:0.001943s ]
SQL: INSERT INTO `tb_article_tag` (`articleid`,`tagid`) VALUES (26,2) [ RunTime:0.003765s ]
SQL: INSERT INTO `tb_article_tag` (`articleid`,`tagid`) VALUES (26,18) [ RunTime:0.004020s ]
INFO: [ view_parse ] --START--
INFO: [ template_filter ] --START--
INFO: Run Behavior\ContentReplaceBehavior [ RunTime:0.000031s ]
INFO: [ template_filter ] --END-- [ RunTime:0.000076s ]
INFO: Run Behavior\ParseTemplateBehavior [ RunTime:0.006321s ]
INFO: [ view_parse ] --END-- [ RunTime:0.006368s ]
INFO: [ view_filter ] --START--
INFO: Run Behavior\WriteHtmlCacheBehavior [ RunTime:0.000309s ]
INFO: [ view_filter ] --END-- [ RunTime:0.000345s ]
INFO: [ app_end ] --START--
INFO: Run Behavior\ShowPageTraceBehavior [ RunTime:0.000528s ]
INFO: [ app_end ] --END-- [ RunTime:0.000626s ]

[ 2017-05-31T11:22:34+08:00 ] 183.14.135.196 /Admin/Article/select.html
INFO: [ app_init ] --START--
INFO: Run Behavior\BuildLiteBehavior [ RunTime:0.000016s ]
INFO: [ app_init ] --END-- [ RunTime:0.000369s ]
INFO: [ app_begin ] --START--
INFO: Run Behavior\ReadHtmlCacheBehavior [ RunTime:0.000582s ]
INFO: [ app_begin ] --END-- [ RunTime:0.000629s ]
SQL: SHOW COLUMNS FROM `tb_article` [ RunTime:0.001661s ]
SQL: SELECT COUNT(*) AS tp_count FROM `tb_article` LIMIT 1   [ RunTime:0.001461s ]
SQL: SELECT * FROM `tb_article` ORDER BY articletime desc LIMIT 0,7   [ RunTime:0.003298s ]
INFO: [ view_parse ] --START--
INFO: [ template_filter ] --START--
INFO: Run Behavior\ContentReplaceBehavior [ RunTime:0.000060s ]
INFO: [ template_filter ] --END-- [ RunTime:0.000139s ]
INFO: Run Behavior\ParseTemplateBehavior [ RunTime:0.011760s ]
INFO: [ view_parse ] --END-- [ RunTime:0.011819s ]
INFO: [ view_filter ] --START--
INFO: Run Behavior\WriteHtmlCacheBehavior [ RunTime:0.000346s ]
INFO: [ view_filter ] --END-- [ RunTime:0.000382s ]
INFO: [ app_end ] --START--
INFO: Run Behavior\ShowPageTraceBehavior [ RunTime:0.000762s ]
INFO: [ app_end ] --END-- [ RunTime:0.000809s ]

[ 2017-05-31T14:47:52+08:00 ] 140.205.205.9 /
INFO: [ app_init ] --START--
INFO: Run Behavior\BuildLiteBehavior [ RunTime:0.000016s ]
INFO: [ app_init ] --END-- [ RunTime:0.000401s ]
INFO: [ app_begin ] --START--
INFO: Run Behavior\ReadHtmlCacheBehavior [ RunTime:0.000509s ]
INFO: [ app_begin ] --END-- [ RunTime:0.000649s ]
SQL: SHOW COLUMNS FROM `tb_article` [ RunTime:0.001784s ]
SQL: SHOW COLUMNS FROM `tb_visitors` [ RunTime:0.001693s ]
SQL: INSERT INTO `tb_visitors` (`ip`,`ipdate`,`address`) VALUES ('140.205.205.9','2017-05-31 14:47:52','‰∏≠ÂõΩ‰∏äÊµ∑Â∏Ç‰∏äÊµ∑Â∏Ç') [ RunTime:0.004607s ]
SQL: SELECT COUNT(*) AS tp_count FROM `tb_article` LIMIT 1   [ RunTime:0.001675s ]
SQL: SELECT * FROM `tb_article` WHERE ( `ispublic` = '0' ) ORDER BY articletime desc LIMIT 0,7   [ RunTime:0.003159s ]
SQL: SHOW COLUMNS FROM tb_article_tag as at [ RunTime:0.001169s ]
ERR: 1064:You have an error in your SQL syntax; check the manual that corresponds to your MySQL server version for the right syntax to use near 'as at' at line 1
 [ SQLËØ≠Âè• ] : SHOW COLUMNS FROM tb_article_tag as at
SQL: SELECT * FROM tb_article_tag as at INNER JOIN tb_tag as t on at.tagid=t.id   [ RunTime:0.001991s ]
SQL: SHOW COLUMNS FROM `tb_article` [ RunTime:0.001483s ]
SQL: SELECT * FROM `tb_article` ORDER BY views desc  [ RunTime:0.007859s ]
SQL: SELECT * FROM `tb_article` ORDER BY articletime desc  [ RunTime:0.004861s ]
SQL: SHOW COLUMNS FROM `tb_friendlylink` [ RunTime:0.001695s ]
SQL: SELECT * FROM `tb_friendlylink`  [ RunTime:0.001446s ]
SQL: SHOW COLUMNS FROM `tb_tag` [ RunTime:0.001454s ]
SQL: SELECT * FROM `tb_tag`  [ RunTime:0.001273s ]
SQL: SELECT COUNT(distinct(ip)) AS tp_count FROM `tb_visitors` WHERE ( `ip` = 'ip' ) LIMIT 1   [ RunTime:0.001636s ]
NOTIC: [8] Undefined index: www.zxdphp.site /data/home/bxu2442410262/htdocs/Application/Home/Controller/IndexController.class.php Á¨¨ 111 Ë°å.
INFO: [ view_parse ] --START--
INFO: [ template_filter ] --START--
INFO: Run Behavior\ContentReplaceBehavior [ RunTime:0.000062s ]
INFO: [ template_filter ] --END-- [ RunTime:0.000110s ]
NOTIC: [8] Undefined variable: data /data/home/bxu2442410262/htdocs/Application/Runtime/Cache/Home/2a94b8bda04ff446dcedd42276fc99ee.php Á¨¨ 172 Ë°å.
NOTIC: [8] Undefined variable: data /data/home/bxu2442410262/htdocs/Application/Runtime/Cache/Home/2a94b8bda04ff446dcedd42276fc99ee.php Á¨¨ 174 Ë°å.
INFO: Run Behavior\ParseTemplateBehavior [ RunTime:0.017619s ]
INFO: [ view_parse ] --END-- [ RunTime:0.017688s ]
INFO: [ view_filter ] --START--
INFO: Run Behavior\WriteHtmlCacheBehavior [ RunTime:0.000398s ]
INFO: [ view_filter ] --END-- [ RunTime:0.000457s ]
INFO: [ app_end ] --START--
INFO: Run Behavior\ShowPageTraceBehavior [ RunTime:0.000596s ]
INFO: [ app_end ] --END-- [ RunTime:0.000643s ]

[ 2017-05-31T18:23:54+08:00 ] 123.125.71.109 /
INFO: [ app_init ] --START--
INFO: Run Behavior\BuildLiteBehavior [ RunTime:0.000015s ]
INFO: [ app_init ] --END-- [ RunTime:0.000373s ]
INFO: [ app_begin ] --START--
INFO: Run Behavior\ReadHtmlCacheBehavior [ RunTime:0.000454s ]
INFO: [ app_begin ] --END-- [ RunTime:0.000500s ]
SQL: SHOW COLUMNS FROM `tb_article` [ RunTime:0.001852s ]
SQL: SHOW COLUMNS FROM `tb_visitors` [ RunTime:0.001695s ]
SQL: INSERT INTO `tb_visitors` (`ip`,`ipdate`,`address`) VALUES ('123.125.71.109','2017-05-31 18:23:54','‰∏≠ÂõΩÂåó‰∫¨Â∏ÇÂåó‰∫¨Â∏Ç') [ RunTime:0.004034s ]
SQL: SELECT COUNT(*) AS tp_count FROM `tb_article` LIMIT 1   [ RunTime:0.001602s ]
SQL: SELECT * FROM `tb_article` WHERE ( `ispublic` = '0' ) ORDER BY articletime desc LIMIT 0,7   [ RunTime:0.002867s ]
SQL: SHOW COLUMNS FROM tb_article_tag as at [ RunTime:0.001077s ]
ERR: 1064:You have an error in your SQL syntax; check the manual that corresponds to your MySQL server version for the right syntax to use near 'as at' at line 1
 [ SQLËØ≠Âè• ] : SHOW COLUMNS FROM tb_article_tag as at
SQL: SELECT * FROM tb_article_tag as at INNER JOIN tb_tag as t on at.tagid=t.id   [ RunTime:0.001702s ]
SQL: SHOW COLUMNS FROM `tb_article` [ RunTime:0.001374s ]
SQL: SELECT * FROM `tb_article` ORDER BY views desc  [ RunTime:0.008671s ]
SQL: SELECT * FROM `tb_article` ORDER BY articletime desc  [ RunTime:0.004843s ]
SQL: SHOW COLUMNS FROM `tb_friendlylink` [ RunTime:0.001385s ]
SQL: SELECT * FROM `tb_friendlylink`  [ RunTime:0.001258s ]
SQL: SHOW COLUMNS FROM `tb_tag` [ RunTime:0.001266s ]
SQL: SELECT * FROM `tb_tag`  [ RunTime:0.001135s ]
SQL: SELECT COUNT(distinct(ip)) AS tp_count FROM `tb_visitors` WHERE ( `ip` = 'ip' ) LIMIT 1   [ RunTime:0.001374s ]
NOTIC: [8] Undefined index: www.zxdphp.site /data/home/bxu2442410262/htdocs/Application/Home/Controller/IndexController.class.php Á¨¨ 111 Ë°å.
INFO: [ view_parse ] --START--
INFO: [ template_filter ] --START--
INFO: Run Behavior\ContentReplaceBehavior [ RunTime:0.000061s ]
INFO: [ template_filter ] --END-- [ RunTime:0.000110s ]
NOTIC: [8] Undefined variable: data /data/home/bxu2442410262/htdocs/Application/Runtime/Cache/Home/2a94b8bda04ff446dcedd42276fc99ee.php Á¨¨ 172 Ë°å.
NOTIC: [8] Undefined variable: data /data/home/bxu2442410262/htdocs/Application/Runtime/Cache/Home/2a94b8bda04ff446dcedd42276fc99ee.php Á¨¨ 174 Ë°å.
INFO: Run Behavior\ParseTemplateBehavior [ RunTime:0.018238s ]
INFO: [ view_parse ] --END-- [ RunTime:0.018304s ]
INFO: [ view_filter ] --START--
INFO: Run Behavior\WriteHtmlCacheBehavior [ RunTime:0.000581s ]
INFO: [ view_filter ] --END-- [ RunTime:0.000620s ]
INFO: [ app_end ] --START--
INFO: Run Behavior\ShowPageTraceBehavior [ RunTime:0.000516s ]
INFO: [ app_end ] --END-- [ RunTime:0.000592s ]

[ 2017-05-31T18:23:54+08:00 ] 123.125.71.60 /
INFO: [ app_init ] --START--
INFO: Run Behavior\BuildLiteBehavior [ RunTime:0.000016s ]
INFO: [ app_init ] --END-- [ RunTime:0.000368s ]
INFO: [ app_begin ] --START--
INFO: Run Behavior\ReadHtmlCacheBehavior [ RunTime:0.000481s ]
INFO: [ app_begin ] --END-- [ RunTime:0.000527s ]
SQL: SHOW COLUMNS FROM `tb_article` [ RunTime:0.001561s ]
SQL: SHOW COLUMNS FROM `tb_visitors` [ RunTime:0.001598s ]
SQL: INSERT INTO `tb_visitors` (`ip`,`ipdate`,`address`) VALUES ('123.125.71.60','2017-05-31 18:23:54','‰∏≠ÂõΩÂåó‰∫¨Â∏ÇÂåó‰∫¨Â∏Ç') [ RunTime:0.003673s ]
SQL: SELECT COUNT(*) AS tp_count FROM `tb_article` LIMIT 1   [ RunTime:0.001102s ]
SQL: SELECT * FROM `tb_article` WHERE ( `ispublic` = '0' ) ORDER BY articletime desc LIMIT 0,7   [ RunTime:0.002577s ]
SQL: SHOW COLUMNS FROM tb_article_tag as at [ RunTime:0.001110s ]
ERR: 1064:You have an error in your SQL syntax; check the manual that corresponds to your MySQL server version for the right syntax to use near 'as at' at line 1
 [ SQLËØ≠Âè• ] : SHOW COLUMNS FROM tb_article_tag as at
SQL: SELECT * FROM tb_article_tag as at INNER JOIN tb_tag as t on at.tagid=t.id   [ RunTime:0.001123s ]
SQL: SHOW COLUMNS FROM `tb_article` [ RunTime:0.001393s ]
SQL: SELECT * FROM `tb_article` ORDER BY views desc  [ RunTime:0.007962s ]
SQL: SELECT * FROM `tb_article` ORDER BY articletime desc  [ RunTime:0.004706s ]
SQL: SHOW COLUMNS FROM `tb_friendlylink` [ RunTime:0.001424s ]
SQL: SELECT * FROM `tb_friendlylink`  [ RunTime:0.001136s ]
SQL: SHOW COLUMNS FROM `tb_tag` [ RunTime:0.001341s ]
SQL: SELECT * FROM `tb_tag`  [ RunTime:0.001112s ]
SQL: SELECT COUNT(distinct(ip)) AS tp_count FROM `tb_visitors` WHERE ( `ip` = 'ip' ) LIMIT 1   [ RunTime:0.001353s ]
NOTIC: [8] Undefined index: www.zxdphp.site /data/home/bxu2442410262/htdocs/Application/Home/Controller/IndexController.class.php Á¨¨ 111 Ë°å.
INFO: [ view_parse ] --START--
INFO: [ template_filter ] --START--
INFO: Run Behavior\ContentReplaceBehavior [ RunTime:0.000056s ]
INFO: [ template_filter ] --END-- [ RunTime:0.000106s ]
NOTIC: [8] Undefined variable: data /data/home/bxu2442410262/htdocs/Application/Runtime/Cache/Home/2a94b8bda04ff446dcedd42276fc99ee.php Á¨¨ 172 Ë°å.
NOTIC: [8] Undefined variable: data /data/home/bxu2442410262/htdocs/Application/Runtime/Cache/Home/2a94b8bda04ff446dcedd42276fc99ee.php Á¨¨ 174 Ë°å.
INFO: Run Behavior\ParseTemplateBehavior [ RunTime:0.016730s ]
INFO: [ view_parse ] --END-- [ RunTime:0.016793s ]
INFO: [ view_filter ] --START--
INFO: Run Behavior\WriteHtmlCacheBehavior [ RunTime:0.000292s ]
INFO: [ view_filter ] --END-- [ RunTime:0.000326s ]
INFO: [ app_end ] --START--
INFO: Run Behavior\ShowPageTraceBehavior [ RunTime:0.000598s ]
INFO: [ app_end ] --END-- [ RunTime:0.000643s ]

[ 2017-05-31T18:26:16+08:00 ] 220.181.108.117 /Home/NewList/newdetail/id/26.html
INFO: [ app_init ] --START--
INFO: Run Behavior\BuildLiteBehavior [ RunTime:0.000015s ]
INFO: [ app_init ] --END-- [ RunTime:0.000378s ]
INFO: [ app_begin ] --START--
INFO: Run Behavior\ReadHtmlCacheBehavior [ RunTime:0.000465s ]
INFO: [ app_begin ] --END-- [ RunTime:0.000513s ]
SQL: SHOW COLUMNS FROM `tb_article` [ RunTime:0.002032s ]
SQL: UPDATE `tb_article` SET `views`=views+1 WHERE ( `id` = 26 ) [ RunTime:0.012499s ]
SQL: SELECT * FROM `tb_article` WHERE ( `id` = 26 ) LIMIT 1   [ RunTime:0.001715s ]
SQL: SELECT * FROM `tb_article` WHERE ( id<26 ) ORDER BY id DESC LIMIT 1   [ RunTime:0.001604s ]
SQL: SELECT * FROM `tb_article` WHERE ( id>26 ) ORDER BY id ASC LIMIT 1   [ RunTime:0.001559s ]
INFO: [ view_parse ] --START--
INFO: [ template_filter ] --START--
INFO: Run Behavior\ContentReplaceBehavior [ RunTime:0.000063s ]
INFO: [ template_filter ] --END-- [ RunTime:0.000111s ]
INFO: Run Behavior\ParseTemplateBehavior [ RunTime:0.108160s ]
INFO: [ view_parse ] --END-- [ RunTime:0.108226s ]
INFO: [ view_filter ] --START--
INFO: Run Behavior\WriteHtmlCacheBehavior [ RunTime:0.000275s ]
INFO: [ view_filter ] --END-- [ RunTime:0.000312s ]
INFO: [ app_end ] --START--
INFO: Run Behavior\ShowPageTraceBehavior [ RunTime:0.000575s ]
INFO: [ app_end ] --END-- [ RunTime:0.000616s ]

[ 2017-05-31T18:57:14+08:00 ] 123.125.71.33 /Home/NewList/newdetail/id/23.html
INFO: [ app_init ] --START--
INFO: Run Behavior\BuildLiteBehavior [ RunTime:0.000020s ]
INFO: [ app_init ] --END-- [ RunTime:0.000388s ]
INFO: [ app_begin ] --START--
INFO: Run Behavior\ReadHtmlCacheBehavior [ RunTime:0.000525s ]
INFO: [ app_begin ] --END-- [ RunTime:0.000590s ]
SQL: SHOW COLUMNS FROM `tb_article` [ RunTime:0.001683s ]
SQL: UPDATE `tb_article` SET `views`=views+1 WHERE ( `id` = 23 ) [ RunTime:0.004456s ]
SQL: SELECT * FROM `tb_article` WHERE ( `id` = 23 ) LIMIT 1   [ RunTime:0.001358s ]
SQL: SELECT * FROM `tb_article` WHERE ( id<23 ) ORDER BY id DESC LIMIT 1   [ RunTime:0.001411s ]
SQL: SELECT * FROM `tb_article` WHERE ( id>23 ) ORDER BY id ASC LIMIT 1   [ RunTime:0.001313s ]
INFO: [ view_parse ] --START--
INFO: [ template_filter ] --START--
INFO: Run Behavior\ContentReplaceBehavior [ RunTime:0.000055s ]
INFO: [ template_filter ] --END-- [ RunTime:0.000096s ]
INFO: Run Behavior\ParseTemplateBehavior [ RunTime:0.009648s ]
INFO: [ view_parse ] --END-- [ RunTime:0.009696s ]
INFO: [ view_filter ] --START--
INFO: Run Behavior\WriteHtmlCacheBehavior [ RunTime:0.000277s ]
INFO: [ view_filter ] --END-- [ RunTime:0.000311s ]
INFO: [ app_end ] --START--
INFO: Run Behavior\ShowPageTraceBehavior [ RunTime:0.000545s ]
INFO: [ app_end ] --END-- [ RunTime:0.000590s ]

[ 2017-05-31T19:30:34+08:00 ] 123.125.71.46 /Home/NewList/newdetail/id/25.html
INFO: [ app_init ] --START--
INFO: Run Behavior\BuildLiteBehavior [ RunTime:0.000021s ]
INFO: [ app_init ] --END-- [ RunTime:0.000418s ]
INFO: [ app_begin ] --START--
INFO: Run Behavior\ReadHtmlCacheBehavior [ RunTime:0.000500s ]
INFO: [ app_begin ] --END-- [ RunTime:0.000547s ]
SQL: SHOW COLUMNS FROM `tb_article` [ RunTime:0.001921s ]
SQL: UPDATE `tb_article` SET `views`=views+1 WHERE ( `id` = 25 ) [ RunTime:0.004774s ]
SQL: SELECT * FROM `tb_article` WHERE ( `id` = 25 ) LIMIT 1   [ RunTime:0.001241s ]
SQL: SELECT * FROM `tb_article` WHERE ( id<25 ) ORDER BY id DESC LIMIT 1   [ RunTime:0.001379s ]
SQL: SELECT * FROM `tb_article` WHERE ( id>25 ) ORDER BY id ASC LIMIT 1   [ RunTime:0.001557s ]
INFO: [ view_parse ] --START--
INFO: [ template_filter ] --START--
INFO: Run Behavior\ContentReplaceBehavior [ RunTime:0.000064s ]
INFO: [ template_filter ] --END-- [ RunTime:0.000107s ]
INFO: Run Behavior\ParseTemplateBehavior [ RunTime:0.009904s ]
INFO: [ view_parse ] --END-- [ RunTime:0.009963s ]
INFO: [ view_filter ] --START--
INFO: Run Behavior\WriteHtmlCacheBehavior [ RunTime:0.000252s ]
INFO: [ view_filter ] --END-- [ RunTime:0.000286s ]
INFO: [ app_end ] --START--
INFO: Run Behavior\ShowPageTraceBehavior [ RunTime:0.000539s ]
INFO: [ app_end ] --END-- [ RunTime:0.000583s ]

[ 2017-05-31T20:03:54+08:00 ] 123.125.71.104 /Home/NewList/newdetail/id/24.html
INFO: [ app_init ] --START--
INFO: Run Behavior\BuildLiteBehavior [ RunTime:0.000020s ]
INFO: [ app_init ] --END-- [ RunTime:0.000392s ]
INFO: [ app_begin ] --START--
INFO: Run Behavior\ReadHtmlCacheBehavior [ RunTime:0.000548s ]
INFO: [ app_begin ] --END-- [ RunTime:0.000602s ]
SQL: SHOW COLUMNS FROM `tb_article` [ RunTime:0.001687s ]
SQL: UPDATE `tb_article` SET `views`=views+1 WHERE ( `id` = 24 ) [ RunTime:0.004744s ]
SQL: SELECT * FROM `tb_article` WHERE ( `id` = 24 ) LIMIT 1   [ RunTime:0.001368s ]
SQL: SELECT * FROM `tb_article` WHERE ( id<24 ) ORDER BY id DESC LIMIT 1   [ RunTime:0.001357s ]
SQL: SELECT * FROM `tb_article` WHERE ( id>24 ) ORDER BY id ASC LIMIT 1   [ RunTime:0.001230s ]
INFO: [ view_parse ] --START--
INFO: [ template_filter ] --START--
INFO: Run Behavior\ContentReplaceBehavior [ RunTime:0.000054s ]
INFO: [ template_filter ] --END-- [ RunTime:0.000096s ]
INFO: Run Behavior\ParseTemplateBehavior [ RunTime:0.010096s ]
INFO: [ view_parse ] --END-- [ RunTime:0.010144s ]
INFO: [ view_filter ] --START--
INFO: Run Behavior\WriteHtmlCacheBehavior [ RunTime:0.000367s ]
INFO: [ view_filter ] --END-- [ RunTime:0.000416s ]
INFO: [ app_end ] --START--
INFO: Run Behavior\ShowPageTraceBehavior [ RunTime:0.000564s ]
INFO: [ app_end ] --END-- [ RunTime:0.000612s ]

[ 2017-05-31T20:37:14+08:00 ] 220.181.108.179 /Home/Index/index/id/18.html
INFO: [ app_init ] --START--
INFO: Run Behavior\BuildLiteBehavior [ RunTime:0.000015s ]
INFO: [ app_init ] --END-- [ RunTime:0.000425s ]
INFO: [ app_begin ] --START--
INFO: Run Behavior\ReadHtmlCacheBehavior [ RunTime:0.000473s ]
INFO: [ app_begin ] --END-- [ RunTime:0.000520s ]
SQL: SHOW COLUMNS FROM `tb_article` [ RunTime:0.001782s ]
SQL: SHOW COLUMNS FROM `tb_visitors` [ RunTime:0.001907s ]
SQL: INSERT INTO `tb_visitors` (`ip`,`ipdate`,`address`) VALUES ('220.181.108.179','2017-05-31 20:37:14','‰∏≠ÂõΩÂåó‰∫¨Â∏ÇÂåó‰∫¨Â∏Ç') [ RunTime:0.008171s ]
SQL: SHOW COLUMNS FROM tb_article as a [ RunTime:0.001200s ]
ERR: 1064:You have an error in your SQL syntax; check the manual that corresponds to your MySQL server version for the right syntax to use near 'as a' at line 1
 [ SQLËØ≠Âè• ] : SHOW COLUMNS FROM tb_article as a
SQL: SELECT COUNT(*) AS tp_count FROM tb_article as a INNER JOIN tb_article_tag as at on a.id=at.articleid INNER JOIN tb_tag as t on at.tagid=t.id  WHERE ( at.tagid = '18' ) AND ( a.ispublic = '0' ) LIMIT 1   [ RunTime:0.001905s ]
SQL: SELECT a.id,a.titlepic,a.articletitle,a.articlecontent,a.articletime,at.articleid,t.name FROM tb_article as a INNER JOIN tb_article_tag as at on a.id=at.articleid INNER JOIN tb_tag as t on at.tagid=t.id  WHERE ( at.tagid = '18' ) AND ( a.ispublic = '0' ) LIMIT 0,7   [ RunTime:0.001582s ]
SQL: SHOW COLUMNS FROM tb_article_tag as at [ RunTime:0.001154s ]
ERR: 1064:You have an error in your SQL syntax; check the manual that corresponds to your MySQL server version for the right syntax to use near 'as at' at line 1
 [ SQLËØ≠Âè• ] : SHOW COLUMNS FROM tb_article_tag as at
SQL: SELECT * FROM tb_article_tag as at INNER JOIN tb_tag as t on at.tagid=t.id   [ RunTime:0.001303s ]
SQL: SHOW COLUMNS FROM `tb_article` [ RunTime:0.001637s ]
SQL: SELECT * FROM `tb_article` ORDER BY views desc  [ RunTime:0.010743s ]
SQL: SELECT * FROM `tb_article` ORDER BY articletime desc  [ RunTime:0.005230s ]
SQL: SHOW COLUMNS FROM `tb_friendlylink` [ RunTime:0.001529s ]
SQL: SELECT * FROM `tb_friendlylink`  [ RunTime:0.001391s ]
SQL: SHOW COLUMNS FROM `tb_tag` [ RunTime:0.001343s ]
SQL: SELECT * FROM `tb_tag`  [ RunTime:0.001401s ]
SQL: SELECT COUNT(distinct(ip)) AS tp_count FROM `tb_visitors` WHERE ( `ip` = 'ip' ) LIMIT 1   [ RunTime:0.001525s ]
NOTIC: [8] Undefined index: www.zxdphp.site /data/home/bxu2442410262/htdocs/Application/Home/Controller/IndexController.class.php Á¨¨ 55 Ë°å.
INFO: [ view_parse ] --START--
INFO: [ template_filter ] --START--
INFO: Run Behavior\ContentReplaceBehavior [ RunTime:0.000076s ]
INFO: [ template_filter ] --END-- [ RunTime:0.000118s ]
NOTIC: [8] Undefined index: views /data/home/bxu2442410262/htdocs/Application/Runtime/Cache/Home/2a94b8bda04ff446dcedd42276fc99ee.php Á¨¨ 93 Ë°å.
NOTIC: [8] Undefined variable: data /data/home/bxu2442410262/htdocs/Application/Runtime/Cache/Home/2a94b8bda04ff446dcedd42276fc99ee.php Á¨¨ 172 Ë°å.
NOTIC: [8] Undefined variable: data /data/home/bxu2442410262/htdocs/Application/Runtime/Cache/Home/2a94b8bda04ff446dcedd42276fc99ee.php Á¨¨ 174 Ë°å.
INFO: Run Behavior\ParseTemplateBehavior [ RunTime:0.016463s ]
INFO: [ view_parse ] --END-- [ RunTime:0.016540s ]
INFO: [ view_filter ] --START--
INFO: Run Behavior\WriteHtmlCacheBehavior [ RunTime:0.000352s ]
INFO: [ view_filter ] --END-- [ RunTime:0.000387s ]
INFO: [ app_end ] --START--
INFO: Run Behavior\ShowPageTraceBehavior [ RunTime:0.000744s ]
INFO: [ app_end ] --END-- [ RunTime:0.000790s ]

