[ 2017-05-18T04:43:41+08:00 ] 123.125.67.220 /
INFO: [ app_init ] --START--
INFO: Run Behavior\BuildLiteBehavior [ RunTime:0.000016s ]
INFO: [ app_init ] --END-- [ RunTime:0.000351s ]
INFO: [ app_begin ] --START--
INFO: Run Behavior\ReadHtmlCacheBehavior [ RunTime:0.000455s ]
INFO: [ app_begin ] --END-- [ RunTime:0.000502s ]
SQL: SHOW COLUMNS FROM `tb_article` [ RunTime:0.001789s ]
SQL: SHOW COLUMNS FROM `tb_visitors` [ RunTime:0.001783s ]
SQL: INSERT INTO `tb_visitors` (`ip`,`ipdate`,`address`) VALUES ('123.125.67.220','2017-05-18 04:43:41','中国北京市北京市') [ RunTime:0.005893s ]
SQL: SELECT COUNT(*) AS tp_count FROM `tb_article` LIMIT 1   [ RunTime:0.001613s ]
SQL: SELECT * FROM `tb_article` WHERE ( `ispublic` = '0' ) LIMIT 0,7   [ RunTime:0.004838s ]
SQL: SHOW COLUMNS FROM tb_article_tag as at [ RunTime:0.001230s ]
ERR: 1064:You have an error in your SQL syntax; check the manual that corresponds to your MySQL server version for the right syntax to use near 'as at' at line 1
 [ SQL语句 ] : SHOW COLUMNS FROM tb_article_tag as at
SQL: SELECT * FROM tb_article_tag as at INNER JOIN tb_tag as t on at.tagid=t.id   [ RunTime:0.001712s ]
SQL: SHOW COLUMNS FROM `tb_article` [ RunTime:0.001607s ]
SQL: SELECT * FROM `tb_article` ORDER BY views desc  [ RunTime:0.004650s ]
SQL: SELECT * FROM `tb_article` ORDER BY articletime desc  [ RunTime:0.004867s ]
SQL: SHOW COLUMNS FROM `tb_friendlylink` [ RunTime:0.001579s ]
SQL: SELECT * FROM `tb_friendlylink`  [ RunTime:0.001463s ]
SQL: SHOW COLUMNS FROM `tb_tag` [ RunTime:0.001438s ]
SQL: SELECT * FROM `tb_tag`  [ RunTime:0.001333s ]
SQL: SELECT COUNT(distinct(ip)) AS tp_count FROM `tb_visitors` WHERE ( `ip` = 'ip' ) LIMIT 1   [ RunTime:0.001457s ]
NOTIC: [8] Undefined index: www.zxdphp.site /data/home/bxu2442410262/htdocs/Application/Home/Controller/IndexController.class.php 第 41 行.
INFO: [ view_parse ] --START--
INFO: [ template_filter ] --START--
INFO: Run Behavior\ContentReplaceBehavior [ RunTime:0.000056s ]
INFO: [ template_filter ] --END-- [ RunTime:0.000094s ]
NOTIC: [8] Undefined variable: data /data/home/bxu2442410262/htdocs/Application/Runtime/Cache/Home/2a94b8bda04ff446dcedd42276fc99ee.php 第 172 行.
NOTIC: [8] Undefined variable: data /data/home/bxu2442410262/htdocs/Application/Runtime/Cache/Home/2a94b8bda04ff446dcedd42276fc99ee.php 第 174 行.
INFO: Run Behavior\ParseTemplateBehavior [ RunTime:0.015568s ]
INFO: [ view_parse ] --END-- [ RunTime:0.015610s ]
INFO: [ view_filter ] --START--
INFO: Run Behavior\WriteHtmlCacheBehavior [ RunTime:0.000246s ]
INFO: [ view_filter ] --END-- [ RunTime:0.000281s ]
INFO: [ app_end ] --START--
INFO: Run Behavior\ShowPageTraceBehavior [ RunTime:0.000536s ]
INFO: [ app_end ] --END-- [ RunTime:0.000584s ]

[ 2017-05-18T14:27:37+08:00 ] 38.100.21.69 /
INFO: [ app_init ] --START--
INFO: Run Behavior\BuildLiteBehavior [ RunTime:0.000019s ]
INFO: [ app_init ] --END-- [ RunTime:0.000392s ]
INFO: [ app_begin ] --START--
INFO: Run Behavior\ReadHtmlCacheBehavior [ RunTime:0.000495s ]
INFO: [ app_begin ] --END-- [ RunTime:0.000545s ]
SQL: SHOW COLUMNS FROM `tb_article` [ RunTime:0.001884s ]
SQL: SHOW COLUMNS FROM `tb_visitors` [ RunTime:0.001805s ]
SQL: INSERT INTO `tb_visitors` (`ip`,`ipdate`,`address`) VALUES ('38.100.21.69','2017-05-18 14:27:37','美国') [ RunTime:0.004529s ]
SQL: SELECT COUNT(*) AS tp_count FROM `tb_article` LIMIT 1   [ RunTime:0.001605s ]
SQL: SELECT * FROM `tb_article` WHERE ( `ispublic` = '0' ) LIMIT 0,7   [ RunTime:0.004563s ]
SQL: SHOW COLUMNS FROM tb_article_tag as at [ RunTime:0.001267s ]
ERR: 1064:You have an error in your SQL syntax; check the manual that corresponds to your MySQL server version for the right syntax to use near 'as at' at line 1
 [ SQL语句 ] : SHOW COLUMNS FROM tb_article_tag as at
SQL: SELECT * FROM tb_article_tag as at INNER JOIN tb_tag as t on at.tagid=t.id   [ RunTime:0.002142s ]
SQL: SHOW COLUMNS FROM `tb_article` [ RunTime:0.001629s ]
SQL: SELECT * FROM `tb_article` ORDER BY views desc  [ RunTime:0.004643s ]
SQL: SELECT * FROM `tb_article` ORDER BY articletime desc  [ RunTime:0.004787s ]
SQL: SHOW COLUMNS FROM `tb_friendlylink` [ RunTime:0.001617s ]
SQL: SELECT * FROM `tb_friendlylink`  [ RunTime:0.001560s ]
SQL: SHOW COLUMNS FROM `tb_tag` [ RunTime:0.001517s ]
SQL: SELECT * FROM `tb_tag`  [ RunTime:0.001366s ]
SQL: SELECT COUNT(distinct(ip)) AS tp_count FROM `tb_visitors` WHERE ( `ip` = 'ip' ) LIMIT 1   [ RunTime:0.001538s ]
NOTIC: [8] Undefined index: www.zxdphp.site /data/home/bxu2442410262/htdocs/Application/Home/Controller/IndexController.class.php 第 41 行.
INFO: [ view_parse ] --START--
INFO: [ template_filter ] --START--
INFO: Run Behavior\ContentReplaceBehavior [ RunTime:0.000056s ]
INFO: [ template_filter ] --END-- [ RunTime:0.000095s ]
NOTIC: [8] Undefined variable: data /data/home/bxu2442410262/htdocs/Application/Runtime/Cache/Home/2a94b8bda04ff446dcedd42276fc99ee.php 第 172 行.
NOTIC: [8] Undefined variable: data /data/home/bxu2442410262/htdocs/Application/Runtime/Cache/Home/2a94b8bda04ff446dcedd42276fc99ee.php 第 174 行.
INFO: Run Behavior\ParseTemplateBehavior [ RunTime:0.016784s ]
INFO: [ view_parse ] --END-- [ RunTime:0.016832s ]
INFO: [ view_filter ] --START--
INFO: Run Behavior\WriteHtmlCacheBehavior [ RunTime:0.000255s ]
INFO: [ view_filter ] --END-- [ RunTime:0.000306s ]
INFO: [ app_end ] --START--
INFO: Run Behavior\ShowPageTraceBehavior [ RunTime:0.000518s ]
INFO: [ app_end ] --END-- [ RunTime:0.000560s ]

[ 2017-05-18T14:27:38+08:00 ] 38.100.21.69 /Home/NewList/newdetail/id/4.html
INFO: [ app_init ] --START--
INFO: Run Behavior\BuildLiteBehavior [ RunTime:0.000017s ]
INFO: [ app_init ] --END-- [ RunTime:0.000386s ]
INFO: [ app_begin ] --START--
INFO: Run Behavior\ReadHtmlCacheBehavior [ RunTime:0.000443s ]
INFO: [ app_begin ] --END-- [ RunTime:0.000490s ]
SQL: SHOW COLUMNS FROM `tb_article` [ RunTime:0.001737s ]
SQL: UPDATE `tb_article` SET `views`=views+1 WHERE ( `id` = 4 ) [ RunTime:0.006050s ]
SQL: SELECT * FROM `tb_article` WHERE ( `id` = 4 ) LIMIT 1   [ RunTime:0.001374s ]
SQL: SELECT * FROM `tb_article` WHERE ( id<4 ) ORDER BY id DESC LIMIT 1   [ RunTime:0.001458s ]
SQL: SELECT * FROM `tb_article` WHERE ( id>4 ) ORDER BY id ASC LIMIT 1   [ RunTime:0.001601s ]
INFO: [ view_parse ] --START--
INFO: [ template_filter ] --START--
INFO: Run Behavior\ContentReplaceBehavior [ RunTime:0.000070s ]
INFO: [ template_filter ] --END-- [ RunTime:0.000135s ]
INFO: Run Behavior\ParseTemplateBehavior [ RunTime:0.053957s ]
INFO: [ view_parse ] --END-- [ RunTime:0.054039s ]
INFO: [ view_filter ] --START--
INFO: Run Behavior\WriteHtmlCacheBehavior [ RunTime:0.000261s ]
INFO: [ view_filter ] --END-- [ RunTime:0.000296s ]
INFO: [ app_end ] --START--
INFO: Run Behavior\ShowPageTraceBehavior [ RunTime:0.000661s ]
INFO: [ app_end ] --END-- [ RunTime:0.000707s ]

[ 2017-05-18T14:27:39+08:00 ] 38.100.21.69 /Home/Index/index.html
INFO: [ app_init ] --START--
INFO: Run Behavior\BuildLiteBehavior [ RunTime:0.000017s ]
INFO: [ app_init ] --END-- [ RunTime:0.000392s ]
INFO: [ app_begin ] --START--
INFO: Run Behavior\ReadHtmlCacheBehavior [ RunTime:0.000473s ]
INFO: [ app_begin ] --END-- [ RunTime:0.000541s ]
SQL: SHOW COLUMNS FROM `tb_article` [ RunTime:0.001556s ]
SQL: SHOW COLUMNS FROM `tb_visitors` [ RunTime:0.001764s ]
SQL: INSERT INTO `tb_visitors` (`ip`,`ipdate`,`address`) VALUES ('38.100.21.69','2017-05-18 14:27:39','美国') [ RunTime:0.003681s ]
SQL: SELECT COUNT(*) AS tp_count FROM `tb_article` LIMIT 1   [ RunTime:0.001263s ]
SQL: SELECT * FROM `tb_article` WHERE ( `ispublic` = '0' ) LIMIT 0,7   [ RunTime:0.003995s ]
SQL: SHOW COLUMNS FROM tb_article_tag as at [ RunTime:0.001138s ]
ERR: 1064:You have an error in your SQL syntax; check the manual that corresponds to your MySQL server version for the right syntax to use near 'as at' at line 1
 [ SQL语句 ] : SHOW COLUMNS FROM tb_article_tag as at
SQL: SELECT * FROM tb_article_tag as at INNER JOIN tb_tag as t on at.tagid=t.id   [ RunTime:0.001116s ]
SQL: SHOW COLUMNS FROM `tb_article` [ RunTime:0.001460s ]
SQL: SELECT * FROM `tb_article` ORDER BY views desc  [ RunTime:0.004244s ]
SQL: SELECT * FROM `tb_article` ORDER BY articletime desc  [ RunTime:0.004188s ]
SQL: SHOW COLUMNS FROM `tb_friendlylink` [ RunTime:0.001368s ]
SQL: SELECT * FROM `tb_friendlylink`  [ RunTime:0.001141s ]
SQL: SHOW COLUMNS FROM `tb_tag` [ RunTime:0.001347s ]
SQL: SELECT * FROM `tb_tag`  [ RunTime:0.001195s ]
SQL: SELECT COUNT(distinct(ip)) AS tp_count FROM `tb_visitors` WHERE ( `ip` = 'ip' ) LIMIT 1   [ RunTime:0.001261s ]
NOTIC: [8] Undefined index: www.zxdphp.site /data/home/bxu2442410262/htdocs/Application/Home/Controller/IndexController.class.php 第 41 行.
INFO: [ view_parse ] --START--
INFO: [ template_filter ] --START--
INFO: Run Behavior\ContentReplaceBehavior [ RunTime:0.000056s ]
INFO: [ template_filter ] --END-- [ RunTime:0.000096s ]
NOTIC: [8] Undefined variable: data /data/home/bxu2442410262/htdocs/Application/Runtime/Cache/Home/2a94b8bda04ff446dcedd42276fc99ee.php 第 172 行.
NOTIC: [8] Undefined variable: data /data/home/bxu2442410262/htdocs/Application/Runtime/Cache/Home/2a94b8bda04ff446dcedd42276fc99ee.php 第 174 行.
INFO: Run Behavior\ParseTemplateBehavior [ RunTime:0.016761s ]
INFO: [ view_parse ] --END-- [ RunTime:0.016807s ]
INFO: [ view_filter ] --START--
INFO: Run Behavior\WriteHtmlCacheBehavior [ RunTime:0.000248s ]
INFO: [ view_filter ] --END-- [ RunTime:0.000284s ]
INFO: [ app_end ] --START--
INFO: Run Behavior\ShowPageTraceBehavior [ RunTime:0.000522s ]
INFO: [ app_end ] --END-- [ RunTime:0.000589s ]

[ 2017-05-18T14:27:40+08:00 ] 38.100.21.69 /Home/Index/index/id/10.html
INFO: [ app_init ] --START--
INFO: Run Behavior\BuildLiteBehavior [ RunTime:0.000015s ]
INFO: [ app_init ] --END-- [ RunTime:0.000351s ]
INFO: [ app_begin ] --START--
INFO: Run Behavior\ReadHtmlCacheBehavior [ RunTime:0.000453s ]
INFO: [ app_begin ] --END-- [ RunTime:0.000500s ]
SQL: SHOW COLUMNS FROM `tb_article` [ RunTime:0.001670s ]
SQL: SHOW COLUMNS FROM `tb_visitors` [ RunTime:0.001719s ]
SQL: INSERT INTO `tb_visitors` (`ip`,`ipdate`,`address`) VALUES ('38.100.21.69','2017-05-18 14:27:40','美国') [ RunTime:0.011465s ]
SQL: SELECT COUNT(*) AS tp_count FROM `tb_article` LIMIT 1   [ RunTime:0.001244s ]
SQL: SELECT * FROM `tb_article` WHERE ( `ispublic` = '0' ) LIMIT 0,7   [ RunTime:0.005014s ]
SQL: SHOW COLUMNS FROM tb_article_tag as at [ RunTime:0.001275s ]
ERR: 1064:You have an error in your SQL syntax; check the manual that corresponds to your MySQL server version for the right syntax to use near 'as at' at line 1
 [ SQL语句 ] : SHOW COLUMNS FROM tb_article_tag as at
SQL: SELECT * FROM tb_article_tag as at INNER JOIN tb_tag as t on at.tagid=t.id   [ RunTime:0.001253s ]
SQL: SHOW COLUMNS FROM `tb_article` [ RunTime:0.001650s ]
SQL: SELECT * FROM `tb_article` ORDER BY views desc  [ RunTime:0.004301s ]
SQL: SELECT * FROM `tb_article` ORDER BY articletime desc  [ RunTime:0.004450s ]
SQL: SHOW COLUMNS FROM `tb_friendlylink` [ RunTime:0.001514s ]
SQL: SELECT * FROM `tb_friendlylink`  [ RunTime:0.001239s ]
SQL: SHOW COLUMNS FROM `tb_tag` [ RunTime:0.001457s ]
SQL: SELECT * FROM `tb_tag`  [ RunTime:0.001233s ]
SQL: SELECT COUNT(distinct(ip)) AS tp_count FROM `tb_visitors` WHERE ( `ip` = 'ip' ) LIMIT 1   [ RunTime:0.001450s ]
NOTIC: [8] Undefined index: www.zxdphp.site /data/home/bxu2442410262/htdocs/Application/Home/Controller/IndexController.class.php 第 41 行.
SQL: SHOW COLUMNS FROM tb_article as a [ RunTime:0.001234s ]
ERR: 1064:You have an error in your SQL syntax; check the manual that corresponds to your MySQL server version for the right syntax to use near 'as a' at line 1
 [ SQL语句 ] : SHOW COLUMNS FROM tb_article as a
SQL: SELECT * FROM tb_article as a INNER JOIN tb_article_tag as at on a.id=at.articleid INNER JOIN tb_tag as t on at.tagid=t.id  WHERE ( t.id = '10' )  [ RunTime:0.001448s ]
INFO: [ view_parse ] --START--
INFO: [ template_filter ] --START--
INFO: Run Behavior\ContentReplaceBehavior [ RunTime:0.000062s ]
INFO: [ template_filter ] --END-- [ RunTime:0.000118s ]
NOTIC: [8] Undefined variable: data /data/home/bxu2442410262/htdocs/Application/Runtime/Cache/Home/2a94b8bda04ff446dcedd42276fc99ee.php 第 172 行.
NOTIC: [8] Undefined variable: data /data/home/bxu2442410262/htdocs/Application/Runtime/Cache/Home/2a94b8bda04ff446dcedd42276fc99ee.php 第 174 行.
INFO: Run Behavior\ParseTemplateBehavior [ RunTime:0.015651s ]
INFO: [ view_parse ] --END-- [ RunTime:0.015696s ]
INFO: [ view_filter ] --START--
INFO: Run Behavior\WriteHtmlCacheBehavior [ RunTime:0.000244s ]
INFO: [ view_filter ] --END-- [ RunTime:0.000312s ]
INFO: [ app_end ] --START--
INFO: Run Behavior\ShowPageTraceBehavior [ RunTime:0.000630s ]
INFO: [ app_end ] --END-- [ RunTime:0.000672s ]

[ 2017-05-18T14:27:41+08:00 ] 38.100.21.69 /Home/Index/index/id/14.html
INFO: [ app_init ] --START--
INFO: Run Behavior\BuildLiteBehavior [ RunTime:0.000021s ]
INFO: [ app_init ] --END-- [ RunTime:0.000483s ]
INFO: [ app_begin ] --START--
INFO: Run Behavior\ReadHtmlCacheBehavior [ RunTime:0.000468s ]
INFO: [ app_begin ] --END-- [ RunTime:0.000516s ]
SQL: SHOW COLUMNS FROM `tb_article` [ RunTime:0.001767s ]
SQL: SHOW COLUMNS FROM `tb_visitors` [ RunTime:0.001665s ]
SQL: INSERT INTO `tb_visitors` (`ip`,`ipdate`,`address`) VALUES ('38.100.21.69','2017-05-18 14:27:41','美国') [ RunTime:0.003687s ]
SQL: SELECT COUNT(*) AS tp_count FROM `tb_article` LIMIT 1   [ RunTime:0.001427s ]
SQL: SELECT * FROM `tb_article` WHERE ( `ispublic` = '0' ) LIMIT 0,7   [ RunTime:0.004098s ]
SQL: SHOW COLUMNS FROM tb_article_tag as at [ RunTime:0.001158s ]
ERR: 1064:You have an error in your SQL syntax; check the manual that corresponds to your MySQL server version for the right syntax to use near 'as at' at line 1
 [ SQL语句 ] : SHOW COLUMNS FROM tb_article_tag as at
SQL: SELECT * FROM tb_article_tag as at INNER JOIN tb_tag as t on at.tagid=t.id   [ RunTime:0.001187s ]
SQL: SHOW COLUMNS FROM `tb_article` [ RunTime:0.001611s ]
SQL: SELECT * FROM `tb_article` ORDER BY views desc  [ RunTime:0.004118s ]
SQL: SELECT * FROM `tb_article` ORDER BY articletime desc  [ RunTime:0.003913s ]
SQL: SHOW COLUMNS FROM `tb_friendlylink` [ RunTime:0.001415s ]
SQL: SELECT * FROM `tb_friendlylink`  [ RunTime:0.001170s ]
SQL: SHOW COLUMNS FROM `tb_tag` [ RunTime:0.001355s ]
SQL: SELECT * FROM `tb_tag`  [ RunTime:0.001142s ]
SQL: SELECT COUNT(distinct(ip)) AS tp_count FROM `tb_visitors` WHERE ( `ip` = 'ip' ) LIMIT 1   [ RunTime:0.001393s ]
NOTIC: [8] Undefined index: www.zxdphp.site /data/home/bxu2442410262/htdocs/Application/Home/Controller/IndexController.class.php 第 41 行.
SQL: SHOW COLUMNS FROM tb_article as a [ RunTime:0.001145s ]
ERR: 1064:You have an error in your SQL syntax; check the manual that corresponds to your MySQL server version for the right syntax to use near 'as a' at line 1
 [ SQL语句 ] : SHOW COLUMNS FROM tb_article as a
SQL: SELECT * FROM tb_article as a INNER JOIN tb_article_tag as at on a.id=at.articleid INNER JOIN tb_tag as t on at.tagid=t.id  WHERE ( t.id = '14' )  [ RunTime:0.001389s ]
INFO: [ view_parse ] --START--
INFO: [ template_filter ] --START--
INFO: Run Behavior\ContentReplaceBehavior [ RunTime:0.000077s ]
INFO: [ template_filter ] --END-- [ RunTime:0.000119s ]
NOTIC: [8] Undefined variable: data /data/home/bxu2442410262/htdocs/Application/Runtime/Cache/Home/2a94b8bda04ff446dcedd42276fc99ee.php 第 172 行.
NOTIC: [8] Undefined variable: data /data/home/bxu2442410262/htdocs/Application/Runtime/Cache/Home/2a94b8bda04ff446dcedd42276fc99ee.php 第 174 行.
INFO: Run Behavior\ParseTemplateBehavior [ RunTime:0.014760s ]
INFO: [ view_parse ] --END-- [ RunTime:0.014801s ]
INFO: [ view_filter ] --START--
INFO: Run Behavior\WriteHtmlCacheBehavior [ RunTime:0.000272s ]
INFO: [ view_filter ] --END-- [ RunTime:0.000305s ]
INFO: [ app_end ] --START--
INFO: Run Behavior\ShowPageTraceBehavior [ RunTime:0.000554s ]
INFO: [ app_end ] --END-- [ RunTime:0.000602s ]

[ 2017-05-18T14:27:42+08:00 ] 38.100.21.69 /Home/NewList/newdetail/id/3.html
INFO: [ app_init ] --START--
INFO: Run Behavior\BuildLiteBehavior [ RunTime:0.000016s ]
INFO: [ app_init ] --END-- [ RunTime:0.000369s ]
INFO: [ app_begin ] --START--
INFO: Run Behavior\ReadHtmlCacheBehavior [ RunTime:0.000470s ]
INFO: [ app_begin ] --END-- [ RunTime:0.000517s ]
SQL: SHOW COLUMNS FROM `tb_article` [ RunTime:0.001774s ]
SQL: UPDATE `tb_article` SET `views`=views+1 WHERE ( `id` = 3 ) [ RunTime:0.004096s ]
SQL: SELECT * FROM `tb_article` WHERE ( `id` = 3 ) LIMIT 1   [ RunTime:0.001256s ]
SQL: SELECT * FROM `tb_article` WHERE ( id<3 ) ORDER BY id DESC LIMIT 1   [ RunTime:0.001292s ]
SQL: SELECT * FROM `tb_article` WHERE ( id>3 ) ORDER BY id ASC LIMIT 1   [ RunTime:0.001331s ]
INFO: [ view_parse ] --START--
INFO: [ template_filter ] --START--
INFO: Run Behavior\ContentReplaceBehavior [ RunTime:0.000073s ]
INFO: [ template_filter ] --END-- [ RunTime:0.000136s ]
INFO: Run Behavior\ParseTemplateBehavior [ RunTime:0.010615s ]
INFO: [ view_parse ] --END-- [ RunTime:0.010665s ]
INFO: [ view_filter ] --START--
INFO: Run Behavior\WriteHtmlCacheBehavior [ RunTime:0.000367s ]
INFO: [ view_filter ] --END-- [ RunTime:0.000408s ]
INFO: [ app_end ] --START--
INFO: Run Behavior\ShowPageTraceBehavior [ RunTime:0.000586s ]
INFO: [ app_end ] --END-- [ RunTime:0.002572s ]

[ 2017-05-18T14:27:42+08:00 ] 38.100.21.69 /Home/Index/index/id/5.html
INFO: [ app_init ] --START--
INFO: Run Behavior\BuildLiteBehavior [ RunTime:0.000016s ]
INFO: [ app_init ] --END-- [ RunTime:0.000361s ]
INFO: [ app_begin ] --START--
INFO: Run Behavior\ReadHtmlCacheBehavior [ RunTime:0.000445s ]
INFO: [ app_begin ] --END-- [ RunTime:0.000511s ]
SQL: SHOW COLUMNS FROM `tb_article` [ RunTime:0.001615s ]
SQL: SHOW COLUMNS FROM `tb_visitors` [ RunTime:0.001625s ]
SQL: INSERT INTO `tb_visitors` (`ip`,`ipdate`,`address`) VALUES ('38.100.21.69','2017-05-18 14:27:42','美国') [ RunTime:0.003704s ]
SQL: SELECT COUNT(*) AS tp_count FROM `tb_article` LIMIT 1   [ RunTime:0.001283s ]
SQL: SELECT * FROM `tb_article` WHERE ( `ispublic` = '0' ) LIMIT 0,7   [ RunTime:0.004056s ]
SQL: SHOW COLUMNS FROM tb_article_tag as at [ RunTime:0.001135s ]
ERR: 1064:You have an error in your SQL syntax; check the manual that corresponds to your MySQL server version for the right syntax to use near 'as at' at line 1
 [ SQL语句 ] : SHOW COLUMNS FROM tb_article_tag as at
SQL: SELECT * FROM tb_article_tag as at INNER JOIN tb_tag as t on at.tagid=t.id   [ RunTime:0.001184s ]
SQL: SHOW COLUMNS FROM `tb_article` [ RunTime:0.001471s ]
SQL: SELECT * FROM `tb_article` ORDER BY views desc  [ RunTime:0.004282s ]
SQL: SELECT * FROM `tb_article` ORDER BY articletime desc  [ RunTime:0.004592s ]
SQL: SHOW COLUMNS FROM `tb_friendlylink` [ RunTime:0.001400s ]
SQL: SELECT * FROM `tb_friendlylink`  [ RunTime:0.001172s ]
SQL: SHOW COLUMNS FROM `tb_tag` [ RunTime:0.001416s ]
SQL: SELECT * FROM `tb_tag`  [ RunTime:0.001157s ]
SQL: SELECT COUNT(distinct(ip)) AS tp_count FROM `tb_visitors` WHERE ( `ip` = 'ip' ) LIMIT 1   [ RunTime:0.001604s ]
NOTIC: [8] Undefined index: www.zxdphp.site /data/home/bxu2442410262/htdocs/Application/Home/Controller/IndexController.class.php 第 41 行.
SQL: SHOW COLUMNS FROM tb_article as a [ RunTime:0.001142s ]
ERR: 1064:You have an error in your SQL syntax; check the manual that corresponds to your MySQL server version for the right syntax to use near 'as a' at line 1
 [ SQL语句 ] : SHOW COLUMNS FROM tb_article as a
SQL: SELECT * FROM tb_article as a INNER JOIN tb_article_tag as at on a.id=at.articleid INNER JOIN tb_tag as t on at.tagid=t.id  WHERE ( t.id = '5' )  [ RunTime:0.001474s ]
INFO: [ view_parse ] --START--
INFO: [ template_filter ] --START--
INFO: Run Behavior\ContentReplaceBehavior [ RunTime:0.000057s ]
INFO: [ template_filter ] --END-- [ RunTime:0.000118s ]
NOTIC: [8] Undefined variable: data /data/home/bxu2442410262/htdocs/Application/Runtime/Cache/Home/2a94b8bda04ff446dcedd42276fc99ee.php 第 172 行.
NOTIC: [8] Undefined variable: data /data/home/bxu2442410262/htdocs/Application/Runtime/Cache/Home/2a94b8bda04ff446dcedd42276fc99ee.php 第 174 行.
INFO: Run Behavior\ParseTemplateBehavior [ RunTime:0.015286s ]
INFO: [ view_parse ] --END-- [ RunTime:0.015326s ]
INFO: [ view_filter ] --START--
INFO: Run Behavior\WriteHtmlCacheBehavior [ RunTime:0.000220s ]
INFO: [ view_filter ] --END-- [ RunTime:0.000272s ]
INFO: [ app_end ] --START--
INFO: Run Behavior\ShowPageTraceBehavior [ RunTime:0.000487s ]
INFO: [ app_end ] --END-- [ RunTime:0.000528s ]

[ 2017-05-18T14:27:43+08:00 ] 38.100.21.69 /Home/NewList/newdetail/id/12.html
INFO: [ app_init ] --START--
INFO: Run Behavior\BuildLiteBehavior [ RunTime:0.000018s ]
INFO: [ app_init ] --END-- [ RunTime:0.000415s ]
INFO: [ app_begin ] --START--
INFO: Run Behavior\ReadHtmlCacheBehavior [ RunTime:0.000474s ]
INFO: [ app_begin ] --END-- [ RunTime:0.000522s ]
SQL: SHOW COLUMNS FROM `tb_article` [ RunTime:0.001741s ]
SQL: UPDATE `tb_article` SET `views`=views+1 WHERE ( `id` = 12 ) [ RunTime:0.006809s ]
SQL: SELECT * FROM `tb_article` WHERE ( `id` = 12 ) LIMIT 1   [ RunTime:0.002953s ]
SQL: SELECT * FROM `tb_article` WHERE ( id<12 ) ORDER BY id DESC LIMIT 1   [ RunTime:0.003379s ]
SQL: SELECT * FROM `tb_article` WHERE ( id>12 ) ORDER BY id ASC LIMIT 1   [ RunTime:0.001779s ]
INFO: [ view_parse ] --START--
INFO: [ template_filter ] --START--
INFO: Run Behavior\ContentReplaceBehavior [ RunTime:0.000053s ]
INFO: [ template_filter ] --END-- [ RunTime:0.000092s ]
INFO: Run Behavior\ParseTemplateBehavior [ RunTime:0.009770s ]
INFO: [ view_parse ] --END-- [ RunTime:0.009815s ]
INFO: [ view_filter ] --START--
INFO: Run Behavior\WriteHtmlCacheBehavior [ RunTime:0.000242s ]
INFO: [ view_filter ] --END-- [ RunTime:0.000276s ]
INFO: [ app_end ] --START--
INFO: Run Behavior\ShowPageTraceBehavior [ RunTime:0.000617s ]
INFO: [ app_end ] --END-- [ RunTime:0.000661s ]

[ 2017-05-18T14:27:43+08:00 ] 38.100.21.69 /Home/NewList/newdetail/id/6.html
INFO: [ app_init ] --START--
INFO: Run Behavior\BuildLiteBehavior [ RunTime:0.000022s ]
INFO: [ app_init ] --END-- [ RunTime:0.000572s ]
INFO: [ app_begin ] --START--
INFO: Run Behavior\ReadHtmlCacheBehavior [ RunTime:0.000435s ]
INFO: [ app_begin ] --END-- [ RunTime:0.000482s ]
SQL: SHOW COLUMNS FROM `tb_article` [ RunTime:0.001505s ]
SQL: UPDATE `tb_article` SET `views`=views+1 WHERE ( `id` = 6 ) [ RunTime:0.004002s ]
SQL: SELECT * FROM `tb_article` WHERE ( `id` = 6 ) LIMIT 1   [ RunTime:0.001260s ]
SQL: SELECT * FROM `tb_article` WHERE ( id<6 ) ORDER BY id DESC LIMIT 1   [ RunTime:0.001354s ]
SQL: SELECT * FROM `tb_article` WHERE ( id>6 ) ORDER BY id ASC LIMIT 1   [ RunTime:0.002565s ]
INFO: [ view_parse ] --START--
INFO: [ template_filter ] --START--
INFO: Run Behavior\ContentReplaceBehavior [ RunTime:0.000056s ]
INFO: [ template_filter ] --END-- [ RunTime:0.000096s ]
INFO: Run Behavior\ParseTemplateBehavior [ RunTime:0.009521s ]
INFO: [ view_parse ] --END-- [ RunTime:0.009588s ]
INFO: [ view_filter ] --START--
INFO: Run Behavior\WriteHtmlCacheBehavior [ RunTime:0.000215s ]
INFO: [ view_filter ] --END-- [ RunTime:0.000248s ]
INFO: [ app_end ] --START--
INFO: Run Behavior\ShowPageTraceBehavior [ RunTime:0.000522s ]
INFO: [ app_end ] --END-- [ RunTime:0.000565s ]

[ 2017-05-18T15:40:31+08:00 ] 202.173.11.239 /
INFO: [ app_init ] --START--
INFO: Run Behavior\BuildLiteBehavior [ RunTime:0.000019s ]
INFO: [ app_init ] --END-- [ RunTime:0.000371s ]
INFO: [ app_begin ] --START--
INFO: Run Behavior\ReadHtmlCacheBehavior [ RunTime:0.000461s ]
INFO: [ app_begin ] --END-- [ RunTime:0.000511s ]
SQL: SHOW COLUMNS FROM `tb_article` [ RunTime:0.001911s ]
SQL: SHOW COLUMNS FROM `tb_visitors` [ RunTime:0.002048s ]
SQL: INSERT INTO `tb_visitors` (`ip`,`ipdate`,`address`) VALUES ('202.173.11.239','2017-05-18 15:40:30','中国北京市北京市') [ RunTime:0.004340s ]
SQL: SELECT COUNT(*) AS tp_count FROM `tb_article` LIMIT 1   [ RunTime:0.001710s ]
SQL: SELECT * FROM `tb_article` WHERE ( `ispublic` = '0' ) LIMIT 0,7   [ RunTime:0.005073s ]
SQL: SHOW COLUMNS FROM tb_article_tag as at [ RunTime:0.001379s ]
ERR: 1064:You have an error in your SQL syntax; check the manual that corresponds to your MySQL server version for the right syntax to use near 'as at' at line 1
 [ SQL语句 ] : SHOW COLUMNS FROM tb_article_tag as at
SQL: SELECT * FROM tb_article_tag as at INNER JOIN tb_tag as t on at.tagid=t.id   [ RunTime:0.001935s ]
SQL: SHOW COLUMNS FROM `tb_article` [ RunTime:0.001739s ]
SQL: SELECT * FROM `tb_article` ORDER BY views desc  [ RunTime:0.005270s ]
SQL: SELECT * FROM `tb_article` ORDER BY articletime desc  [ RunTime:0.005016s ]
SQL: SHOW COLUMNS FROM `tb_friendlylink` [ RunTime:0.001773s ]
SQL: SELECT * FROM `tb_friendlylink`  [ RunTime:0.001600s ]
SQL: SHOW COLUMNS FROM `tb_tag` [ RunTime:0.001639s ]
SQL: SELECT * FROM `tb_tag`  [ RunTime:0.001457s ]
SQL: SELECT COUNT(distinct(ip)) AS tp_count FROM `tb_visitors` WHERE ( `ip` = 'ip' ) LIMIT 1   [ RunTime:0.001634s ]
NOTIC: [8] Undefined index: www.zxdphp.site /data/home/bxu2442410262/htdocs/Application/Home/Controller/IndexController.class.php 第 41 行.
INFO: [ view_parse ] --START--
INFO: [ template_filter ] --START--
INFO: Run Behavior\ContentReplaceBehavior [ RunTime:0.000053s ]
INFO: [ template_filter ] --END-- [ RunTime:0.000092s ]
NOTIC: [8] Undefined variable: data /data/home/bxu2442410262/htdocs/Application/Runtime/Cache/Home/2a94b8bda04ff446dcedd42276fc99ee.php 第 172 行.
NOTIC: [8] Undefined variable: data /data/home/bxu2442410262/htdocs/Application/Runtime/Cache/Home/2a94b8bda04ff446dcedd42276fc99ee.php 第 174 行.
INFO: Run Behavior\ParseTemplateBehavior [ RunTime:0.015332s ]
INFO: [ view_parse ] --END-- [ RunTime:0.015374s ]
INFO: [ view_filter ] --START--
INFO: Run Behavior\WriteHtmlCacheBehavior [ RunTime:0.000239s ]
INFO: [ view_filter ] --END-- [ RunTime:0.000275s ]
INFO: [ app_end ] --START--
INFO: Run Behavior\ShowPageTraceBehavior [ RunTime:0.000503s ]
INFO: [ app_end ] --END-- [ RunTime:0.000568s ]

[ 2017-05-18T17:04:42+08:00 ] 202.173.11.239 /
INFO: [ app_init ] --START--
INFO: Run Behavior\BuildLiteBehavior [ RunTime:0.000020s ]
INFO: [ app_init ] --END-- [ RunTime:0.000451s ]
INFO: [ app_begin ] --START--
INFO: Run Behavior\ReadHtmlCacheBehavior [ RunTime:0.000470s ]
INFO: [ app_begin ] --END-- [ RunTime:0.000518s ]
SQL: SHOW COLUMNS FROM `tb_article` [ RunTime:0.001826s ]
SQL: SHOW COLUMNS FROM `tb_visitors` [ RunTime:0.001715s ]
SQL: INSERT INTO `tb_visitors` (`ip`,`ipdate`,`address`) VALUES ('202.173.11.239','2017-05-18 17:04:42','中国北京市北京市') [ RunTime:0.006429s ]
SQL: SELECT COUNT(*) AS tp_count FROM `tb_article` LIMIT 1   [ RunTime:0.001451s ]
SQL: SELECT * FROM `tb_article` WHERE ( `ispublic` = '0' ) LIMIT 0,7   [ RunTime:0.004331s ]
SQL: SHOW COLUMNS FROM tb_article_tag as at [ RunTime:0.001128s ]
ERR: 1064:You have an error in your SQL syntax; check the manual that corresponds to your MySQL server version for the right syntax to use near 'as at' at line 1
 [ SQL语句 ] : SHOW COLUMNS FROM tb_article_tag as at
SQL: SELECT * FROM tb_article_tag as at INNER JOIN tb_tag as t on at.tagid=t.id   [ RunTime:0.001604s ]
SQL: SHOW COLUMNS FROM `tb_article` [ RunTime:0.001453s ]
SQL: SELECT * FROM `tb_article` ORDER BY views desc  [ RunTime:0.004698s ]
SQL: SELECT * FROM `tb_article` ORDER BY articletime desc  [ RunTime:0.004463s ]
SQL: SHOW COLUMNS FROM `tb_friendlylink` [ RunTime:0.001623s ]
SQL: SELECT * FROM `tb_friendlylink`  [ RunTime:0.001284s ]
SQL: SHOW COLUMNS FROM `tb_tag` [ RunTime:0.001283s ]
SQL: SELECT * FROM `tb_tag`  [ RunTime:0.001198s ]
SQL: SELECT COUNT(distinct(ip)) AS tp_count FROM `tb_visitors` WHERE ( `ip` = 'ip' ) LIMIT 1   [ RunTime:0.001643s ]
NOTIC: [8] Undefined index: www.zxdphp.site /data/home/bxu2442410262/htdocs/Application/Home/Controller/IndexController.class.php 第 41 行.
INFO: [ view_parse ] --START--
INFO: [ template_filter ] --START--
INFO: Run Behavior\ContentReplaceBehavior [ RunTime:0.000053s ]
INFO: [ template_filter ] --END-- [ RunTime:0.000092s ]
NOTIC: [8] Undefined variable: data /data/home/bxu2442410262/htdocs/Application/Runtime/Cache/Home/2a94b8bda04ff446dcedd42276fc99ee.php 第 172 行.
NOTIC: [8] Undefined variable: data /data/home/bxu2442410262/htdocs/Application/Runtime/Cache/Home/2a94b8bda04ff446dcedd42276fc99ee.php 第 174 行.
INFO: Run Behavior\ParseTemplateBehavior [ RunTime:0.017441s ]
INFO: [ view_parse ] --END-- [ RunTime:0.017517s ]
INFO: [ view_filter ] --START--
INFO: Run Behavior\WriteHtmlCacheBehavior [ RunTime:0.000225s ]
INFO: [ view_filter ] --END-- [ RunTime:0.000260s ]
INFO: [ app_end ] --START--
INFO: Run Behavior\ShowPageTraceBehavior [ RunTime:0.000662s ]
INFO: [ app_end ] --END-- [ RunTime:0.000740s ]

[ 2017-05-18T17:33:38+08:00 ] 113.118.187.224 /admin
INFO: [ app_init ] --START--
INFO: Run Behavior\BuildLiteBehavior [ RunTime:0.000016s ]
INFO: [ app_init ] --END-- [ RunTime:0.000386s ]
INFO: [ app_begin ] --START--
INFO: Run Behavior\ReadHtmlCacheBehavior [ RunTime:0.000623s ]
INFO: [ app_begin ] --END-- [ RunTime:0.000683s ]
INFO: [ view_parse ] --START--
INFO: [ template_filter ] --START--
INFO: Run Behavior\ContentReplaceBehavior [ RunTime:0.000041s ]
INFO: [ template_filter ] --END-- [ RunTime:0.000092s ]
INFO: Run Behavior\ParseTemplateBehavior [ RunTime:0.019727s ]
INFO: [ view_parse ] --END-- [ RunTime:0.019798s ]
INFO: [ view_filter ] --START--
INFO: Run Behavior\WriteHtmlCacheBehavior [ RunTime:0.000338s ]
INFO: [ view_filter ] --END-- [ RunTime:0.000379s ]
INFO: [ app_end ] --START--
INFO: Run Behavior\ShowPageTraceBehavior [ RunTime:0.000529s ]
INFO: [ app_end ] --END-- [ RunTime:0.000574s ]

[ 2017-05-18T17:33:48+08:00 ] 101.226.33.217 /admin
INFO: [ app_init ] --START--
INFO: Run Behavior\BuildLiteBehavior [ RunTime:0.000016s ]
INFO: [ app_init ] --END-- [ RunTime:0.000358s ]
INFO: [ app_begin ] --START--
INFO: Run Behavior\ReadHtmlCacheBehavior [ RunTime:0.000565s ]
INFO: [ app_begin ] --END-- [ RunTime:0.000612s ]
INFO: [ view_parse ] --START--
INFO: [ template_filter ] --START--
INFO: Run Behavior\ContentReplaceBehavior [ RunTime:0.000036s ]
INFO: [ template_filter ] --END-- [ RunTime:0.000082s ]
INFO: Run Behavior\ParseTemplateBehavior [ RunTime:0.005311s ]
INFO: [ view_parse ] --END-- [ RunTime:0.005357s ]
INFO: [ view_filter ] --START--
INFO: Run Behavior\WriteHtmlCacheBehavior [ RunTime:0.000220s ]
INFO: [ view_filter ] --END-- [ RunTime:0.000252s ]
INFO: [ app_end ] --START--
INFO: Run Behavior\ShowPageTraceBehavior [ RunTime:0.000477s ]
INFO: [ app_end ] --END-- [ RunTime:0.000515s ]

[ 2017-05-18T17:33:51+08:00 ] 180.153.206.21 /admin
INFO: [ app_init ] --START--
INFO: Run Behavior\BuildLiteBehavior [ RunTime:0.000019s ]
INFO: [ app_init ] --END-- [ RunTime:0.000393s ]
INFO: [ app_begin ] --START--
INFO: Run Behavior\ReadHtmlCacheBehavior [ RunTime:0.000594s ]
INFO: [ app_begin ] --END-- [ RunTime:0.000643s ]
INFO: [ view_parse ] --START--
INFO: [ template_filter ] --START--
INFO: Run Behavior\ContentReplaceBehavior [ RunTime:0.000044s ]
INFO: [ template_filter ] --END-- [ RunTime:0.000109s ]
INFO: Run Behavior\ParseTemplateBehavior [ RunTime:0.005923s ]
INFO: [ view_parse ] --END-- [ RunTime:0.005968s ]
INFO: [ view_filter ] --START--
INFO: Run Behavior\WriteHtmlCacheBehavior [ RunTime:0.000346s ]
INFO: [ view_filter ] --END-- [ RunTime:0.000380s ]
INFO: [ app_end ] --START--
INFO: Run Behavior\ShowPageTraceBehavior [ RunTime:0.000562s ]
INFO: [ app_end ] --END-- [ RunTime:0.000609s ]

[ 2017-05-18T18:33:24+08:00 ] 113.118.187.224 /Admin/Login/check
INFO: [ app_init ] --START--
INFO: Run Behavior\BuildLiteBehavior [ RunTime:0.000020s ]
INFO: [ app_init ] --END-- [ RunTime:0.000466s ]
INFO: [ app_begin ] --START--
INFO: Run Behavior\ReadHtmlCacheBehavior [ RunTime:0.000596s ]
INFO: [ app_begin ] --END-- [ RunTime:0.000644s ]
SQL: SHOW COLUMNS FROM `tb_admin` [ RunTime:0.001747s ]
SQL: SELECT * FROM `tb_admin` WHERE ( `username` = 'admin' ) AND ( `password` = 'd033e22ae348aeb5660fc2140aec35850c4da997' ) LIMIT 1   [ RunTime:0.001542s ]
INFO: [ view_parse ] --START--
INFO: [ template_filter ] --START--
INFO: Run Behavior\ContentReplaceBehavior [ RunTime:0.000029s ]
INFO: [ template_filter ] --END-- [ RunTime:0.000073s ]
INFO: Run Behavior\ParseTemplateBehavior [ RunTime:0.005567s ]
INFO: [ view_parse ] --END-- [ RunTime:0.005620s ]
INFO: [ view_filter ] --START--
INFO: Run Behavior\WriteHtmlCacheBehavior [ RunTime:0.000249s ]
INFO: [ view_filter ] --END-- [ RunTime:0.000282s ]
INFO: [ app_end ] --START--
INFO: Run Behavior\ShowPageTraceBehavior [ RunTime:0.000681s ]
INFO: [ app_end ] --END-- [ RunTime:0.000727s ]

[ 2017-05-18T18:33:26+08:00 ] 113.118.187.224 /
INFO: [ app_init ] --START--
INFO: Run Behavior\BuildLiteBehavior [ RunTime:0.000016s ]
INFO: [ app_init ] --END-- [ RunTime:0.000368s ]
INFO: [ app_begin ] --START--
INFO: Run Behavior\ReadHtmlCacheBehavior [ RunTime:0.000434s ]
INFO: [ app_begin ] --END-- [ RunTime:0.000481s ]
SQL: SHOW COLUMNS FROM `tb_article` [ RunTime:0.001906s ]
SQL: SHOW COLUMNS FROM `tb_visitors` [ RunTime:0.002109s ]
SQL: INSERT INTO `tb_visitors` (`ip`,`ipdate`,`address`) VALUES ('113.118.187.224','2017-05-18 18:33:26','中国广东省深圳市') [ RunTime:0.004600s ]
SQL: SELECT COUNT(*) AS tp_count FROM `tb_article` LIMIT 1   [ RunTime:0.001704s ]
SQL: SELECT * FROM `tb_article` WHERE ( `ispublic` = '0' ) LIMIT 0,7   [ RunTime:0.005254s ]
SQL: SHOW COLUMNS FROM tb_article_tag as at [ RunTime:0.001394s ]
ERR: 1064:You have an error in your SQL syntax; check the manual that corresponds to your MySQL server version for the right syntax to use near 'as at' at line 1
 [ SQL语句 ] : SHOW COLUMNS FROM tb_article_tag as at
SQL: SELECT * FROM tb_article_tag as at INNER JOIN tb_tag as t on at.tagid=t.id   [ RunTime:0.001934s ]
SQL: SHOW COLUMNS FROM `tb_article` [ RunTime:0.001724s ]
SQL: SELECT * FROM `tb_article` ORDER BY views desc  [ RunTime:0.005104s ]
SQL: SELECT * FROM `tb_article` ORDER BY articletime desc  [ RunTime:0.005225s ]
SQL: SHOW COLUMNS FROM `tb_friendlylink` [ RunTime:0.001704s ]
SQL: SELECT * FROM `tb_friendlylink`  [ RunTime:0.001791s ]
SQL: SHOW COLUMNS FROM `tb_tag` [ RunTime:0.001736s ]
SQL: SELECT * FROM `tb_tag`  [ RunTime:0.001457s ]
SQL: SELECT COUNT(distinct(ip)) AS tp_count FROM `tb_visitors` WHERE ( `ip` = 'ip' ) LIMIT 1   [ RunTime:0.001710s ]
NOTIC: [8] Undefined index: www.zxdphp.site /data/home/bxu2442410262/htdocs/Application/Home/Controller/IndexController.class.php 第 41 行.
INFO: [ view_parse ] --START--
INFO: [ template_filter ] --START--
INFO: Run Behavior\ContentReplaceBehavior [ RunTime:0.000056s ]
INFO: [ template_filter ] --END-- [ RunTime:0.000095s ]
NOTIC: [8] Undefined variable: data /data/home/bxu2442410262/htdocs/Application/Runtime/Cache/Home/2a94b8bda04ff446dcedd42276fc99ee.php 第 172 行.
NOTIC: [8] Undefined variable: data /data/home/bxu2442410262/htdocs/Application/Runtime/Cache/Home/2a94b8bda04ff446dcedd42276fc99ee.php 第 174 行.
INFO: Run Behavior\ParseTemplateBehavior [ RunTime:0.016328s ]
INFO: [ view_parse ] --END-- [ RunTime:0.016371s ]
INFO: [ view_filter ] --START--
INFO: Run Behavior\WriteHtmlCacheBehavior [ RunTime:0.000234s ]
INFO: [ view_filter ] --END-- [ RunTime:0.000384s ]
INFO: [ app_end ] --START--
INFO: Run Behavior\ShowPageTraceBehavior [ RunTime:0.000669s ]
INFO: [ app_end ] --END-- [ RunTime:0.000815s ]

[ 2017-05-18T18:33:26+08:00 ] 113.118.187.224 /Admin/Index/index.html
INFO: [ app_init ] --START--
INFO: Run Behavior\BuildLiteBehavior [ RunTime:0.000016s ]
INFO: [ app_init ] --END-- [ RunTime:0.000362s ]
INFO: [ app_begin ] --START--
INFO: Run Behavior\ReadHtmlCacheBehavior [ RunTime:0.000573s ]
INFO: [ app_begin ] --END-- [ RunTime:0.000620s ]
NOTIC: [2] mysql_get_server_info(): Can't connect to local MySQL server through socket '/tmp/mysql.sock' (2) /data/home/bxu2442410262/htdocs/Application/Admin/Controller/IndexController.class.php 第 18 行.
NOTIC: [2] mysql_get_server_info(): A link to the server could not be established /data/home/bxu2442410262/htdocs/Application/Admin/Controller/IndexController.class.php 第 18 行.
SQL: SHOW COLUMNS FROM `tb_friendlylink` [ RunTime:0.004061s ]
SQL: SELECT COUNT(*) AS tp_count FROM `tb_friendlylink` LIMIT 1   [ RunTime:0.001308s ]
SQL: SHOW COLUMNS FROM `tb_article` [ RunTime:0.001452s ]
SQL: SELECT COUNT(*) AS tp_count FROM `tb_article` LIMIT 1   [ RunTime:0.001074s ]
INFO: [ view_parse ] --START--
INFO: [ template_filter ] --START--
INFO: Run Behavior\ContentReplaceBehavior [ RunTime:0.000060s ]
INFO: [ template_filter ] --END-- [ RunTime:0.000102s ]
INFO: Run Behavior\ParseTemplateBehavior [ RunTime:0.013312s ]
INFO: [ view_parse ] --END-- [ RunTime:0.013360s ]
INFO: [ view_filter ] --START--
INFO: Run Behavior\WriteHtmlCacheBehavior [ RunTime:0.000251s ]
INFO: [ view_filter ] --END-- [ RunTime:0.000284s ]
INFO: [ app_end ] --START--
INFO: Run Behavior\ShowPageTraceBehavior [ RunTime:0.000508s ]
INFO: [ app_end ] --END-- [ RunTime:0.000551s ]

[ 2017-05-18T18:33:34+08:00 ] 113.118.187.224 /Admin/Mood/select.html
INFO: [ app_init ] --START--
INFO: Run Behavior\BuildLiteBehavior [ RunTime:0.000040s ]
INFO: [ app_init ] --END-- [ RunTime:0.000432s ]
INFO: [ app_begin ] --START--
INFO: Run Behavior\ReadHtmlCacheBehavior [ RunTime:0.000600s ]
INFO: [ app_begin ] --END-- [ RunTime:0.000655s ]
SQL: SHOW COLUMNS FROM `tb_mood` [ RunTime:0.001864s ]
SQL: SELECT * FROM `tb_mood`  [ RunTime:0.001519s ]
INFO: [ view_parse ] --START--
INFO: [ template_filter ] --START--
INFO: Run Behavior\ContentReplaceBehavior [ RunTime:0.000121s ]
INFO: [ template_filter ] --END-- [ RunTime:0.000205s ]
NOTIC: [8] Undefined index: mood_id /data/home/bxu2442410262/htdocs/Application/Runtime/Cache/Admin/631ccf427e6d9c983d7e3b5d93fa00bf.php 第 128 行.
NOTIC: [8] Undefined index: mood_id /data/home/bxu2442410262/htdocs/Application/Runtime/Cache/Admin/631ccf427e6d9c983d7e3b5d93fa00bf.php 第 128 行.
NOTIC: [8] Undefined index: mood_id /data/home/bxu2442410262/htdocs/Application/Runtime/Cache/Admin/631ccf427e6d9c983d7e3b5d93fa00bf.php 第 128 行.
INFO: Run Behavior\ParseTemplateBehavior [ RunTime:0.011138s ]
INFO: [ view_parse ] --END-- [ RunTime:0.011191s ]
INFO: [ view_filter ] --START--
INFO: Run Behavior\WriteHtmlCacheBehavior [ RunTime:0.000239s ]
INFO: [ view_filter ] --END-- [ RunTime:0.000271s ]
INFO: [ app_end ] --START--
INFO: Run Behavior\ShowPageTraceBehavior [ RunTime:0.000518s ]
INFO: [ app_end ] --END-- [ RunTime:0.000575s ]

[ 2017-05-18T18:33:36+08:00 ] 101.226.33.237 /Admin/Index/index.html
INFO: [ app_init ] --START--
INFO: Run Behavior\BuildLiteBehavior [ RunTime:0.000013s ]
INFO: [ app_init ] --END-- [ RunTime:0.000352s ]
INFO: [ app_begin ] --START--
INFO: Run Behavior\ReadHtmlCacheBehavior [ RunTime:0.000666s ]
INFO: [ app_begin ] --END-- [ RunTime:0.000714s ]
NOTIC: [2] mysql_get_server_info(): Can't connect to local MySQL server through socket '/tmp/mysql.sock' (2) /data/home/bxu2442410262/htdocs/Application/Admin/Controller/IndexController.class.php 第 18 行.
NOTIC: [2] mysql_get_server_info(): A link to the server could not be established /data/home/bxu2442410262/htdocs/Application/Admin/Controller/IndexController.class.php 第 18 行.
SQL: SHOW COLUMNS FROM `tb_friendlylink` [ RunTime:0.001462s ]
SQL: SELECT COUNT(*) AS tp_count FROM `tb_friendlylink` LIMIT 1   [ RunTime:0.001111s ]
SQL: SHOW COLUMNS FROM `tb_article` [ RunTime:0.001360s ]
SQL: SELECT COUNT(*) AS tp_count FROM `tb_article` LIMIT 1   [ RunTime:0.001082s ]
INFO: [ view_parse ] --START--
INFO: [ template_filter ] --START--
INFO: Run Behavior\ContentReplaceBehavior [ RunTime:0.000060s ]
INFO: [ template_filter ] --END-- [ RunTime:0.000100s ]
INFO: Run Behavior\ParseTemplateBehavior [ RunTime:0.011838s ]
INFO: [ view_parse ] --END-- [ RunTime:0.011974s ]
INFO: [ view_filter ] --START--
INFO: Run Behavior\WriteHtmlCacheBehavior [ RunTime:0.000234s ]
INFO: [ view_filter ] --END-- [ RunTime:0.000267s ]
INFO: [ app_end ] --START--
INFO: Run Behavior\ShowPageTraceBehavior [ RunTime:0.000508s ]
INFO: [ app_end ] --END-- [ RunTime:0.000556s ]

[ 2017-05-18T18:33:36+08:00 ] 180.163.2.118 /
INFO: [ app_init ] --START--
INFO: Run Behavior\BuildLiteBehavior [ RunTime:0.000015s ]
INFO: [ app_init ] --END-- [ RunTime:0.000380s ]
INFO: [ app_begin ] --START--
INFO: Run Behavior\ReadHtmlCacheBehavior [ RunTime:0.000454s ]
INFO: [ app_begin ] --END-- [ RunTime:0.000501s ]
SQL: SHOW COLUMNS FROM `tb_article` [ RunTime:0.001633s ]
SQL: SHOW COLUMNS FROM `tb_visitors` [ RunTime:0.001470s ]
SQL: INSERT INTO `tb_visitors` (`ip`,`ipdate`,`address`) VALUES ('180.163.2.118','2017-05-18 18:33:36','中国上海市上海市') [ RunTime:0.004396s ]
SQL: SELECT COUNT(*) AS tp_count FROM `tb_article` LIMIT 1   [ RunTime:0.001096s ]
SQL: SELECT * FROM `tb_article` WHERE ( `ispublic` = '0' ) LIMIT 0,7   [ RunTime:0.004361s ]
SQL: SHOW COLUMNS FROM tb_article_tag as at [ RunTime:0.001091s ]
ERR: 1064:You have an error in your SQL syntax; check the manual that corresponds to your MySQL server version for the right syntax to use near 'as at' at line 1
 [ SQL语句 ] : SHOW COLUMNS FROM tb_article_tag as at
SQL: SELECT * FROM tb_article_tag as at INNER JOIN tb_tag as t on at.tagid=t.id   [ RunTime:0.001134s ]
SQL: SHOW COLUMNS FROM `tb_article` [ RunTime:0.001395s ]
SQL: SELECT * FROM `tb_article` ORDER BY views desc  [ RunTime:0.006056s ]
SQL: SELECT * FROM `tb_article` ORDER BY articletime desc  [ RunTime:0.004325s ]
SQL: SHOW COLUMNS FROM `tb_friendlylink` [ RunTime:0.001429s ]
SQL: SELECT * FROM `tb_friendlylink`  [ RunTime:0.001173s ]
SQL: SHOW COLUMNS FROM `tb_tag` [ RunTime:0.001319s ]
SQL: SELECT * FROM `tb_tag`  [ RunTime:0.001073s ]
SQL: SELECT COUNT(distinct(ip)) AS tp_count FROM `tb_visitors` WHERE ( `ip` = 'ip' ) LIMIT 1   [ RunTime:0.001289s ]
NOTIC: [8] Undefined index: www.zxdphp.site /data/home/bxu2442410262/htdocs/Application/Home/Controller/IndexController.class.php 第 41 行.
INFO: [ view_parse ] --START--
INFO: [ template_filter ] --START--
INFO: Run Behavior\ContentReplaceBehavior [ RunTime:0.000057s ]
INFO: [ template_filter ] --END-- [ RunTime:0.000106s ]
NOTIC: [8] Undefined variable: data /data/home/bxu2442410262/htdocs/Application/Runtime/Cache/Home/2a94b8bda04ff446dcedd42276fc99ee.php 第 172 行.
NOTIC: [8] Undefined variable: data /data/home/bxu2442410262/htdocs/Application/Runtime/Cache/Home/2a94b8bda04ff446dcedd42276fc99ee.php 第 174 行.
INFO: Run Behavior\ParseTemplateBehavior [ RunTime:0.016320s ]
INFO: [ view_parse ] --END-- [ RunTime:0.016363s ]
INFO: [ view_filter ] --START--
INFO: Run Behavior\WriteHtmlCacheBehavior [ RunTime:0.000229s ]
INFO: [ view_filter ] --END-- [ RunTime:0.000265s ]
INFO: [ app_end ] --START--
INFO: Run Behavior\ShowPageTraceBehavior [ RunTime:0.000577s ]
INFO: [ app_end ] --END-- [ RunTime:0.000614s ]

[ 2017-05-18T18:33:39+08:00 ] 113.118.187.224 /Admin/Mood/add
INFO: [ app_init ] --START--
INFO: Run Behavior\BuildLiteBehavior [ RunTime:0.000016s ]
INFO: [ app_init ] --END-- [ RunTime:0.000394s ]
INFO: [ app_begin ] --START--
INFO: Run Behavior\ReadHtmlCacheBehavior [ RunTime:0.000565s ]
INFO: [ app_begin ] --END-- [ RunTime:0.000612s ]
INFO: [ view_parse ] --START--
INFO: [ template_filter ] --START--
INFO: Run Behavior\ContentReplaceBehavior [ RunTime:0.000094s ]
INFO: [ template_filter ] --END-- [ RunTime:0.000167s ]
INFO: Run Behavior\ParseTemplateBehavior [ RunTime:0.010430s ]
INFO: [ view_parse ] --END-- [ RunTime:0.010475s ]
INFO: [ view_filter ] --START--
INFO: Run Behavior\WriteHtmlCacheBehavior [ RunTime:0.000228s ]
INFO: [ view_filter ] --END-- [ RunTime:0.000260s ]
INFO: [ app_end ] --START--
INFO: Run Behavior\ShowPageTraceBehavior [ RunTime:0.000485s ]
INFO: [ app_end ] --END-- [ RunTime:0.000545s ]

[ 2017-05-18T18:33:40+08:00 ] 180.153.214.182 /
INFO: [ app_init ] --START--
INFO: Run Behavior\BuildLiteBehavior [ RunTime:0.000016s ]
INFO: [ app_init ] --END-- [ RunTime:0.000403s ]
INFO: [ app_begin ] --START--
INFO: Run Behavior\ReadHtmlCacheBehavior [ RunTime:0.000454s ]
INFO: [ app_begin ] --END-- [ RunTime:0.000502s ]
SQL: SHOW COLUMNS FROM `tb_article` [ RunTime:0.001792s ]
SQL: SHOW COLUMNS FROM `tb_visitors` [ RunTime:0.001773s ]
SQL: INSERT INTO `tb_visitors` (`ip`,`ipdate`,`address`) VALUES ('180.153.214.182','2017-05-18 18:33:39','中国上海市上海市') [ RunTime:0.004136s ]
SQL: SELECT COUNT(*) AS tp_count FROM `tb_article` LIMIT 1   [ RunTime:0.001218s ]
SQL: SELECT * FROM `tb_article` WHERE ( `ispublic` = '0' ) LIMIT 0,7   [ RunTime:0.004322s ]
SQL: SHOW COLUMNS FROM tb_article_tag as at [ RunTime:0.001262s ]
ERR: 1064:You have an error in your SQL syntax; check the manual that corresponds to your MySQL server version for the right syntax to use near 'as at' at line 1
 [ SQL语句 ] : SHOW COLUMNS FROM tb_article_tag as at
SQL: SELECT * FROM tb_article_tag as at INNER JOIN tb_tag as t on at.tagid=t.id   [ RunTime:0.001249s ]
SQL: SHOW COLUMNS FROM `tb_article` [ RunTime:0.001613s ]
SQL: SELECT * FROM `tb_article` ORDER BY views desc  [ RunTime:0.004650s ]
SQL: SELECT * FROM `tb_article` ORDER BY articletime desc  [ RunTime:0.004673s ]
SQL: SHOW COLUMNS FROM `tb_friendlylink` [ RunTime:0.001504s ]
SQL: SELECT * FROM `tb_friendlylink`  [ RunTime:0.001229s ]
SQL: SHOW COLUMNS FROM `tb_tag` [ RunTime:0.001516s ]
SQL: SELECT * FROM `tb_tag`  [ RunTime:0.001207s ]
SQL: SELECT COUNT(distinct(ip)) AS tp_count FROM `tb_visitors` WHERE ( `ip` = 'ip' ) LIMIT 1   [ RunTime:0.001630s ]
NOTIC: [8] Undefined index: www.zxdphp.site /data/home/bxu2442410262/htdocs/Application/Home/Controller/IndexController.class.php 第 41 行.
INFO: [ view_parse ] --START--
INFO: [ template_filter ] --START--
INFO: Run Behavior\ContentReplaceBehavior [ RunTime:0.000056s ]
INFO: [ template_filter ] --END-- [ RunTime:0.000096s ]
NOTIC: [8] Undefined variable: data /data/home/bxu2442410262/htdocs/Application/Runtime/Cache/Home/2a94b8bda04ff446dcedd42276fc99ee.php 第 172 行.
NOTIC: [8] Undefined variable: data /data/home/bxu2442410262/htdocs/Application/Runtime/Cache/Home/2a94b8bda04ff446dcedd42276fc99ee.php 第 174 行.
INFO: Run Behavior\ParseTemplateBehavior [ RunTime:0.017023s ]
INFO: [ view_parse ] --END-- [ RunTime:0.017064s ]
INFO: [ view_filter ] --START--
INFO: Run Behavior\WriteHtmlCacheBehavior [ RunTime:0.000261s ]
INFO: [ view_filter ] --END-- [ RunTime:0.000297s ]
INFO: [ app_end ] --START--
INFO: Run Behavior\ShowPageTraceBehavior [ RunTime:0.000703s ]
INFO: [ app_end ] --END-- [ RunTime:0.000773s ]

[ 2017-05-18T18:33:40+08:00 ] 180.153.206.23 /Admin/Index/index.html
INFO: [ app_init ] --START--
INFO: Run Behavior\BuildLiteBehavior [ RunTime:0.000015s ]
INFO: [ app_init ] --END-- [ RunTime:0.000363s ]
INFO: [ app_begin ] --START--
INFO: Run Behavior\ReadHtmlCacheBehavior [ RunTime:0.000574s ]
INFO: [ app_begin ] --END-- [ RunTime:0.000620s ]
NOTIC: [2] mysql_get_server_info(): Can't connect to local MySQL server through socket '/tmp/mysql.sock' (2) /data/home/bxu2442410262/htdocs/Application/Admin/Controller/IndexController.class.php 第 18 行.
NOTIC: [2] mysql_get_server_info(): A link to the server could not be established /data/home/bxu2442410262/htdocs/Application/Admin/Controller/IndexController.class.php 第 18 行.
SQL: SHOW COLUMNS FROM `tb_friendlylink` [ RunTime:0.001536s ]
SQL: SELECT COUNT(*) AS tp_count FROM `tb_friendlylink` LIMIT 1   [ RunTime:0.001119s ]
SQL: SHOW COLUMNS FROM `tb_article` [ RunTime:0.001369s ]
SQL: SELECT COUNT(*) AS tp_count FROM `tb_article` LIMIT 1   [ RunTime:0.001582s ]
INFO: [ view_parse ] --START--
INFO: [ template_filter ] --START--
INFO: Run Behavior\ContentReplaceBehavior [ RunTime:0.000117s ]
INFO: [ template_filter ] --END-- [ RunTime:0.000162s ]
INFO: Run Behavior\ParseTemplateBehavior [ RunTime:0.011782s ]
INFO: [ view_parse ] --END-- [ RunTime:0.011857s ]
INFO: [ view_filter ] --START--
INFO: Run Behavior\WriteHtmlCacheBehavior [ RunTime:0.000226s ]
INFO: [ view_filter ] --END-- [ RunTime:0.000260s ]
INFO: [ app_end ] --START--
INFO: Run Behavior\ShowPageTraceBehavior [ RunTime:0.000503s ]
INFO: [ app_end ] --END-- [ RunTime:0.000555s ]

[ 2017-05-18T18:33:46+08:00 ] 180.153.201.15 /Admin/Mood/select.html
INFO: [ app_init ] --START--
INFO: Run Behavior\BuildLiteBehavior [ RunTime:0.000015s ]
INFO: [ app_init ] --END-- [ RunTime:0.000357s ]
INFO: [ app_begin ] --START--
INFO: Run Behavior\ReadHtmlCacheBehavior [ RunTime:0.000573s ]
INFO: [ app_begin ] --END-- [ RunTime:0.000620s ]
SQL: SHOW COLUMNS FROM `tb_mood` [ RunTime:0.001655s ]
SQL: SELECT * FROM `tb_mood`  [ RunTime:0.001256s ]
INFO: [ view_parse ] --START--
INFO: [ template_filter ] --START--
INFO: Run Behavior\ContentReplaceBehavior [ RunTime:0.000054s ]
INFO: [ template_filter ] --END-- [ RunTime:0.000101s ]
NOTIC: [8] Undefined index: mood_id /data/home/bxu2442410262/htdocs/Application/Runtime/Cache/Admin/631ccf427e6d9c983d7e3b5d93fa00bf.php 第 128 行.
NOTIC: [8] Undefined index: mood_id /data/home/bxu2442410262/htdocs/Application/Runtime/Cache/Admin/631ccf427e6d9c983d7e3b5d93fa00bf.php 第 128 行.
NOTIC: [8] Undefined index: mood_id /data/home/bxu2442410262/htdocs/Application/Runtime/Cache/Admin/631ccf427e6d9c983d7e3b5d93fa00bf.php 第 128 行.
INFO: Run Behavior\ParseTemplateBehavior [ RunTime:0.010388s ]
INFO: [ view_parse ] --END-- [ RunTime:0.010434s ]
INFO: [ view_filter ] --START--
INFO: Run Behavior\WriteHtmlCacheBehavior [ RunTime:0.000331s ]
INFO: [ view_filter ] --END-- [ RunTime:0.000384s ]
INFO: [ app_end ] --START--
INFO: Run Behavior\ShowPageTraceBehavior [ RunTime:0.000646s ]
INFO: [ app_end ] --END-- [ RunTime:0.000689s ]

[ 2017-05-18T18:33:50+08:00 ] 101.226.66.173 /Admin/Mood/add
INFO: [ app_init ] --START--
INFO: Run Behavior\BuildLiteBehavior [ RunTime:0.000016s ]
INFO: [ app_init ] --END-- [ RunTime:0.000366s ]
INFO: [ app_begin ] --START--
INFO: Run Behavior\ReadHtmlCacheBehavior [ RunTime:0.000573s ]
INFO: [ app_begin ] --END-- [ RunTime:0.000619s ]
INFO: [ view_parse ] --START--
INFO: [ template_filter ] --START--
INFO: Run Behavior\ContentReplaceBehavior [ RunTime:0.000050s ]
INFO: [ template_filter ] --END-- [ RunTime:0.000102s ]
INFO: Run Behavior\ParseTemplateBehavior [ RunTime:0.009900s ]
INFO: [ view_parse ] --END-- [ RunTime:0.009945s ]
INFO: [ view_filter ] --START--
INFO: Run Behavior\WriteHtmlCacheBehavior [ RunTime:0.000242s ]
INFO: [ view_filter ] --END-- [ RunTime:0.000275s ]
INFO: [ app_end ] --START--
INFO: Run Behavior\ShowPageTraceBehavior [ RunTime:0.000472s ]
INFO: [ app_end ] --END-- [ RunTime:0.000509s ]

[ 2017-05-18T18:33:53+08:00 ] 113.118.187.224 /Admin/Mood/add
INFO: [ app_init ] --START--
INFO: Run Behavior\BuildLiteBehavior [ RunTime:0.000017s ]
INFO: [ app_init ] --END-- [ RunTime:0.000410s ]
INFO: [ app_begin ] --START--
INFO: Run Behavior\ReadHtmlCacheBehavior [ RunTime:0.000712s ]
INFO: [ app_begin ] --END-- [ RunTime:0.000764s ]
SQL: SHOW COLUMNS FROM `tb_mood` [ RunTime:0.002007s ]
SQL: INSERT INTO `tb_mood` (`mood_content`,`mood_time`,`mood_ip`,`mood_pic`) VALUES ('一天下来，头晕晕的','2017-05-18 18:33:53','113.118.187.224','0') [ RunTime:0.006296s ]
INFO: [ view_parse ] --START--
INFO: [ template_filter ] --START--
INFO: Run Behavior\ContentReplaceBehavior [ RunTime:0.000026s ]
INFO: [ template_filter ] --END-- [ RunTime:0.000069s ]
INFO: Run Behavior\ParseTemplateBehavior [ RunTime:0.006188s ]
INFO: [ view_parse ] --END-- [ RunTime:0.006276s ]
INFO: [ view_filter ] --START--
INFO: Run Behavior\WriteHtmlCacheBehavior [ RunTime:0.000279s ]
INFO: [ view_filter ] --END-- [ RunTime:0.000321s ]
INFO: [ app_end ] --START--
INFO: Run Behavior\ShowPageTraceBehavior [ RunTime:0.000627s ]
INFO: [ app_end ] --END-- [ RunTime:0.000680s ]

[ 2017-05-18T18:33:54+08:00 ] 113.118.187.224 /Admin/Mood/select.html
INFO: [ app_init ] --START--
INFO: Run Behavior\BuildLiteBehavior [ RunTime:0.000021s ]
INFO: [ app_init ] --END-- [ RunTime:0.000504s ]
INFO: [ app_begin ] --START--
INFO: Run Behavior\ReadHtmlCacheBehavior [ RunTime:0.000616s ]
INFO: [ app_begin ] --END-- [ RunTime:0.000663s ]
SQL: SHOW COLUMNS FROM `tb_mood` [ RunTime:0.001500s ]
SQL: SELECT * FROM `tb_mood`  [ RunTime:0.001299s ]
INFO: [ view_parse ] --START--
INFO: [ template_filter ] --START--
INFO: Run Behavior\ContentReplaceBehavior [ RunTime:0.000060s ]
INFO: [ template_filter ] --END-- [ RunTime:0.000110s ]
NOTIC: [8] Undefined index: mood_id /data/home/bxu2442410262/htdocs/Application/Runtime/Cache/Admin/631ccf427e6d9c983d7e3b5d93fa00bf.php 第 128 行.
NOTIC: [8] Undefined index: mood_id /data/home/bxu2442410262/htdocs/Application/Runtime/Cache/Admin/631ccf427e6d9c983d7e3b5d93fa00bf.php 第 128 行.
NOTIC: [8] Undefined index: mood_id /data/home/bxu2442410262/htdocs/Application/Runtime/Cache/Admin/631ccf427e6d9c983d7e3b5d93fa00bf.php 第 128 行.
NOTIC: [8] Undefined index: mood_id /data/home/bxu2442410262/htdocs/Application/Runtime/Cache/Admin/631ccf427e6d9c983d7e3b5d93fa00bf.php 第 128 行.
INFO: Run Behavior\ParseTemplateBehavior [ RunTime:0.011061s ]
INFO: [ view_parse ] --END-- [ RunTime:0.011114s ]
INFO: [ view_filter ] --START--
INFO: Run Behavior\WriteHtmlCacheBehavior [ RunTime:0.000235s ]
INFO: [ view_filter ] --END-- [ RunTime:0.000268s ]
INFO: [ app_end ] --START--
INFO: Run Behavior\ShowPageTraceBehavior [ RunTime:0.000515s ]
INFO: [ app_end ] --END-- [ RunTime:0.000560s ]

[ 2017-05-18T18:43:17+08:00 ] 120.92.32.214 /Admin/Index/index.html
INFO: [ app_init ] --START--
INFO: Run Behavior\BuildLiteBehavior [ RunTime:0.000015s ]
INFO: [ app_init ] --END-- [ RunTime:0.000373s ]
INFO: [ app_begin ] --START--
INFO: Run Behavior\ReadHtmlCacheBehavior [ RunTime:0.000547s ]
INFO: [ app_begin ] --END-- [ RunTime:0.000593s ]
NOTIC: [2] mysql_get_server_info(): Can't connect to local MySQL server through socket '/tmp/mysql.sock' (2) /data/home/bxu2442410262/htdocs/Application/Admin/Controller/IndexController.class.php 第 18 行.
NOTIC: [2] mysql_get_server_info(): A link to the server could not be established /data/home/bxu2442410262/htdocs/Application/Admin/Controller/IndexController.class.php 第 18 行.
SQL: SHOW COLUMNS FROM `tb_friendlylink` [ RunTime:0.001652s ]
SQL: SELECT COUNT(*) AS tp_count FROM `tb_friendlylink` LIMIT 1   [ RunTime:0.001326s ]
SQL: SHOW COLUMNS FROM `tb_article` [ RunTime:0.005677s ]
SQL: SELECT COUNT(*) AS tp_count FROM `tb_article` LIMIT 1   [ RunTime:0.001453s ]
INFO: [ view_parse ] --START--
INFO: [ template_filter ] --START--
INFO: Run Behavior\ContentReplaceBehavior [ RunTime:0.000069s ]
INFO: [ template_filter ] --END-- [ RunTime:0.000111s ]
INFO: Run Behavior\ParseTemplateBehavior [ RunTime:0.012650s ]
INFO: [ view_parse ] --END-- [ RunTime:0.012694s ]
INFO: [ view_filter ] --START--
INFO: Run Behavior\WriteHtmlCacheBehavior [ RunTime:0.000248s ]
INFO: [ view_filter ] --END-- [ RunTime:0.000281s ]
INFO: [ app_end ] --START--
INFO: Run Behavior\ShowPageTraceBehavior [ RunTime:0.000474s ]
INFO: [ app_end ] --END-- [ RunTime:0.000512s ]

[ 2017-05-18T19:12:47+08:00 ] 113.87.13.5 /Admin/Article/select.html
INFO: [ app_init ] --START--
INFO: Run Behavior\BuildLiteBehavior [ RunTime:0.000015s ]
INFO: [ app_init ] --END-- [ RunTime:0.000356s ]
INFO: [ app_begin ] --START--
INFO: Run Behavior\ReadHtmlCacheBehavior [ RunTime:0.000580s ]
INFO: [ app_begin ] --END-- [ RunTime:0.000626s ]
SQL: SHOW COLUMNS FROM `tb_article` [ RunTime:0.002009s ]
SQL: SELECT COUNT(*) AS tp_count FROM `tb_article` LIMIT 1   [ RunTime:0.001711s ]
SQL: SELECT * FROM `tb_article` ORDER BY articletime desc LIMIT 0,7   [ RunTime:0.006673s ]
INFO: [ view_parse ] --START--
INFO: [ template_filter ] --START--
INFO: Run Behavior\ContentReplaceBehavior [ RunTime:0.000055s ]
INFO: [ template_filter ] --END-- [ RunTime:0.000103s ]
INFO: Run Behavior\ParseTemplateBehavior [ RunTime:0.010601s ]
INFO: [ view_parse ] --END-- [ RunTime:0.010650s ]
INFO: [ view_filter ] --START--
INFO: Run Behavior\WriteHtmlCacheBehavior [ RunTime:0.000239s ]
INFO: [ view_filter ] --END-- [ RunTime:0.000272s ]
INFO: [ app_end ] --START--
INFO: Run Behavior\ShowPageTraceBehavior [ RunTime:0.000509s ]
INFO: [ app_end ] --END-- [ RunTime:0.000550s ]

[ 2017-05-18T19:12:49+08:00 ] 113.87.13.5 /Admin/Article/add
INFO: [ app_init ] --START--
INFO: Run Behavior\BuildLiteBehavior [ RunTime:0.000018s ]
INFO: [ app_init ] --END-- [ RunTime:0.000493s ]
INFO: [ app_begin ] --START--
INFO: Run Behavior\ReadHtmlCacheBehavior [ RunTime:0.000588s ]
INFO: [ app_begin ] --END-- [ RunTime:0.000641s ]
SQL: SHOW COLUMNS FROM `tb_tag` [ RunTime:0.001912s ]
SQL: SELECT * FROM `tb_tag`  [ RunTime:0.001433s ]
SQL: SHOW COLUMNS FROM `tb_img` [ RunTime:0.001465s ]
SQL: SELECT * FROM `tb_img`  [ RunTime:0.001365s ]
INFO: [ view_parse ] --START--
INFO: [ template_filter ] --START--
INFO: Run Behavior\ContentReplaceBehavior [ RunTime:0.000080s ]
INFO: [ template_filter ] --END-- [ RunTime:0.000133s ]
INFO: Run Behavior\ParseTemplateBehavior [ RunTime:0.058480s ]
INFO: [ view_parse ] --END-- [ RunTime:0.058530s ]
INFO: [ view_filter ] --START--
INFO: Run Behavior\WriteHtmlCacheBehavior [ RunTime:0.000256s ]
INFO: [ view_filter ] --END-- [ RunTime:0.000292s ]
INFO: [ app_end ] --START--
INFO: Run Behavior\ShowPageTraceBehavior [ RunTime:0.000505s ]
INFO: [ app_end ] --END-- [ RunTime:0.000587s ]

[ 2017-05-18T19:12:56+08:00 ] 180.153.214.192 /Admin/Article/select.html
INFO: [ app_init ] --START--
INFO: Run Behavior\BuildLiteBehavior [ RunTime:0.000016s ]
INFO: [ app_init ] --END-- [ RunTime:0.000358s ]
INFO: [ app_begin ] --START--
INFO: Run Behavior\ReadHtmlCacheBehavior [ RunTime:0.000572s ]
INFO: [ app_begin ] --END-- [ RunTime:0.000619s ]
SQL: SHOW COLUMNS FROM `tb_article` [ RunTime:0.001789s ]
SQL: SELECT COUNT(*) AS tp_count FROM `tb_article` LIMIT 1   [ RunTime:0.001371s ]
SQL: SELECT * FROM `tb_article` ORDER BY articletime desc LIMIT 0,7   [ RunTime:0.005787s ]
INFO: [ view_parse ] --START--
INFO: [ template_filter ] --START--
INFO: Run Behavior\ContentReplaceBehavior [ RunTime:0.000049s ]
INFO: [ template_filter ] --END-- [ RunTime:0.000087s ]
INFO: Run Behavior\ParseTemplateBehavior [ RunTime:0.010330s ]
INFO: [ view_parse ] --END-- [ RunTime:0.010380s ]
INFO: [ view_filter ] --START--
INFO: Run Behavior\WriteHtmlCacheBehavior [ RunTime:0.000229s ]
INFO: [ view_filter ] --END-- [ RunTime:0.000262s ]
INFO: [ app_end ] --START--
INFO: Run Behavior\ShowPageTraceBehavior [ RunTime:0.000519s ]
INFO: [ app_end ] --END-- [ RunTime:0.000562s ]

[ 2017-05-18T19:12:58+08:00 ] 101.226.33.206 /Admin/Article/select.html
INFO: [ app_init ] --START--
INFO: Run Behavior\BuildLiteBehavior [ RunTime:0.000015s ]
INFO: [ app_init ] --END-- [ RunTime:0.000377s ]
INFO: [ app_begin ] --START--
INFO: Run Behavior\ReadHtmlCacheBehavior [ RunTime:0.000716s ]
INFO: [ app_begin ] --END-- [ RunTime:0.000775s ]
SQL: SHOW COLUMNS FROM `tb_article` [ RunTime:0.001680s ]
SQL: SELECT COUNT(*) AS tp_count FROM `tb_article` LIMIT 1   [ RunTime:0.001188s ]
SQL: SELECT * FROM `tb_article` ORDER BY articletime desc LIMIT 0,7   [ RunTime:0.004615s ]
INFO: [ view_parse ] --START--
INFO: [ template_filter ] --START--
INFO: Run Behavior\ContentReplaceBehavior [ RunTime:0.000054s ]
INFO: [ template_filter ] --END-- [ RunTime:0.000099s ]
INFO: Run Behavior\ParseTemplateBehavior [ RunTime:0.010784s ]
INFO: [ view_parse ] --END-- [ RunTime:0.010832s ]
INFO: [ view_filter ] --START--
INFO: Run Behavior\WriteHtmlCacheBehavior [ RunTime:0.000228s ]
INFO: [ view_filter ] --END-- [ RunTime:0.000261s ]
INFO: [ app_end ] --START--
INFO: Run Behavior\ShowPageTraceBehavior [ RunTime:0.000513s ]
INFO: [ app_end ] --END-- [ RunTime:0.000554s ]

[ 2017-05-18T19:12:59+08:00 ] 101.226.125.111 /Admin/Article/add
INFO: [ app_init ] --START--
INFO: Run Behavior\BuildLiteBehavior [ RunTime:0.000015s ]
INFO: [ app_init ] --END-- [ RunTime:0.000370s ]
INFO: [ app_begin ] --START--
INFO: Run Behavior\ReadHtmlCacheBehavior [ RunTime:0.000549s ]
INFO: [ app_begin ] --END-- [ RunTime:0.000594s ]
SQL: SHOW COLUMNS FROM `tb_tag` [ RunTime:0.001873s ]
SQL: SELECT * FROM `tb_tag`  [ RunTime:0.001322s ]
SQL: SHOW COLUMNS FROM `tb_img` [ RunTime:0.001563s ]
SQL: SELECT * FROM `tb_img`  [ RunTime:0.001324s ]
INFO: [ view_parse ] --START--
INFO: [ template_filter ] --START--
INFO: Run Behavior\ContentReplaceBehavior [ RunTime:0.000078s ]
INFO: [ template_filter ] --END-- [ RunTime:0.000123s ]
INFO: Run Behavior\ParseTemplateBehavior [ RunTime:0.013519s ]
INFO: [ view_parse ] --END-- [ RunTime:0.013642s ]
INFO: [ view_filter ] --START--
INFO: Run Behavior\WriteHtmlCacheBehavior [ RunTime:0.000568s ]
INFO: [ view_filter ] --END-- [ RunTime:0.000615s ]
INFO: [ app_end ] --START--
INFO: Run Behavior\ShowPageTraceBehavior [ RunTime:0.000580s ]
INFO: [ app_end ] --END-- [ RunTime:0.000647s ]

[ 2017-05-18T19:13:02+08:00 ] 180.153.214.182 /Admin/Article/add
INFO: [ app_init ] --START--
INFO: Run Behavior\BuildLiteBehavior [ RunTime:0.000020s ]
INFO: [ app_init ] --END-- [ RunTime:0.000389s ]
INFO: [ app_begin ] --START--
INFO: Run Behavior\ReadHtmlCacheBehavior [ RunTime:0.000598s ]
INFO: [ app_begin ] --END-- [ RunTime:0.000644s ]
SQL: SHOW COLUMNS FROM `tb_tag` [ RunTime:0.001627s ]
SQL: SELECT * FROM `tb_tag`  [ RunTime:0.001322s ]
SQL: SHOW COLUMNS FROM `tb_img` [ RunTime:0.001457s ]
SQL: SELECT * FROM `tb_img`  [ RunTime:0.001251s ]
INFO: [ view_parse ] --START--
INFO: [ template_filter ] --START--
INFO: Run Behavior\ContentReplaceBehavior [ RunTime:0.000074s ]
INFO: [ template_filter ] --END-- [ RunTime:0.000117s ]
INFO: Run Behavior\ParseTemplateBehavior [ RunTime:0.013457s ]
INFO: [ view_parse ] --END-- [ RunTime:0.013501s ]
INFO: [ view_filter ] --START--
INFO: Run Behavior\WriteHtmlCacheBehavior [ RunTime:0.000246s ]
INFO: [ view_filter ] --END-- [ RunTime:0.000280s ]
INFO: [ app_end ] --START--
INFO: Run Behavior\ShowPageTraceBehavior [ RunTime:0.000521s ]
INFO: [ app_end ] --END-- [ RunTime:0.000562s ]

[ 2017-05-18T19:13:07+08:00 ] 180.153.214.182 /Admin/Article/add
INFO: [ app_init ] --START--
INFO: Run Behavior\BuildLiteBehavior [ RunTime:0.000016s ]
INFO: [ app_init ] --END-- [ RunTime:0.000485s ]
INFO: [ app_begin ] --START--
INFO: Run Behavior\ReadHtmlCacheBehavior [ RunTime:0.000570s ]
INFO: [ app_begin ] --END-- [ RunTime:0.000615s ]
SQL: SHOW COLUMNS FROM `tb_tag` [ RunTime:0.001607s ]
SQL: SELECT * FROM `tb_tag`  [ RunTime:0.001195s ]
SQL: SHOW COLUMNS FROM `tb_img` [ RunTime:0.001450s ]
SQL: SELECT * FROM `tb_img`  [ RunTime:0.001139s ]
INFO: [ view_parse ] --START--
INFO: [ template_filter ] --START--
INFO: Run Behavior\ContentReplaceBehavior [ RunTime:0.000072s ]
INFO: [ template_filter ] --END-- [ RunTime:0.000112s ]
INFO: Run Behavior\ParseTemplateBehavior [ RunTime:0.013229s ]
INFO: [ view_parse ] --END-- [ RunTime:0.013273s ]
INFO: [ view_filter ] --START--
INFO: Run Behavior\WriteHtmlCacheBehavior [ RunTime:0.000230s ]
INFO: [ view_filter ] --END-- [ RunTime:0.000263s ]
INFO: [ app_end ] --START--
INFO: Run Behavior\ShowPageTraceBehavior [ RunTime:0.000492s ]
INFO: [ app_end ] --END-- [ RunTime:0.000534s ]

[ 2017-05-18T19:14:44+08:00 ] 183.14.172.192 /Admin/Article/add
INFO: [ app_init ] --START--
INFO: Run Behavior\BuildLiteBehavior [ RunTime:0.000016s ]
INFO: [ app_init ] --END-- [ RunTime:0.000362s ]
INFO: [ app_begin ] --START--
INFO: Run Behavior\ReadHtmlCacheBehavior [ RunTime:0.000543s ]
INFO: [ app_begin ] --END-- [ RunTime:0.000611s ]
SQL: SHOW COLUMNS FROM `tb_article` [ RunTime:0.001897s ]
SQL: INSERT INTO `tb_article` (`articletitle`,`description`,`ispublic`,`articletime`,`articlecontent`,`titlepic`) VALUES ('mysql数据库表清空后id如何\1开始自\ ','mysql数据库表清空后id如何\1开始自\ ','0','2017-05-18 19:14:44','&lt;p&gt;环境\&lt;/p&gt;&lt;p&gt;&amp;nbsp;&amp;nbsp;&amp;nbsp;&amp;nbsp;&amp;nbsp;&amp;nbsp;&amp;nbsp;&amp;nbsp; &lt;a href=&quot;http://lib.csdn.net/base/mysql&quot; class=&quot;replace_word&quot; title=&quot;MySQL知识\&quot; target=&quot;_blank&quot; style=&quot;color:#df3434; font-weight:bold;&quot;&gt;数据\&lt;/a&gt;\&lt;a href=&quot;http://lib.csdn.net/base/mysql&quot; class=&quot;replace_word&quot; title=&quot;MySQL知识\&quot; target=&quot;_blank&quot; style=&quot;color:#df3434; font-weight:bold;&quot;&gt;MySQL&lt;/a&gt;&lt;/p&gt;&lt;p&gt;我们的数据库表中经常会使用id自增，但是每次清空表后id并不是从1开始计数，总是接着之前的进行自增，那么如何让其\1开始自增呢\&lt;/p&gt;&lt;p&gt;使用mysql的truncate命令，用法：&lt;span style=&quot;font-size:18px&quot;&gt;&lt;strong&gt;truncate table 表名;&lt;/strong&gt;&lt;/span&gt;&lt;/p&gt;&lt;p&gt;这样表的id自增就会变回\1开始自增了\&lt;/p&gt;&lt;p&gt;&lt;br/&gt;&lt;/p&gt;','2017-05-01/149357240459061b345031b.png') [ RunTime:0.009138s ]
SQL: SHOW COLUMNS FROM `tb_article_tag` [ RunTime:0.001822s ]
SQL: INSERT INTO `tb_article_tag` (`articleid`,`tagid`) VALUES (17,4) [ RunTime:0.004698s ]
INFO: [ view_parse ] --START--
INFO: [ template_filter ] --START--
INFO: Run Behavior\ContentReplaceBehavior [ RunTime:0.000069s ]
INFO: [ template_filter ] --END-- [ RunTime:0.000122s ]
INFO: Run Behavior\ParseTemplateBehavior [ RunTime:0.007162s ]
INFO: [ view_parse ] --END-- [ RunTime:0.007229s ]
INFO: [ view_filter ] --START--
INFO: Run Behavior\WriteHtmlCacheBehavior [ RunTime:0.000261s ]
INFO: [ view_filter ] --END-- [ RunTime:0.000294s ]
INFO: [ app_end ] --START--
INFO: Run Behavior\ShowPageTraceBehavior [ RunTime:0.000595s ]
INFO: [ app_end ] --END-- [ RunTime:0.000636s ]

[ 2017-05-18T19:14:46+08:00 ] 183.14.172.192 /Admin/Article/select.html
INFO: [ app_init ] --START--
INFO: Run Behavior\BuildLiteBehavior [ RunTime:0.000016s ]
INFO: [ app_init ] --END-- [ RunTime:0.000384s ]
INFO: [ app_begin ] --START--
INFO: Run Behavior\ReadHtmlCacheBehavior [ RunTime:0.000844s ]
INFO: [ app_begin ] --END-- [ RunTime:0.000940s ]
SQL: SHOW COLUMNS FROM `tb_article` [ RunTime:0.001767s ]
SQL: SELECT COUNT(*) AS tp_count FROM `tb_article` LIMIT 1   [ RunTime:0.001218s ]
SQL: SELECT * FROM `tb_article` ORDER BY articletime desc LIMIT 0,7   [ RunTime:0.005201s ]
INFO: [ view_parse ] --START--
INFO: [ template_filter ] --START--
INFO: Run Behavior\ContentReplaceBehavior [ RunTime:0.000061s ]
INFO: [ template_filter ] --END-- [ RunTime:0.000111s ]
INFO: Run Behavior\ParseTemplateBehavior [ RunTime:0.011136s ]
INFO: [ view_parse ] --END-- [ RunTime:0.011209s ]
INFO: [ view_filter ] --START--
INFO: Run Behavior\WriteHtmlCacheBehavior [ RunTime:0.000250s ]
INFO: [ view_filter ] --END-- [ RunTime:0.000291s ]
INFO: [ app_end ] --START--
INFO: Run Behavior\ShowPageTraceBehavior [ RunTime:0.000532s ]
INFO: [ app_end ] --END-- [ RunTime:0.000574s ]

[ 2017-05-18T19:53:47+08:00 ] 183.13.86.119 /Home/Index/index.html
INFO: [ app_init ] --START--
INFO: Run Behavior\BuildLiteBehavior [ RunTime:0.000015s ]
INFO: [ app_init ] --END-- [ RunTime:0.000363s ]
INFO: [ app_begin ] --START--
INFO: Run Behavior\ReadHtmlCacheBehavior [ RunTime:0.000491s ]
INFO: [ app_begin ] --END-- [ RunTime:0.000558s ]
SQL: SHOW COLUMNS FROM `tb_article` [ RunTime:0.003304s ]
SQL: SHOW COLUMNS FROM `tb_visitors` [ RunTime:0.001840s ]
SQL: INSERT INTO `tb_visitors` (`ip`,`ipdate`,`address`) VALUES ('183.13.86.119','2017-05-18 19:53:47','中国广东省深圳市') [ RunTime:0.004291s ]
SQL: SELECT COUNT(*) AS tp_count FROM `tb_article` LIMIT 1   [ RunTime:0.001486s ]
SQL: SELECT * FROM `tb_article` WHERE ( `ispublic` = '0' ) LIMIT 0,7   [ RunTime:0.004914s ]
SQL: SHOW COLUMNS FROM tb_article_tag as at [ RunTime:0.001097s ]
ERR: 1064:You have an error in your SQL syntax; check the manual that corresponds to your MySQL server version for the right syntax to use near 'as at' at line 1
 [ SQL语句 ] : SHOW COLUMNS FROM tb_article_tag as at
SQL: SELECT * FROM tb_article_tag as at INNER JOIN tb_tag as t on at.tagid=t.id   [ RunTime:0.001696s ]
SQL: SHOW COLUMNS FROM `tb_article` [ RunTime:0.001533s ]
SQL: SELECT * FROM `tb_article` ORDER BY views desc  [ RunTime:0.004399s ]
SQL: SELECT * FROM `tb_article` ORDER BY articletime desc  [ RunTime:0.004453s ]
SQL: SHOW COLUMNS FROM `tb_friendlylink` [ RunTime:0.001542s ]
SQL: SELECT * FROM `tb_friendlylink`  [ RunTime:0.001415s ]
SQL: SHOW COLUMNS FROM `tb_tag` [ RunTime:0.001376s ]
SQL: SELECT * FROM `tb_tag`  [ RunTime:0.001317s ]
SQL: SELECT COUNT(distinct(ip)) AS tp_count FROM `tb_visitors` WHERE ( `ip` = 'ip' ) LIMIT 1   [ RunTime:0.001424s ]
INFO: [ view_parse ] --START--
INFO: [ template_filter ] --START--
INFO: Run Behavior\ContentReplaceBehavior [ RunTime:0.000061s ]
INFO: [ template_filter ] --END-- [ RunTime:0.000112s ]
NOTIC: [8] Undefined variable: data /data/home/bxu2442410262/htdocs/Application/Runtime/Cache/Home/2a94b8bda04ff446dcedd42276fc99ee.php 第 172 行.
NOTIC: [8] Undefined variable: data /data/home/bxu2442410262/htdocs/Application/Runtime/Cache/Home/2a94b8bda04ff446dcedd42276fc99ee.php 第 174 行.
INFO: Run Behavior\ParseTemplateBehavior [ RunTime:0.017711s ]
INFO: [ view_parse ] --END-- [ RunTime:0.017755s ]
INFO: [ view_filter ] --START--
INFO: Run Behavior\WriteHtmlCacheBehavior [ RunTime:0.000253s ]
INFO: [ view_filter ] --END-- [ RunTime:0.000286s ]
INFO: [ app_end ] --START--
INFO: Run Behavior\ShowPageTraceBehavior [ RunTime:0.000556s ]
INFO: [ app_end ] --END-- [ RunTime:0.000595s ]

[ 2017-05-18T19:53:57+08:00 ] 101.226.33.220 /Home/Index/index.html
INFO: [ app_init ] --START--
INFO: Run Behavior\BuildLiteBehavior [ RunTime:0.000016s ]
INFO: [ app_init ] --END-- [ RunTime:0.000392s ]
INFO: [ app_begin ] --START--
INFO: Run Behavior\ReadHtmlCacheBehavior [ RunTime:0.000459s ]
INFO: [ app_begin ] --END-- [ RunTime:0.000506s ]
SQL: SHOW COLUMNS FROM `tb_article` [ RunTime:0.001655s ]
SQL: SHOW COLUMNS FROM `tb_visitors` [ RunTime:0.001518s ]
SQL: INSERT INTO `tb_visitors` (`ip`,`ipdate`,`address`) VALUES ('101.226.33.220','2017-05-18 19:53:57','中国上海市上海市') [ RunTime:0.003724s ]
SQL: SELECT COUNT(*) AS tp_count FROM `tb_article` LIMIT 1   [ RunTime:0.001087s ]
SQL: SELECT * FROM `tb_article` WHERE ( `ispublic` = '0' ) LIMIT 0,7   [ RunTime:0.004324s ]
SQL: SHOW COLUMNS FROM tb_article_tag as at [ RunTime:0.001127s ]
ERR: 1064:You have an error in your SQL syntax; check the manual that corresponds to your MySQL server version for the right syntax to use near 'as at' at line 1
 [ SQL语句 ] : SHOW COLUMNS FROM tb_article_tag as at
SQL: SELECT * FROM tb_article_tag as at INNER JOIN tb_tag as t on at.tagid=t.id   [ RunTime:0.001690s ]
SQL: SHOW COLUMNS FROM `tb_article` [ RunTime:0.001429s ]
SQL: SELECT * FROM `tb_article` ORDER BY views desc  [ RunTime:0.004207s ]
SQL: SELECT * FROM `tb_article` ORDER BY articletime desc  [ RunTime:0.004388s ]
SQL: SHOW COLUMNS FROM `tb_friendlylink` [ RunTime:0.001344s ]
SQL: SELECT * FROM `tb_friendlylink`  [ RunTime:0.001303s ]
SQL: SHOW COLUMNS FROM `tb_tag` [ RunTime:0.001333s ]
SQL: SELECT * FROM `tb_tag`  [ RunTime:0.001092s ]
SQL: SELECT COUNT(distinct(ip)) AS tp_count FROM `tb_visitors` WHERE ( `ip` = 'ip' ) LIMIT 1   [ RunTime:0.001317s ]
NOTIC: [8] Undefined index: www.zxdphp.site /data/home/bxu2442410262/htdocs/Application/Home/Controller/IndexController.class.php 第 41 行.
INFO: [ view_parse ] --START--
INFO: [ template_filter ] --START--
INFO: Run Behavior\ContentReplaceBehavior [ RunTime:0.000056s ]
INFO: [ template_filter ] --END-- [ RunTime:0.000097s ]
NOTIC: [8] Undefined variable: data /data/home/bxu2442410262/htdocs/Application/Runtime/Cache/Home/2a94b8bda04ff446dcedd42276fc99ee.php 第 172 行.
NOTIC: [8] Undefined variable: data /data/home/bxu2442410262/htdocs/Application/Runtime/Cache/Home/2a94b8bda04ff446dcedd42276fc99ee.php 第 174 行.
INFO: Run Behavior\ParseTemplateBehavior [ RunTime:0.017608s ]
INFO: [ view_parse ] --END-- [ RunTime:0.017651s ]
INFO: [ view_filter ] --START--
INFO: Run Behavior\WriteHtmlCacheBehavior [ RunTime:0.000229s ]
INFO: [ view_filter ] --END-- [ RunTime:0.000266s ]
INFO: [ app_end ] --START--
INFO: Run Behavior\ShowPageTraceBehavior [ RunTime:0.000701s ]
INFO: [ app_end ] --END-- [ RunTime:0.000764s ]

[ 2017-05-18T19:54:02+08:00 ] 117.185.27.113 /Home/Index/index.html
INFO: [ app_init ] --START--
INFO: Run Behavior\BuildLiteBehavior [ RunTime:0.000016s ]
INFO: [ app_init ] --END-- [ RunTime:0.000384s ]
INFO: [ app_begin ] --START--
INFO: Run Behavior\ReadHtmlCacheBehavior [ RunTime:0.000475s ]
INFO: [ app_begin ] --END-- [ RunTime:0.000521s ]
SQL: SHOW COLUMNS FROM `tb_article` [ RunTime:0.001637s ]
SQL: SHOW COLUMNS FROM `tb_visitors` [ RunTime:0.001748s ]
SQL: INSERT INTO `tb_visitors` (`ip`,`ipdate`,`address`) VALUES ('117.185.27.113','2017-05-18 19:54:01','中国上海市上海市') [ RunTime:0.004455s ]
SQL: SELECT COUNT(*) AS tp_count FROM `tb_article` LIMIT 1   [ RunTime:0.001204s ]
SQL: SELECT * FROM `tb_article` WHERE ( `ispublic` = '0' ) LIMIT 0,7   [ RunTime:0.005255s ]
SQL: SHOW COLUMNS FROM tb_article_tag as at [ RunTime:0.001157s ]
ERR: 1064:You have an error in your SQL syntax; check the manual that corresponds to your MySQL server version for the right syntax to use near 'as at' at line 1
 [ SQL语句 ] : SHOW COLUMNS FROM tb_article_tag as at
SQL: SELECT * FROM tb_article_tag as at INNER JOIN tb_tag as t on at.tagid=t.id   [ RunTime:0.001113s ]
SQL: SHOW COLUMNS FROM `tb_article` [ RunTime:0.001681s ]
SQL: SELECT * FROM `tb_article` ORDER BY views desc  [ RunTime:0.004786s ]
SQL: SELECT * FROM `tb_article` ORDER BY articletime desc  [ RunTime:0.004385s ]
SQL: SHOW COLUMNS FROM `tb_friendlylink` [ RunTime:0.001665s ]
SQL: SELECT * FROM `tb_friendlylink`  [ RunTime:0.001239s ]
SQL: SHOW COLUMNS FROM `tb_tag` [ RunTime:0.001519s ]
SQL: SELECT * FROM `tb_tag`  [ RunTime:0.001114s ]
SQL: SELECT COUNT(distinct(ip)) AS tp_count FROM `tb_visitors` WHERE ( `ip` = 'ip' ) LIMIT 1   [ RunTime:0.001410s ]
NOTIC: [8] Undefined index: www.zxdphp.site /data/home/bxu2442410262/htdocs/Application/Home/Controller/IndexController.class.php 第 41 行.
INFO: [ view_parse ] --START--
INFO: [ template_filter ] --START--
INFO: Run Behavior\ContentReplaceBehavior [ RunTime:0.000062s ]
INFO: [ template_filter ] --END-- [ RunTime:0.000114s ]
NOTIC: [8] Undefined variable: data /data/home/bxu2442410262/htdocs/Application/Runtime/Cache/Home/2a94b8bda04ff446dcedd42276fc99ee.php 第 172 行.
NOTIC: [8] Undefined variable: data /data/home/bxu2442410262/htdocs/Application/Runtime/Cache/Home/2a94b8bda04ff446dcedd42276fc99ee.php 第 174 行.
INFO: Run Behavior\ParseTemplateBehavior [ RunTime:0.016981s ]
INFO: [ view_parse ] --END-- [ RunTime:0.017028s ]
INFO: [ view_filter ] --START--
INFO: Run Behavior\WriteHtmlCacheBehavior [ RunTime:0.000251s ]
INFO: [ view_filter ] --END-- [ RunTime:0.000287s ]
INFO: [ app_end ] --START--
INFO: Run Behavior\ShowPageTraceBehavior [ RunTime:0.000670s ]
INFO: [ app_end ] --END-- [ RunTime:0.000718s ]

[ 2017-05-18T19:54:13+08:00 ] 101.226.65.107 /Home/Index/index/p/2.html
INFO: [ app_init ] --START--
INFO: Run Behavior\BuildLiteBehavior [ RunTime:0.000015s ]
INFO: [ app_init ] --END-- [ RunTime:0.000354s ]
INFO: [ app_begin ] --START--
INFO: Run Behavior\ReadHtmlCacheBehavior [ RunTime:0.000467s ]
INFO: [ app_begin ] --END-- [ RunTime:0.000515s ]
SQL: SHOW COLUMNS FROM `tb_article` [ RunTime:0.001816s ]
SQL: SHOW COLUMNS FROM `tb_visitors` [ RunTime:0.001679s ]
SQL: INSERT INTO `tb_visitors` (`ip`,`ipdate`,`address`) VALUES ('101.226.65.107','2017-05-18 19:54:13','中国上海市上海市') [ RunTime:0.005884s ]
SQL: SELECT COUNT(*) AS tp_count FROM `tb_article` LIMIT 1   [ RunTime:0.001123s ]
SQL: SELECT * FROM `tb_article` WHERE ( `ispublic` = '0' ) LIMIT 7,7   [ RunTime:0.001648s ]
SQL: SHOW COLUMNS FROM tb_article_tag as at [ RunTime:0.002255s ]
ERR: 1064:You have an error in your SQL syntax; check the manual that corresponds to your MySQL server version for the right syntax to use near 'as at' at line 1
 [ SQL语句 ] : SHOW COLUMNS FROM tb_article_tag as at
SQL: SELECT * FROM tb_article_tag as at INNER JOIN tb_tag as t on at.tagid=t.id   [ RunTime:0.001131s ]
SQL: SHOW COLUMNS FROM `tb_article` [ RunTime:0.001611s ]
SQL: SELECT * FROM `tb_article` ORDER BY views desc  [ RunTime:0.012692s ]
SQL: SELECT * FROM `tb_article` ORDER BY articletime desc  [ RunTime:0.005836s ]
SQL: SHOW COLUMNS FROM `tb_friendlylink` [ RunTime:0.001652s ]
SQL: SELECT * FROM `tb_friendlylink`  [ RunTime:0.001407s ]
SQL: SHOW COLUMNS FROM `tb_tag` [ RunTime:0.001366s ]
SQL: SELECT * FROM `tb_tag`  [ RunTime:0.001116s ]
SQL: SELECT COUNT(distinct(ip)) AS tp_count FROM `tb_visitors` WHERE ( `ip` = 'ip' ) LIMIT 1   [ RunTime:0.001464s ]
NOTIC: [8] Undefined index: www.zxdphp.site /data/home/bxu2442410262/htdocs/Application/Home/Controller/IndexController.class.php 第 41 行.
INFO: [ view_parse ] --START--
INFO: [ template_filter ] --START--
INFO: Run Behavior\ContentReplaceBehavior [ RunTime:0.000055s ]
INFO: [ template_filter ] --END-- [ RunTime:0.000094s ]
NOTIC: [8] Undefined variable: data /data/home/bxu2442410262/htdocs/Application/Runtime/Cache/Home/2a94b8bda04ff446dcedd42276fc99ee.php 第 172 行.
NOTIC: [8] Undefined variable: data /data/home/bxu2442410262/htdocs/Application/Runtime/Cache/Home/2a94b8bda04ff446dcedd42276fc99ee.php 第 174 行.
INFO: Run Behavior\ParseTemplateBehavior [ RunTime:0.015995s ]
INFO: [ view_parse ] --END-- [ RunTime:0.016039s ]
INFO: [ view_filter ] --START--
INFO: Run Behavior\WriteHtmlCacheBehavior [ RunTime:0.000234s ]
INFO: [ view_filter ] --END-- [ RunTime:0.000267s ]
INFO: [ app_end ] --START--
INFO: Run Behavior\ShowPageTraceBehavior [ RunTime:0.000649s ]
INFO: [ app_end ] --END-- [ RunTime:0.000693s ]

[ 2017-05-18T19:54:16+08:00 ] 140.207.124.105 /Home/Index/index/p/2.html
INFO: [ app_init ] --START--
INFO: Run Behavior\BuildLiteBehavior [ RunTime:0.000020s ]
INFO: [ app_init ] --END-- [ RunTime:0.000411s ]
INFO: [ app_begin ] --START--
INFO: Run Behavior\ReadHtmlCacheBehavior [ RunTime:0.000471s ]
INFO: [ app_begin ] --END-- [ RunTime:0.000519s ]
SQL: SHOW COLUMNS FROM `tb_article` [ RunTime:0.001913s ]
SQL: SHOW COLUMNS FROM `tb_visitors` [ RunTime:0.001947s ]
SQL: INSERT INTO `tb_visitors` (`ip`,`ipdate`,`address`) VALUES ('140.207.124.105','2017-05-18 19:54:16','中国上海市上海市') [ RunTime:0.009559s ]
SQL: SELECT COUNT(*) AS tp_count FROM `tb_article` LIMIT 1   [ RunTime:0.001411s ]
SQL: SELECT * FROM `tb_article` WHERE ( `ispublic` = '0' ) LIMIT 7,7   [ RunTime:0.001557s ]
SQL: SHOW COLUMNS FROM tb_article_tag as at [ RunTime:0.001373s ]
ERR: 1064:You have an error in your SQL syntax; check the manual that corresponds to your MySQL server version for the right syntax to use near 'as at' at line 1
 [ SQL语句 ] : SHOW COLUMNS FROM tb_article_tag as at
SQL: SELECT * FROM tb_article_tag as at INNER JOIN tb_tag as t on at.tagid=t.id   [ RunTime:0.001419s ]
SQL: SHOW COLUMNS FROM `tb_article` [ RunTime:0.001699s ]
SQL: SELECT * FROM `tb_article` ORDER BY views desc  [ RunTime:0.006867s ]
SQL: SELECT * FROM `tb_article` ORDER BY articletime desc  [ RunTime:0.004989s ]
SQL: SHOW COLUMNS FROM `tb_friendlylink` [ RunTime:0.001619s ]
SQL: SELECT * FROM `tb_friendlylink`  [ RunTime:0.001399s ]
SQL: SHOW COLUMNS FROM `tb_tag` [ RunTime:0.001606s ]
SQL: SELECT * FROM `tb_tag`  [ RunTime:0.001386s ]
SQL: SELECT COUNT(distinct(ip)) AS tp_count FROM `tb_visitors` WHERE ( `ip` = 'ip' ) LIMIT 1   [ RunTime:0.001631s ]
NOTIC: [8] Undefined index: www.zxdphp.site /data/home/bxu2442410262/htdocs/Application/Home/Controller/IndexController.class.php 第 41 行.
INFO: [ view_parse ] --START--
INFO: [ template_filter ] --START--
INFO: Run Behavior\ContentReplaceBehavior [ RunTime:0.000077s ]
INFO: [ template_filter ] --END-- [ RunTime:0.000118s ]
NOTIC: [8] Undefined variable: data /data/home/bxu2442410262/htdocs/Application/Runtime/Cache/Home/2a94b8bda04ff446dcedd42276fc99ee.php 第 172 行.
NOTIC: [8] Undefined variable: data /data/home/bxu2442410262/htdocs/Application/Runtime/Cache/Home/2a94b8bda04ff446dcedd42276fc99ee.php 第 174 行.
INFO: Run Behavior\ParseTemplateBehavior [ RunTime:0.015577s ]
INFO: [ view_parse ] --END-- [ RunTime:0.015721s ]
INFO: [ view_filter ] --START--
INFO: Run Behavior\WriteHtmlCacheBehavior [ RunTime:0.000254s ]
INFO: [ view_filter ] --END-- [ RunTime:0.000288s ]
INFO: [ app_end ] --START--
INFO: Run Behavior\ShowPageTraceBehavior [ RunTime:0.000535s ]
INFO: [ app_end ] --END-- [ RunTime:0.000578s ]

[ 2017-05-18T19:54:33+08:00 ] 183.13.86.119 /Home/Index/index/p/2.html
INFO: [ app_init ] --START--
INFO: Run Behavior\BuildLiteBehavior [ RunTime:0.000016s ]
INFO: [ app_init ] --END-- [ RunTime:0.000403s ]
INFO: [ app_begin ] --START--
INFO: Run Behavior\ReadHtmlCacheBehavior [ RunTime:0.000462s ]
INFO: [ app_begin ] --END-- [ RunTime:0.000509s ]
SQL: SHOW COLUMNS FROM `tb_article` [ RunTime:0.001574s ]
SQL: SHOW COLUMNS FROM `tb_visitors` [ RunTime:0.001520s ]
SQL: INSERT INTO `tb_visitors` (`ip`,`ipdate`,`address`) VALUES ('183.13.86.119','2017-05-18 19:54:33','中国广东省深圳市') [ RunTime:0.006684s ]
SQL: SELECT COUNT(*) AS tp_count FROM `tb_article` LIMIT 1   [ RunTime:0.001108s ]
SQL: SELECT * FROM `tb_article` WHERE ( `ispublic` = '0' ) LIMIT 7,7   [ RunTime:0.001276s ]
SQL: SHOW COLUMNS FROM tb_article_tag as at [ RunTime:0.001088s ]
ERR: 1064:You have an error in your SQL syntax; check the manual that corresponds to your MySQL server version for the right syntax to use near 'as at' at line 1
 [ SQL语句 ] : SHOW COLUMNS FROM tb_article_tag as at
SQL: SELECT * FROM tb_article_tag as at INNER JOIN tb_tag as t on at.tagid=t.id   [ RunTime:0.001102s ]
SQL: SHOW COLUMNS FROM `tb_article` [ RunTime:0.001401s ]
SQL: SELECT * FROM `tb_article` ORDER BY views desc  [ RunTime:0.005093s ]
SQL: SELECT * FROM `tb_article` ORDER BY articletime desc  [ RunTime:0.004319s ]
SQL: SHOW COLUMNS FROM `tb_friendlylink` [ RunTime:0.001395s ]
SQL: SELECT * FROM `tb_friendlylink`  [ RunTime:0.001109s ]
SQL: SHOW COLUMNS FROM `tb_tag` [ RunTime:0.001314s ]
SQL: SELECT * FROM `tb_tag`  [ RunTime:0.001104s ]
SQL: SELECT COUNT(distinct(ip)) AS tp_count FROM `tb_visitors` WHERE ( `ip` = 'ip' ) LIMIT 1   [ RunTime:0.001312s ]
INFO: [ view_parse ] --START--
INFO: [ template_filter ] --START--
INFO: Run Behavior\ContentReplaceBehavior [ RunTime:0.000066s ]
INFO: [ template_filter ] --END-- [ RunTime:0.000108s ]
NOTIC: [8] Undefined variable: data /data/home/bxu2442410262/htdocs/Application/Runtime/Cache/Home/2a94b8bda04ff446dcedd42276fc99ee.php 第 172 行.
NOTIC: [8] Undefined variable: data /data/home/bxu2442410262/htdocs/Application/Runtime/Cache/Home/2a94b8bda04ff446dcedd42276fc99ee.php 第 174 行.
INFO: Run Behavior\ParseTemplateBehavior [ RunTime:0.016034s ]
INFO: [ view_parse ] --END-- [ RunTime:0.016096s ]
INFO: [ view_filter ] --START--
INFO: Run Behavior\WriteHtmlCacheBehavior [ RunTime:0.000283s ]
INFO: [ view_filter ] --END-- [ RunTime:0.000315s ]
INFO: [ app_end ] --START--
INFO: Run Behavior\ShowPageTraceBehavior [ RunTime:0.000569s ]
INFO: [ app_end ] --END-- [ RunTime:0.000618s ]

