[ 2017-07-22T02:27:46+08:00 ] 202.108.211.56 /
INFO: [ app_init ] --START--
INFO: Run Behavior\BuildLiteBehavior [ RunTime:0.000016s ]
INFO: [ app_init ] --END-- [ RunTime:0.000385s ]
INFO: [ app_begin ] --START--
INFO: Run Behavior\ReadHtmlCacheBehavior [ RunTime:0.000459s ]
INFO: [ app_begin ] --END-- [ RunTime:0.000505s ]
SQL: SHOW COLUMNS FROM `tb_article` [ RunTime:0.001755s ]
SQL: SHOW COLUMNS FROM `tb_visitors` [ RunTime:0.001650s ]
SQL: INSERT INTO `tb_visitors` (`ip`,`ipdate`,`address`) VALUES ('202.108.211.56','2017-07-22 02:27:46','中国北京市北京市') [ RunTime:0.015083s ]
SQL: SELECT COUNT(*) AS tp_count FROM `tb_article` LIMIT 1   [ RunTime:0.001796s ]
SQL: SELECT * FROM `tb_article` WHERE ( `ispublic` = '0' ) ORDER BY articletime desc LIMIT 0,7   [ RunTime:0.003058s ]
SQL: SHOW COLUMNS FROM tb_article_tag as at [ RunTime:0.001242s ]
ERR: 1064:You have an error in your SQL syntax; check the manual that corresponds to your MySQL server version for the right syntax to use near 'as at' at line 1
 [ SQL语句 ] : SHOW COLUMNS FROM tb_article_tag as at
SQL: SELECT * FROM tb_article_tag as at INNER JOIN tb_tag as t on at.tagid=t.id   [ RunTime:0.002003s ]
SQL: SHOW COLUMNS FROM `tb_article` [ RunTime:0.001539s ]
SQL: SELECT * FROM `tb_article` ORDER BY views desc  [ RunTime:0.011280s ]
SQL: SELECT * FROM `tb_article` ORDER BY articletime desc  [ RunTime:0.006234s ]
SQL: SHOW COLUMNS FROM `tb_friendlylink` [ RunTime:0.001588s ]
SQL: SELECT * FROM `tb_friendlylink`  [ RunTime:0.001501s ]
SQL: SHOW COLUMNS FROM `tb_tag` [ RunTime:0.001431s ]
SQL: SELECT * FROM `tb_tag`  [ RunTime:0.001374s ]
SQL: SELECT COUNT(distinct(ip)) AS tp_count FROM `tb_visitors` WHERE ( `ip` = 'ip' ) LIMIT 1   [ RunTime:0.001786s ]
NOTIC: [8] Undefined index: www.zxdphp.site /data/home/bxu2442410262/htdocs/Application/Home/Controller/IndexController.class.php 第 111 行.
INFO: [ view_parse ] --START--
INFO: [ template_filter ] --START--
INFO: Run Behavior\ContentReplaceBehavior [ RunTime:0.000070s ]
INFO: [ template_filter ] --END-- [ RunTime:0.000137s ]
NOTIC: [8] Undefined variable: data /data/home/bxu2442410262/htdocs/Application/Runtime/Cache/Home/2a94b8bda04ff446dcedd42276fc99ee.php 第 169 行.
NOTIC: [8] Undefined variable: data /data/home/bxu2442410262/htdocs/Application/Runtime/Cache/Home/2a94b8bda04ff446dcedd42276fc99ee.php 第 171 行.
INFO: Run Behavior\ParseTemplateBehavior [ RunTime:0.018596s ]
INFO: [ view_parse ] --END-- [ RunTime:0.018645s ]
INFO: [ view_filter ] --START--
INFO: Run Behavior\WriteHtmlCacheBehavior [ RunTime:0.000286s ]
INFO: [ view_filter ] --END-- [ RunTime:0.000322s ]
INFO: [ app_end ] --START--
INFO: Run Behavior\ShowPageTraceBehavior [ RunTime:0.000594s ]
INFO: [ app_end ] --END-- [ RunTime:0.000656s ]

[ 2017-07-22T03:48:59+08:00 ] 123.125.67.225 /
INFO: [ app_init ] --START--
INFO: Run Behavior\BuildLiteBehavior [ RunTime:0.000016s ]
INFO: [ app_init ] --END-- [ RunTime:0.000397s ]
INFO: [ app_begin ] --START--
INFO: Run Behavior\ReadHtmlCacheBehavior [ RunTime:0.000469s ]
INFO: [ app_begin ] --END-- [ RunTime:0.000515s ]
SQL: SHOW COLUMNS FROM `tb_article` [ RunTime:0.001765s ]
SQL: SHOW COLUMNS FROM `tb_visitors` [ RunTime:0.001662s ]
SQL: INSERT INTO `tb_visitors` (`ip`,`ipdate`,`address`) VALUES ('123.125.67.225','2017-07-22 03:48:59','中国北京市北京市') [ RunTime:0.005011s ]
SQL: SELECT COUNT(*) AS tp_count FROM `tb_article` LIMIT 1   [ RunTime:0.001997s ]
SQL: SELECT * FROM `tb_article` WHERE ( `ispublic` = '0' ) ORDER BY articletime desc LIMIT 0,7   [ RunTime:0.003241s ]
SQL: SHOW COLUMNS FROM tb_article_tag as at [ RunTime:0.001256s ]
ERR: 1064:You have an error in your SQL syntax; check the manual that corresponds to your MySQL server version for the right syntax to use near 'as at' at line 1
 [ SQL语句 ] : SHOW COLUMNS FROM tb_article_tag as at
SQL: SELECT * FROM tb_article_tag as at INNER JOIN tb_tag as t on at.tagid=t.id   [ RunTime:0.001818s ]
SQL: SHOW COLUMNS FROM `tb_article` [ RunTime:0.001587s ]
SQL: SELECT * FROM `tb_article` ORDER BY views desc  [ RunTime:0.011140s ]
SQL: SELECT * FROM `tb_article` ORDER BY articletime desc  [ RunTime:0.006583s ]
SQL: SHOW COLUMNS FROM `tb_friendlylink` [ RunTime:0.001601s ]
SQL: SELECT * FROM `tb_friendlylink`  [ RunTime:0.001491s ]
SQL: SHOW COLUMNS FROM `tb_tag` [ RunTime:0.001498s ]
SQL: SELECT * FROM `tb_tag`  [ RunTime:0.001349s ]
SQL: SELECT COUNT(distinct(ip)) AS tp_count FROM `tb_visitors` WHERE ( `ip` = 'ip' ) LIMIT 1   [ RunTime:0.001835s ]
NOTIC: [8] Undefined index: www.zxdphp.site /data/home/bxu2442410262/htdocs/Application/Home/Controller/IndexController.class.php 第 111 行.
INFO: [ view_parse ] --START--
INFO: [ template_filter ] --START--
INFO: Run Behavior\ContentReplaceBehavior [ RunTime:0.000054s ]
INFO: [ template_filter ] --END-- [ RunTime:0.000092s ]
NOTIC: [8] Undefined variable: data /data/home/bxu2442410262/htdocs/Application/Runtime/Cache/Home/2a94b8bda04ff446dcedd42276fc99ee.php 第 169 行.
NOTIC: [8] Undefined variable: data /data/home/bxu2442410262/htdocs/Application/Runtime/Cache/Home/2a94b8bda04ff446dcedd42276fc99ee.php 第 171 行.
INFO: Run Behavior\ParseTemplateBehavior [ RunTime:0.016697s ]
INFO: [ view_parse ] --END-- [ RunTime:0.016739s ]
INFO: [ view_filter ] --START--
INFO: Run Behavior\WriteHtmlCacheBehavior [ RunTime:0.000255s ]
INFO: [ view_filter ] --END-- [ RunTime:0.000290s ]
INFO: [ app_end ] --START--
INFO: Run Behavior\ShowPageTraceBehavior [ RunTime:0.000552s ]
INFO: [ app_end ] --END-- [ RunTime:0.000601s ]

[ 2017-07-22T04:10:11+08:00 ] 202.173.11.239 /
INFO: [ app_init ] --START--
INFO: Run Behavior\BuildLiteBehavior [ RunTime:0.000015s ]
INFO: [ app_init ] --END-- [ RunTime:0.000392s ]
INFO: [ app_begin ] --START--
INFO: Run Behavior\ReadHtmlCacheBehavior [ RunTime:0.000455s ]
INFO: [ app_begin ] --END-- [ RunTime:0.000503s ]
SQL: SHOW COLUMNS FROM `tb_article` [ RunTime:0.001973s ]
SQL: SHOW COLUMNS FROM `tb_visitors` [ RunTime:0.001570s ]
SQL: INSERT INTO `tb_visitors` (`ip`,`ipdate`,`address`) VALUES ('202.173.11.239','2017-07-22 04:10:11','中国北京市北京市') [ RunTime:0.005730s ]
SQL: SELECT COUNT(*) AS tp_count FROM `tb_article` LIMIT 1   [ RunTime:0.001998s ]
SQL: SELECT * FROM `tb_article` WHERE ( `ispublic` = '0' ) ORDER BY articletime desc LIMIT 0,7   [ RunTime:0.003373s ]
SQL: SHOW COLUMNS FROM tb_article_tag as at [ RunTime:0.001245s ]
ERR: 1064:You have an error in your SQL syntax; check the manual that corresponds to your MySQL server version for the right syntax to use near 'as at' at line 1
 [ SQL语句 ] : SHOW COLUMNS FROM tb_article_tag as at
SQL: SELECT * FROM tb_article_tag as at INNER JOIN tb_tag as t on at.tagid=t.id   [ RunTime:0.001735s ]
SQL: SHOW COLUMNS FROM `tb_article` [ RunTime:0.001614s ]
SQL: SELECT * FROM `tb_article` ORDER BY views desc  [ RunTime:0.010982s ]
SQL: SELECT * FROM `tb_article` ORDER BY articletime desc  [ RunTime:0.006020s ]
SQL: SHOW COLUMNS FROM `tb_friendlylink` [ RunTime:0.001747s ]
SQL: SELECT * FROM `tb_friendlylink`  [ RunTime:0.001447s ]
SQL: SHOW COLUMNS FROM `tb_tag` [ RunTime:0.001448s ]
SQL: SELECT * FROM `tb_tag`  [ RunTime:0.001312s ]
SQL: SELECT COUNT(distinct(ip)) AS tp_count FROM `tb_visitors` WHERE ( `ip` = 'ip' ) LIMIT 1   [ RunTime:0.001756s ]
NOTIC: [8] Undefined index: www.zxdphp.site /data/home/bxu2442410262/htdocs/Application/Home/Controller/IndexController.class.php 第 111 行.
INFO: [ view_parse ] --START--
INFO: [ template_filter ] --START--
INFO: Run Behavior\ContentReplaceBehavior [ RunTime:0.000055s ]
INFO: [ template_filter ] --END-- [ RunTime:0.000096s ]
NOTIC: [8] Undefined variable: data /data/home/bxu2442410262/htdocs/Application/Runtime/Cache/Home/2a94b8bda04ff446dcedd42276fc99ee.php 第 169 行.
NOTIC: [8] Undefined variable: data /data/home/bxu2442410262/htdocs/Application/Runtime/Cache/Home/2a94b8bda04ff446dcedd42276fc99ee.php 第 171 行.
INFO: Run Behavior\ParseTemplateBehavior [ RunTime:0.017441s ]
INFO: [ view_parse ] --END-- [ RunTime:0.017497s ]
INFO: [ view_filter ] --START--
INFO: Run Behavior\WriteHtmlCacheBehavior [ RunTime:0.000258s ]
INFO: [ view_filter ] --END-- [ RunTime:0.000298s ]
INFO: [ app_end ] --START--
INFO: Run Behavior\ShowPageTraceBehavior [ RunTime:0.000676s ]
INFO: [ app_end ] --END-- [ RunTime:0.000752s ]

[ 2017-07-22T09:59:21+08:00 ] 220.181.108.118 /Home/NewList/newdetail/id/35.html
INFO: [ app_init ] --START--
INFO: Run Behavior\BuildLiteBehavior [ RunTime:0.000017s ]
INFO: [ app_init ] --END-- [ RunTime:0.000406s ]
INFO: [ app_begin ] --START--
INFO: Run Behavior\ReadHtmlCacheBehavior [ RunTime:0.000461s ]
INFO: [ app_begin ] --END-- [ RunTime:0.000518s ]
SQL: SHOW COLUMNS FROM `tb_article` [ RunTime:0.001664s ]
SQL: UPDATE `tb_article` SET `views`=views+1 WHERE ( `id` = 35 ) [ RunTime:0.012015s ]
SQL: SELECT * FROM `tb_article` WHERE ( `id` = 35 ) LIMIT 1   [ RunTime:0.001290s ]
SQL: SELECT * FROM `tb_article` WHERE ( id<35 ) ORDER BY id DESC LIMIT 1   [ RunTime:0.001525s ]
SQL: SELECT * FROM `tb_article` WHERE ( id>35 ) ORDER BY id ASC LIMIT 1   [ RunTime:0.001275s ]
INFO: [ view_parse ] --START--
INFO: [ template_filter ] --START--
INFO: Run Behavior\ContentReplaceBehavior [ RunTime:0.000058s ]
INFO: [ template_filter ] --END-- [ RunTime:0.000109s ]
INFO: Run Behavior\ParseTemplateBehavior [ RunTime:0.010461s ]
INFO: [ view_parse ] --END-- [ RunTime:0.010527s ]
INFO: [ view_filter ] --START--
INFO: Run Behavior\WriteHtmlCacheBehavior [ RunTime:0.000253s ]
INFO: [ view_filter ] --END-- [ RunTime:0.000317s ]
INFO: [ app_end ] --START--
INFO: Run Behavior\ShowPageTraceBehavior [ RunTime:0.000608s ]
INFO: [ app_end ] --END-- [ RunTime:0.000669s ]

[ 2017-07-22T16:15:22+08:00 ] 123.125.71.39 /
INFO: [ app_init ] --START--
INFO: Run Behavior\BuildLiteBehavior [ RunTime:0.000027s ]
INFO: [ app_init ] --END-- [ RunTime:0.000597s ]
INFO: [ app_begin ] --START--
INFO: Run Behavior\ReadHtmlCacheBehavior [ RunTime:0.000823s ]
INFO: [ app_begin ] --END-- [ RunTime:0.000910s ]
SQL: SHOW COLUMNS FROM `tb_article` [ RunTime:0.001780s ]
NOTIC: [2] file_get_contents(http://ip.taobao.com/service/getIpInfo.php?ip=123.125.71.39): failed to open stream: HTTP request failed!  /data/home/bxu2442410262/htdocs/Application/Home/Common/function.php 第 27 行.
NOTIC: [8] Trying to get property of non-object /data/home/bxu2442410262/htdocs/Application/Home/Common/function.php 第 28 行.
NOTIC: [8] Trying to get property of non-object /data/home/bxu2442410262/htdocs/Application/Home/Common/function.php 第 31 行.
NOTIC: [8] Undefined index: ip /data/home/bxu2442410262/htdocs/Application/Home/Controller/IndexController.class.php 第 77 行.
SQL: SELECT COUNT(*) AS tp_count FROM `tb_article` LIMIT 1   [ RunTime:0.000050s ]
ERR: 2006:MySQL server has gone away
 [ SQL语句 ] : SELECT COUNT(*) AS tp_count FROM `tb_article` LIMIT 1  
SQL: SELECT * FROM `tb_article` WHERE ( `ispublic` = '0' ) ORDER BY articletime desc LIMIT 0,7   [ RunTime:0.000007s ]
ERR: 2006:MySQL server has gone away
 [ SQL语句 ] : SELECT * FROM `tb_article` WHERE ( `ispublic` = '0' ) ORDER BY articletime desc LIMIT 0,7  
SQL: SHOW COLUMNS FROM tb_article_tag as at [ RunTime:0.000006s ]
ERR: 2006:MySQL server has gone away
 [ SQL语句 ] : SHOW COLUMNS FROM tb_article_tag as at
SQL: SELECT * FROM tb_article_tag as at INNER JOIN tb_tag as t on at.tagid=t.id   [ RunTime:0.000006s ]
ERR: 2006:MySQL server has gone away
 [ SQL语句 ] : SELECT * FROM tb_article_tag as at INNER JOIN tb_tag as t on at.tagid=t.id  
SQL: SHOW COLUMNS FROM `tb_article` [ RunTime:0.000006s ]
ERR: 2006:MySQL server has gone away
 [ SQL语句 ] : SHOW COLUMNS FROM `tb_article`
SQL: SELECT * FROM `tb_article` ORDER BY views desc  [ RunTime:0.000006s ]
ERR: 2006:MySQL server has gone away
 [ SQL语句 ] : SELECT * FROM `tb_article` ORDER BY views desc 
SQL: SELECT * FROM `tb_article` ORDER BY articletime desc  [ RunTime:0.000006s ]
ERR: 2006:MySQL server has gone away
 [ SQL语句 ] : SELECT * FROM `tb_article` ORDER BY articletime desc 
SQL: SHOW COLUMNS FROM `tb_friendlylink` [ RunTime:0.000006s ]
ERR: 2006:MySQL server has gone away
 [ SQL语句 ] : SHOW COLUMNS FROM `tb_friendlylink`
SQL: SELECT * FROM `tb_friendlylink`  [ RunTime:0.000006s ]
ERR: 2006:MySQL server has gone away
 [ SQL语句 ] : SELECT * FROM `tb_friendlylink` 
SQL: SHOW COLUMNS FROM `tb_tag` [ RunTime:0.000006s ]
ERR: 2006:MySQL server has gone away
 [ SQL语句 ] : SHOW COLUMNS FROM `tb_tag`
SQL: SELECT * FROM `tb_tag`  [ RunTime:0.000006s ]
ERR: 2006:MySQL server has gone away
 [ SQL语句 ] : SELECT * FROM `tb_tag` 
SQL: SHOW COLUMNS FROM `tb_visitors` [ RunTime:0.000006s ]
ERR: 2006:MySQL server has gone away
 [ SQL语句 ] : SHOW COLUMNS FROM `tb_visitors`
SQL: SELECT COUNT(distinct(ip)) AS tp_count FROM `tb_visitors` WHERE ( `ip` = 'ip' ) LIMIT 1   [ RunTime:0.000005s ]
ERR: 2006:MySQL server has gone away
 [ SQL语句 ] : SELECT COUNT(distinct(ip)) AS tp_count FROM `tb_visitors` WHERE ( `ip` = 'ip' ) LIMIT 1  
NOTIC: [8] Undefined index: www.zxdphp.site /data/home/bxu2442410262/htdocs/Application/Home/Controller/IndexController.class.php 第 111 行.
INFO: [ view_parse ] --START--
INFO: [ template_filter ] --START--
INFO: Run Behavior\ContentReplaceBehavior [ RunTime:0.000057s ]
INFO: [ template_filter ] --END-- [ RunTime:0.000098s ]
NOTIC: [8] Undefined variable: data /data/home/bxu2442410262/htdocs/Application/Runtime/Cache/Home/2a94b8bda04ff446dcedd42276fc99ee.php 第 169 行.
NOTIC: [8] Undefined variable: data /data/home/bxu2442410262/htdocs/Application/Runtime/Cache/Home/2a94b8bda04ff446dcedd42276fc99ee.php 第 171 行.
INFO: Run Behavior\ParseTemplateBehavior [ RunTime:0.014306s ]
INFO: [ view_parse ] --END-- [ RunTime:0.014344s ]
INFO: [ view_filter ] --START--
INFO: Run Behavior\WriteHtmlCacheBehavior [ RunTime:0.000248s ]
INFO: [ view_filter ] --END-- [ RunTime:0.000281s ]
INFO: [ app_end ] --START--
INFO: Run Behavior\ShowPageTraceBehavior [ RunTime:0.000541s ]
INFO: [ app_end ] --END-- [ RunTime:0.000583s ]

[ 2017-07-22T16:15:26+08:00 ] 123.125.71.49 /
INFO: [ app_init ] --START--
INFO: Run Behavior\BuildLiteBehavior [ RunTime:0.000019s ]
INFO: [ app_init ] --END-- [ RunTime:0.000375s ]
INFO: [ app_begin ] --START--
INFO: Run Behavior\ReadHtmlCacheBehavior [ RunTime:0.000470s ]
INFO: [ app_begin ] --END-- [ RunTime:0.000522s ]
SQL: SHOW COLUMNS FROM `tb_article` [ RunTime:0.001741s ]
SQL: SHOW COLUMNS FROM `tb_visitors` [ RunTime:0.001693s ]
SQL: INSERT INTO `tb_visitors` (`ip`,`ipdate`,`address`) VALUES ('123.125.71.49','2017-07-22 16:15:26','中国北京市北京市') [ RunTime:0.003708s ]
SQL: SELECT COUNT(*) AS tp_count FROM `tb_article` LIMIT 1   [ RunTime:0.002025s ]
SQL: SELECT * FROM `tb_article` WHERE ( `ispublic` = '0' ) ORDER BY articletime desc LIMIT 0,7   [ RunTime:0.002903s ]
SQL: SHOW COLUMNS FROM tb_article_tag as at [ RunTime:0.001255s ]
ERR: 1064:You have an error in your SQL syntax; check the manual that corresponds to your MySQL server version for the right syntax to use near 'as at' at line 1
 [ SQL语句 ] : SHOW COLUMNS FROM tb_article_tag as at
SQL: SELECT * FROM tb_article_tag as at INNER JOIN tb_tag as t on at.tagid=t.id   [ RunTime:0.001822s ]
SQL: SHOW COLUMNS FROM `tb_article` [ RunTime:0.001555s ]
SQL: SELECT * FROM `tb_article` ORDER BY views desc  [ RunTime:0.011251s ]
SQL: SELECT * FROM `tb_article` ORDER BY articletime desc  [ RunTime:0.006020s ]
SQL: SHOW COLUMNS FROM `tb_friendlylink` [ RunTime:0.001660s ]
SQL: SELECT * FROM `tb_friendlylink`  [ RunTime:0.001455s ]
SQL: SHOW COLUMNS FROM `tb_tag` [ RunTime:0.001511s ]
SQL: SELECT * FROM `tb_tag`  [ RunTime:0.001417s ]
SQL: SELECT COUNT(distinct(ip)) AS tp_count FROM `tb_visitors` WHERE ( `ip` = 'ip' ) LIMIT 1   [ RunTime:0.001861s ]
NOTIC: [8] Undefined index: www.zxdphp.site /data/home/bxu2442410262/htdocs/Application/Home/Controller/IndexController.class.php 第 111 行.
INFO: [ view_parse ] --START--
INFO: [ template_filter ] --START--
INFO: Run Behavior\ContentReplaceBehavior [ RunTime:0.000072s ]
INFO: [ template_filter ] --END-- [ RunTime:0.000112s ]
NOTIC: [8] Undefined variable: data /data/home/bxu2442410262/htdocs/Application/Runtime/Cache/Home/2a94b8bda04ff446dcedd42276fc99ee.php 第 169 行.
NOTIC: [8] Undefined variable: data /data/home/bxu2442410262/htdocs/Application/Runtime/Cache/Home/2a94b8bda04ff446dcedd42276fc99ee.php 第 171 行.
INFO: Run Behavior\ParseTemplateBehavior [ RunTime:0.017740s ]
INFO: [ view_parse ] --END-- [ RunTime:0.017784s ]
INFO: [ view_filter ] --START--
INFO: Run Behavior\WriteHtmlCacheBehavior [ RunTime:0.000250s ]
INFO: [ view_filter ] --END-- [ RunTime:0.000286s ]
INFO: [ app_end ] --START--
INFO: Run Behavior\ShowPageTraceBehavior [ RunTime:0.000499s ]
INFO: [ app_end ] --END-- [ RunTime:0.000543s ]

