[ 2017-06-26T16:32:49+08:00 ] 202.108.211.56 /
INFO: [ app_init ] --START--
INFO: Run Behavior\BuildLiteBehavior [ RunTime:0.000016s ]
INFO: [ app_init ] --END-- [ RunTime:0.000372s ]
INFO: [ app_begin ] --START--
INFO: Run Behavior\ReadHtmlCacheBehavior [ RunTime:0.000487s ]
INFO: [ app_begin ] --END-- [ RunTime:0.000535s ]
SQL: SHOW COLUMNS FROM `tb_article` [ RunTime:0.001785s ]
SQL: SHOW COLUMNS FROM `tb_visitors` [ RunTime:0.001717s ]
SQL: INSERT INTO `tb_visitors` (`ip`,`ipdate`,`address`) VALUES ('202.108.211.56','2017-06-26 16:32:49','中国北京市北京市') [ RunTime:0.005465s ]
SQL: SELECT COUNT(*) AS tp_count FROM `tb_article` LIMIT 1   [ RunTime:0.001772s ]
SQL: SELECT * FROM `tb_article` WHERE ( `ispublic` = '0' ) ORDER BY articletime desc LIMIT 0,7   [ RunTime:0.002715s ]
SQL: SHOW COLUMNS FROM tb_article_tag as at [ RunTime:0.001107s ]
ERR: 1064:You have an error in your SQL syntax; check the manual that corresponds to your MySQL server version for the right syntax to use near 'as at' at line 1
 [ SQL语句 ] : SHOW COLUMNS FROM tb_article_tag as at
SQL: SELECT * FROM tb_article_tag as at INNER JOIN tb_tag as t on at.tagid=t.id   [ RunTime:0.001726s ]
SQL: SHOW COLUMNS FROM `tb_article` [ RunTime:0.001584s ]
SQL: SELECT * FROM `tb_article` ORDER BY views desc  [ RunTime:0.017663s ]
SQL: SELECT * FROM `tb_article` ORDER BY articletime desc  [ RunTime:0.013054s ]
SQL: SHOW COLUMNS FROM `tb_friendlylink` [ RunTime:0.001702s ]
SQL: SELECT * FROM `tb_friendlylink`  [ RunTime:0.001387s ]
SQL: SHOW COLUMNS FROM `tb_tag` [ RunTime:0.001372s ]
SQL: SELECT * FROM `tb_tag`  [ RunTime:0.001208s ]
SQL: SELECT COUNT(distinct(ip)) AS tp_count FROM `tb_visitors` WHERE ( `ip` = 'ip' ) LIMIT 1   [ RunTime:0.001619s ]
NOTIC: [8] Undefined index: www.zxdphp.site /data/home/bxu2442410262/htdocs/Application/Home/Controller/IndexController.class.php 第 111 行.
INFO: [ view_parse ] --START--
INFO: [ template_filter ] --START--
INFO: Run Behavior\ContentReplaceBehavior [ RunTime:0.000056s ]
INFO: [ template_filter ] --END-- [ RunTime:0.000101s ]
NOTIC: [8] Undefined variable: data /data/home/bxu2442410262/htdocs/Application/Runtime/Cache/Home/2a94b8bda04ff446dcedd42276fc99ee.php 第 169 行.
NOTIC: [8] Undefined variable: data /data/home/bxu2442410262/htdocs/Application/Runtime/Cache/Home/2a94b8bda04ff446dcedd42276fc99ee.php 第 171 行.
INFO: Run Behavior\ParseTemplateBehavior [ RunTime:0.018027s ]
INFO: [ view_parse ] --END-- [ RunTime:0.018092s ]
INFO: [ view_filter ] --START--
INFO: Run Behavior\WriteHtmlCacheBehavior [ RunTime:0.000262s ]
INFO: [ view_filter ] --END-- [ RunTime:0.000296s ]
INFO: [ app_end ] --START--
INFO: Run Behavior\ShowPageTraceBehavior [ RunTime:0.000541s ]
INFO: [ app_end ] --END-- [ RunTime:0.000611s ]

[ 2017-06-26T18:46:55+08:00 ] 183.14.28.9 /
INFO: [ app_init ] --START--
INFO: Run Behavior\BuildLiteBehavior [ RunTime:0.000016s ]
INFO: [ app_init ] --END-- [ RunTime:0.000374s ]
INFO: [ app_begin ] --START--
INFO: Run Behavior\ReadHtmlCacheBehavior [ RunTime:0.000514s ]
INFO: [ app_begin ] --END-- [ RunTime:0.000561s ]
SQL: SHOW COLUMNS FROM `tb_article` [ RunTime:0.001765s ]
SQL: SHOW COLUMNS FROM `tb_visitors` [ RunTime:0.001775s ]
SQL: INSERT INTO `tb_visitors` (`ip`,`ipdate`,`address`) VALUES ('183.14.28.9','2017-06-26 18:46:55','中国广东省深圳市') [ RunTime:0.005305s ]
SQL: SELECT COUNT(*) AS tp_count FROM `tb_article` LIMIT 1   [ RunTime:0.001758s ]
SQL: SELECT * FROM `tb_article` WHERE ( `ispublic` = '0' ) ORDER BY articletime desc LIMIT 0,7   [ RunTime:0.003019s ]
SQL: SHOW COLUMNS FROM tb_article_tag as at [ RunTime:0.001126s ]
ERR: 1064:You have an error in your SQL syntax; check the manual that corresponds to your MySQL server version for the right syntax to use near 'as at' at line 1
 [ SQL语句 ] : SHOW COLUMNS FROM tb_article_tag as at
SQL: SELECT * FROM tb_article_tag as at INNER JOIN tb_tag as t on at.tagid=t.id   [ RunTime:0.001641s ]
SQL: SHOW COLUMNS FROM `tb_article` [ RunTime:0.001464s ]
SQL: SELECT * FROM `tb_article` ORDER BY views desc  [ RunTime:0.017935s ]
SQL: SELECT * FROM `tb_article` ORDER BY articletime desc  [ RunTime:0.012620s ]
SQL: SHOW COLUMNS FROM `tb_friendlylink` [ RunTime:0.001459s ]
SQL: SELECT * FROM `tb_friendlylink`  [ RunTime:0.001372s ]
SQL: SHOW COLUMNS FROM `tb_tag` [ RunTime:0.001328s ]
SQL: SELECT * FROM `tb_tag`  [ RunTime:0.001185s ]
SQL: SELECT COUNT(distinct(ip)) AS tp_count FROM `tb_visitors` WHERE ( `ip` = 'ip' ) LIMIT 1   [ RunTime:0.001608s ]
NOTIC: [8] Undefined index: www.zxdphp.site /data/home/bxu2442410262/htdocs/Application/Home/Controller/IndexController.class.php 第 111 行.
INFO: [ view_parse ] --START--
INFO: [ template_filter ] --START--
INFO: Run Behavior\ContentReplaceBehavior [ RunTime:0.000054s ]
INFO: [ template_filter ] --END-- [ RunTime:0.000093s ]
NOTIC: [8] Undefined variable: data /data/home/bxu2442410262/htdocs/Application/Runtime/Cache/Home/2a94b8bda04ff446dcedd42276fc99ee.php 第 169 行.
NOTIC: [8] Undefined variable: data /data/home/bxu2442410262/htdocs/Application/Runtime/Cache/Home/2a94b8bda04ff446dcedd42276fc99ee.php 第 171 行.
INFO: Run Behavior\ParseTemplateBehavior [ RunTime:0.017221s ]
INFO: [ view_parse ] --END-- [ RunTime:0.017268s ]
INFO: [ view_filter ] --START--
INFO: Run Behavior\WriteHtmlCacheBehavior [ RunTime:0.000257s ]
INFO: [ view_filter ] --END-- [ RunTime:0.000293s ]
INFO: [ app_end ] --START--
INFO: Run Behavior\ShowPageTraceBehavior [ RunTime:0.000537s ]
INFO: [ app_end ] --END-- [ RunTime:0.000617s ]

[ 2017-06-26T18:47:02+08:00 ] 183.14.28.9 /Home/Index/index/id/17.html
INFO: [ app_init ] --START--
INFO: Run Behavior\BuildLiteBehavior [ RunTime:0.000019s ]
INFO: [ app_init ] --END-- [ RunTime:0.000407s ]
INFO: [ app_begin ] --START--
INFO: Run Behavior\ReadHtmlCacheBehavior [ RunTime:0.000498s ]
INFO: [ app_begin ] --END-- [ RunTime:0.000546s ]
SQL: SHOW COLUMNS FROM `tb_article` [ RunTime:0.001714s ]
SQL: SHOW COLUMNS FROM `tb_visitors` [ RunTime:0.002652s ]
SQL: INSERT INTO `tb_visitors` (`ip`,`ipdate`,`address`) VALUES ('183.14.28.9','2017-06-26 18:47:02','中国广东省深圳市') [ RunTime:0.003901s ]
SQL: SHOW COLUMNS FROM tb_article as a [ RunTime:0.001303s ]
ERR: 1064:You have an error in your SQL syntax; check the manual that corresponds to your MySQL server version for the right syntax to use near 'as a' at line 1
 [ SQL语句 ] : SHOW COLUMNS FROM tb_article as a
SQL: SELECT COUNT(*) AS tp_count FROM tb_article as a INNER JOIN tb_article_tag as at on a.id=at.articleid INNER JOIN tb_tag as t on at.tagid=t.id  WHERE ( at.tagid = '17' ) AND ( a.ispublic = '0' ) LIMIT 1   [ RunTime:0.001512s ]
SQL: SELECT a.id,a.titlepic,a.articletitle,a.articlecontent,a.articletime,at.articleid,t.name FROM tb_article as a INNER JOIN tb_article_tag as at on a.id=at.articleid INNER JOIN tb_tag as t on at.tagid=t.id  WHERE ( at.tagid = '17' ) AND ( a.ispublic = '0' ) LIMIT 0,7   [ RunTime:0.007689s ]
SQL: SHOW COLUMNS FROM tb_article_tag as at [ RunTime:0.001216s ]
ERR: 1064:You have an error in your SQL syntax; check the manual that corresponds to your MySQL server version for the right syntax to use near 'as at' at line 1
 [ SQL语句 ] : SHOW COLUMNS FROM tb_article_tag as at
SQL: SELECT * FROM tb_article_tag as at INNER JOIN tb_tag as t on at.tagid=t.id   [ RunTime:0.001271s ]
SQL: SHOW COLUMNS FROM `tb_article` [ RunTime:0.001603s ]
SQL: SELECT * FROM `tb_article` ORDER BY views desc  [ RunTime:0.015595s ]
SQL: SELECT * FROM `tb_article` ORDER BY articletime desc  [ RunTime:0.010446s ]
SQL: SHOW COLUMNS FROM `tb_friendlylink` [ RunTime:0.001514s ]
SQL: SELECT * FROM `tb_friendlylink`  [ RunTime:0.001241s ]
SQL: SHOW COLUMNS FROM `tb_tag` [ RunTime:0.001458s ]
SQL: SELECT * FROM `tb_tag`  [ RunTime:0.001225s ]
SQL: SELECT COUNT(distinct(ip)) AS tp_count FROM `tb_visitors` WHERE ( `ip` = 'ip' ) LIMIT 1   [ RunTime:0.001525s ]
INFO: [ view_parse ] --START--
INFO: [ template_filter ] --START--
INFO: Run Behavior\ContentReplaceBehavior [ RunTime:0.000056s ]
INFO: [ template_filter ] --END-- [ RunTime:0.000095s ]
NOTIC: [8] Undefined index: views /data/home/bxu2442410262/htdocs/Application/Runtime/Cache/Home/2a94b8bda04ff446dcedd42276fc99ee.php 第 93 行.
NOTIC: [8] Undefined index: views /data/home/bxu2442410262/htdocs/Application/Runtime/Cache/Home/2a94b8bda04ff446dcedd42276fc99ee.php 第 93 行.
NOTIC: [8] Undefined index: views /data/home/bxu2442410262/htdocs/Application/Runtime/Cache/Home/2a94b8bda04ff446dcedd42276fc99ee.php 第 93 行.
NOTIC: [8] Undefined index: views /data/home/bxu2442410262/htdocs/Application/Runtime/Cache/Home/2a94b8bda04ff446dcedd42276fc99ee.php 第 93 行.
NOTIC: [8] Undefined index: views /data/home/bxu2442410262/htdocs/Application/Runtime/Cache/Home/2a94b8bda04ff446dcedd42276fc99ee.php 第 93 行.
NOTIC: [8] Undefined variable: data /data/home/bxu2442410262/htdocs/Application/Runtime/Cache/Home/2a94b8bda04ff446dcedd42276fc99ee.php 第 169 行.
NOTIC: [8] Undefined variable: data /data/home/bxu2442410262/htdocs/Application/Runtime/Cache/Home/2a94b8bda04ff446dcedd42276fc99ee.php 第 171 行.
INFO: Run Behavior\ParseTemplateBehavior [ RunTime:0.017843s ]
INFO: [ view_parse ] --END-- [ RunTime:0.017886s ]
INFO: [ view_filter ] --START--
INFO: Run Behavior\WriteHtmlCacheBehavior [ RunTime:0.000287s ]
INFO: [ view_filter ] --END-- [ RunTime:0.000322s ]
INFO: [ app_end ] --START--
INFO: Run Behavior\ShowPageTraceBehavior [ RunTime:0.000682s ]
INFO: [ app_end ] --END-- [ RunTime:0.000760s ]

[ 2017-06-26T18:47:10+08:00 ] 183.14.28.9 /Home/NewList/newdetail/id/36.html
INFO: [ app_init ] --START--
INFO: Run Behavior\BuildLiteBehavior [ RunTime:0.000015s ]
INFO: [ app_init ] --END-- [ RunTime:0.000387s ]
INFO: [ app_begin ] --START--
INFO: Run Behavior\ReadHtmlCacheBehavior [ RunTime:0.000525s ]
INFO: [ app_begin ] --END-- [ RunTime:0.000575s ]
SQL: SHOW COLUMNS FROM `tb_article` [ RunTime:0.001564s ]
SQL: UPDATE `tb_article` SET `views`=views+1 WHERE ( `id` = 36 ) [ RunTime:0.005005s ]
SQL: SELECT * FROM `tb_article` WHERE ( `id` = 36 ) LIMIT 1   [ RunTime:0.001319s ]
SQL: SELECT * FROM `tb_article` WHERE ( id<36 ) ORDER BY id DESC LIMIT 1   [ RunTime:0.001336s ]
SQL: SELECT * FROM `tb_article` WHERE ( id>36 ) ORDER BY id ASC LIMIT 1   [ RunTime:0.001408s ]
INFO: [ view_parse ] --START--
INFO: [ template_filter ] --START--
INFO: Run Behavior\ContentReplaceBehavior [ RunTime:0.000067s ]
INFO: [ template_filter ] --END-- [ RunTime:0.000106s ]
INFO: Run Behavior\ParseTemplateBehavior [ RunTime:0.009980s ]
INFO: [ view_parse ] --END-- [ RunTime:0.010027s ]
INFO: [ view_filter ] --START--
INFO: Run Behavior\WriteHtmlCacheBehavior [ RunTime:0.000247s ]
INFO: [ view_filter ] --END-- [ RunTime:0.000302s ]
INFO: [ app_end ] --START--
INFO: Run Behavior\ShowPageTraceBehavior [ RunTime:0.000526s ]
INFO: [ app_end ] --END-- [ RunTime:0.000571s ]

[ 2017-06-26T18:47:11+08:00 ] 183.14.28.9 /
INFO: [ app_init ] --START--
INFO: Run Behavior\BuildLiteBehavior [ RunTime:0.000016s ]
INFO: [ app_init ] --END-- [ RunTime:0.000396s ]
INFO: [ app_begin ] --START--
INFO: Run Behavior\ReadHtmlCacheBehavior [ RunTime:0.000459s ]
INFO: [ app_begin ] --END-- [ RunTime:0.000507s ]
SQL: SHOW COLUMNS FROM `tb_article` [ RunTime:0.001530s ]
SQL: SHOW COLUMNS FROM `tb_visitors` [ RunTime:0.001523s ]
SQL: INSERT INTO `tb_visitors` (`ip`,`ipdate`,`address`) VALUES ('183.14.28.9','2017-06-26 18:47:11','中国广东省深圳市') [ RunTime:0.017768s ]
SQL: SELECT COUNT(*) AS tp_count FROM `tb_article` LIMIT 1   [ RunTime:0.001464s ]
SQL: SELECT * FROM `tb_article` WHERE ( `ispublic` = '0' ) ORDER BY articletime desc LIMIT 0,7   [ RunTime:0.002713s ]
SQL: SHOW COLUMNS FROM tb_article_tag as at [ RunTime:0.001142s ]
ERR: 1064:You have an error in your SQL syntax; check the manual that corresponds to your MySQL server version for the right syntax to use near 'as at' at line 1
 [ SQL语句 ] : SHOW COLUMNS FROM tb_article_tag as at
SQL: SELECT * FROM tb_article_tag as at INNER JOIN tb_tag as t on at.tagid=t.id   [ RunTime:0.001169s ]
SQL: SHOW COLUMNS FROM `tb_article` [ RunTime:0.001451s ]
SQL: SELECT * FROM `tb_article` ORDER BY views desc  [ RunTime:0.017358s ]
SQL: SELECT * FROM `tb_article` ORDER BY articletime desc  [ RunTime:0.012290s ]
SQL: SHOW COLUMNS FROM `tb_friendlylink` [ RunTime:0.001488s ]
SQL: SELECT * FROM `tb_friendlylink`  [ RunTime:0.001164s ]
SQL: SHOW COLUMNS FROM `tb_tag` [ RunTime:0.001344s ]
SQL: SELECT * FROM `tb_tag`  [ RunTime:0.001137s ]
SQL: SELECT COUNT(distinct(ip)) AS tp_count FROM `tb_visitors` WHERE ( `ip` = 'ip' ) LIMIT 1   [ RunTime:0.001511s ]
INFO: [ view_parse ] --START--
INFO: [ template_filter ] --START--
INFO: Run Behavior\ContentReplaceBehavior [ RunTime:0.000061s ]
INFO: [ template_filter ] --END-- [ RunTime:0.000113s ]
NOTIC: [8] Undefined variable: data /data/home/bxu2442410262/htdocs/Application/Runtime/Cache/Home/2a94b8bda04ff446dcedd42276fc99ee.php 第 169 行.
NOTIC: [8] Undefined variable: data /data/home/bxu2442410262/htdocs/Application/Runtime/Cache/Home/2a94b8bda04ff446dcedd42276fc99ee.php 第 171 行.
INFO: Run Behavior\ParseTemplateBehavior [ RunTime:0.020056s ]
INFO: [ view_parse ] --END-- [ RunTime:0.020107s ]
INFO: [ view_filter ] --START--
INFO: Run Behavior\WriteHtmlCacheBehavior [ RunTime:0.000253s ]
INFO: [ view_filter ] --END-- [ RunTime:0.000287s ]
INFO: [ app_end ] --START--
INFO: Run Behavior\ShowPageTraceBehavior [ RunTime:0.000515s ]
INFO: [ app_end ] --END-- [ RunTime:0.000559s ]

[ 2017-06-26T20:35:34+08:00 ] 220.181.108.150 /Home/Index/index/p/2.html
INFO: [ app_init ] --START--
INFO: Run Behavior\BuildLiteBehavior [ RunTime:0.000025s ]
INFO: [ app_init ] --END-- [ RunTime:0.000588s ]
INFO: [ app_begin ] --START--
INFO: Run Behavior\ReadHtmlCacheBehavior [ RunTime:0.000496s ]
INFO: [ app_begin ] --END-- [ RunTime:0.000546s ]
SQL: SHOW COLUMNS FROM `tb_article` [ RunTime:0.001706s ]
SQL: SHOW COLUMNS FROM `tb_visitors` [ RunTime:0.001459s ]
SQL: INSERT INTO `tb_visitors` (`ip`,`ipdate`,`address`) VALUES ('220.181.108.150','2017-06-26 20:35:34','中国北京市北京市') [ RunTime:0.011086s ]
SQL: SELECT COUNT(*) AS tp_count FROM `tb_article` LIMIT 1   [ RunTime:0.001943s ]
SQL: SELECT * FROM `tb_article` WHERE ( `ispublic` = '0' ) ORDER BY articletime desc LIMIT 7,7   [ RunTime:0.006919s ]
SQL: SHOW COLUMNS FROM tb_article_tag as at [ RunTime:0.001081s ]
ERR: 1064:You have an error in your SQL syntax; check the manual that corresponds to your MySQL server version for the right syntax to use near 'as at' at line 1
 [ SQL语句 ] : SHOW COLUMNS FROM tb_article_tag as at
SQL: SELECT * FROM tb_article_tag as at INNER JOIN tb_tag as t on at.tagid=t.id   [ RunTime:0.001598s ]
SQL: SHOW COLUMNS FROM `tb_article` [ RunTime:0.001380s ]
SQL: SELECT * FROM `tb_article` ORDER BY views desc  [ RunTime:0.016905s ]
SQL: SELECT * FROM `tb_article` ORDER BY articletime desc  [ RunTime:0.012547s ]
SQL: SHOW COLUMNS FROM `tb_friendlylink` [ RunTime:0.001650s ]
SQL: SELECT * FROM `tb_friendlylink`  [ RunTime:0.001318s ]
SQL: SHOW COLUMNS FROM `tb_tag` [ RunTime:0.001337s ]
SQL: SELECT * FROM `tb_tag`  [ RunTime:0.001177s ]
SQL: SELECT COUNT(distinct(ip)) AS tp_count FROM `tb_visitors` WHERE ( `ip` = 'ip' ) LIMIT 1   [ RunTime:0.001616s ]
NOTIC: [8] Undefined index: www.zxdphp.site /data/home/bxu2442410262/htdocs/Application/Home/Controller/IndexController.class.php 第 111 行.
INFO: [ view_parse ] --START--
INFO: [ template_filter ] --START--
INFO: Run Behavior\ContentReplaceBehavior [ RunTime:0.000065s ]
INFO: [ template_filter ] --END-- [ RunTime:0.000120s ]
NOTIC: [8] Undefined variable: data /data/home/bxu2442410262/htdocs/Application/Runtime/Cache/Home/2a94b8bda04ff446dcedd42276fc99ee.php 第 169 行.
NOTIC: [8] Undefined variable: data /data/home/bxu2442410262/htdocs/Application/Runtime/Cache/Home/2a94b8bda04ff446dcedd42276fc99ee.php 第 171 行.
INFO: Run Behavior\ParseTemplateBehavior [ RunTime:0.020206s ]
INFO: [ view_parse ] --END-- [ RunTime:0.020245s ]
INFO: [ view_filter ] --START--
INFO: Run Behavior\WriteHtmlCacheBehavior [ RunTime:0.000267s ]
INFO: [ view_filter ] --END-- [ RunTime:0.000304s ]
INFO: [ app_end ] --START--
INFO: Run Behavior\ShowPageTraceBehavior [ RunTime:0.000632s ]
INFO: [ app_end ] --END-- [ RunTime:0.000709s ]

