[ 2017-07-10T02:06:46+08:00 ] 123.125.71.55 /
INFO: [ app_init ] --START--
INFO: Run Behavior\BuildLiteBehavior [ RunTime:0.000020s ]
INFO: [ app_init ] --END-- [ RunTime:0.000385s ]
INFO: [ app_begin ] --START--
INFO: Run Behavior\ReadHtmlCacheBehavior [ RunTime:0.000444s ]
INFO: [ app_begin ] --END-- [ RunTime:0.000490s ]
SQL: SHOW COLUMNS FROM `tb_article` [ RunTime:0.001584s ]
SQL: SHOW COLUMNS FROM `tb_visitors` [ RunTime:0.001585s ]
SQL: INSERT INTO `tb_visitors` (`ip`,`ipdate`,`address`) VALUES ('123.125.71.55','2017-07-10 02:06:46','中国北京市北京市') [ RunTime:0.004010s ]
SQL: SELECT COUNT(*) AS tp_count FROM `tb_article` LIMIT 1   [ RunTime:0.001650s ]
SQL: SELECT * FROM `tb_article` WHERE ( `ispublic` = '0' ) ORDER BY articletime desc LIMIT 0,7   [ RunTime:0.002637s ]
SQL: SHOW COLUMNS FROM tb_article_tag as at [ RunTime:0.001097s ]
ERR: 1064:You have an error in your SQL syntax; check the manual that corresponds to your MySQL server version for the right syntax to use near 'as at' at line 1
 [ SQL语句 ] : SHOW COLUMNS FROM tb_article_tag as at
SQL: SELECT * FROM tb_article_tag as at INNER JOIN tb_tag as t on at.tagid=t.id   [ RunTime:0.001604s ]
SQL: SHOW COLUMNS FROM `tb_article` [ RunTime:0.001373s ]
SQL: SELECT * FROM `tb_article` ORDER BY views desc  [ RunTime:0.014075s ]
SQL: SELECT * FROM `tb_article` ORDER BY articletime desc  [ RunTime:0.010351s ]
SQL: SHOW COLUMNS FROM `tb_friendlylink` [ RunTime:0.001408s ]
SQL: SELECT * FROM `tb_friendlylink`  [ RunTime:0.001281s ]
SQL: SHOW COLUMNS FROM `tb_tag` [ RunTime:0.001279s ]
SQL: SELECT * FROM `tb_tag`  [ RunTime:0.001155s ]
SQL: SELECT COUNT(distinct(ip)) AS tp_count FROM `tb_visitors` WHERE ( `ip` = 'ip' ) LIMIT 1   [ RunTime:0.001620s ]
NOTIC: [8] Undefined index: www.zxdphp.site /data/home/bxu2442410262/htdocs/Application/Home/Controller/IndexController.class.php 第 111 行.
INFO: [ view_parse ] --START--
INFO: [ template_filter ] --START--
INFO: Run Behavior\ContentReplaceBehavior [ RunTime:0.000056s ]
INFO: [ template_filter ] --END-- [ RunTime:0.000097s ]
NOTIC: [8] Undefined variable: data /data/home/bxu2442410262/htdocs/Application/Runtime/Cache/Home/2a94b8bda04ff446dcedd42276fc99ee.php 第 169 行.
NOTIC: [8] Undefined variable: data /data/home/bxu2442410262/htdocs/Application/Runtime/Cache/Home/2a94b8bda04ff446dcedd42276fc99ee.php 第 171 行.
INFO: Run Behavior\ParseTemplateBehavior [ RunTime:0.017425s ]
INFO: [ view_parse ] --END-- [ RunTime:0.017470s ]
INFO: [ view_filter ] --START--
INFO: Run Behavior\WriteHtmlCacheBehavior [ RunTime:0.000250s ]
INFO: [ view_filter ] --END-- [ RunTime:0.000286s ]
INFO: [ app_end ] --START--
INFO: Run Behavior\ShowPageTraceBehavior [ RunTime:0.000749s ]
INFO: [ app_end ] --END-- [ RunTime:0.000808s ]

[ 2017-07-10T09:38:09+08:00 ] 183.14.28.170 /
INFO: [ app_init ] --START--
INFO: Run Behavior\BuildLiteBehavior [ RunTime:0.000022s ]
INFO: [ app_init ] --END-- [ RunTime:0.000507s ]
INFO: [ app_begin ] --START--
INFO: Run Behavior\ReadHtmlCacheBehavior [ RunTime:0.000499s ]
INFO: [ app_begin ] --END-- [ RunTime:0.000559s ]
SQL: SHOW COLUMNS FROM `tb_article` [ RunTime:0.001778s ]
SQL: SHOW COLUMNS FROM `tb_visitors` [ RunTime:0.001748s ]
SQL: INSERT INTO `tb_visitors` (`ip`,`ipdate`,`address`) VALUES ('183.14.28.170','2017-07-10 09:38:09','中国广东省深圳市') [ RunTime:0.004918s ]
SQL: SELECT COUNT(*) AS tp_count FROM `tb_article` LIMIT 1   [ RunTime:0.001796s ]
SQL: SELECT * FROM `tb_article` WHERE ( `ispublic` = '0' ) ORDER BY articletime desc LIMIT 0,7   [ RunTime:0.002761s ]
SQL: SHOW COLUMNS FROM tb_article_tag as at [ RunTime:0.001327s ]
ERR: 1064:You have an error in your SQL syntax; check the manual that corresponds to your MySQL server version for the right syntax to use near 'as at' at line 1
 [ SQL语句 ] : SHOW COLUMNS FROM tb_article_tag as at
SQL: SELECT * FROM tb_article_tag as at INNER JOIN tb_tag as t on at.tagid=t.id   [ RunTime:0.001737s ]
SQL: SHOW COLUMNS FROM `tb_article` [ RunTime:0.001514s ]
SQL: SELECT * FROM `tb_article` ORDER BY views desc  [ RunTime:0.019140s ]
SQL: SELECT * FROM `tb_article` ORDER BY articletime desc  [ RunTime:0.013135s ]
SQL: SHOW COLUMNS FROM `tb_friendlylink` [ RunTime:0.001567s ]
SQL: SELECT * FROM `tb_friendlylink`  [ RunTime:0.001494s ]
SQL: SHOW COLUMNS FROM `tb_tag` [ RunTime:0.001469s ]
SQL: SELECT * FROM `tb_tag`  [ RunTime:0.001340s ]
SQL: SELECT COUNT(distinct(ip)) AS tp_count FROM `tb_visitors` WHERE ( `ip` = 'ip' ) LIMIT 1   [ RunTime:0.001692s ]
NOTIC: [8] Undefined index: www.zxdphp.site /data/home/bxu2442410262/htdocs/Application/Home/Controller/IndexController.class.php 第 111 行.
INFO: [ view_parse ] --START--
INFO: [ template_filter ] --START--
INFO: Run Behavior\ContentReplaceBehavior [ RunTime:0.000054s ]
INFO: [ template_filter ] --END-- [ RunTime:0.000096s ]
NOTIC: [8] Undefined variable: data /data/home/bxu2442410262/htdocs/Application/Runtime/Cache/Home/2a94b8bda04ff446dcedd42276fc99ee.php 第 169 行.
NOTIC: [8] Undefined variable: data /data/home/bxu2442410262/htdocs/Application/Runtime/Cache/Home/2a94b8bda04ff446dcedd42276fc99ee.php 第 171 行.
INFO: Run Behavior\ParseTemplateBehavior [ RunTime:0.017057s ]
INFO: [ view_parse ] --END-- [ RunTime:0.017109s ]
INFO: [ view_filter ] --START--
INFO: Run Behavior\WriteHtmlCacheBehavior [ RunTime:0.000262s ]
INFO: [ view_filter ] --END-- [ RunTime:0.000297s ]
INFO: [ app_end ] --START--
INFO: Run Behavior\ShowPageTraceBehavior [ RunTime:0.000529s ]
INFO: [ app_end ] --END-- [ RunTime:0.000575s ]

[ 2017-07-10T09:42:14+08:00 ] 183.14.28.170 /Home/NewList/newdetail/id/35.html
INFO: [ app_init ] --START--
INFO: Run Behavior\BuildLiteBehavior [ RunTime:0.000019s ]
INFO: [ app_init ] --END-- [ RunTime:0.000407s ]
INFO: [ app_begin ] --START--
INFO: Run Behavior\ReadHtmlCacheBehavior [ RunTime:0.000503s ]
INFO: [ app_begin ] --END-- [ RunTime:0.000551s ]
SQL: SHOW COLUMNS FROM `tb_article` [ RunTime:0.001867s ]
SQL: UPDATE `tb_article` SET `views`=views+1 WHERE ( `id` = 35 ) [ RunTime:0.004668s ]
SQL: SELECT * FROM `tb_article` WHERE ( `id` = 35 ) LIMIT 1   [ RunTime:0.001427s ]
SQL: SELECT * FROM `tb_article` WHERE ( id<35 ) ORDER BY id DESC LIMIT 1   [ RunTime:0.001590s ]
SQL: SELECT * FROM `tb_article` WHERE ( id>35 ) ORDER BY id ASC LIMIT 1   [ RunTime:0.001422s ]
INFO: [ view_parse ] --START--
INFO: [ template_filter ] --START--
INFO: Run Behavior\ContentReplaceBehavior [ RunTime:0.000069s ]
INFO: [ template_filter ] --END-- [ RunTime:0.000114s ]
INFO: Run Behavior\ParseTemplateBehavior [ RunTime:0.009973s ]
INFO: [ view_parse ] --END-- [ RunTime:0.010027s ]
INFO: [ view_filter ] --START--
INFO: Run Behavior\WriteHtmlCacheBehavior [ RunTime:0.000233s ]
INFO: [ view_filter ] --END-- [ RunTime:0.000265s ]
INFO: [ app_end ] --START--
INFO: Run Behavior\ShowPageTraceBehavior [ RunTime:0.000608s ]
INFO: [ app_end ] --END-- [ RunTime:0.000656s ]

[ 2017-07-10T09:42:15+08:00 ] 183.14.28.170 /
INFO: [ app_init ] --START--
INFO: Run Behavior\BuildLiteBehavior [ RunTime:0.000015s ]
INFO: [ app_init ] --END-- [ RunTime:0.000408s ]
INFO: [ app_begin ] --START--
INFO: Run Behavior\ReadHtmlCacheBehavior [ RunTime:0.000443s ]
INFO: [ app_begin ] --END-- [ RunTime:0.000491s ]
SQL: SHOW COLUMNS FROM `tb_article` [ RunTime:0.001590s ]
SQL: SHOW COLUMNS FROM `tb_visitors` [ RunTime:0.002394s ]
SQL: INSERT INTO `tb_visitors` (`ip`,`ipdate`,`address`) VALUES ('183.14.28.170','2017-07-10 09:42:15','中国广东省深圳市') [ RunTime:0.008282s ]
SQL: SELECT COUNT(*) AS tp_count FROM `tb_article` LIMIT 1   [ RunTime:0.001607s ]
SQL: SELECT * FROM `tb_article` WHERE ( `ispublic` = '0' ) ORDER BY articletime desc LIMIT 0,7   [ RunTime:0.002788s ]
SQL: SHOW COLUMNS FROM tb_article_tag as at [ RunTime:0.001356s ]
ERR: 1064:You have an error in your SQL syntax; check the manual that corresponds to your MySQL server version for the right syntax to use near 'as at' at line 1
 [ SQL语句 ] : SHOW COLUMNS FROM tb_article_tag as at
SQL: SELECT * FROM tb_article_tag as at INNER JOIN tb_tag as t on at.tagid=t.id   [ RunTime:0.001490s ]
SQL: SHOW COLUMNS FROM `tb_article` [ RunTime:0.002026s ]
SQL: SELECT * FROM `tb_article` ORDER BY views desc  [ RunTime:0.017363s ]
SQL: SELECT * FROM `tb_article` ORDER BY articletime desc  [ RunTime:0.011244s ]
SQL: SHOW COLUMNS FROM `tb_friendlylink` [ RunTime:0.001501s ]
SQL: SELECT * FROM `tb_friendlylink`  [ RunTime:0.001151s ]
SQL: SHOW COLUMNS FROM `tb_tag` [ RunTime:0.001491s ]
SQL: SELECT * FROM `tb_tag`  [ RunTime:0.001131s ]
SQL: SELECT COUNT(distinct(ip)) AS tp_count FROM `tb_visitors` WHERE ( `ip` = 'ip' ) LIMIT 1   [ RunTime:0.001780s ]
INFO: [ view_parse ] --START--
INFO: [ template_filter ] --START--
INFO: Run Behavior\ContentReplaceBehavior [ RunTime:0.000065s ]
INFO: [ template_filter ] --END-- [ RunTime:0.000118s ]
NOTIC: [8] Undefined variable: data /data/home/bxu2442410262/htdocs/Application/Runtime/Cache/Home/2a94b8bda04ff446dcedd42276fc99ee.php 第 169 行.
NOTIC: [8] Undefined variable: data /data/home/bxu2442410262/htdocs/Application/Runtime/Cache/Home/2a94b8bda04ff446dcedd42276fc99ee.php 第 171 行.
INFO: Run Behavior\ParseTemplateBehavior [ RunTime:0.018126s ]
INFO: [ view_parse ] --END-- [ RunTime:0.018183s ]
INFO: [ view_filter ] --START--
INFO: Run Behavior\WriteHtmlCacheBehavior [ RunTime:0.000260s ]
INFO: [ view_filter ] --END-- [ RunTime:0.000293s ]
INFO: [ app_end ] --START--
INFO: Run Behavior\ShowPageTraceBehavior [ RunTime:0.000507s ]
INFO: [ app_end ] --END-- [ RunTime:0.000561s ]

[ 2017-07-10T11:32:53+08:00 ] 183.14.28.170 /
INFO: [ app_init ] --START--
INFO: Run Behavior\BuildLiteBehavior [ RunTime:0.000020s ]
INFO: [ app_init ] --END-- [ RunTime:0.000411s ]
INFO: [ app_begin ] --START--
INFO: Run Behavior\ReadHtmlCacheBehavior [ RunTime:0.000472s ]
INFO: [ app_begin ] --END-- [ RunTime:0.000540s ]
SQL: SHOW COLUMNS FROM `tb_article` [ RunTime:0.001687s ]
SQL: SHOW COLUMNS FROM `tb_visitors` [ RunTime:0.001566s ]
SQL: INSERT INTO `tb_visitors` (`ip`,`ipdate`,`address`) VALUES ('183.14.28.170','2017-07-10 11:32:53','中国广东省深圳市') [ RunTime:0.004511s ]
SQL: SELECT COUNT(*) AS tp_count FROM `tb_article` LIMIT 1   [ RunTime:0.001705s ]
SQL: SELECT * FROM `tb_article` WHERE ( `ispublic` = '0' ) ORDER BY articletime desc LIMIT 0,7   [ RunTime:0.002677s ]
SQL: SHOW COLUMNS FROM tb_article_tag as at [ RunTime:0.001079s ]
ERR: 1064:You have an error in your SQL syntax; check the manual that corresponds to your MySQL server version for the right syntax to use near 'as at' at line 1
 [ SQL语句 ] : SHOW COLUMNS FROM tb_article_tag as at
SQL: SELECT * FROM tb_article_tag as at INNER JOIN tb_tag as t on at.tagid=t.id   [ RunTime:0.001862s ]
SQL: SHOW COLUMNS FROM `tb_article` [ RunTime:0.001379s ]
SQL: SELECT * FROM `tb_article` ORDER BY views desc  [ RunTime:0.014396s ]
SQL: SELECT * FROM `tb_article` ORDER BY articletime desc  [ RunTime:0.010263s ]
SQL: SHOW COLUMNS FROM `tb_friendlylink` [ RunTime:0.001395s ]
SQL: SELECT * FROM `tb_friendlylink`  [ RunTime:0.001384s ]
SQL: SHOW COLUMNS FROM `tb_tag` [ RunTime:0.001301s ]
SQL: SELECT * FROM `tb_tag`  [ RunTime:0.001274s ]
SQL: SELECT COUNT(distinct(ip)) AS tp_count FROM `tb_visitors` WHERE ( `ip` = 'ip' ) LIMIT 1   [ RunTime:0.001606s ]
NOTIC: [8] Undefined index: www.zxdphp.site /data/home/bxu2442410262/htdocs/Application/Home/Controller/IndexController.class.php 第 111 行.
INFO: [ view_parse ] --START--
INFO: [ template_filter ] --START--
INFO: Run Behavior\ContentReplaceBehavior [ RunTime:0.000056s ]
INFO: [ template_filter ] --END-- [ RunTime:0.000118s ]
NOTIC: [8] Undefined variable: data /data/home/bxu2442410262/htdocs/Application/Runtime/Cache/Home/2a94b8bda04ff446dcedd42276fc99ee.php 第 169 行.
NOTIC: [8] Undefined variable: data /data/home/bxu2442410262/htdocs/Application/Runtime/Cache/Home/2a94b8bda04ff446dcedd42276fc99ee.php 第 171 行.
INFO: Run Behavior\ParseTemplateBehavior [ RunTime:0.018407s ]
INFO: [ view_parse ] --END-- [ RunTime:0.018461s ]
INFO: [ view_filter ] --START--
INFO: Run Behavior\WriteHtmlCacheBehavior [ RunTime:0.000247s ]
INFO: [ view_filter ] --END-- [ RunTime:0.000283s ]
INFO: [ app_end ] --START--
INFO: Run Behavior\ShowPageTraceBehavior [ RunTime:0.000540s ]
INFO: [ app_end ] --END-- [ RunTime:0.000585s ]

[ 2017-07-10T11:32:58+08:00 ] 183.14.28.170 /Home/NewList/newdetail/id/35.html
INFO: [ app_init ] --START--
INFO: Run Behavior\BuildLiteBehavior [ RunTime:0.000019s ]
INFO: [ app_init ] --END-- [ RunTime:0.000426s ]
INFO: [ app_begin ] --START--
INFO: Run Behavior\ReadHtmlCacheBehavior [ RunTime:0.000533s ]
INFO: [ app_begin ] --END-- [ RunTime:0.000594s ]
SQL: SHOW COLUMNS FROM `tb_article` [ RunTime:0.002579s ]
SQL: UPDATE `tb_article` SET `views`=views+1 WHERE ( `id` = 35 ) [ RunTime:0.006298s ]
SQL: SELECT * FROM `tb_article` WHERE ( `id` = 35 ) LIMIT 1   [ RunTime:0.001525s ]
SQL: SELECT * FROM `tb_article` WHERE ( id<35 ) ORDER BY id DESC LIMIT 1   [ RunTime:0.001601s ]
SQL: SELECT * FROM `tb_article` WHERE ( id>35 ) ORDER BY id ASC LIMIT 1   [ RunTime:0.001493s ]
INFO: [ view_parse ] --START--
INFO: [ template_filter ] --START--
INFO: Run Behavior\ContentReplaceBehavior [ RunTime:0.000068s ]
INFO: [ template_filter ] --END-- [ RunTime:0.000133s ]
INFO: Run Behavior\ParseTemplateBehavior [ RunTime:0.009894s ]
INFO: [ view_parse ] --END-- [ RunTime:0.010049s ]
INFO: [ view_filter ] --START--
INFO: Run Behavior\WriteHtmlCacheBehavior [ RunTime:0.000317s ]
INFO: [ view_filter ] --END-- [ RunTime:0.000351s ]
INFO: [ app_end ] --START--
INFO: Run Behavior\ShowPageTraceBehavior [ RunTime:0.000592s ]
INFO: [ app_end ] --END-- [ RunTime:0.000638s ]

[ 2017-07-10T11:32:58+08:00 ] 183.14.28.170 /
INFO: [ app_init ] --START--
INFO: Run Behavior\BuildLiteBehavior [ RunTime:0.000015s ]
INFO: [ app_init ] --END-- [ RunTime:0.000365s ]
INFO: [ app_begin ] --START--
INFO: Run Behavior\ReadHtmlCacheBehavior [ RunTime:0.000474s ]
INFO: [ app_begin ] --END-- [ RunTime:0.000521s ]
SQL: SHOW COLUMNS FROM `tb_article` [ RunTime:0.001620s ]
SQL: SHOW COLUMNS FROM `tb_visitors` [ RunTime:0.001654s ]
SQL: INSERT INTO `tb_visitors` (`ip`,`ipdate`,`address`) VALUES ('183.14.28.170','2017-07-10 11:32:58','中国广东省深圳市') [ RunTime:0.010720s ]
SQL: SELECT COUNT(*) AS tp_count FROM `tb_article` LIMIT 1   [ RunTime:0.001296s ]
SQL: SELECT * FROM `tb_article` WHERE ( `ispublic` = '0' ) ORDER BY articletime desc LIMIT 0,7   [ RunTime:0.002966s ]
SQL: SHOW COLUMNS FROM tb_article_tag as at [ RunTime:0.001146s ]
ERR: 1064:You have an error in your SQL syntax; check the manual that corresponds to your MySQL server version for the right syntax to use near 'as at' at line 1
 [ SQL语句 ] : SHOW COLUMNS FROM tb_article_tag as at
SQL: SELECT * FROM tb_article_tag as at INNER JOIN tb_tag as t on at.tagid=t.id   [ RunTime:0.001160s ]
SQL: SHOW COLUMNS FROM `tb_article` [ RunTime:0.001604s ]
SQL: SELECT * FROM `tb_article` ORDER BY views desc  [ RunTime:0.015966s ]
SQL: SELECT * FROM `tb_article` ORDER BY articletime desc  [ RunTime:0.011603s ]
SQL: SHOW COLUMNS FROM `tb_friendlylink` [ RunTime:0.001383s ]
SQL: SELECT * FROM `tb_friendlylink`  [ RunTime:0.001149s ]
SQL: SHOW COLUMNS FROM `tb_tag` [ RunTime:0.001549s ]
SQL: SELECT * FROM `tb_tag`  [ RunTime:0.001226s ]
SQL: SELECT COUNT(distinct(ip)) AS tp_count FROM `tb_visitors` WHERE ( `ip` = 'ip' ) LIMIT 1   [ RunTime:0.001397s ]
INFO: [ view_parse ] --START--
INFO: [ template_filter ] --START--
INFO: Run Behavior\ContentReplaceBehavior [ RunTime:0.000059s ]
INFO: [ template_filter ] --END-- [ RunTime:0.000100s ]
NOTIC: [8] Undefined variable: data /data/home/bxu2442410262/htdocs/Application/Runtime/Cache/Home/2a94b8bda04ff446dcedd42276fc99ee.php 第 169 行.
NOTIC: [8] Undefined variable: data /data/home/bxu2442410262/htdocs/Application/Runtime/Cache/Home/2a94b8bda04ff446dcedd42276fc99ee.php 第 171 行.
INFO: Run Behavior\ParseTemplateBehavior [ RunTime:0.018647s ]
INFO: [ view_parse ] --END-- [ RunTime:0.018689s ]
INFO: [ view_filter ] --START--
INFO: Run Behavior\WriteHtmlCacheBehavior [ RunTime:0.000280s ]
INFO: [ view_filter ] --END-- [ RunTime:0.000319s ]
INFO: [ app_end ] --START--
INFO: Run Behavior\ShowPageTraceBehavior [ RunTime:0.000500s ]
INFO: [ app_end ] --END-- [ RunTime:0.000546s ]

[ 2017-07-10T11:44:29+08:00 ] 180.163.2.118 /Home/NewList/newdetail/id/35.html
INFO: [ app_init ] --START--
INFO: Run Behavior\BuildLiteBehavior [ RunTime:0.000015s ]
INFO: [ app_init ] --END-- [ RunTime:0.000391s ]
INFO: [ app_begin ] --START--
INFO: Run Behavior\ReadHtmlCacheBehavior [ RunTime:0.000454s ]
INFO: [ app_begin ] --END-- [ RunTime:0.000501s ]
SQL: SHOW COLUMNS FROM `tb_article` [ RunTime:0.001655s ]
SQL: UPDATE `tb_article` SET `views`=views+1 WHERE ( `id` = 35 ) [ RunTime:0.005289s ]
SQL: SELECT * FROM `tb_article` WHERE ( `id` = 35 ) LIMIT 1   [ RunTime:0.001440s ]
SQL: SELECT * FROM `tb_article` WHERE ( id<35 ) ORDER BY id DESC LIMIT 1   [ RunTime:0.001553s ]
SQL: SELECT * FROM `tb_article` WHERE ( id>35 ) ORDER BY id ASC LIMIT 1   [ RunTime:0.001704s ]
INFO: [ view_parse ] --START--
INFO: [ template_filter ] --START--
INFO: Run Behavior\ContentReplaceBehavior [ RunTime:0.000054s ]
INFO: [ template_filter ] --END-- [ RunTime:0.000096s ]
INFO: Run Behavior\ParseTemplateBehavior [ RunTime:0.010055s ]
INFO: [ view_parse ] --END-- [ RunTime:0.010101s ]
INFO: [ view_filter ] --START--
INFO: Run Behavior\WriteHtmlCacheBehavior [ RunTime:0.000270s ]
INFO: [ view_filter ] --END-- [ RunTime:0.000303s ]
INFO: [ app_end ] --START--
INFO: Run Behavior\ShowPageTraceBehavior [ RunTime:0.000483s ]
INFO: [ app_end ] --END-- [ RunTime:0.000523s ]

[ 2017-07-10T11:44:50+08:00 ] 101.226.102.97 /Home/NewList/newdetail/id/35.html
INFO: [ app_init ] --START--
INFO: Run Behavior\BuildLiteBehavior [ RunTime:0.000015s ]
INFO: [ app_init ] --END-- [ RunTime:0.000425s ]
INFO: [ app_begin ] --START--
INFO: Run Behavior\ReadHtmlCacheBehavior [ RunTime:0.000478s ]
INFO: [ app_begin ] --END-- [ RunTime:0.000524s ]
SQL: SHOW COLUMNS FROM `tb_article` [ RunTime:0.001653s ]
SQL: UPDATE `tb_article` SET `views`=views+1 WHERE ( `id` = 35 ) [ RunTime:0.003839s ]
SQL: SELECT * FROM `tb_article` WHERE ( `id` = 35 ) LIMIT 1   [ RunTime:0.001402s ]
SQL: SELECT * FROM `tb_article` WHERE ( id<35 ) ORDER BY id DESC LIMIT 1   [ RunTime:0.001616s ]
SQL: SELECT * FROM `tb_article` WHERE ( id>35 ) ORDER BY id ASC LIMIT 1   [ RunTime:0.001448s ]
INFO: [ view_parse ] --START--
INFO: [ template_filter ] --START--
INFO: Run Behavior\ContentReplaceBehavior [ RunTime:0.000064s ]
INFO: [ template_filter ] --END-- [ RunTime:0.000150s ]
INFO: Run Behavior\ParseTemplateBehavior [ RunTime:0.011182s ]
INFO: [ view_parse ] --END-- [ RunTime:0.011233s ]
INFO: [ view_filter ] --START--
INFO: Run Behavior\WriteHtmlCacheBehavior [ RunTime:0.000427s ]
INFO: [ view_filter ] --END-- [ RunTime:0.000461s ]
INFO: [ app_end ] --START--
INFO: Run Behavior\ShowPageTraceBehavior [ RunTime:0.000574s ]
INFO: [ app_end ] --END-- [ RunTime:0.000631s ]

[ 2017-07-10T11:44:51+08:00 ] 101.226.102.97 /
INFO: [ app_init ] --START--
INFO: Run Behavior\BuildLiteBehavior [ RunTime:0.000015s ]
INFO: [ app_init ] --END-- [ RunTime:0.000354s ]
INFO: [ app_begin ] --START--
INFO: Run Behavior\ReadHtmlCacheBehavior [ RunTime:0.000499s ]
INFO: [ app_begin ] --END-- [ RunTime:0.000551s ]
SQL: SHOW COLUMNS FROM `tb_article` [ RunTime:0.001849s ]
SQL: SHOW COLUMNS FROM `tb_visitors` [ RunTime:0.001863s ]
SQL: INSERT INTO `tb_visitors` (`ip`,`ipdate`,`address`) VALUES ('101.226.102.97','2017-07-10 11:44:51','中国上海市上海市') [ RunTime:0.004115s ]
SQL: SELECT COUNT(*) AS tp_count FROM `tb_article` LIMIT 1   [ RunTime:0.001926s ]
SQL: SELECT * FROM `tb_article` WHERE ( `ispublic` = '0' ) ORDER BY articletime desc LIMIT 0,7   [ RunTime:0.003015s ]
SQL: SHOW COLUMNS FROM tb_article_tag as at [ RunTime:0.001310s ]
ERR: 1064:You have an error in your SQL syntax; check the manual that corresponds to your MySQL server version for the right syntax to use near 'as at' at line 1
 [ SQL语句 ] : SHOW COLUMNS FROM tb_article_tag as at
SQL: SELECT * FROM tb_article_tag as at INNER JOIN tb_tag as t on at.tagid=t.id   [ RunTime:0.001831s ]
SQL: SHOW COLUMNS FROM `tb_article` [ RunTime:0.001580s ]
SQL: SELECT * FROM `tb_article` ORDER BY views desc  [ RunTime:0.016659s ]
SQL: SELECT * FROM `tb_article` ORDER BY articletime desc  [ RunTime:0.011765s ]
SQL: SHOW COLUMNS FROM `tb_friendlylink` [ RunTime:0.001618s ]
SQL: SELECT * FROM `tb_friendlylink`  [ RunTime:0.001561s ]
SQL: SHOW COLUMNS FROM `tb_tag` [ RunTime:0.001502s ]
SQL: SELECT * FROM `tb_tag`  [ RunTime:0.001363s ]
SQL: SELECT COUNT(distinct(ip)) AS tp_count FROM `tb_visitors` WHERE ( `ip` = 'ip' ) LIMIT 1   [ RunTime:0.001824s ]
NOTIC: [8] Undefined index: www.zxdphp.site /data/home/bxu2442410262/htdocs/Application/Home/Controller/IndexController.class.php 第 111 行.
INFO: [ view_parse ] --START--
INFO: [ template_filter ] --START--
INFO: Run Behavior\ContentReplaceBehavior [ RunTime:0.000064s ]
INFO: [ template_filter ] --END-- [ RunTime:0.000124s ]
NOTIC: [8] Undefined variable: data /data/home/bxu2442410262/htdocs/Application/Runtime/Cache/Home/2a94b8bda04ff446dcedd42276fc99ee.php 第 169 行.
NOTIC: [8] Undefined variable: data /data/home/bxu2442410262/htdocs/Application/Runtime/Cache/Home/2a94b8bda04ff446dcedd42276fc99ee.php 第 171 行.
INFO: Run Behavior\ParseTemplateBehavior [ RunTime:0.019620s ]
INFO: [ view_parse ] --END-- [ RunTime:0.019685s ]
INFO: [ view_filter ] --START--
INFO: Run Behavior\WriteHtmlCacheBehavior [ RunTime:0.000256s ]
INFO: [ view_filter ] --END-- [ RunTime:0.000293s ]
INFO: [ app_end ] --START--
INFO: Run Behavior\ShowPageTraceBehavior [ RunTime:0.000577s ]
INFO: [ app_end ] --END-- [ RunTime:0.000641s ]

[ 2017-07-10T13:35:25+08:00 ] 123.125.71.42 /Home/Index/index/id/3.html
INFO: [ app_init ] --START--
INFO: Run Behavior\BuildLiteBehavior [ RunTime:0.000021s ]
INFO: [ app_init ] --END-- [ RunTime:0.000459s ]
INFO: [ app_begin ] --START--
INFO: Run Behavior\ReadHtmlCacheBehavior [ RunTime:0.000518s ]
INFO: [ app_begin ] --END-- [ RunTime:0.000569s ]
SQL: SHOW COLUMNS FROM `tb_article` [ RunTime:0.002018s ]
SQL: SHOW COLUMNS FROM `tb_visitors` [ RunTime:0.001809s ]
SQL: INSERT INTO `tb_visitors` (`ip`,`ipdate`,`address`) VALUES ('123.125.71.42','2017-07-10 13:35:24','中国北京市北京市') [ RunTime:0.005298s ]
SQL: SHOW COLUMNS FROM tb_article as a [ RunTime:0.001218s ]
ERR: 1064:You have an error in your SQL syntax; check the manual that corresponds to your MySQL server version for the right syntax to use near 'as a' at line 1
 [ SQL语句 ] : SHOW COLUMNS FROM tb_article as a
SQL: SELECT COUNT(*) AS tp_count FROM tb_article as a INNER JOIN tb_article_tag as at on a.id=at.articleid INNER JOIN tb_tag as t on at.tagid=t.id  WHERE ( at.tagid = '3' ) AND ( a.ispublic = '0' ) LIMIT 1   [ RunTime:0.002213s ]
SQL: SELECT a.id,a.titlepic,a.articletitle,a.articlecontent,a.articletime,at.articleid,t.name FROM tb_article as a INNER JOIN tb_article_tag as at on a.id=at.articleid INNER JOIN tb_tag as t on at.tagid=t.id  WHERE ( at.tagid = '3' ) AND ( a.ispublic = '0' ) LIMIT 0,7   [ RunTime:0.003924s ]
SQL: SHOW COLUMNS FROM tb_article_tag as at [ RunTime:0.001250s ]
ERR: 1064:You have an error in your SQL syntax; check the manual that corresponds to your MySQL server version for the right syntax to use near 'as at' at line 1
 [ SQL语句 ] : SHOW COLUMNS FROM tb_article_tag as at
SQL: SELECT * FROM tb_article_tag as at INNER JOIN tb_tag as t on at.tagid=t.id   [ RunTime:0.001417s ]
SQL: SHOW COLUMNS FROM `tb_article` [ RunTime:0.001617s ]
SQL: SELECT * FROM `tb_article` ORDER BY views desc  [ RunTime:0.017713s ]
SQL: SELECT * FROM `tb_article` ORDER BY articletime desc  [ RunTime:0.013324s ]
SQL: SHOW COLUMNS FROM `tb_friendlylink` [ RunTime:0.001597s ]
SQL: SELECT * FROM `tb_friendlylink`  [ RunTime:0.001389s ]
SQL: SHOW COLUMNS FROM `tb_tag` [ RunTime:0.001384s ]
SQL: SELECT * FROM `tb_tag`  [ RunTime:0.001225s ]
SQL: SELECT COUNT(distinct(ip)) AS tp_count FROM `tb_visitors` WHERE ( `ip` = 'ip' ) LIMIT 1   [ RunTime:0.001659s ]
NOTIC: [8] Undefined index: www.zxdphp.site /data/home/bxu2442410262/htdocs/Application/Home/Controller/IndexController.class.php 第 55 行.
INFO: [ view_parse ] --START--
INFO: [ template_filter ] --START--
INFO: Run Behavior\ContentReplaceBehavior [ RunTime:0.000060s ]
INFO: [ template_filter ] --END-- [ RunTime:0.000120s ]
NOTIC: [8] Undefined index: views /data/home/bxu2442410262/htdocs/Application/Runtime/Cache/Home/2a94b8bda04ff446dcedd42276fc99ee.php 第 93 行.
NOTIC: [8] Undefined index: views /data/home/bxu2442410262/htdocs/Application/Runtime/Cache/Home/2a94b8bda04ff446dcedd42276fc99ee.php 第 93 行.
NOTIC: [8] Undefined index: views /data/home/bxu2442410262/htdocs/Application/Runtime/Cache/Home/2a94b8bda04ff446dcedd42276fc99ee.php 第 93 行.
NOTIC: [8] Undefined index: views /data/home/bxu2442410262/htdocs/Application/Runtime/Cache/Home/2a94b8bda04ff446dcedd42276fc99ee.php 第 93 行.
NOTIC: [8] Undefined index: views /data/home/bxu2442410262/htdocs/Application/Runtime/Cache/Home/2a94b8bda04ff446dcedd42276fc99ee.php 第 93 行.
NOTIC: [8] Undefined index: views /data/home/bxu2442410262/htdocs/Application/Runtime/Cache/Home/2a94b8bda04ff446dcedd42276fc99ee.php 第 93 行.
NOTIC: [8] Undefined index: views /data/home/bxu2442410262/htdocs/Application/Runtime/Cache/Home/2a94b8bda04ff446dcedd42276fc99ee.php 第 93 行.
NOTIC: [8] Undefined variable: data /data/home/bxu2442410262/htdocs/Application/Runtime/Cache/Home/2a94b8bda04ff446dcedd42276fc99ee.php 第 169 行.
NOTIC: [8] Undefined variable: data /data/home/bxu2442410262/htdocs/Application/Runtime/Cache/Home/2a94b8bda04ff446dcedd42276fc99ee.php 第 171 行.
INFO: Run Behavior\ParseTemplateBehavior [ RunTime:0.018459s ]
INFO: [ view_parse ] --END-- [ RunTime:0.018529s ]
INFO: [ view_filter ] --START--
INFO: Run Behavior\WriteHtmlCacheBehavior [ RunTime:0.000272s ]
INFO: [ view_filter ] --END-- [ RunTime:0.000306s ]
INFO: [ app_end ] --START--
INFO: Run Behavior\ShowPageTraceBehavior [ RunTime:0.000554s ]
INFO: [ app_end ] --END-- [ RunTime:0.000600s ]

