[ 2017-07-31T03:45:18+08:00 ] 123.125.67.165 /
INFO: [ app_init ] --START--
INFO: Run Behavior\BuildLiteBehavior [ RunTime:0.000019s ]
INFO: [ app_init ] --END-- [ RunTime:0.000385s ]
INFO: [ app_begin ] --START--
INFO: Run Behavior\ReadHtmlCacheBehavior [ RunTime:0.000592s ]
INFO: [ app_begin ] --END-- [ RunTime:0.000671s ]
SQL: SHOW COLUMNS FROM `tb_article` [ RunTime:0.001640s ]
SQL: SHOW COLUMNS FROM `tb_visitors` [ RunTime:0.001657s ]
SQL: INSERT INTO `tb_visitors` (`ip`,`ipdate`,`address`) VALUES ('123.125.67.165','2017-07-31 03:45:18','中国北京市北京市') [ RunTime:0.004143s ]
SQL: SELECT COUNT(*) AS tp_count FROM `tb_article` LIMIT 1   [ RunTime:0.001811s ]
SQL: SELECT * FROM `tb_article` WHERE ( `ispublic` = '0' ) ORDER BY articletime desc LIMIT 0,7   [ RunTime:0.003007s ]
SQL: SHOW COLUMNS FROM tb_article_tag as at [ RunTime:0.001190s ]
ERR: 1064:You have an error in your SQL syntax; check the manual that corresponds to your MySQL server version for the right syntax to use near 'as at' at line 1
 [ SQL语句 ] : SHOW COLUMNS FROM tb_article_tag as at
SQL: SELECT * FROM tb_article_tag as at INNER JOIN tb_tag as t on at.tagid=t.id   [ RunTime:0.001650s ]
SQL: SHOW COLUMNS FROM `tb_article` [ RunTime:0.001510s ]
SQL: SELECT * FROM `tb_article` ORDER BY views desc  [ RunTime:0.011255s ]
SQL: SELECT * FROM `tb_article` ORDER BY articletime desc  [ RunTime:0.005394s ]
SQL: SHOW COLUMNS FROM `tb_friendlylink` [ RunTime:0.001563s ]
SQL: SELECT * FROM `tb_friendlylink`  [ RunTime:0.001388s ]
SQL: SHOW COLUMNS FROM `tb_tag` [ RunTime:0.001390s ]
SQL: SELECT * FROM `tb_tag`  [ RunTime:0.001190s ]
SQL: SELECT COUNT(distinct(ip)) AS tp_count FROM `tb_visitors` WHERE ( `ip` = 'ip' ) LIMIT 1   [ RunTime:0.001746s ]
NOTIC: [8] Undefined index: www.zxdphp.site /data/home/bxu2442410262/htdocs/Application/Home/Controller/IndexController.class.php 第 111 行.
INFO: [ view_parse ] --START--
INFO: [ template_filter ] --START--
INFO: Run Behavior\ContentReplaceBehavior [ RunTime:0.000075s ]
INFO: [ template_filter ] --END-- [ RunTime:0.000118s ]
NOTIC: [8] Undefined variable: data /data/home/bxu2442410262/htdocs/Application/Runtime/Cache/Home/2a94b8bda04ff446dcedd42276fc99ee.php 第 169 行.
NOTIC: [8] Undefined variable: data /data/home/bxu2442410262/htdocs/Application/Runtime/Cache/Home/2a94b8bda04ff446dcedd42276fc99ee.php 第 171 行.
INFO: Run Behavior\ParseTemplateBehavior [ RunTime:0.017186s ]
INFO: [ view_parse ] --END-- [ RunTime:0.017229s ]
INFO: [ view_filter ] --START--
INFO: Run Behavior\WriteHtmlCacheBehavior [ RunTime:0.000254s ]
INFO: [ view_filter ] --END-- [ RunTime:0.000289s ]
INFO: [ app_end ] --START--
INFO: Run Behavior\ShowPageTraceBehavior [ RunTime:0.000504s ]
INFO: [ app_end ] --END-- [ RunTime:0.000552s ]

[ 2017-07-31T09:09:25+08:00 ] 123.125.71.54 /Home/NewList/newdetail/id/33.html
INFO: [ app_init ] --START--
INFO: Run Behavior\BuildLiteBehavior [ RunTime:0.000015s ]
INFO: [ app_init ] --END-- [ RunTime:0.000369s ]
INFO: [ app_begin ] --START--
INFO: Run Behavior\ReadHtmlCacheBehavior [ RunTime:0.000480s ]
INFO: [ app_begin ] --END-- [ RunTime:0.000530s ]
SQL: SHOW COLUMNS FROM `tb_article` [ RunTime:0.001702s ]
SQL: UPDATE `tb_article` SET `views`=views+1 WHERE ( `id` = 33 ) [ RunTime:0.004765s ]
SQL: SELECT * FROM `tb_article` WHERE ( `id` = 33 ) LIMIT 1   [ RunTime:0.001366s ]
SQL: SELECT * FROM `tb_article` WHERE ( id<33 ) ORDER BY id DESC LIMIT 1   [ RunTime:0.002892s ]
SQL: SELECT * FROM `tb_article` WHERE ( id>33 ) ORDER BY id ASC LIMIT 1   [ RunTime:0.001367s ]
INFO: [ view_parse ] --START--
INFO: [ template_filter ] --START--
INFO: Run Behavior\ContentReplaceBehavior [ RunTime:0.000060s ]
INFO: [ template_filter ] --END-- [ RunTime:0.000104s ]
INFO: Run Behavior\ParseTemplateBehavior [ RunTime:0.009325s ]
INFO: [ view_parse ] --END-- [ RunTime:0.009371s ]
INFO: [ view_filter ] --START--
INFO: Run Behavior\WriteHtmlCacheBehavior [ RunTime:0.000233s ]
INFO: [ view_filter ] --END-- [ RunTime:0.000266s ]
INFO: [ app_end ] --START--
INFO: Run Behavior\ShowPageTraceBehavior [ RunTime:0.000517s ]
INFO: [ app_end ] --END-- [ RunTime:0.000565s ]

[ 2017-07-31T10:21:19+08:00 ] 183.14.135.0 /
INFO: [ app_init ] --START--
INFO: Run Behavior\BuildLiteBehavior [ RunTime:0.000016s ]
INFO: [ app_init ] --END-- [ RunTime:0.000377s ]
INFO: [ app_begin ] --START--
INFO: Run Behavior\ReadHtmlCacheBehavior [ RunTime:0.000644s ]
INFO: [ app_begin ] --END-- [ RunTime:0.000701s ]
SQL: SHOW COLUMNS FROM `tb_article` [ RunTime:0.001849s ]
SQL: SHOW COLUMNS FROM `tb_visitors` [ RunTime:0.001791s ]
SQL: INSERT INTO `tb_visitors` (`ip`,`ipdate`,`address`) VALUES ('183.14.135.0','2017-07-31 10:21:19','中国广东省深圳市') [ RunTime:0.004355s ]
SQL: SELECT COUNT(*) AS tp_count FROM `tb_article` LIMIT 1   [ RunTime:0.001766s ]
SQL: SELECT * FROM `tb_article` WHERE ( `ispublic` = '0' ) ORDER BY articletime desc LIMIT 0,7   [ RunTime:0.002870s ]
SQL: SHOW COLUMNS FROM tb_article_tag as at [ RunTime:0.001232s ]
ERR: 1064:You have an error in your SQL syntax; check the manual that corresponds to your MySQL server version for the right syntax to use near 'as at' at line 1
 [ SQL语句 ] : SHOW COLUMNS FROM tb_article_tag as at
SQL: SELECT * FROM tb_article_tag as at INNER JOIN tb_tag as t on at.tagid=t.id   [ RunTime:0.001757s ]
SQL: SHOW COLUMNS FROM `tb_article` [ RunTime:0.001503s ]
SQL: SELECT * FROM `tb_article` ORDER BY views desc  [ RunTime:0.011049s ]
SQL: SELECT * FROM `tb_article` ORDER BY articletime desc  [ RunTime:0.005752s ]
SQL: SHOW COLUMNS FROM `tb_friendlylink` [ RunTime:0.001526s ]
SQL: SELECT * FROM `tb_friendlylink`  [ RunTime:0.001420s ]
SQL: SHOW COLUMNS FROM `tb_tag` [ RunTime:0.001410s ]
SQL: SELECT * FROM `tb_tag`  [ RunTime:0.001435s ]
SQL: SELECT COUNT(distinct(ip)) AS tp_count FROM `tb_visitors` WHERE ( `ip` = 'ip' ) LIMIT 1   [ RunTime:0.001796s ]
NOTIC: [8] Undefined index: www.zxdphp.site /data/home/bxu2442410262/htdocs/Application/Home/Controller/IndexController.class.php 第 111 行.
INFO: [ view_parse ] --START--
INFO: [ template_filter ] --START--
INFO: Run Behavior\ContentReplaceBehavior [ RunTime:0.000062s ]
INFO: [ template_filter ] --END-- [ RunTime:0.000126s ]
NOTIC: [8] Undefined variable: data /data/home/bxu2442410262/htdocs/Application/Runtime/Cache/Home/2a94b8bda04ff446dcedd42276fc99ee.php 第 169 行.
NOTIC: [8] Undefined variable: data /data/home/bxu2442410262/htdocs/Application/Runtime/Cache/Home/2a94b8bda04ff446dcedd42276fc99ee.php 第 171 行.
INFO: Run Behavior\ParseTemplateBehavior [ RunTime:0.020467s ]
INFO: [ view_parse ] --END-- [ RunTime:0.020522s ]
INFO: [ view_filter ] --START--
INFO: Run Behavior\WriteHtmlCacheBehavior [ RunTime:0.000271s ]
INFO: [ view_filter ] --END-- [ RunTime:0.000308s ]
INFO: [ app_end ] --START--
INFO: Run Behavior\ShowPageTraceBehavior [ RunTime:0.000533s ]
INFO: [ app_end ] --END-- [ RunTime:0.000633s ]

[ 2017-07-31T10:25:20+08:00 ] 222.217.222.128 /
INFO: [ app_init ] --START--
INFO: Run Behavior\BuildLiteBehavior [ RunTime:0.000019s ]
INFO: [ app_init ] --END-- [ RunTime:0.000415s ]
INFO: [ app_begin ] --START--
INFO: Run Behavior\ReadHtmlCacheBehavior [ RunTime:0.000507s ]
INFO: [ app_begin ] --END-- [ RunTime:0.000553s ]
SQL: SHOW COLUMNS FROM `tb_article` [ RunTime:0.001756s ]
SQL: SHOW COLUMNS FROM `tb_visitors` [ RunTime:0.001826s ]
SQL: INSERT INTO `tb_visitors` (`ip`,`ipdate`,`address`) VALUES ('222.217.222.128','2017-07-31 10:25:20','中国广西壮族自治区梧州市') [ RunTime:0.004100s ]
SQL: SELECT COUNT(*) AS tp_count FROM `tb_article` LIMIT 1   [ RunTime:0.001150s ]
SQL: SELECT * FROM `tb_article` WHERE ( `ispublic` = '0' ) ORDER BY articletime desc LIMIT 0,7   [ RunTime:0.002501s ]
SQL: SHOW COLUMNS FROM tb_article_tag as at [ RunTime:0.001157s ]
ERR: 1064:You have an error in your SQL syntax; check the manual that corresponds to your MySQL server version for the right syntax to use near 'as at' at line 1
 [ SQL语句 ] : SHOW COLUMNS FROM tb_article_tag as at
SQL: SELECT * FROM tb_article_tag as at INNER JOIN tb_tag as t on at.tagid=t.id   [ RunTime:0.001132s ]
SQL: SHOW COLUMNS FROM `tb_article` [ RunTime:0.001426s ]
SQL: SELECT * FROM `tb_article` ORDER BY views desc  [ RunTime:0.009411s ]
SQL: SELECT * FROM `tb_article` ORDER BY articletime desc  [ RunTime:0.005510s ]
SQL: SHOW COLUMNS FROM `tb_friendlylink` [ RunTime:0.001403s ]
SQL: SELECT * FROM `tb_friendlylink`  [ RunTime:0.001161s ]
SQL: SHOW COLUMNS FROM `tb_tag` [ RunTime:0.001430s ]
SQL: SELECT * FROM `tb_tag`  [ RunTime:0.001131s ]
SQL: SELECT COUNT(distinct(ip)) AS tp_count FROM `tb_visitors` WHERE ( `ip` = 'ip' ) LIMIT 1   [ RunTime:0.002006s ]
NOTIC: [8] Undefined index: www.zxdphp.site /data/home/bxu2442410262/htdocs/Application/Home/Controller/IndexController.class.php 第 111 行.
INFO: [ view_parse ] --START--
INFO: [ template_filter ] --START--
INFO: Run Behavior\ContentReplaceBehavior [ RunTime:0.000055s ]
INFO: [ template_filter ] --END-- [ RunTime:0.000095s ]
NOTIC: [8] Undefined variable: data /data/home/bxu2442410262/htdocs/Application/Runtime/Cache/Home/2a94b8bda04ff446dcedd42276fc99ee.php 第 169 行.
NOTIC: [8] Undefined variable: data /data/home/bxu2442410262/htdocs/Application/Runtime/Cache/Home/2a94b8bda04ff446dcedd42276fc99ee.php 第 171 行.
INFO: Run Behavior\ParseTemplateBehavior [ RunTime:0.017186s ]
INFO: [ view_parse ] --END-- [ RunTime:0.017232s ]
INFO: [ view_filter ] --START--
INFO: Run Behavior\WriteHtmlCacheBehavior [ RunTime:0.000309s ]
INFO: [ view_filter ] --END-- [ RunTime:0.000359s ]
INFO: [ app_end ] --START--
INFO: Run Behavior\ShowPageTraceBehavior [ RunTime:0.000531s ]
INFO: [ app_end ] --END-- [ RunTime:0.000577s ]

[ 2017-07-31T10:34:04+08:00 ] 61.151.226.189 /
INFO: [ app_init ] --START--
INFO: Run Behavior\BuildLiteBehavior [ RunTime:0.000016s ]
INFO: [ app_init ] --END-- [ RunTime:0.000406s ]
INFO: [ app_begin ] --START--
INFO: Run Behavior\ReadHtmlCacheBehavior [ RunTime:0.000445s ]
INFO: [ app_begin ] --END-- [ RunTime:0.000492s ]
SQL: SHOW COLUMNS FROM `tb_article` [ RunTime:0.002001s ]
SQL: SHOW COLUMNS FROM `tb_visitors` [ RunTime:0.002019s ]
SQL: INSERT INTO `tb_visitors` (`ip`,`ipdate`,`address`) VALUES ('61.151.226.189','2017-07-31 10:34:04','中国上海市上海市') [ RunTime:0.004814s ]
SQL: SELECT COUNT(*) AS tp_count FROM `tb_article` LIMIT 1   [ RunTime:0.002336s ]
SQL: SELECT * FROM `tb_article` WHERE ( `ispublic` = '0' ) ORDER BY articletime desc LIMIT 0,7   [ RunTime:0.003421s ]
SQL: SHOW COLUMNS FROM tb_article_tag as at [ RunTime:0.001310s ]
ERR: 1064:You have an error in your SQL syntax; check the manual that corresponds to your MySQL server version for the right syntax to use near 'as at' at line 1
 [ SQL语句 ] : SHOW COLUMNS FROM tb_article_tag as at
SQL: SELECT * FROM tb_article_tag as at INNER JOIN tb_tag as t on at.tagid=t.id   [ RunTime:0.002071s ]
SQL: SHOW COLUMNS FROM `tb_article` [ RunTime:0.001703s ]
SQL: SELECT * FROM `tb_article` ORDER BY views desc  [ RunTime:0.011382s ]
SQL: SELECT * FROM `tb_article` ORDER BY articletime desc  [ RunTime:0.006341s ]
SQL: SHOW COLUMNS FROM `tb_friendlylink` [ RunTime:0.001664s ]
SQL: SELECT * FROM `tb_friendlylink`  [ RunTime:0.001587s ]
SQL: SHOW COLUMNS FROM `tb_tag` [ RunTime:0.001592s ]
SQL: SELECT * FROM `tb_tag`  [ RunTime:0.001412s ]
SQL: SELECT COUNT(distinct(ip)) AS tp_count FROM `tb_visitors` WHERE ( `ip` = 'ip' ) LIMIT 1   [ RunTime:0.002301s ]
NOTIC: [8] Undefined index: www.zxdphp.site /data/home/bxu2442410262/htdocs/Application/Home/Controller/IndexController.class.php 第 111 行.
INFO: [ view_parse ] --START--
INFO: [ template_filter ] --START--
INFO: Run Behavior\ContentReplaceBehavior [ RunTime:0.000065s ]
INFO: [ template_filter ] --END-- [ RunTime:0.000122s ]
NOTIC: [8] Undefined variable: data /data/home/bxu2442410262/htdocs/Application/Runtime/Cache/Home/2a94b8bda04ff446dcedd42276fc99ee.php 第 169 行.
NOTIC: [8] Undefined variable: data /data/home/bxu2442410262/htdocs/Application/Runtime/Cache/Home/2a94b8bda04ff446dcedd42276fc99ee.php 第 171 行.
INFO: Run Behavior\ParseTemplateBehavior [ RunTime:0.019880s ]
INFO: [ view_parse ] --END-- [ RunTime:0.019932s ]
INFO: [ view_filter ] --START--
INFO: Run Behavior\WriteHtmlCacheBehavior [ RunTime:0.000268s ]
INFO: [ view_filter ] --END-- [ RunTime:0.000306s ]
INFO: [ app_end ] --START--
INFO: Run Behavior\ShowPageTraceBehavior [ RunTime:0.000525s ]
INFO: [ app_end ] --END-- [ RunTime:0.000573s ]

[ 2017-07-31T10:40:40+08:00 ] 171.104.116.39 /
INFO: [ app_init ] --START--
INFO: Run Behavior\BuildLiteBehavior [ RunTime:0.000016s ]
INFO: [ app_init ] --END-- [ RunTime:0.000381s ]
INFO: [ app_begin ] --START--
INFO: Run Behavior\ReadHtmlCacheBehavior [ RunTime:0.000470s ]
INFO: [ app_begin ] --END-- [ RunTime:0.000518s ]
SQL: SHOW COLUMNS FROM `tb_article` [ RunTime:0.001831s ]
SQL: SHOW COLUMNS FROM `tb_visitors` [ RunTime:0.002093s ]
SQL: INSERT INTO `tb_visitors` (`ip`,`ipdate`,`address`) VALUES ('171.104.116.39','2017-07-31 10:40:40','中国广西壮族自治区河池市') [ RunTime:0.009253s ]
SQL: SELECT COUNT(*) AS tp_count FROM `tb_article` LIMIT 1   [ RunTime:0.001224s ]
SQL: SELECT * FROM `tb_article` WHERE ( `ispublic` = '0' ) ORDER BY articletime desc LIMIT 0,7   [ RunTime:0.002658s ]
SQL: SHOW COLUMNS FROM tb_article_tag as at [ RunTime:0.001458s ]
ERR: 1064:You have an error in your SQL syntax; check the manual that corresponds to your MySQL server version for the right syntax to use near 'as at' at line 1
 [ SQL语句 ] : SHOW COLUMNS FROM tb_article_tag as at
SQL: SELECT * FROM tb_article_tag as at INNER JOIN tb_tag as t on at.tagid=t.id   [ RunTime:0.001331s ]
SQL: SHOW COLUMNS FROM `tb_article` [ RunTime:0.001538s ]
SQL: SELECT * FROM `tb_article` ORDER BY views desc  [ RunTime:0.011201s ]
SQL: SELECT * FROM `tb_article` ORDER BY articletime desc  [ RunTime:0.006598s ]
SQL: SHOW COLUMNS FROM `tb_friendlylink` [ RunTime:0.001517s ]
SQL: SELECT * FROM `tb_friendlylink`  [ RunTime:0.001330s ]
SQL: SHOW COLUMNS FROM `tb_tag` [ RunTime:0.001521s ]
SQL: SELECT * FROM `tb_tag`  [ RunTime:0.001230s ]
SQL: SELECT COUNT(distinct(ip)) AS tp_count FROM `tb_visitors` WHERE ( `ip` = 'ip' ) LIMIT 1   [ RunTime:0.002176s ]
INFO: [ view_parse ] --START--
INFO: [ template_filter ] --START--
INFO: Run Behavior\ContentReplaceBehavior [ RunTime:0.000061s ]
INFO: [ template_filter ] --END-- [ RunTime:0.000127s ]
NOTIC: [8] Undefined variable: data /data/home/bxu2442410262/htdocs/Application/Runtime/Cache/Home/2a94b8bda04ff446dcedd42276fc99ee.php 第 169 行.
NOTIC: [8] Undefined variable: data /data/home/bxu2442410262/htdocs/Application/Runtime/Cache/Home/2a94b8bda04ff446dcedd42276fc99ee.php 第 171 行.
INFO: Run Behavior\ParseTemplateBehavior [ RunTime:0.018296s ]
INFO: [ view_parse ] --END-- [ RunTime:0.018353s ]
INFO: [ view_filter ] --START--
INFO: Run Behavior\WriteHtmlCacheBehavior [ RunTime:0.000410s ]
INFO: [ view_filter ] --END-- [ RunTime:0.000453s ]
INFO: [ app_end ] --START--
INFO: Run Behavior\ShowPageTraceBehavior [ RunTime:0.000571s ]
INFO: [ app_end ] --END-- [ RunTime:0.000628s ]

[ 2017-07-31T10:40:52+08:00 ] 14.17.34.237 /Home/NewList/newdetail/id/36.html
INFO: [ app_init ] --START--
INFO: Run Behavior\BuildLiteBehavior [ RunTime:0.000016s ]
INFO: [ app_init ] --END-- [ RunTime:0.000364s ]
INFO: [ app_begin ] --START--
INFO: Run Behavior\ReadHtmlCacheBehavior [ RunTime:0.000513s ]
INFO: [ app_begin ] --END-- [ RunTime:0.000561s ]
SQL: SHOW COLUMNS FROM `tb_article` [ RunTime:0.001668s ]
SQL: UPDATE `tb_article` SET `views`=views+1 WHERE ( `id` = 36 ) [ RunTime:0.005461s ]
SQL: SELECT * FROM `tb_article` WHERE ( `id` = 36 ) LIMIT 1   [ RunTime:0.001453s ]
SQL: SELECT * FROM `tb_article` WHERE ( id<36 ) ORDER BY id DESC LIMIT 1   [ RunTime:0.001503s ]
SQL: SELECT * FROM `tb_article` WHERE ( id>36 ) ORDER BY id ASC LIMIT 1   [ RunTime:0.001414s ]
INFO: [ view_parse ] --START--
INFO: [ template_filter ] --START--
INFO: Run Behavior\ContentReplaceBehavior [ RunTime:0.000062s ]
INFO: [ template_filter ] --END-- [ RunTime:0.000105s ]
INFO: Run Behavior\ParseTemplateBehavior [ RunTime:0.009669s ]
INFO: [ view_parse ] --END-- [ RunTime:0.009718s ]
INFO: [ view_filter ] --START--
INFO: Run Behavior\WriteHtmlCacheBehavior [ RunTime:0.000269s ]
INFO: [ view_filter ] --END-- [ RunTime:0.000304s ]
INFO: [ app_end ] --START--
INFO: Run Behavior\ShowPageTraceBehavior [ RunTime:0.000547s ]
INFO: [ app_end ] --END-- [ RunTime:0.000594s ]

[ 2017-07-31T10:40:53+08:00 ] 171.104.116.39 /
INFO: [ app_init ] --START--
INFO: Run Behavior\BuildLiteBehavior [ RunTime:0.000026s ]
INFO: [ app_init ] --END-- [ RunTime:0.000581s ]
INFO: [ app_begin ] --START--
INFO: Run Behavior\ReadHtmlCacheBehavior [ RunTime:0.000567s ]
INFO: [ app_begin ] --END-- [ RunTime:0.000632s ]
SQL: SHOW COLUMNS FROM `tb_article` [ RunTime:0.008378s ]
SQL: SHOW COLUMNS FROM `tb_visitors` [ RunTime:0.001597s ]
SQL: INSERT INTO `tb_visitors` (`ip`,`ipdate`,`address`) VALUES ('171.104.116.39','2017-07-31 10:40:53','中国广西壮族自治区河池市') [ RunTime:0.004158s ]
SQL: SELECT COUNT(*) AS tp_count FROM `tb_article` LIMIT 1   [ RunTime:0.001494s ]
SQL: SELECT * FROM `tb_article` WHERE ( `ispublic` = '0' ) ORDER BY articletime desc LIMIT 0,7   [ RunTime:0.002709s ]
SQL: SHOW COLUMNS FROM tb_article_tag as at [ RunTime:0.001128s ]
ERR: 1064:You have an error in your SQL syntax; check the manual that corresponds to your MySQL server version for the right syntax to use near 'as at' at line 1
 [ SQL语句 ] : SHOW COLUMNS FROM tb_article_tag as at
SQL: SELECT * FROM tb_article_tag as at INNER JOIN tb_tag as t on at.tagid=t.id   [ RunTime:0.001187s ]
SQL: SHOW COLUMNS FROM `tb_article` [ RunTime:0.001481s ]
SQL: SELECT * FROM `tb_article` ORDER BY views desc  [ RunTime:0.009697s ]
SQL: SELECT * FROM `tb_article` ORDER BY articletime desc  [ RunTime:0.014200s ]
SQL: SHOW COLUMNS FROM `tb_friendlylink` [ RunTime:0.001387s ]
SQL: SELECT * FROM `tb_friendlylink`  [ RunTime:0.001147s ]
SQL: SHOW COLUMNS FROM `tb_tag` [ RunTime:0.001321s ]
SQL: SELECT * FROM `tb_tag`  [ RunTime:0.001114s ]
SQL: SELECT COUNT(distinct(ip)) AS tp_count FROM `tb_visitors` WHERE ( `ip` = 'ip' ) LIMIT 1   [ RunTime:0.001508s ]
INFO: [ view_parse ] --START--
INFO: [ template_filter ] --START--
INFO: Run Behavior\ContentReplaceBehavior [ RunTime:0.000064s ]
INFO: [ template_filter ] --END-- [ RunTime:0.000130s ]
NOTIC: [8] Undefined variable: data /data/home/bxu2442410262/htdocs/Application/Runtime/Cache/Home/2a94b8bda04ff446dcedd42276fc99ee.php 第 169 行.
NOTIC: [8] Undefined variable: data /data/home/bxu2442410262/htdocs/Application/Runtime/Cache/Home/2a94b8bda04ff446dcedd42276fc99ee.php 第 171 行.
INFO: Run Behavior\ParseTemplateBehavior [ RunTime:0.018389s ]
INFO: [ view_parse ] --END-- [ RunTime:0.018434s ]
INFO: [ view_filter ] --START--
INFO: Run Behavior\WriteHtmlCacheBehavior [ RunTime:0.000264s ]
INFO: [ view_filter ] --END-- [ RunTime:0.000296s ]
INFO: [ app_end ] --START--
INFO: Run Behavior\ShowPageTraceBehavior [ RunTime:0.000613s ]
INFO: [ app_end ] --END-- [ RunTime:0.000670s ]

[ 2017-07-31T10:41:02+08:00 ] 14.17.34.237 /Home/Index/index/p/2.html
INFO: [ app_init ] --START--
INFO: Run Behavior\BuildLiteBehavior [ RunTime:0.000020s ]
INFO: [ app_init ] --END-- [ RunTime:0.000419s ]
INFO: [ app_begin ] --START--
INFO: Run Behavior\ReadHtmlCacheBehavior [ RunTime:0.000495s ]
INFO: [ app_begin ] --END-- [ RunTime:0.000544s ]
SQL: SHOW COLUMNS FROM `tb_article` [ RunTime:0.001689s ]
SQL: SHOW COLUMNS FROM `tb_visitors` [ RunTime:0.001553s ]
SQL: INSERT INTO `tb_visitors` (`ip`,`ipdate`,`address`) VALUES ('14.17.34.237','2017-07-31 10:41:02','中国广东省深圳市') [ RunTime:0.004143s ]
SQL: SELECT COUNT(*) AS tp_count FROM `tb_article` LIMIT 1   [ RunTime:0.001206s ]
SQL: SELECT * FROM `tb_article` WHERE ( `ispublic` = '0' ) ORDER BY articletime desc LIMIT 7,7   [ RunTime:0.006116s ]
SQL: SHOW COLUMNS FROM tb_article_tag as at [ RunTime:0.001225s ]
ERR: 1064:You have an error in your SQL syntax; check the manual that corresponds to your MySQL server version for the right syntax to use near 'as at' at line 1
 [ SQL语句 ] : SHOW COLUMNS FROM tb_article_tag as at
SQL: SELECT * FROM tb_article_tag as at INNER JOIN tb_tag as t on at.tagid=t.id   [ RunTime:0.001254s ]
SQL: SHOW COLUMNS FROM `tb_article` [ RunTime:0.001696s ]
SQL: SELECT * FROM `tb_article` ORDER BY views desc  [ RunTime:0.009389s ]
SQL: SELECT * FROM `tb_article` ORDER BY articletime desc  [ RunTime:0.007794s ]
SQL: SHOW COLUMNS FROM `tb_friendlylink` [ RunTime:0.001577s ]
SQL: SELECT * FROM `tb_friendlylink`  [ RunTime:0.001330s ]
SQL: SHOW COLUMNS FROM `tb_tag` [ RunTime:0.001570s ]
SQL: SELECT * FROM `tb_tag`  [ RunTime:0.001258s ]
SQL: SELECT COUNT(distinct(ip)) AS tp_count FROM `tb_visitors` WHERE ( `ip` = 'ip' ) LIMIT 1   [ RunTime:0.001566s ]
INFO: [ view_parse ] --START--
INFO: [ template_filter ] --START--
INFO: Run Behavior\ContentReplaceBehavior [ RunTime:0.000066s ]
INFO: [ template_filter ] --END-- [ RunTime:0.000139s ]
NOTIC: [8] Undefined variable: data /data/home/bxu2442410262/htdocs/Application/Runtime/Cache/Home/2a94b8bda04ff446dcedd42276fc99ee.php 第 169 行.
NOTIC: [8] Undefined variable: data /data/home/bxu2442410262/htdocs/Application/Runtime/Cache/Home/2a94b8bda04ff446dcedd42276fc99ee.php 第 171 行.
INFO: Run Behavior\ParseTemplateBehavior [ RunTime:0.019236s ]
INFO: [ view_parse ] --END-- [ RunTime:0.019290s ]
INFO: [ view_filter ] --START--
INFO: Run Behavior\WriteHtmlCacheBehavior [ RunTime:0.000336s ]
INFO: [ view_filter ] --END-- [ RunTime:0.000372s ]
INFO: [ app_end ] --START--
INFO: Run Behavior\ShowPageTraceBehavior [ RunTime:0.000722s ]
INFO: [ app_end ] --END-- [ RunTime:0.000800s ]

[ 2017-07-31T10:41:17+08:00 ] 14.17.34.237 /Home/Index/index/p/3.html
INFO: [ app_init ] --START--
INFO: Run Behavior\BuildLiteBehavior [ RunTime:0.000015s ]
INFO: [ app_init ] --END-- [ RunTime:0.000366s ]
INFO: [ app_begin ] --START--
INFO: Run Behavior\ReadHtmlCacheBehavior [ RunTime:0.000474s ]
INFO: [ app_begin ] --END-- [ RunTime:0.000520s ]
SQL: SHOW COLUMNS FROM `tb_article` [ RunTime:0.001790s ]
SQL: SHOW COLUMNS FROM `tb_visitors` [ RunTime:0.001588s ]
SQL: INSERT INTO `tb_visitors` (`ip`,`ipdate`,`address`) VALUES ('14.17.34.237','2017-07-31 10:41:17','中国广东省深圳市') [ RunTime:0.004243s ]
SQL: SELECT COUNT(*) AS tp_count FROM `tb_article` LIMIT 1   [ RunTime:0.001188s ]
SQL: SELECT * FROM `tb_article` WHERE ( `ispublic` = '0' ) ORDER BY articletime desc LIMIT 14,7   [ RunTime:0.006672s ]
SQL: SHOW COLUMNS FROM tb_article_tag as at [ RunTime:0.001169s ]
ERR: 1064:You have an error in your SQL syntax; check the manual that corresponds to your MySQL server version for the right syntax to use near 'as at' at line 1
 [ SQL语句 ] : SHOW COLUMNS FROM tb_article_tag as at
SQL: SELECT * FROM tb_article_tag as at INNER JOIN tb_tag as t on at.tagid=t.id   [ RunTime:0.001169s ]
SQL: SHOW COLUMNS FROM `tb_article` [ RunTime:0.001431s ]
SQL: SELECT * FROM `tb_article` ORDER BY views desc  [ RunTime:0.007622s ]
SQL: SELECT * FROM `tb_article` ORDER BY articletime desc  [ RunTime:0.005722s ]
SQL: SHOW COLUMNS FROM `tb_friendlylink` [ RunTime:0.001435s ]
SQL: SELECT * FROM `tb_friendlylink`  [ RunTime:0.001204s ]
SQL: SHOW COLUMNS FROM `tb_tag` [ RunTime:0.001316s ]
SQL: SELECT * FROM `tb_tag`  [ RunTime:0.001145s ]
SQL: SELECT COUNT(distinct(ip)) AS tp_count FROM `tb_visitors` WHERE ( `ip` = 'ip' ) LIMIT 1   [ RunTime:0.001992s ]
INFO: [ view_parse ] --START--
INFO: [ template_filter ] --START--
INFO: Run Behavior\ContentReplaceBehavior [ RunTime:0.000059s ]
INFO: [ template_filter ] --END-- [ RunTime:0.000103s ]
NOTIC: [8] Undefined variable: data /data/home/bxu2442410262/htdocs/Application/Runtime/Cache/Home/2a94b8bda04ff446dcedd42276fc99ee.php 第 169 行.
NOTIC: [8] Undefined variable: data /data/home/bxu2442410262/htdocs/Application/Runtime/Cache/Home/2a94b8bda04ff446dcedd42276fc99ee.php 第 171 行.
INFO: Run Behavior\ParseTemplateBehavior [ RunTime:0.019186s ]
INFO: [ view_parse ] --END-- [ RunTime:0.019241s ]
INFO: [ view_filter ] --START--
INFO: Run Behavior\WriteHtmlCacheBehavior [ RunTime:0.000300s ]
INFO: [ view_filter ] --END-- [ RunTime:0.000336s ]
INFO: [ app_end ] --START--
INFO: Run Behavior\ShowPageTraceBehavior [ RunTime:0.000539s ]
INFO: [ app_end ] --END-- [ RunTime:0.000590s ]

[ 2017-07-31T10:41:24+08:00 ] 14.17.34.237 /Home/NewList/newdetail/id/22.html
INFO: [ app_init ] --START--
INFO: Run Behavior\BuildLiteBehavior [ RunTime:0.000016s ]
INFO: [ app_init ] --END-- [ RunTime:0.000387s ]
INFO: [ app_begin ] --START--
INFO: Run Behavior\ReadHtmlCacheBehavior [ RunTime:0.000448s ]
INFO: [ app_begin ] --END-- [ RunTime:0.000524s ]
SQL: SHOW COLUMNS FROM `tb_article` [ RunTime:0.001608s ]
SQL: UPDATE `tb_article` SET `views`=views+1 WHERE ( `id` = 22 ) [ RunTime:0.007138s ]
SQL: SELECT * FROM `tb_article` WHERE ( `id` = 22 ) LIMIT 1   [ RunTime:0.001366s ]
SQL: SELECT * FROM `tb_article` WHERE ( id<22 ) ORDER BY id DESC LIMIT 1   [ RunTime:0.001326s ]
SQL: SELECT * FROM `tb_article` WHERE ( id>22 ) ORDER BY id ASC LIMIT 1   [ RunTime:0.001376s ]
INFO: [ view_parse ] --START--
INFO: [ template_filter ] --START--
INFO: Run Behavior\ContentReplaceBehavior [ RunTime:0.000071s ]
INFO: [ template_filter ] --END-- [ RunTime:0.000121s ]
INFO: Run Behavior\ParseTemplateBehavior [ RunTime:0.010310s ]
INFO: [ view_parse ] --END-- [ RunTime:0.010359s ]
INFO: [ view_filter ] --START--
INFO: Run Behavior\WriteHtmlCacheBehavior [ RunTime:0.000264s ]
INFO: [ view_filter ] --END-- [ RunTime:0.000297s ]
INFO: [ app_end ] --START--
INFO: Run Behavior\ShowPageTraceBehavior [ RunTime:0.000536s ]
INFO: [ app_end ] --END-- [ RunTime:0.000582s ]

[ 2017-07-31T10:41:29+08:00 ] 171.104.116.39 /
INFO: [ app_init ] --START--
INFO: Run Behavior\BuildLiteBehavior [ RunTime:0.000018s ]
INFO: [ app_init ] --END-- [ RunTime:0.000412s ]
INFO: [ app_begin ] --START--
INFO: Run Behavior\ReadHtmlCacheBehavior [ RunTime:0.000513s ]
INFO: [ app_begin ] --END-- [ RunTime:0.000560s ]
SQL: SHOW COLUMNS FROM `tb_article` [ RunTime:0.003323s ]
SQL: SELECT COUNT(*) AS tp_count FROM `tb_article` LIMIT 1   [ RunTime:0.001468s ]
SQL: SELECT * FROM `tb_article` WHERE ( `ispublic` = '0' ) ORDER BY articletime desc LIMIT 0,7   [ RunTime:0.002740s ]
SQL: SHOW COLUMNS FROM tb_article_tag as at [ RunTime:0.001149s ]
ERR: 1064:You have an error in your SQL syntax; check the manual that corresponds to your MySQL server version for the right syntax to use near 'as at' at line 1
 [ SQL语句 ] : SHOW COLUMNS FROM tb_article_tag as at
SQL: SELECT * FROM tb_article_tag as at INNER JOIN tb_tag as t on at.tagid=t.id   [ RunTime:0.001189s ]
SQL: SHOW COLUMNS FROM `tb_article` [ RunTime:0.001596s ]
SQL: SELECT * FROM `tb_article` ORDER BY views desc  [ RunTime:0.012073s ]
SQL: SELECT * FROM `tb_article` ORDER BY articletime desc  [ RunTime:0.005967s ]
SQL: SHOW COLUMNS FROM `tb_friendlylink` [ RunTime:0.001524s ]
SQL: SELECT * FROM `tb_friendlylink`  [ RunTime:0.001157s ]
SQL: SHOW COLUMNS FROM `tb_tag` [ RunTime:0.001357s ]
SQL: SELECT * FROM `tb_tag`  [ RunTime:0.001140s ]
SQL: SHOW COLUMNS FROM `tb_visitors` [ RunTime:0.001450s ]
SQL: SELECT COUNT(distinct(ip)) AS tp_count FROM `tb_visitors` WHERE ( `ip` = 'ip' ) LIMIT 1   [ RunTime:0.001147s ]
INFO: [ view_parse ] --START--
INFO: [ template_filter ] --START--
INFO: Run Behavior\ContentReplaceBehavior [ RunTime:0.000061s ]
INFO: [ template_filter ] --END-- [ RunTime:0.000115s ]
NOTIC: [8] Undefined variable: data /data/home/bxu2442410262/htdocs/Application/Runtime/Cache/Home/2a94b8bda04ff446dcedd42276fc99ee.php 第 169 行.
NOTIC: [8] Undefined variable: data /data/home/bxu2442410262/htdocs/Application/Runtime/Cache/Home/2a94b8bda04ff446dcedd42276fc99ee.php 第 171 行.
INFO: Run Behavior\ParseTemplateBehavior [ RunTime:0.018643s ]
INFO: [ view_parse ] --END-- [ RunTime:0.018690s ]
INFO: [ view_filter ] --START--
INFO: Run Behavior\WriteHtmlCacheBehavior [ RunTime:0.000353s ]
INFO: [ view_filter ] --END-- [ RunTime:0.000386s ]
INFO: [ app_end ] --START--
INFO: Run Behavior\ShowPageTraceBehavior [ RunTime:0.000549s ]
INFO: [ app_end ] --END-- [ RunTime:0.000599s ]

[ 2017-07-31T10:49:52+08:00 ] 101.226.65.104 /Home/NewList/newdetail/id/36.html
INFO: [ app_init ] --START--
INFO: Run Behavior\BuildLiteBehavior [ RunTime:0.000019s ]
INFO: [ app_init ] --END-- [ RunTime:0.000411s ]
INFO: [ app_begin ] --START--
INFO: Run Behavior\ReadHtmlCacheBehavior [ RunTime:0.000498s ]
INFO: [ app_begin ] --END-- [ RunTime:0.000547s ]
SQL: SHOW COLUMNS FROM `tb_article` [ RunTime:0.001735s ]
SQL: UPDATE `tb_article` SET `views`=views+1 WHERE ( `id` = 36 ) [ RunTime:0.009684s ]
SQL: SELECT * FROM `tb_article` WHERE ( `id` = 36 ) LIMIT 1   [ RunTime:0.001310s ]
SQL: SELECT * FROM `tb_article` WHERE ( id<36 ) ORDER BY id DESC LIMIT 1   [ RunTime:0.001512s ]
SQL: SELECT * FROM `tb_article` WHERE ( id>36 ) ORDER BY id ASC LIMIT 1   [ RunTime:0.001491s ]
INFO: [ view_parse ] --START--
INFO: [ template_filter ] --START--
INFO: Run Behavior\ContentReplaceBehavior [ RunTime:0.000057s ]
INFO: [ template_filter ] --END-- [ RunTime:0.000105s ]
INFO: Run Behavior\ParseTemplateBehavior [ RunTime:0.011049s ]
INFO: [ view_parse ] --END-- [ RunTime:0.011108s ]
INFO: [ view_filter ] --START--
INFO: Run Behavior\WriteHtmlCacheBehavior [ RunTime:0.000302s ]
INFO: [ view_filter ] --END-- [ RunTime:0.000336s ]
INFO: [ app_end ] --START--
INFO: Run Behavior\ShowPageTraceBehavior [ RunTime:0.000750s ]
INFO: [ app_end ] --END-- [ RunTime:0.000796s ]

[ 2017-07-31T10:50:08+08:00 ] 112.65.193.15 /Home/NewList/newdetail/id/36.html
INFO: [ app_init ] --START--
INFO: Run Behavior\BuildLiteBehavior [ RunTime:0.000016s ]
INFO: [ app_init ] --END-- [ RunTime:0.000371s ]
INFO: [ app_begin ] --START--
INFO: Run Behavior\ReadHtmlCacheBehavior [ RunTime:0.000475s ]
INFO: [ app_begin ] --END-- [ RunTime:0.000522s ]
SQL: SHOW COLUMNS FROM `tb_article` [ RunTime:0.001656s ]
SQL: UPDATE `tb_article` SET `views`=views+1 WHERE ( `id` = 36 ) [ RunTime:0.004532s ]
SQL: SELECT * FROM `tb_article` WHERE ( `id` = 36 ) LIMIT 1   [ RunTime:0.001269s ]
SQL: SELECT * FROM `tb_article` WHERE ( id<36 ) ORDER BY id DESC LIMIT 1   [ RunTime:0.001330s ]
SQL: SELECT * FROM `tb_article` WHERE ( id>36 ) ORDER BY id ASC LIMIT 1   [ RunTime:0.001336s ]
INFO: [ view_parse ] --START--
INFO: [ template_filter ] --START--
INFO: Run Behavior\ContentReplaceBehavior [ RunTime:0.000089s ]
INFO: [ template_filter ] --END-- [ RunTime:0.000158s ]
INFO: Run Behavior\ParseTemplateBehavior [ RunTime:0.010553s ]
INFO: [ view_parse ] --END-- [ RunTime:0.010600s ]
INFO: [ view_filter ] --START--
INFO: Run Behavior\WriteHtmlCacheBehavior [ RunTime:0.000237s ]
INFO: [ view_filter ] --END-- [ RunTime:0.000271s ]
INFO: [ app_end ] --START--
INFO: Run Behavior\ShowPageTraceBehavior [ RunTime:0.000534s ]
INFO: [ app_end ] --END-- [ RunTime:0.000582s ]

[ 2017-07-31T10:50:09+08:00 ] 112.65.193.15 /
INFO: [ app_init ] --START--
INFO: Run Behavior\BuildLiteBehavior [ RunTime:0.000015s ]
INFO: [ app_init ] --END-- [ RunTime:0.000384s ]
INFO: [ app_begin ] --START--
INFO: Run Behavior\ReadHtmlCacheBehavior [ RunTime:0.000442s ]
INFO: [ app_begin ] --END-- [ RunTime:0.000489s ]
SQL: SHOW COLUMNS FROM `tb_article` [ RunTime:0.001823s ]
SQL: SHOW COLUMNS FROM `tb_visitors` [ RunTime:0.002035s ]
SQL: INSERT INTO `tb_visitors` (`ip`,`ipdate`,`address`) VALUES ('112.65.193.15','2017-07-31 10:50:09','中国上海市上海市') [ RunTime:0.004433s ]
SQL: SELECT COUNT(*) AS tp_count FROM `tb_article` LIMIT 1   [ RunTime:0.001804s ]
SQL: SELECT * FROM `tb_article` WHERE ( `ispublic` = '0' ) ORDER BY articletime desc LIMIT 0,7   [ RunTime:0.002871s ]
SQL: SHOW COLUMNS FROM tb_article_tag as at [ RunTime:0.001309s ]
ERR: 1064:You have an error in your SQL syntax; check the manual that corresponds to your MySQL server version for the right syntax to use near 'as at' at line 1
 [ SQL语句 ] : SHOW COLUMNS FROM tb_article_tag as at
SQL: SELECT * FROM tb_article_tag as at INNER JOIN tb_tag as t on at.tagid=t.id   [ RunTime:0.001922s ]
SQL: SHOW COLUMNS FROM `tb_article` [ RunTime:0.001547s ]
SQL: SELECT * FROM `tb_article` ORDER BY views desc  [ RunTime:0.012621s ]
SQL: SELECT * FROM `tb_article` ORDER BY articletime desc  [ RunTime:0.006217s ]
SQL: SHOW COLUMNS FROM `tb_friendlylink` [ RunTime:0.001638s ]
SQL: SELECT * FROM `tb_friendlylink`  [ RunTime:0.001571s ]
SQL: SHOW COLUMNS FROM `tb_tag` [ RunTime:0.001503s ]
SQL: SELECT * FROM `tb_tag`  [ RunTime:0.001321s ]
SQL: SELECT COUNT(distinct(ip)) AS tp_count FROM `tb_visitors` WHERE ( `ip` = 'ip' ) LIMIT 1   [ RunTime:0.002110s ]
NOTIC: [8] Undefined index: www.zxdphp.site /data/home/bxu2442410262/htdocs/Application/Home/Controller/IndexController.class.php 第 111 行.
INFO: [ view_parse ] --START--
INFO: [ template_filter ] --START--
INFO: Run Behavior\ContentReplaceBehavior [ RunTime:0.000054s ]
INFO: [ template_filter ] --END-- [ RunTime:0.000117s ]
NOTIC: [8] Undefined variable: data /data/home/bxu2442410262/htdocs/Application/Runtime/Cache/Home/2a94b8bda04ff446dcedd42276fc99ee.php 第 169 行.
NOTIC: [8] Undefined variable: data /data/home/bxu2442410262/htdocs/Application/Runtime/Cache/Home/2a94b8bda04ff446dcedd42276fc99ee.php 第 171 行.
INFO: Run Behavior\ParseTemplateBehavior [ RunTime:0.017819s ]
INFO: [ view_parse ] --END-- [ RunTime:0.017878s ]
INFO: [ view_filter ] --START--
INFO: Run Behavior\WriteHtmlCacheBehavior [ RunTime:0.000257s ]
INFO: [ view_filter ] --END-- [ RunTime:0.000291s ]
INFO: [ app_end ] --START--
INFO: Run Behavior\ShowPageTraceBehavior [ RunTime:0.000531s ]
INFO: [ app_end ] --END-- [ RunTime:0.000576s ]

[ 2017-07-31T10:50:18+08:00 ] 101.226.65.104 /Home/Index/index/p/3.html
INFO: [ app_init ] --START--
INFO: Run Behavior\BuildLiteBehavior [ RunTime:0.000017s ]
INFO: [ app_init ] --END-- [ RunTime:0.000456s ]
INFO: [ app_begin ] --START--
INFO: Run Behavior\ReadHtmlCacheBehavior [ RunTime:0.000497s ]
INFO: [ app_begin ] --END-- [ RunTime:0.000546s ]
SQL: SHOW COLUMNS FROM `tb_article` [ RunTime:0.001510s ]
SQL: SHOW COLUMNS FROM `tb_visitors` [ RunTime:0.001639s ]
SQL: INSERT INTO `tb_visitors` (`ip`,`ipdate`,`address`) VALUES ('101.226.65.104','2017-07-31 10:50:18','中国上海市上海市') [ RunTime:0.004478s ]
SQL: SELECT COUNT(*) AS tp_count FROM `tb_article` LIMIT 1   [ RunTime:0.001157s ]
SQL: SELECT * FROM `tb_article` WHERE ( `ispublic` = '0' ) ORDER BY articletime desc LIMIT 14,7   [ RunTime:0.007573s ]
SQL: SHOW COLUMNS FROM tb_article_tag as at [ RunTime:0.001150s ]
ERR: 1064:You have an error in your SQL syntax; check the manual that corresponds to your MySQL server version for the right syntax to use near 'as at' at line 1
 [ SQL语句 ] : SHOW COLUMNS FROM tb_article_tag as at
SQL: SELECT * FROM tb_article_tag as at INNER JOIN tb_tag as t on at.tagid=t.id   [ RunTime:0.001263s ]
SQL: SHOW COLUMNS FROM `tb_article` [ RunTime:0.001553s ]
SQL: SELECT * FROM `tb_article` ORDER BY views desc  [ RunTime:0.009706s ]
SQL: SELECT * FROM `tb_article` ORDER BY articletime desc  [ RunTime:0.005340s ]
SQL: SHOW COLUMNS FROM `tb_friendlylink` [ RunTime:0.001365s ]
SQL: SELECT * FROM `tb_friendlylink`  [ RunTime:0.001146s ]
SQL: SHOW COLUMNS FROM `tb_tag` [ RunTime:0.001440s ]
SQL: SELECT * FROM `tb_tag`  [ RunTime:0.001156s ]
SQL: SELECT COUNT(distinct(ip)) AS tp_count FROM `tb_visitors` WHERE ( `ip` = 'ip' ) LIMIT 1   [ RunTime:0.002181s ]
NOTIC: [8] Undefined index: www.zxdphp.site /data/home/bxu2442410262/htdocs/Application/Home/Controller/IndexController.class.php 第 111 行.
INFO: [ view_parse ] --START--
INFO: [ template_filter ] --START--
INFO: Run Behavior\ContentReplaceBehavior [ RunTime:0.000064s ]
INFO: [ template_filter ] --END-- [ RunTime:0.000124s ]
NOTIC: [8] Undefined variable: data /data/home/bxu2442410262/htdocs/Application/Runtime/Cache/Home/2a94b8bda04ff446dcedd42276fc99ee.php 第 169 行.
NOTIC: [8] Undefined variable: data /data/home/bxu2442410262/htdocs/Application/Runtime/Cache/Home/2a94b8bda04ff446dcedd42276fc99ee.php 第 171 行.
INFO: Run Behavior\ParseTemplateBehavior [ RunTime:0.019627s ]
INFO: [ view_parse ] --END-- [ RunTime:0.019679s ]
INFO: [ view_filter ] --START--
INFO: Run Behavior\WriteHtmlCacheBehavior [ RunTime:0.000373s ]
INFO: [ view_filter ] --END-- [ RunTime:0.000421s ]
INFO: [ app_end ] --START--
INFO: Run Behavior\ShowPageTraceBehavior [ RunTime:0.000613s ]
INFO: [ app_end ] --END-- [ RunTime:0.000659s ]

[ 2017-07-31T10:50:22+08:00 ] 61.151.226.189 /Home/NewList/newdetail/id/22.html
INFO: [ app_init ] --START--
INFO: Run Behavior\BuildLiteBehavior [ RunTime:0.000017s ]
INFO: [ app_init ] --END-- [ RunTime:0.000492s ]
INFO: [ app_begin ] --START--
INFO: Run Behavior\ReadHtmlCacheBehavior [ RunTime:0.000483s ]
INFO: [ app_begin ] --END-- [ RunTime:0.000533s ]
SQL: SHOW COLUMNS FROM `tb_article` [ RunTime:0.001663s ]
SQL: UPDATE `tb_article` SET `views`=views+1 WHERE ( `id` = 22 ) [ RunTime:0.004789s ]
SQL: SELECT * FROM `tb_article` WHERE ( `id` = 22 ) LIMIT 1   [ RunTime:0.001342s ]
SQL: SELECT * FROM `tb_article` WHERE ( id<22 ) ORDER BY id DESC LIMIT 1   [ RunTime:0.001485s ]
SQL: SELECT * FROM `tb_article` WHERE ( id>22 ) ORDER BY id ASC LIMIT 1   [ RunTime:0.001274s ]
INFO: [ view_parse ] --START--
INFO: [ template_filter ] --START--
INFO: Run Behavior\ContentReplaceBehavior [ RunTime:0.000070s ]
INFO: [ template_filter ] --END-- [ RunTime:0.000127s ]
INFO: Run Behavior\ParseTemplateBehavior [ RunTime:0.010444s ]
INFO: [ view_parse ] --END-- [ RunTime:0.010492s ]
INFO: [ view_filter ] --START--
INFO: Run Behavior\WriteHtmlCacheBehavior [ RunTime:0.000236s ]
INFO: [ view_filter ] --END-- [ RunTime:0.000289s ]
INFO: [ app_end ] --START--
INFO: Run Behavior\ShowPageTraceBehavior [ RunTime:0.000587s ]
INFO: [ app_end ] --END-- [ RunTime:0.000635s ]

[ 2017-07-31T10:50:37+08:00 ] 112.65.193.15 /Home/NewList/newdetail/id/22.html
INFO: [ app_init ] --START--
INFO: Run Behavior\BuildLiteBehavior [ RunTime:0.000016s ]
INFO: [ app_init ] --END-- [ RunTime:0.000380s ]
INFO: [ app_begin ] --START--
INFO: Run Behavior\ReadHtmlCacheBehavior [ RunTime:0.000468s ]
INFO: [ app_begin ] --END-- [ RunTime:0.000514s ]
SQL: SHOW COLUMNS FROM `tb_article` [ RunTime:0.001582s ]
SQL: UPDATE `tb_article` SET `views`=views+1 WHERE ( `id` = 22 ) [ RunTime:0.005947s ]
SQL: SELECT * FROM `tb_article` WHERE ( `id` = 22 ) LIMIT 1   [ RunTime:0.001312s ]
SQL: SELECT * FROM `tb_article` WHERE ( id<22 ) ORDER BY id DESC LIMIT 1   [ RunTime:0.001352s ]
SQL: SELECT * FROM `tb_article` WHERE ( id>22 ) ORDER BY id ASC LIMIT 1   [ RunTime:0.001216s ]
INFO: [ view_parse ] --START--
INFO: [ template_filter ] --START--
INFO: Run Behavior\ContentReplaceBehavior [ RunTime:0.000065s ]
INFO: [ template_filter ] --END-- [ RunTime:0.000129s ]
INFO: Run Behavior\ParseTemplateBehavior [ RunTime:0.009725s ]
INFO: [ view_parse ] --END-- [ RunTime:0.009799s ]
INFO: [ view_filter ] --START--
INFO: Run Behavior\WriteHtmlCacheBehavior [ RunTime:0.000316s ]
INFO: [ view_filter ] --END-- [ RunTime:0.000352s ]
INFO: [ app_end ] --START--
INFO: Run Behavior\ShowPageTraceBehavior [ RunTime:0.001001s ]
INFO: [ app_end ] --END-- [ RunTime:0.001089s ]

[ 2017-07-31T10:50:37+08:00 ] 112.65.193.15 /
INFO: [ app_init ] --START--
INFO: Run Behavior\BuildLiteBehavior [ RunTime:0.000019s ]
INFO: [ app_init ] --END-- [ RunTime:0.000383s ]
INFO: [ app_begin ] --START--
INFO: Run Behavior\ReadHtmlCacheBehavior [ RunTime:0.000464s ]
INFO: [ app_begin ] --END-- [ RunTime:0.000521s ]
SQL: SHOW COLUMNS FROM `tb_article` [ RunTime:0.001621s ]
SQL: SHOW COLUMNS FROM `tb_visitors` [ RunTime:0.001651s ]
SQL: INSERT INTO `tb_visitors` (`ip`,`ipdate`,`address`) VALUES ('112.65.193.15','2017-07-31 10:50:37','中国上海市上海市') [ RunTime:0.004077s ]
SQL: SELECT COUNT(*) AS tp_count FROM `tb_article` LIMIT 1   [ RunTime:0.001238s ]
SQL: SELECT * FROM `tb_article` WHERE ( `ispublic` = '0' ) ORDER BY articletime desc LIMIT 0,7   [ RunTime:0.002673s ]
SQL: SHOW COLUMNS FROM tb_article_tag as at [ RunTime:0.001132s ]
ERR: 1064:You have an error in your SQL syntax; check the manual that corresponds to your MySQL server version for the right syntax to use near 'as at' at line 1
 [ SQL语句 ] : SHOW COLUMNS FROM tb_article_tag as at
SQL: SELECT * FROM tb_article_tag as at INNER JOIN tb_tag as t on at.tagid=t.id   [ RunTime:0.001169s ]
SQL: SHOW COLUMNS FROM `tb_article` [ RunTime:0.001468s ]
SQL: SELECT * FROM `tb_article` ORDER BY views desc  [ RunTime:0.010382s ]
SQL: SELECT * FROM `tb_article` ORDER BY articletime desc  [ RunTime:0.005749s ]
SQL: SHOW COLUMNS FROM `tb_friendlylink` [ RunTime:0.001413s ]
SQL: SELECT * FROM `tb_friendlylink`  [ RunTime:0.001155s ]
SQL: SHOW COLUMNS FROM `tb_tag` [ RunTime:0.001369s ]
SQL: SELECT * FROM `tb_tag`  [ RunTime:0.001129s ]
SQL: SELECT COUNT(distinct(ip)) AS tp_count FROM `tb_visitors` WHERE ( `ip` = 'ip' ) LIMIT 1   [ RunTime:0.001477s ]
NOTIC: [8] Undefined index: www.zxdphp.site /data/home/bxu2442410262/htdocs/Application/Home/Controller/IndexController.class.php 第 111 行.
INFO: [ view_parse ] --START--
INFO: [ template_filter ] --START--
INFO: Run Behavior\ContentReplaceBehavior [ RunTime:0.000081s ]
INFO: [ template_filter ] --END-- [ RunTime:0.000144s ]
NOTIC: [8] Undefined variable: data /data/home/bxu2442410262/htdocs/Application/Runtime/Cache/Home/2a94b8bda04ff446dcedd42276fc99ee.php 第 169 行.
NOTIC: [8] Undefined variable: data /data/home/bxu2442410262/htdocs/Application/Runtime/Cache/Home/2a94b8bda04ff446dcedd42276fc99ee.php 第 171 行.
INFO: Run Behavior\ParseTemplateBehavior [ RunTime:0.020239s ]
INFO: [ view_parse ] --END-- [ RunTime:0.020300s ]
INFO: [ view_filter ] --START--
INFO: Run Behavior\WriteHtmlCacheBehavior [ RunTime:0.000337s ]
INFO: [ view_filter ] --END-- [ RunTime:0.000385s ]
INFO: [ app_end ] --START--
INFO: Run Behavior\ShowPageTraceBehavior [ RunTime:0.000553s ]
INFO: [ app_end ] --END-- [ RunTime:0.000600s ]

[ 2017-07-31T10:51:08+08:00 ] 61.151.218.118 /Home/Index/index/p/3.html
INFO: [ app_init ] --START--
INFO: Run Behavior\BuildLiteBehavior [ RunTime:0.000019s ]
INFO: [ app_init ] --END-- [ RunTime:0.000392s ]
INFO: [ app_begin ] --START--
INFO: Run Behavior\ReadHtmlCacheBehavior [ RunTime:0.000712s ]
INFO: [ app_begin ] --END-- [ RunTime:0.000785s ]
SQL: SHOW COLUMNS FROM `tb_article` [ RunTime:0.001770s ]
SQL: SHOW COLUMNS FROM `tb_visitors` [ RunTime:0.001733s ]
SQL: INSERT INTO `tb_visitors` (`ip`,`ipdate`,`address`) VALUES ('61.151.218.118','2017-07-31 10:51:07','中国上海市上海市') [ RunTime:0.004674s ]
SQL: SELECT COUNT(*) AS tp_count FROM `tb_article` LIMIT 1   [ RunTime:0.001357s ]
SQL: SELECT * FROM `tb_article` WHERE ( `ispublic` = '0' ) ORDER BY articletime desc LIMIT 14,7   [ RunTime:0.008111s ]
SQL: SHOW COLUMNS FROM tb_article_tag as at [ RunTime:0.001304s ]
ERR: 1064:You have an error in your SQL syntax; check the manual that corresponds to your MySQL server version for the right syntax to use near 'as at' at line 1
 [ SQL语句 ] : SHOW COLUMNS FROM tb_article_tag as at
SQL: SELECT * FROM tb_article_tag as at INNER JOIN tb_tag as t on at.tagid=t.id   [ RunTime:0.001325s ]
SQL: SHOW COLUMNS FROM `tb_article` [ RunTime:0.001706s ]
SQL: SELECT * FROM `tb_article` ORDER BY views desc  [ RunTime:0.008594s ]
SQL: SELECT * FROM `tb_article` ORDER BY articletime desc  [ RunTime:0.005821s ]
SQL: SHOW COLUMNS FROM `tb_friendlylink` [ RunTime:0.001537s ]
SQL: SELECT * FROM `tb_friendlylink`  [ RunTime:0.001277s ]
SQL: SHOW COLUMNS FROM `tb_tag` [ RunTime:0.001556s ]
SQL: SELECT * FROM `tb_tag`  [ RunTime:0.001279s ]
SQL: SELECT COUNT(distinct(ip)) AS tp_count FROM `tb_visitors` WHERE ( `ip` = 'ip' ) LIMIT 1   [ RunTime:0.002122s ]
NOTIC: [8] Undefined index: www.zxdphp.site /data/home/bxu2442410262/htdocs/Application/Home/Controller/IndexController.class.php 第 111 行.
INFO: [ view_parse ] --START--
INFO: [ template_filter ] --START--
INFO: Run Behavior\ContentReplaceBehavior [ RunTime:0.000066s ]
INFO: [ template_filter ] --END-- [ RunTime:0.000111s ]
NOTIC: [8] Undefined variable: data /data/home/bxu2442410262/htdocs/Application/Runtime/Cache/Home/2a94b8bda04ff446dcedd42276fc99ee.php 第 169 行.
NOTIC: [8] Undefined variable: data /data/home/bxu2442410262/htdocs/Application/Runtime/Cache/Home/2a94b8bda04ff446dcedd42276fc99ee.php 第 171 行.
INFO: Run Behavior\ParseTemplateBehavior [ RunTime:0.017515s ]
INFO: [ view_parse ] --END-- [ RunTime:0.017555s ]
INFO: [ view_filter ] --START--
INFO: Run Behavior\WriteHtmlCacheBehavior [ RunTime:0.000265s ]
INFO: [ view_filter ] --END-- [ RunTime:0.000303s ]
INFO: [ app_end ] --START--
INFO: Run Behavior\ShowPageTraceBehavior [ RunTime:0.000696s ]
INFO: [ app_end ] --END-- [ RunTime:0.000775s ]

[ 2017-07-31T12:17:41+08:00 ] 202.108.211.56 /
INFO: [ app_init ] --START--
INFO: Run Behavior\BuildLiteBehavior [ RunTime:0.000016s ]
INFO: [ app_init ] --END-- [ RunTime:0.000395s ]
INFO: [ app_begin ] --START--
INFO: Run Behavior\ReadHtmlCacheBehavior [ RunTime:0.000491s ]
INFO: [ app_begin ] --END-- [ RunTime:0.000537s ]
SQL: SHOW COLUMNS FROM `tb_article` [ RunTime:0.001963s ]
SQL: SHOW COLUMNS FROM `tb_visitors` [ RunTime:0.002040s ]
SQL: INSERT INTO `tb_visitors` (`ip`,`ipdate`,`address`) VALUES ('202.108.211.56','2017-07-31 12:17:41','中国北京市北京市') [ RunTime:0.004564s ]
SQL: SELECT COUNT(*) AS tp_count FROM `tb_article` LIMIT 1   [ RunTime:0.001832s ]
SQL: SELECT * FROM `tb_article` WHERE ( `ispublic` = '0' ) ORDER BY articletime desc LIMIT 0,7   [ RunTime:0.003326s ]
SQL: SHOW COLUMNS FROM tb_article_tag as at [ RunTime:0.001416s ]
ERR: 1064:You have an error in your SQL syntax; check the manual that corresponds to your MySQL server version for the right syntax to use near 'as at' at line 1
 [ SQL语句 ] : SHOW COLUMNS FROM tb_article_tag as at
SQL: SELECT * FROM tb_article_tag as at INNER JOIN tb_tag as t on at.tagid=t.id   [ RunTime:0.002090s ]
SQL: SHOW COLUMNS FROM `tb_article` [ RunTime:0.001707s ]
SQL: SELECT * FROM `tb_article` ORDER BY views desc  [ RunTime:0.012011s ]
SQL: SELECT * FROM `tb_article` ORDER BY articletime desc  [ RunTime:0.006365s ]
SQL: SHOW COLUMNS FROM `tb_friendlylink` [ RunTime:0.001627s ]
SQL: SELECT * FROM `tb_friendlylink`  [ RunTime:0.001524s ]
SQL: SHOW COLUMNS FROM `tb_tag` [ RunTime:0.001495s ]
SQL: SELECT * FROM `tb_tag`  [ RunTime:0.001377s ]
SQL: SELECT COUNT(distinct(ip)) AS tp_count FROM `tb_visitors` WHERE ( `ip` = 'ip' ) LIMIT 1   [ RunTime:0.001882s ]
NOTIC: [8] Undefined index: www.zxdphp.site /data/home/bxu2442410262/htdocs/Application/Home/Controller/IndexController.class.php 第 111 行.
INFO: [ view_parse ] --START--
INFO: [ template_filter ] --START--
INFO: Run Behavior\ContentReplaceBehavior [ RunTime:0.000054s ]
INFO: [ template_filter ] --END-- [ RunTime:0.000094s ]
NOTIC: [8] Undefined variable: data /data/home/bxu2442410262/htdocs/Application/Runtime/Cache/Home/2a94b8bda04ff446dcedd42276fc99ee.php 第 169 行.
NOTIC: [8] Undefined variable: data /data/home/bxu2442410262/htdocs/Application/Runtime/Cache/Home/2a94b8bda04ff446dcedd42276fc99ee.php 第 171 行.
INFO: Run Behavior\ParseTemplateBehavior [ RunTime:0.017729s ]
INFO: [ view_parse ] --END-- [ RunTime:0.017772s ]
INFO: [ view_filter ] --START--
INFO: Run Behavior\WriteHtmlCacheBehavior [ RunTime:0.000247s ]
INFO: [ view_filter ] --END-- [ RunTime:0.000282s ]
INFO: [ app_end ] --START--
INFO: Run Behavior\ShowPageTraceBehavior [ RunTime:0.000558s ]
INFO: [ app_end ] --END-- [ RunTime:0.000622s ]

[ 2017-07-31T18:29:13+08:00 ] 202.108.211.56 /
INFO: [ app_init ] --START--
INFO: Run Behavior\BuildLiteBehavior [ RunTime:0.000015s ]
INFO: [ app_init ] --END-- [ RunTime:0.000381s ]
INFO: [ app_begin ] --START--
INFO: Run Behavior\ReadHtmlCacheBehavior [ RunTime:0.000466s ]
INFO: [ app_begin ] --END-- [ RunTime:0.000512s ]
SQL: SHOW COLUMNS FROM `tb_article` [ RunTime:0.001848s ]
SQL: SHOW COLUMNS FROM `tb_visitors` [ RunTime:0.001726s ]
SQL: INSERT INTO `tb_visitors` (`ip`,`ipdate`,`address`) VALUES ('202.108.211.56','2017-07-31 18:29:13','中国北京市北京市') [ RunTime:0.004955s ]
SQL: SELECT COUNT(*) AS tp_count FROM `tb_article` LIMIT 1   [ RunTime:0.001744s ]
SQL: SELECT * FROM `tb_article` WHERE ( `ispublic` = '0' ) ORDER BY articletime desc LIMIT 0,7   [ RunTime:0.002778s ]
SQL: SHOW COLUMNS FROM tb_article_tag as at [ RunTime:0.001113s ]
ERR: 1064:You have an error in your SQL syntax; check the manual that corresponds to your MySQL server version for the right syntax to use near 'as at' at line 1
 [ SQL语句 ] : SHOW COLUMNS FROM tb_article_tag as at
SQL: SELECT * FROM tb_article_tag as at INNER JOIN tb_tag as t on at.tagid=t.id   [ RunTime:0.001983s ]
SQL: SHOW COLUMNS FROM `tb_article` [ RunTime:0.001492s ]
SQL: SELECT * FROM `tb_article` ORDER BY views desc  [ RunTime:0.010568s ]
SQL: SELECT * FROM `tb_article` ORDER BY articletime desc  [ RunTime:0.005776s ]
SQL: SHOW COLUMNS FROM `tb_friendlylink` [ RunTime:0.001525s ]
SQL: SELECT * FROM `tb_friendlylink`  [ RunTime:0.001319s ]
SQL: SHOW COLUMNS FROM `tb_tag` [ RunTime:0.001304s ]
SQL: SELECT * FROM `tb_tag`  [ RunTime:0.001568s ]
SQL: SELECT COUNT(distinct(ip)) AS tp_count FROM `tb_visitors` WHERE ( `ip` = 'ip' ) LIMIT 1   [ RunTime:0.001781s ]
NOTIC: [8] Undefined index: www.zxdphp.site /data/home/bxu2442410262/htdocs/Application/Home/Controller/IndexController.class.php 第 111 行.
INFO: [ view_parse ] --START--
INFO: [ template_filter ] --START--
INFO: Run Behavior\ContentReplaceBehavior [ RunTime:0.000054s ]
INFO: [ template_filter ] --END-- [ RunTime:0.000096s ]
NOTIC: [8] Undefined variable: data /data/home/bxu2442410262/htdocs/Application/Runtime/Cache/Home/2a94b8bda04ff446dcedd42276fc99ee.php 第 169 行.
NOTIC: [8] Undefined variable: data /data/home/bxu2442410262/htdocs/Application/Runtime/Cache/Home/2a94b8bda04ff446dcedd42276fc99ee.php 第 171 行.
INFO: Run Behavior\ParseTemplateBehavior [ RunTime:0.017806s ]
INFO: [ view_parse ] --END-- [ RunTime:0.017862s ]
INFO: [ view_filter ] --START--
INFO: Run Behavior\WriteHtmlCacheBehavior [ RunTime:0.000247s ]
INFO: [ view_filter ] --END-- [ RunTime:0.000283s ]
INFO: [ app_end ] --START--
INFO: Run Behavior\ShowPageTraceBehavior [ RunTime:0.000525s ]
INFO: [ app_end ] --END-- [ RunTime:0.000572s ]

[ 2017-07-31T23:08:34+08:00 ] 113.89.239.103 /
INFO: [ app_init ] --START--
INFO: Run Behavior\BuildLiteBehavior [ RunTime:0.000017s ]
INFO: [ app_init ] --END-- [ RunTime:0.000406s ]
INFO: [ app_begin ] --START--
INFO: Run Behavior\ReadHtmlCacheBehavior [ RunTime:0.000475s ]
INFO: [ app_begin ] --END-- [ RunTime:0.000522s ]
SQL: SHOW COLUMNS FROM `tb_article` [ RunTime:0.001771s ]
SQL: SHOW COLUMNS FROM `tb_visitors` [ RunTime:0.001570s ]
SQL: INSERT INTO `tb_visitors` (`ip`,`ipdate`,`address`) VALUES ('113.89.239.103','2017-07-31 23:08:34','中国广东省深圳市') [ RunTime:0.003436s ]
SQL: SELECT COUNT(*) AS tp_count FROM `tb_article` LIMIT 1   [ RunTime:0.001752s ]
SQL: SELECT * FROM `tb_article` WHERE ( `ispublic` = '0' ) ORDER BY articletime desc LIMIT 0,7   [ RunTime:0.002922s ]
SQL: SHOW COLUMNS FROM tb_article_tag as at [ RunTime:0.001140s ]
ERR: 1064:You have an error in your SQL syntax; check the manual that corresponds to your MySQL server version for the right syntax to use near 'as at' at line 1
 [ SQL语句 ] : SHOW COLUMNS FROM tb_article_tag as at
SQL: SELECT * FROM tb_article_tag as at INNER JOIN tb_tag as t on at.tagid=t.id   [ RunTime:0.001718s ]
SQL: SHOW COLUMNS FROM `tb_article` [ RunTime:0.001438s ]
SQL: SELECT * FROM `tb_article` ORDER BY views desc  [ RunTime:0.012548s ]
SQL: SELECT * FROM `tb_article` ORDER BY articletime desc  [ RunTime:0.005935s ]
SQL: SHOW COLUMNS FROM `tb_friendlylink` [ RunTime:0.001445s ]
SQL: SELECT * FROM `tb_friendlylink`  [ RunTime:0.001334s ]
SQL: SHOW COLUMNS FROM `tb_tag` [ RunTime:0.001352s ]
SQL: SELECT * FROM `tb_tag`  [ RunTime:0.001247s ]
SQL: SELECT COUNT(distinct(ip)) AS tp_count FROM `tb_visitors` WHERE ( `ip` = 'ip' ) LIMIT 1   [ RunTime:0.001753s ]
NOTIC: [8] Undefined index: www.zxdphp.site /data/home/bxu2442410262/htdocs/Application/Home/Controller/IndexController.class.php 第 111 行.
INFO: [ view_parse ] --START--
INFO: [ template_filter ] --START--
INFO: Run Behavior\ContentReplaceBehavior [ RunTime:0.000084s ]
INFO: [ template_filter ] --END-- [ RunTime:0.000128s ]
NOTIC: [8] Undefined variable: data /data/home/bxu2442410262/htdocs/Application/Runtime/Cache/Home/2a94b8bda04ff446dcedd42276fc99ee.php 第 169 行.
NOTIC: [8] Undefined variable: data /data/home/bxu2442410262/htdocs/Application/Runtime/Cache/Home/2a94b8bda04ff446dcedd42276fc99ee.php 第 171 行.
INFO: Run Behavior\ParseTemplateBehavior [ RunTime:0.018139s ]
INFO: [ view_parse ] --END-- [ RunTime:0.018183s ]
INFO: [ view_filter ] --START--
INFO: Run Behavior\WriteHtmlCacheBehavior [ RunTime:0.000421s ]
INFO: [ view_filter ] --END-- [ RunTime:0.000465s ]
INFO: [ app_end ] --START--
INFO: Run Behavior\ShowPageTraceBehavior [ RunTime:0.000528s ]
INFO: [ app_end ] --END-- [ RunTime:0.000572s ]

[ 2017-07-31T23:08:43+08:00 ] 183.13.90.81 /Home/Index/index/id/17.html
INFO: [ app_init ] --START--
INFO: Run Behavior\BuildLiteBehavior [ RunTime:0.000017s ]
INFO: [ app_init ] --END-- [ RunTime:0.000411s ]
INFO: [ app_begin ] --START--
INFO: Run Behavior\ReadHtmlCacheBehavior [ RunTime:0.000500s ]
INFO: [ app_begin ] --END-- [ RunTime:0.000549s ]
SQL: SHOW COLUMNS FROM `tb_article` [ RunTime:0.001562s ]
SQL: SHOW COLUMNS FROM tb_article as a [ RunTime:0.001161s ]
ERR: 1064:You have an error in your SQL syntax; check the manual that corresponds to your MySQL server version for the right syntax to use near 'as a' at line 1
 [ SQL语句 ] : SHOW COLUMNS FROM tb_article as a
SQL: SELECT COUNT(*) AS tp_count FROM tb_article as a INNER JOIN tb_article_tag as at on a.id=at.articleid INNER JOIN tb_tag as t on at.tagid=t.id  WHERE ( at.tagid = '17' ) AND ( a.ispublic = '0' ) LIMIT 1   [ RunTime:0.001293s ]
SQL: SELECT a.id,a.titlepic,a.articletitle,a.articlecontent,a.articletime,at.articleid,t.name FROM tb_article as a INNER JOIN tb_article_tag as at on a.id=at.articleid INNER JOIN tb_tag as t on at.tagid=t.id  WHERE ( at.tagid = '17' ) AND ( a.ispublic = '0' ) LIMIT 0,7   [ RunTime:0.005823s ]
SQL: SHOW COLUMNS FROM tb_article_tag as at [ RunTime:0.001245s ]
ERR: 1064:You have an error in your SQL syntax; check the manual that corresponds to your MySQL server version for the right syntax to use near 'as at' at line 1
 [ SQL语句 ] : SHOW COLUMNS FROM tb_article_tag as at
SQL: SELECT * FROM tb_article_tag as at INNER JOIN tb_tag as t on at.tagid=t.id   [ RunTime:0.001128s ]
SQL: SHOW COLUMNS FROM `tb_article` [ RunTime:0.001448s ]
SQL: SELECT * FROM `tb_article` ORDER BY views desc  [ RunTime:0.008259s ]
SQL: SELECT * FROM `tb_article` ORDER BY articletime desc  [ RunTime:0.005101s ]
SQL: SHOW COLUMNS FROM `tb_friendlylink` [ RunTime:0.001328s ]
SQL: SELECT * FROM `tb_friendlylink`  [ RunTime:0.001139s ]
SQL: SHOW COLUMNS FROM `tb_tag` [ RunTime:0.001284s ]
SQL: SELECT * FROM `tb_tag`  [ RunTime:0.001099s ]
SQL: SHOW COLUMNS FROM `tb_visitors` [ RunTime:0.001297s ]
SQL: SELECT COUNT(distinct(ip)) AS tp_count FROM `tb_visitors` WHERE ( `ip` = 'ip' ) LIMIT 1   [ RunTime:0.001107s ]
INFO: [ view_parse ] --START--
INFO: [ template_filter ] --START--
INFO: Run Behavior\ContentReplaceBehavior [ RunTime:0.000055s ]
INFO: [ template_filter ] --END-- [ RunTime:0.000099s ]
NOTIC: [8] Undefined index: views /data/home/bxu2442410262/htdocs/Application/Runtime/Cache/Home/2a94b8bda04ff446dcedd42276fc99ee.php 第 93 行.
NOTIC: [8] Undefined index: views /data/home/bxu2442410262/htdocs/Application/Runtime/Cache/Home/2a94b8bda04ff446dcedd42276fc99ee.php 第 93 行.
NOTIC: [8] Undefined index: views /data/home/bxu2442410262/htdocs/Application/Runtime/Cache/Home/2a94b8bda04ff446dcedd42276fc99ee.php 第 93 行.
NOTIC: [8] Undefined index: views /data/home/bxu2442410262/htdocs/Application/Runtime/Cache/Home/2a94b8bda04ff446dcedd42276fc99ee.php 第 93 行.
NOTIC: [8] Undefined index: views /data/home/bxu2442410262/htdocs/Application/Runtime/Cache/Home/2a94b8bda04ff446dcedd42276fc99ee.php 第 93 行.
NOTIC: [8] Undefined variable: data /data/home/bxu2442410262/htdocs/Application/Runtime/Cache/Home/2a94b8bda04ff446dcedd42276fc99ee.php 第 169 行.
NOTIC: [8] Undefined variable: data /data/home/bxu2442410262/htdocs/Application/Runtime/Cache/Home/2a94b8bda04ff446dcedd42276fc99ee.php 第 171 行.
INFO: Run Behavior\ParseTemplateBehavior [ RunTime:0.017606s ]
INFO: [ view_parse ] --END-- [ RunTime:0.017646s ]
INFO: [ view_filter ] --START--
INFO: Run Behavior\WriteHtmlCacheBehavior [ RunTime:0.000253s ]
INFO: [ view_filter ] --END-- [ RunTime:0.000288s ]
INFO: [ app_end ] --START--
INFO: Run Behavior\ShowPageTraceBehavior [ RunTime:0.000532s ]
INFO: [ app_end ] --END-- [ RunTime:0.000580s ]

[ 2017-07-31T23:08:56+08:00 ] 183.13.90.81 /Home/NewList/newdetail/id/36.html
INFO: [ app_init ] --START--
INFO: Run Behavior\BuildLiteBehavior [ RunTime:0.000015s ]
INFO: [ app_init ] --END-- [ RunTime:0.000443s ]
INFO: [ app_begin ] --START--
INFO: Run Behavior\ReadHtmlCacheBehavior [ RunTime:0.000475s ]
INFO: [ app_begin ] --END-- [ RunTime:0.000537s ]
SQL: SHOW COLUMNS FROM `tb_article` [ RunTime:0.001661s ]
SQL: UPDATE `tb_article` SET `views`=views+1 WHERE ( `id` = 36 ) [ RunTime:0.004579s ]
SQL: SELECT * FROM `tb_article` WHERE ( `id` = 36 ) LIMIT 1   [ RunTime:0.001301s ]
SQL: SELECT * FROM `tb_article` WHERE ( id<36 ) ORDER BY id DESC LIMIT 1   [ RunTime:0.001419s ]
SQL: SELECT * FROM `tb_article` WHERE ( id>36 ) ORDER BY id ASC LIMIT 1   [ RunTime:0.001305s ]
INFO: [ view_parse ] --START--
INFO: [ template_filter ] --START--
INFO: Run Behavior\ContentReplaceBehavior [ RunTime:0.000091s ]
INFO: [ template_filter ] --END-- [ RunTime:0.000135s ]
INFO: Run Behavior\ParseTemplateBehavior [ RunTime:0.010455s ]
INFO: [ view_parse ] --END-- [ RunTime:0.010502s ]
INFO: [ view_filter ] --START--
INFO: Run Behavior\WriteHtmlCacheBehavior [ RunTime:0.000292s ]
INFO: [ view_filter ] --END-- [ RunTime:0.000326s ]
INFO: [ app_end ] --START--
INFO: Run Behavior\ShowPageTraceBehavior [ RunTime:0.000767s ]
INFO: [ app_end ] --END-- [ RunTime:0.000852s ]

[ 2017-07-31T23:08:58+08:00 ] 183.13.90.81 /
INFO: [ app_init ] --START--
INFO: Run Behavior\BuildLiteBehavior [ RunTime:0.000016s ]
INFO: [ app_init ] --END-- [ RunTime:0.000359s ]
INFO: [ app_begin ] --START--
INFO: Run Behavior\ReadHtmlCacheBehavior [ RunTime:0.000470s ]
INFO: [ app_begin ] --END-- [ RunTime:0.000516s ]
SQL: SHOW COLUMNS FROM `tb_article` [ RunTime:0.001747s ]
SQL: SHOW COLUMNS FROM `tb_visitors` [ RunTime:0.001682s ]
SQL: INSERT INTO `tb_visitors` (`ip`,`ipdate`,`address`) VALUES ('183.13.90.81','2017-07-31 23:08:58','中国广东省深圳市') [ RunTime:0.004371s ]
SQL: SELECT COUNT(*) AS tp_count FROM `tb_article` LIMIT 1   [ RunTime:0.001683s ]
SQL: SELECT * FROM `tb_article` WHERE ( `ispublic` = '0' ) ORDER BY articletime desc LIMIT 0,7   [ RunTime:0.002703s ]
SQL: SHOW COLUMNS FROM tb_article_tag as at [ RunTime:0.001225s ]
ERR: 1064:You have an error in your SQL syntax; check the manual that corresponds to your MySQL server version for the right syntax to use near 'as at' at line 1
 [ SQL语句 ] : SHOW COLUMNS FROM tb_article_tag as at
SQL: SELECT * FROM tb_article_tag as at INNER JOIN tb_tag as t on at.tagid=t.id   [ RunTime:0.001186s ]
SQL: SHOW COLUMNS FROM `tb_article` [ RunTime:0.001463s ]
SQL: SELECT * FROM `tb_article` ORDER BY views desc  [ RunTime:0.010613s ]
SQL: SELECT * FROM `tb_article` ORDER BY articletime desc  [ RunTime:0.006019s ]
SQL: SHOW COLUMNS FROM `tb_friendlylink` [ RunTime:0.001552s ]
SQL: SELECT * FROM `tb_friendlylink`  [ RunTime:0.001159s ]
SQL: SHOW COLUMNS FROM `tb_tag` [ RunTime:0.001329s ]
SQL: SELECT * FROM `tb_tag`  [ RunTime:0.001134s ]
SQL: SELECT COUNT(distinct(ip)) AS tp_count FROM `tb_visitors` WHERE ( `ip` = 'ip' ) LIMIT 1   [ RunTime:0.001748s ]
INFO: [ view_parse ] --START--
INFO: [ template_filter ] --START--
INFO: Run Behavior\ContentReplaceBehavior [ RunTime:0.000063s ]
INFO: [ template_filter ] --END-- [ RunTime:0.000144s ]
NOTIC: [8] Undefined variable: data /data/home/bxu2442410262/htdocs/Application/Runtime/Cache/Home/2a94b8bda04ff446dcedd42276fc99ee.php 第 169 行.
NOTIC: [8] Undefined variable: data /data/home/bxu2442410262/htdocs/Application/Runtime/Cache/Home/2a94b8bda04ff446dcedd42276fc99ee.php 第 171 行.
INFO: Run Behavior\ParseTemplateBehavior [ RunTime:0.018470s ]
INFO: [ view_parse ] --END-- [ RunTime:0.018514s ]
INFO: [ view_filter ] --START--
INFO: Run Behavior\WriteHtmlCacheBehavior [ RunTime:0.000231s ]
INFO: [ view_filter ] --END-- [ RunTime:0.000264s ]
INFO: [ app_end ] --START--
INFO: Run Behavior\ShowPageTraceBehavior [ RunTime:0.000498s ]
INFO: [ app_end ] --END-- [ RunTime:0.000539s ]

