[ 2017-06-06T10:17:26+08:00 ] 183.14.135.36 /admin
INFO: [ app_init ] --START--
INFO: Run Behavior\BuildLiteBehavior [ RunTime:0.000019s ]
INFO: [ app_init ] --END-- [ RunTime:0.000395s ]
INFO: [ app_begin ] --START--
INFO: Run Behavior\ReadHtmlCacheBehavior [ RunTime:0.000603s ]
INFO: [ app_begin ] --END-- [ RunTime:0.000649s ]
INFO: [ view_parse ] --START--
INFO: [ template_filter ] --START--
INFO: Run Behavior\ContentReplaceBehavior [ RunTime:0.000037s ]
INFO: [ template_filter ] --END-- [ RunTime:0.000083s ]
INFO: Run Behavior\ParseTemplateBehavior [ RunTime:0.005805s ]
INFO: [ view_parse ] --END-- [ RunTime:0.005849s ]
INFO: [ view_filter ] --START--
INFO: Run Behavior\WriteHtmlCacheBehavior [ RunTime:0.000229s ]
INFO: [ view_filter ] --END-- [ RunTime:0.000261s ]
INFO: [ app_end ] --START--
INFO: Run Behavior\ShowPageTraceBehavior [ RunTime:0.000478s ]
INFO: [ app_end ] --END-- [ RunTime:0.000547s ]

[ 2017-06-06T10:17:37+08:00 ] 101.226.51.229 /admin
INFO: [ app_init ] --START--
INFO: Run Behavior\BuildLiteBehavior [ RunTime:0.000015s ]
INFO: [ app_init ] --END-- [ RunTime:0.000429s ]
INFO: [ app_begin ] --START--
INFO: Run Behavior\ReadHtmlCacheBehavior [ RunTime:0.000674s ]
INFO: [ app_begin ] --END-- [ RunTime:0.000723s ]
INFO: [ view_parse ] --START--
INFO: [ template_filter ] --START--
INFO: Run Behavior\ContentReplaceBehavior [ RunTime:0.000053s ]
INFO: [ template_filter ] --END-- [ RunTime:0.000135s ]
INFO: Run Behavior\ParseTemplateBehavior [ RunTime:0.006774s ]
INFO: [ view_parse ] --END-- [ RunTime:0.006823s ]
INFO: [ view_filter ] --START--
INFO: Run Behavior\WriteHtmlCacheBehavior [ RunTime:0.000253s ]
INFO: [ view_filter ] --END-- [ RunTime:0.000286s ]
INFO: [ app_end ] --START--
INFO: Run Behavior\ShowPageTraceBehavior [ RunTime:0.000465s ]
INFO: [ app_end ] --END-- [ RunTime:0.000506s ]

[ 2017-06-06T10:17:39+08:00 ] 101.226.89.119 /admin
INFO: [ app_init ] --START--
INFO: Run Behavior\BuildLiteBehavior [ RunTime:0.000015s ]
INFO: [ app_init ] --END-- [ RunTime:0.000366s ]
INFO: [ app_begin ] --START--
INFO: Run Behavior\ReadHtmlCacheBehavior [ RunTime:0.000616s ]
INFO: [ app_begin ] --END-- [ RunTime:0.000662s ]
INFO: [ view_parse ] --START--
INFO: [ template_filter ] --START--
INFO: Run Behavior\ContentReplaceBehavior [ RunTime:0.000037s ]
INFO: [ template_filter ] --END-- [ RunTime:0.000086s ]
INFO: Run Behavior\ParseTemplateBehavior [ RunTime:0.005507s ]
INFO: [ view_parse ] --END-- [ RunTime:0.005551s ]
INFO: [ view_filter ] --START--
INFO: Run Behavior\WriteHtmlCacheBehavior [ RunTime:0.000237s ]
INFO: [ view_filter ] --END-- [ RunTime:0.000269s ]
INFO: [ app_end ] --START--
INFO: Run Behavior\ShowPageTraceBehavior [ RunTime:0.000493s ]
INFO: [ app_end ] --END-- [ RunTime:0.000532s ]

[ 2017-06-06T10:17:48+08:00 ] 183.14.135.36 /Admin/Login/check
INFO: [ app_init ] --START--
INFO: Run Behavior\BuildLiteBehavior [ RunTime:0.000018s ]
INFO: [ app_init ] --END-- [ RunTime:0.000397s ]
INFO: [ app_begin ] --START--
INFO: Run Behavior\ReadHtmlCacheBehavior [ RunTime:0.000647s ]
INFO: [ app_begin ] --END-- [ RunTime:0.000700s ]
SQL: SHOW COLUMNS FROM `tb_admin` [ RunTime:0.001932s ]
SQL: SELECT * FROM `tb_admin` WHERE ( `username` = 'admin' ) AND ( `password` = 'd033e22ae348aeb5660fc2140aec35850c4da997' ) LIMIT 1   [ RunTime:0.001398s ]
INFO: [ view_parse ] --START--
INFO: [ template_filter ] --START--
INFO: Run Behavior\ContentReplaceBehavior [ RunTime:0.000027s ]
INFO: [ template_filter ] --END-- [ RunTime:0.000071s ]
INFO: Run Behavior\ParseTemplateBehavior [ RunTime:0.005865s ]
INFO: [ view_parse ] --END-- [ RunTime:0.005912s ]
INFO: [ view_filter ] --START--
INFO: Run Behavior\WriteHtmlCacheBehavior [ RunTime:0.000243s ]
INFO: [ view_filter ] --END-- [ RunTime:0.000275s ]
INFO: [ app_end ] --START--
INFO: Run Behavior\ShowPageTraceBehavior [ RunTime:0.000550s ]
INFO: [ app_end ] --END-- [ RunTime:0.000594s ]

[ 2017-06-06T10:17:49+08:00 ] 183.14.135.36 /
INFO: [ app_init ] --START--
INFO: Run Behavior\BuildLiteBehavior [ RunTime:0.000013s ]
INFO: [ app_init ] --END-- [ RunTime:0.000408s ]
INFO: [ app_begin ] --START--
INFO: Run Behavior\ReadHtmlCacheBehavior [ RunTime:0.000502s ]
INFO: [ app_begin ] --END-- [ RunTime:0.000549s ]
SQL: SHOW COLUMNS FROM `tb_article` [ RunTime:0.001861s ]
SQL: SHOW COLUMNS FROM `tb_visitors` [ RunTime:0.001702s ]
SQL: INSERT INTO `tb_visitors` (`ip`,`ipdate`,`address`) VALUES ('183.14.135.36','2017-06-06 10:17:49','中国广东省深圳市') [ RunTime:0.003900s ]
SQL: SELECT COUNT(*) AS tp_count FROM `tb_article` LIMIT 1   [ RunTime:0.001998s ]
SQL: SELECT * FROM `tb_article` WHERE ( `ispublic` = '0' ) ORDER BY articletime desc LIMIT 0,7   [ RunTime:0.004393s ]
SQL: SHOW COLUMNS FROM tb_article_tag as at [ RunTime:0.001198s ]
ERR: 1064:You have an error in your SQL syntax; check the manual that corresponds to your MySQL server version for the right syntax to use near 'as at' at line 1
 [ SQL语句 ] : SHOW COLUMNS FROM tb_article_tag as at
SQL: SELECT * FROM tb_article_tag as at INNER JOIN tb_tag as t on at.tagid=t.id   [ RunTime:0.001694s ]
SQL: SHOW COLUMNS FROM `tb_article` [ RunTime:0.001516s ]
SQL: SELECT * FROM `tb_article` ORDER BY views desc  [ RunTime:0.009275s ]
SQL: SELECT * FROM `tb_article` ORDER BY articletime desc  [ RunTime:0.005420s ]
SQL: SHOW COLUMNS FROM `tb_friendlylink` [ RunTime:0.001773s ]
SQL: SELECT * FROM `tb_friendlylink`  [ RunTime:0.001415s ]
SQL: SHOW COLUMNS FROM `tb_tag` [ RunTime:0.001428s ]
SQL: SELECT * FROM `tb_tag`  [ RunTime:0.001275s ]
SQL: SELECT COUNT(distinct(ip)) AS tp_count FROM `tb_visitors` WHERE ( `ip` = 'ip' ) LIMIT 1   [ RunTime:0.001539s ]
NOTIC: [8] Undefined index: www.zxdphp.site /data/home/bxu2442410262/htdocs/Application/Home/Controller/IndexController.class.php 第 111 行.
INFO: [ view_parse ] --START--
INFO: [ template_filter ] --START--
INFO: Run Behavior\ContentReplaceBehavior [ RunTime:0.000061s ]
INFO: [ template_filter ] --END-- [ RunTime:0.000108s ]
NOTIC: [8] Undefined variable: data /data/home/bxu2442410262/htdocs/Application/Runtime/Cache/Home/2a94b8bda04ff446dcedd42276fc99ee.php 第 172 行.
NOTIC: [8] Undefined variable: data /data/home/bxu2442410262/htdocs/Application/Runtime/Cache/Home/2a94b8bda04ff446dcedd42276fc99ee.php 第 174 行.
INFO: Run Behavior\ParseTemplateBehavior [ RunTime:0.017005s ]
INFO: [ view_parse ] --END-- [ RunTime:0.017048s ]
INFO: [ view_filter ] --START--
INFO: Run Behavior\WriteHtmlCacheBehavior [ RunTime:0.000239s ]
INFO: [ view_filter ] --END-- [ RunTime:0.000274s ]
INFO: [ app_end ] --START--
INFO: Run Behavior\ShowPageTraceBehavior [ RunTime:0.000531s ]
INFO: [ app_end ] --END-- [ RunTime:0.000577s ]

[ 2017-06-06T10:17:49+08:00 ] 183.14.135.36 /
INFO: [ app_init ] --START--
INFO: Run Behavior\BuildLiteBehavior [ RunTime:0.000016s ]
INFO: [ app_init ] --END-- [ RunTime:0.000366s ]
INFO: [ app_begin ] --START--
INFO: Run Behavior\ReadHtmlCacheBehavior [ RunTime:0.000517s ]
INFO: [ app_begin ] --END-- [ RunTime:0.000575s ]
SQL: SHOW COLUMNS FROM `tb_article` [ RunTime:0.001865s ]
SQL: SHOW COLUMNS FROM `tb_visitors` [ RunTime:0.001654s ]
SQL: INSERT INTO `tb_visitors` (`ip`,`ipdate`,`address`) VALUES ('183.14.135.36','2017-06-06 10:17:49','中国广东省深圳市') [ RunTime:0.003846s ]
SQL: SELECT COUNT(*) AS tp_count FROM `tb_article` LIMIT 1   [ RunTime:0.001210s ]
SQL: SELECT * FROM `tb_article` WHERE ( `ispublic` = '0' ) ORDER BY articletime desc LIMIT 0,7   [ RunTime:0.004216s ]
SQL: SHOW COLUMNS FROM tb_article_tag as at [ RunTime:0.001259s ]
ERR: 1064:You have an error in your SQL syntax; check the manual that corresponds to your MySQL server version for the right syntax to use near 'as at' at line 1
 [ SQL语句 ] : SHOW COLUMNS FROM tb_article_tag as at
SQL: SELECT * FROM tb_article_tag as at INNER JOIN tb_tag as t on at.tagid=t.id   [ RunTime:0.001217s ]
SQL: SHOW COLUMNS FROM `tb_article` [ RunTime:0.001717s ]
SQL: SELECT * FROM `tb_article` ORDER BY views desc  [ RunTime:0.008203s ]
SQL: SELECT * FROM `tb_article` ORDER BY articletime desc  [ RunTime:0.005357s ]
SQL: SHOW COLUMNS FROM `tb_friendlylink` [ RunTime:0.001443s ]
SQL: SELECT * FROM `tb_friendlylink`  [ RunTime:0.001213s ]
SQL: SHOW COLUMNS FROM `tb_tag` [ RunTime:0.001421s ]
SQL: SELECT * FROM `tb_tag`  [ RunTime:0.001208s ]
SQL: SELECT COUNT(distinct(ip)) AS tp_count FROM `tb_visitors` WHERE ( `ip` = 'ip' ) LIMIT 1   [ RunTime:0.001561s ]
INFO: [ view_parse ] --START--
INFO: [ template_filter ] --START--
INFO: Run Behavior\ContentReplaceBehavior [ RunTime:0.000074s ]
INFO: [ template_filter ] --END-- [ RunTime:0.000116s ]
NOTIC: [8] Undefined variable: data /data/home/bxu2442410262/htdocs/Application/Runtime/Cache/Home/2a94b8bda04ff446dcedd42276fc99ee.php 第 172 行.
NOTIC: [8] Undefined variable: data /data/home/bxu2442410262/htdocs/Application/Runtime/Cache/Home/2a94b8bda04ff446dcedd42276fc99ee.php 第 174 行.
INFO: Run Behavior\ParseTemplateBehavior [ RunTime:0.017373s ]
INFO: [ view_parse ] --END-- [ RunTime:0.017416s ]
INFO: [ view_filter ] --START--
INFO: Run Behavior\WriteHtmlCacheBehavior [ RunTime:0.000277s ]
INFO: [ view_filter ] --END-- [ RunTime:0.000310s ]
INFO: [ app_end ] --START--
INFO: Run Behavior\ShowPageTraceBehavior [ RunTime:0.000712s ]
INFO: [ app_end ] --END-- [ RunTime:0.000771s ]

[ 2017-06-06T10:17:50+08:00 ] 183.14.135.36 /Admin/Index/index.html
INFO: [ app_init ] --START--
INFO: Run Behavior\BuildLiteBehavior [ RunTime:0.000015s ]
INFO: [ app_init ] --END-- [ RunTime:0.000379s ]
INFO: [ app_begin ] --START--
INFO: Run Behavior\ReadHtmlCacheBehavior [ RunTime:0.000550s ]
INFO: [ app_begin ] --END-- [ RunTime:0.000596s ]
NOTIC: [2] mysql_get_server_info(): Can't connect to local MySQL server through socket '/tmp/mysql.sock' (2) /data/home/bxu2442410262/htdocs/Application/Admin/Controller/IndexController.class.php 第 18 行.
NOTIC: [2] mysql_get_server_info(): A link to the server could not be established /data/home/bxu2442410262/htdocs/Application/Admin/Controller/IndexController.class.php 第 18 行.
SQL: SHOW COLUMNS FROM `tb_friendlylink` [ RunTime:0.002847s ]
SQL: SELECT COUNT(*) AS tp_count FROM `tb_friendlylink` LIMIT 1   [ RunTime:0.001641s ]
SQL: SHOW COLUMNS FROM `tb_article` [ RunTime:0.001995s ]
SQL: SELECT COUNT(*) AS tp_count FROM `tb_article` LIMIT 1   [ RunTime:0.001460s ]
INFO: [ view_parse ] --START--
INFO: [ template_filter ] --START--
INFO: Run Behavior\ContentReplaceBehavior [ RunTime:0.000092s ]
INFO: [ template_filter ] --END-- [ RunTime:0.000149s ]
INFO: Run Behavior\ParseTemplateBehavior [ RunTime:0.036132s ]
INFO: [ view_parse ] --END-- [ RunTime:0.036186s ]
INFO: [ view_filter ] --START--
INFO: Run Behavior\WriteHtmlCacheBehavior [ RunTime:0.000246s ]
INFO: [ view_filter ] --END-- [ RunTime:0.000279s ]
INFO: [ app_end ] --START--
INFO: Run Behavior\ShowPageTraceBehavior [ RunTime:0.000591s ]
INFO: [ app_end ] --END-- [ RunTime:0.000635s ]

[ 2017-06-06T10:17:54+08:00 ] 183.14.135.36 /Admin/Resources/select.html
INFO: [ app_init ] --START--
INFO: Run Behavior\BuildLiteBehavior [ RunTime:0.000015s ]
INFO: [ app_init ] --END-- [ RunTime:0.000355s ]
INFO: [ app_begin ] --START--
INFO: Run Behavior\ReadHtmlCacheBehavior [ RunTime:0.000600s ]
INFO: [ app_begin ] --END-- [ RunTime:0.000647s ]
SQL: SHOW COLUMNS FROM tb_resources as r [ RunTime:0.001315s ]
ERR: 1064:You have an error in your SQL syntax; check the manual that corresponds to your MySQL server version for the right syntax to use near 'as r' at line 1
 [ SQL语句 ] : SHOW COLUMNS FROM tb_resources as r
SQL: SELECT COUNT(*) AS tp_count FROM tb_resources as r left join tb_resourcestype as rt on r.resourcestypeid=rt.id  LIMIT 1   [ RunTime:0.001920s ]
SQL: SELECT r.id,r.name,r.url,r.resourcespw,r.resourcesdate,r.ispublic,rt.resourcestypename FROM tb_resources as r left join tb_resourcestype as rt on r.resourcestypeid=rt.id  LIMIT 0,10   [ RunTime:0.001539s ]
SQL: SHOW COLUMNS FROM `tb_resourcestype` [ RunTime:0.003058s ]
SQL: SELECT * FROM `tb_resourcestype`  [ RunTime:0.001392s ]
INFO: [ view_parse ] --START--
INFO: [ template_filter ] --START--
INFO: Run Behavior\ContentReplaceBehavior [ RunTime:0.000070s ]
INFO: [ template_filter ] --END-- [ RunTime:0.000132s ]
INFO: Run Behavior\ParseTemplateBehavior [ RunTime:0.070811s ]
INFO: [ view_parse ] --END-- [ RunTime:0.070886s ]
INFO: [ view_filter ] --START--
INFO: Run Behavior\WriteHtmlCacheBehavior [ RunTime:0.000275s ]
INFO: [ view_filter ] --END-- [ RunTime:0.000311s ]
INFO: [ app_end ] --START--
INFO: Run Behavior\ShowPageTraceBehavior [ RunTime:0.000574s ]
INFO: [ app_end ] --END-- [ RunTime:0.000619s ]

[ 2017-06-06T10:18:03+08:00 ] 101.226.125.103 /Admin/Resources/select.html
INFO: [ app_init ] --START--
INFO: Run Behavior\BuildLiteBehavior [ RunTime:0.000016s ]
INFO: [ app_init ] --END-- [ RunTime:0.000388s ]
INFO: [ app_begin ] --START--
INFO: Run Behavior\ReadHtmlCacheBehavior [ RunTime:0.000576s ]
INFO: [ app_begin ] --END-- [ RunTime:0.000621s ]
SQL: SHOW COLUMNS FROM tb_resources as r [ RunTime:0.001115s ]
ERR: 1064:You have an error in your SQL syntax; check the manual that corresponds to your MySQL server version for the right syntax to use near 'as r' at line 1
 [ SQL语句 ] : SHOW COLUMNS FROM tb_resources as r
SQL: SELECT COUNT(*) AS tp_count FROM tb_resources as r left join tb_resourcestype as rt on r.resourcestypeid=rt.id  LIMIT 1   [ RunTime:0.001119s ]
SQL: SELECT r.id,r.name,r.url,r.resourcespw,r.resourcesdate,r.ispublic,rt.resourcestypename FROM tb_resources as r left join tb_resourcestype as rt on r.resourcestypeid=rt.id  LIMIT 0,10   [ RunTime:0.001232s ]
SQL: SHOW COLUMNS FROM `tb_resourcestype` [ RunTime:0.001609s ]
SQL: SELECT * FROM `tb_resourcestype`  [ RunTime:0.001108s ]
INFO: [ view_parse ] --START--
INFO: [ template_filter ] --START--
INFO: Run Behavior\ContentReplaceBehavior [ RunTime:0.000059s ]
INFO: [ template_filter ] --END-- [ RunTime:0.000141s ]
INFO: Run Behavior\ParseTemplateBehavior [ RunTime:0.011405s ]
INFO: [ view_parse ] --END-- [ RunTime:0.011450s ]
INFO: [ view_filter ] --START--
INFO: Run Behavior\WriteHtmlCacheBehavior [ RunTime:0.000257s ]
INFO: [ view_filter ] --END-- [ RunTime:0.000292s ]
INFO: [ app_end ] --START--
INFO: Run Behavior\ShowPageTraceBehavior [ RunTime:0.000472s ]
INFO: [ app_end ] --END-- [ RunTime:0.000508s ]

[ 2017-06-06T10:26:17+08:00 ] 101.226.33.208 /Admin/Index/index.html
INFO: [ app_init ] --START--
INFO: Run Behavior\BuildLiteBehavior [ RunTime:0.000015s ]
INFO: [ app_init ] --END-- [ RunTime:0.000360s ]
INFO: [ app_begin ] --START--
INFO: Run Behavior\ReadHtmlCacheBehavior [ RunTime:0.000613s ]
INFO: [ app_begin ] --END-- [ RunTime:0.000659s ]
NOTIC: [2] mysql_get_server_info(): Can't connect to local MySQL server through socket '/tmp/mysql.sock' (2) /data/home/bxu2442410262/htdocs/Application/Admin/Controller/IndexController.class.php 第 18 行.
NOTIC: [2] mysql_get_server_info(): A link to the server could not be established /data/home/bxu2442410262/htdocs/Application/Admin/Controller/IndexController.class.php 第 18 行.
SQL: SHOW COLUMNS FROM `tb_friendlylink` [ RunTime:0.001761s ]
SQL: SELECT COUNT(*) AS tp_count FROM `tb_friendlylink` LIMIT 1   [ RunTime:0.001326s ]
SQL: SHOW COLUMNS FROM `tb_article` [ RunTime:0.001632s ]
SQL: SELECT COUNT(*) AS tp_count FROM `tb_article` LIMIT 1   [ RunTime:0.001727s ]
INFO: [ view_parse ] --START--
INFO: [ template_filter ] --START--
INFO: Run Behavior\ContentReplaceBehavior [ RunTime:0.000065s ]
INFO: [ template_filter ] --END-- [ RunTime:0.000121s ]
INFO: Run Behavior\ParseTemplateBehavior [ RunTime:0.012333s ]
INFO: [ view_parse ] --END-- [ RunTime:0.012381s ]
INFO: [ view_filter ] --START--
INFO: Run Behavior\WriteHtmlCacheBehavior [ RunTime:0.000284s ]
INFO: [ view_filter ] --END-- [ RunTime:0.000326s ]
INFO: [ app_end ] --START--
INFO: Run Behavior\ShowPageTraceBehavior [ RunTime:0.000862s ]
INFO: [ app_end ] --END-- [ RunTime:0.000952s ]

[ 2017-06-06T10:27:02+08:00 ] 101.226.65.104 /Admin/Index/index.html
INFO: [ app_init ] --START--
INFO: Run Behavior\BuildLiteBehavior [ RunTime:0.000015s ]
INFO: [ app_init ] --END-- [ RunTime:0.000416s ]
INFO: [ app_begin ] --START--
INFO: Run Behavior\ReadHtmlCacheBehavior [ RunTime:0.000564s ]
INFO: [ app_begin ] --END-- [ RunTime:0.000610s ]
NOTIC: [2] mysql_get_server_info(): Can't connect to local MySQL server through socket '/tmp/mysql.sock' (2) /data/home/bxu2442410262/htdocs/Application/Admin/Controller/IndexController.class.php 第 18 行.
NOTIC: [2] mysql_get_server_info(): A link to the server could not be established /data/home/bxu2442410262/htdocs/Application/Admin/Controller/IndexController.class.php 第 18 行.
SQL: SHOW COLUMNS FROM `tb_friendlylink` [ RunTime:0.001571s ]
SQL: SELECT COUNT(*) AS tp_count FROM `tb_friendlylink` LIMIT 1   [ RunTime:0.001176s ]
SQL: SHOW COLUMNS FROM `tb_article` [ RunTime:0.001396s ]
SQL: SELECT COUNT(*) AS tp_count FROM `tb_article` LIMIT 1   [ RunTime:0.001120s ]
INFO: [ view_parse ] --START--
INFO: [ template_filter ] --START--
INFO: Run Behavior\ContentReplaceBehavior [ RunTime:0.000074s ]
INFO: [ template_filter ] --END-- [ RunTime:0.000128s ]
INFO: Run Behavior\ParseTemplateBehavior [ RunTime:0.012386s ]
INFO: [ view_parse ] --END-- [ RunTime:0.012446s ]
INFO: [ view_filter ] --START--
INFO: Run Behavior\WriteHtmlCacheBehavior [ RunTime:0.000340s ]
INFO: [ view_filter ] --END-- [ RunTime:0.000381s ]
INFO: [ app_end ] --START--
INFO: Run Behavior\ShowPageTraceBehavior [ RunTime:0.000548s ]
INFO: [ app_end ] --END-- [ RunTime:0.000591s ]

[ 2017-06-06T14:02:29+08:00 ] 119.137.54.154 /
INFO: [ app_init ] --START--
INFO: Run Behavior\BuildLiteBehavior [ RunTime:0.000016s ]
INFO: [ app_init ] --END-- [ RunTime:0.000362s ]
INFO: [ app_begin ] --START--
INFO: Run Behavior\ReadHtmlCacheBehavior [ RunTime:0.000471s ]
INFO: [ app_begin ] --END-- [ RunTime:0.000519s ]
SQL: SHOW COLUMNS FROM `tb_article` [ RunTime:0.001795s ]
SQL: SHOW COLUMNS FROM `tb_visitors` [ RunTime:0.001951s ]
SQL: INSERT INTO `tb_visitors` (`ip`,`ipdate`,`address`) VALUES ('119.137.54.154','2017-06-06 14:02:29','中国广东省深圳市') [ RunTime:0.005541s ]
SQL: SELECT COUNT(*) AS tp_count FROM `tb_article` LIMIT 1   [ RunTime:0.001905s ]
SQL: SELECT * FROM `tb_article` WHERE ( `ispublic` = '0' ) ORDER BY articletime desc LIMIT 0,7   [ RunTime:0.004684s ]
SQL: SHOW COLUMNS FROM tb_article_tag as at [ RunTime:0.001103s ]
ERR: 1064:You have an error in your SQL syntax; check the manual that corresponds to your MySQL server version for the right syntax to use near 'as at' at line 1
 [ SQL语句 ] : SHOW COLUMNS FROM tb_article_tag as at
SQL: SELECT * FROM tb_article_tag as at INNER JOIN tb_tag as t on at.tagid=t.id   [ RunTime:0.001850s ]
SQL: SHOW COLUMNS FROM `tb_article` [ RunTime:0.001432s ]
SQL: SELECT * FROM `tb_article` ORDER BY views desc  [ RunTime:0.007444s ]
SQL: SELECT * FROM `tb_article` ORDER BY articletime desc  [ RunTime:0.004957s ]
SQL: SHOW COLUMNS FROM `tb_friendlylink` [ RunTime:0.001568s ]
SQL: SELECT * FROM `tb_friendlylink`  [ RunTime:0.001296s ]
SQL: SHOW COLUMNS FROM `tb_tag` [ RunTime:0.001310s ]
SQL: SELECT * FROM `tb_tag`  [ RunTime:0.001171s ]
SQL: SELECT COUNT(distinct(ip)) AS tp_count FROM `tb_visitors` WHERE ( `ip` = 'ip' ) LIMIT 1   [ RunTime:0.001500s ]
NOTIC: [8] Undefined index: www.zxdphp.site /data/home/bxu2442410262/htdocs/Application/Home/Controller/IndexController.class.php 第 111 行.
INFO: [ view_parse ] --START--
INFO: [ template_filter ] --START--
INFO: Run Behavior\ContentReplaceBehavior [ RunTime:0.000210s ]
INFO: [ template_filter ] --END-- [ RunTime:0.000271s ]
NOTIC: [8] Undefined variable: data /data/home/bxu2442410262/htdocs/Application/Runtime/Cache/Home/2a94b8bda04ff446dcedd42276fc99ee.php 第 172 行.
NOTIC: [8] Undefined variable: data /data/home/bxu2442410262/htdocs/Application/Runtime/Cache/Home/2a94b8bda04ff446dcedd42276fc99ee.php 第 174 行.
INFO: Run Behavior\ParseTemplateBehavior [ RunTime:0.018699s ]
INFO: [ view_parse ] --END-- [ RunTime:0.018744s ]
INFO: [ view_filter ] --START--
INFO: Run Behavior\WriteHtmlCacheBehavior [ RunTime:0.000290s ]
INFO: [ view_filter ] --END-- [ RunTime:0.000328s ]
INFO: [ app_end ] --START--
INFO: Run Behavior\ShowPageTraceBehavior [ RunTime:0.000555s ]
INFO: [ app_end ] --END-- [ RunTime:0.000602s ]

[ 2017-06-06T14:03:25+08:00 ] 119.137.54.154 /Home/Index/index/id/17.html
INFO: [ app_init ] --START--
INFO: Run Behavior\BuildLiteBehavior [ RunTime:0.000015s ]
INFO: [ app_init ] --END-- [ RunTime:0.000388s ]
INFO: [ app_begin ] --START--
INFO: Run Behavior\ReadHtmlCacheBehavior [ RunTime:0.000495s ]
INFO: [ app_begin ] --END-- [ RunTime:0.000542s ]
SQL: SHOW COLUMNS FROM `tb_article` [ RunTime:0.001637s ]
SQL: SHOW COLUMNS FROM `tb_visitors` [ RunTime:0.001479s ]
SQL: INSERT INTO `tb_visitors` (`ip`,`ipdate`,`address`) VALUES ('119.137.54.154','2017-06-06 14:03:25','中国广东省深圳市') [ RunTime:0.005003s ]
SQL: SHOW COLUMNS FROM tb_article as a [ RunTime:0.001175s ]
ERR: 1064:You have an error in your SQL syntax; check the manual that corresponds to your MySQL server version for the right syntax to use near 'as a' at line 1
 [ SQL语句 ] : SHOW COLUMNS FROM tb_article as a
SQL: SELECT COUNT(*) AS tp_count FROM tb_article as a INNER JOIN tb_article_tag as at on a.id=at.articleid INNER JOIN tb_tag as t on at.tagid=t.id  WHERE ( at.tagid = '17' ) AND ( a.ispublic = '0' ) LIMIT 1   [ RunTime:0.001824s ]
SQL: SELECT a.id,a.titlepic,a.articletitle,a.articlecontent,a.articletime,at.articleid,t.name FROM tb_article as a INNER JOIN tb_article_tag as at on a.id=at.articleid INNER JOIN tb_tag as t on at.tagid=t.id  WHERE ( at.tagid = '17' ) AND ( a.ispublic = '0' ) LIMIT 0,7   [ RunTime:0.006004s ]
SQL: SHOW COLUMNS FROM tb_article_tag as at [ RunTime:0.001296s ]
ERR: 1064:You have an error in your SQL syntax; check the manual that corresponds to your MySQL server version for the right syntax to use near 'as at' at line 1
 [ SQL语句 ] : SHOW COLUMNS FROM tb_article_tag as at
SQL: SELECT * FROM tb_article_tag as at INNER JOIN tb_tag as t on at.tagid=t.id   [ RunTime:0.001152s ]
SQL: SHOW COLUMNS FROM `tb_article` [ RunTime:0.001456s ]
SQL: SELECT * FROM `tb_article` ORDER BY views desc  [ RunTime:0.007214s ]
SQL: SELECT * FROM `tb_article` ORDER BY articletime desc  [ RunTime:0.004813s ]
SQL: SHOW COLUMNS FROM `tb_friendlylink` [ RunTime:0.001377s ]
SQL: SELECT * FROM `tb_friendlylink`  [ RunTime:0.001130s ]
SQL: SHOW COLUMNS FROM `tb_tag` [ RunTime:0.001325s ]
SQL: SELECT * FROM `tb_tag`  [ RunTime:0.001119s ]
SQL: SELECT COUNT(distinct(ip)) AS tp_count FROM `tb_visitors` WHERE ( `ip` = 'ip' ) LIMIT 1   [ RunTime:0.001437s ]
INFO: [ view_parse ] --START--
INFO: [ template_filter ] --START--
INFO: Run Behavior\ContentReplaceBehavior [ RunTime:0.000057s ]
INFO: [ template_filter ] --END-- [ RunTime:0.000105s ]
NOTIC: [8] Undefined index: views /data/home/bxu2442410262/htdocs/Application/Runtime/Cache/Home/2a94b8bda04ff446dcedd42276fc99ee.php 第 93 行.
NOTIC: [8] Undefined index: views /data/home/bxu2442410262/htdocs/Application/Runtime/Cache/Home/2a94b8bda04ff446dcedd42276fc99ee.php 第 93 行.
NOTIC: [8] Undefined index: views /data/home/bxu2442410262/htdocs/Application/Runtime/Cache/Home/2a94b8bda04ff446dcedd42276fc99ee.php 第 93 行.
NOTIC: [8] Undefined index: views /data/home/bxu2442410262/htdocs/Application/Runtime/Cache/Home/2a94b8bda04ff446dcedd42276fc99ee.php 第 93 行.
NOTIC: [8] Undefined variable: data /data/home/bxu2442410262/htdocs/Application/Runtime/Cache/Home/2a94b8bda04ff446dcedd42276fc99ee.php 第 172 行.
NOTIC: [8] Undefined variable: data /data/home/bxu2442410262/htdocs/Application/Runtime/Cache/Home/2a94b8bda04ff446dcedd42276fc99ee.php 第 174 行.
INFO: Run Behavior\ParseTemplateBehavior [ RunTime:0.017178s ]
INFO: [ view_parse ] --END-- [ RunTime:0.017223s ]
INFO: [ view_filter ] --START--
INFO: Run Behavior\WriteHtmlCacheBehavior [ RunTime:0.000236s ]
INFO: [ view_filter ] --END-- [ RunTime:0.000271s ]
INFO: [ app_end ] --START--
INFO: Run Behavior\ShowPageTraceBehavior [ RunTime:0.000728s ]
INFO: [ app_end ] --END-- [ RunTime:0.000817s ]

[ 2017-06-06T14:03:37+08:00 ] 119.137.54.154 /Home/NewList/newdetail/id/22.html
INFO: [ app_init ] --START--
INFO: Run Behavior\BuildLiteBehavior [ RunTime:0.000020s ]
INFO: [ app_init ] --END-- [ RunTime:0.000394s ]
INFO: [ app_begin ] --START--
INFO: Run Behavior\ReadHtmlCacheBehavior [ RunTime:0.000606s ]
INFO: [ app_begin ] --END-- [ RunTime:0.000664s ]
SQL: SHOW COLUMNS FROM `tb_article` [ RunTime:0.001633s ]
SQL: UPDATE `tb_article` SET `views`=views+1 WHERE ( `id` = 22 ) [ RunTime:0.012276s ]
SQL: SELECT * FROM `tb_article` WHERE ( `id` = 22 ) LIMIT 1   [ RunTime:0.001555s ]
SQL: SELECT * FROM `tb_article` WHERE ( id<22 ) ORDER BY id DESC LIMIT 1   [ RunTime:0.001480s ]
SQL: SELECT * FROM `tb_article` WHERE ( id>22 ) ORDER BY id ASC LIMIT 1   [ RunTime:0.001295s ]
INFO: [ view_parse ] --START--
INFO: [ template_filter ] --START--
INFO: Run Behavior\ContentReplaceBehavior [ RunTime:0.000067s ]
INFO: [ template_filter ] --END-- [ RunTime:0.000115s ]
INFO: Run Behavior\ParseTemplateBehavior [ RunTime:0.009922s ]
INFO: [ view_parse ] --END-- [ RunTime:0.009973s ]
INFO: [ view_filter ] --START--
INFO: Run Behavior\WriteHtmlCacheBehavior [ RunTime:0.000238s ]
INFO: [ view_filter ] --END-- [ RunTime:0.000272s ]
INFO: [ app_end ] --START--
INFO: Run Behavior\ShowPageTraceBehavior [ RunTime:0.000889s ]
INFO: [ app_end ] --END-- [ RunTime:0.000970s ]

[ 2017-06-06T14:03:38+08:00 ] 119.137.54.154 /
INFO: [ app_init ] --START--
INFO: Run Behavior\BuildLiteBehavior [ RunTime:0.000016s ]
INFO: [ app_init ] --END-- [ RunTime:0.000447s ]
INFO: [ app_begin ] --START--
INFO: Run Behavior\ReadHtmlCacheBehavior [ RunTime:0.000447s ]
INFO: [ app_begin ] --END-- [ RunTime:0.000495s ]
SQL: SHOW COLUMNS FROM `tb_article` [ RunTime:0.002042s ]
SQL: SHOW COLUMNS FROM `tb_visitors` [ RunTime:0.001589s ]
SQL: INSERT INTO `tb_visitors` (`ip`,`ipdate`,`address`) VALUES ('119.137.54.154','2017-06-06 14:03:38','中国广东省深圳市') [ RunTime:0.011651s ]
SQL: SELECT COUNT(*) AS tp_count FROM `tb_article` LIMIT 1   [ RunTime:0.001319s ]
SQL: SELECT * FROM `tb_article` WHERE ( `ispublic` = '0' ) ORDER BY articletime desc LIMIT 0,7   [ RunTime:0.004291s ]
SQL: SHOW COLUMNS FROM tb_article_tag as at [ RunTime:0.001118s ]
ERR: 1064:You have an error in your SQL syntax; check the manual that corresponds to your MySQL server version for the right syntax to use near 'as at' at line 1
 [ SQL语句 ] : SHOW COLUMNS FROM tb_article_tag as at
SQL: SELECT * FROM tb_article_tag as at INNER JOIN tb_tag as t on at.tagid=t.id   [ RunTime:0.001111s ]
SQL: SHOW COLUMNS FROM `tb_article` [ RunTime:0.001447s ]
SQL: SELECT * FROM `tb_article` ORDER BY views desc  [ RunTime:0.008496s ]
SQL: SELECT * FROM `tb_article` ORDER BY articletime desc  [ RunTime:0.004968s ]
SQL: SHOW COLUMNS FROM `tb_friendlylink` [ RunTime:0.001449s ]
SQL: SELECT * FROM `tb_friendlylink`  [ RunTime:0.001136s ]
SQL: SHOW COLUMNS FROM `tb_tag` [ RunTime:0.001400s ]
SQL: SELECT * FROM `tb_tag`  [ RunTime:0.001305s ]
SQL: SELECT COUNT(distinct(ip)) AS tp_count FROM `tb_visitors` WHERE ( `ip` = 'ip' ) LIMIT 1   [ RunTime:0.001377s ]
INFO: [ view_parse ] --START--
INFO: [ template_filter ] --START--
INFO: Run Behavior\ContentReplaceBehavior [ RunTime:0.000058s ]
INFO: [ template_filter ] --END-- [ RunTime:0.000114s ]
NOTIC: [8] Undefined variable: data /data/home/bxu2442410262/htdocs/Application/Runtime/Cache/Home/2a94b8bda04ff446dcedd42276fc99ee.php 第 172 行.
NOTIC: [8] Undefined variable: data /data/home/bxu2442410262/htdocs/Application/Runtime/Cache/Home/2a94b8bda04ff446dcedd42276fc99ee.php 第 174 行.
INFO: Run Behavior\ParseTemplateBehavior [ RunTime:0.018288s ]
INFO: [ view_parse ] --END-- [ RunTime:0.018352s ]
INFO: [ view_filter ] --START--
INFO: Run Behavior\WriteHtmlCacheBehavior [ RunTime:0.000262s ]
INFO: [ view_filter ] --END-- [ RunTime:0.000307s ]
INFO: [ app_end ] --START--
INFO: Run Behavior\ShowPageTraceBehavior [ RunTime:0.000584s ]
INFO: [ app_end ] --END-- [ RunTime:0.000627s ]

[ 2017-06-06T19:19:57+08:00 ] 202.108.211.56 /
INFO: [ app_init ] --START--
INFO: Run Behavior\BuildLiteBehavior [ RunTime:0.000015s ]
INFO: [ app_init ] --END-- [ RunTime:0.000371s ]
INFO: [ app_begin ] --START--
INFO: Run Behavior\ReadHtmlCacheBehavior [ RunTime:0.000446s ]
INFO: [ app_begin ] --END-- [ RunTime:0.000492s ]
SQL: SHOW COLUMNS FROM `tb_article` [ RunTime:0.002123s ]
SQL: SHOW COLUMNS FROM `tb_visitors` [ RunTime:0.002074s ]
SQL: INSERT INTO `tb_visitors` (`ip`,`ipdate`,`address`) VALUES ('202.108.211.56','2017-06-06 19:19:57','中国北京市北京市') [ RunTime:0.004279s ]
SQL: SELECT COUNT(*) AS tp_count FROM `tb_article` LIMIT 1   [ RunTime:0.001986s ]
SQL: SELECT * FROM `tb_article` WHERE ( `ispublic` = '0' ) ORDER BY articletime desc LIMIT 0,7   [ RunTime:0.005004s ]
SQL: SHOW COLUMNS FROM tb_article_tag as at [ RunTime:0.001383s ]
ERR: 1064:You have an error in your SQL syntax; check the manual that corresponds to your MySQL server version for the right syntax to use near 'as at' at line 1
 [ SQL语句 ] : SHOW COLUMNS FROM tb_article_tag as at
SQL: SELECT * FROM tb_article_tag as at INNER JOIN tb_tag as t on at.tagid=t.id   [ RunTime:0.001931s ]
SQL: SHOW COLUMNS FROM `tb_article` [ RunTime:0.001786s ]
SQL: SELECT * FROM `tb_article` ORDER BY views desc  [ RunTime:0.010216s ]
SQL: SELECT * FROM `tb_article` ORDER BY articletime desc  [ RunTime:0.006158s ]
SQL: SHOW COLUMNS FROM `tb_friendlylink` [ RunTime:0.001954s ]
SQL: SELECT * FROM `tb_friendlylink`  [ RunTime:0.001661s ]
SQL: SHOW COLUMNS FROM `tb_tag` [ RunTime:0.001845s ]
SQL: SELECT * FROM `tb_tag`  [ RunTime:0.001503s ]
SQL: SELECT COUNT(distinct(ip)) AS tp_count FROM `tb_visitors` WHERE ( `ip` = 'ip' ) LIMIT 1   [ RunTime:0.001849s ]
NOTIC: [8] Undefined index: www.zxdphp.site /data/home/bxu2442410262/htdocs/Application/Home/Controller/IndexController.class.php 第 111 行.
INFO: [ view_parse ] --START--
INFO: [ template_filter ] --START--
INFO: Run Behavior\ContentReplaceBehavior [ RunTime:0.000054s ]
INFO: [ template_filter ] --END-- [ RunTime:0.000095s ]
NOTIC: [8] Undefined variable: data /data/home/bxu2442410262/htdocs/Application/Runtime/Cache/Home/2a94b8bda04ff446dcedd42276fc99ee.php 第 172 行.
NOTIC: [8] Undefined variable: data /data/home/bxu2442410262/htdocs/Application/Runtime/Cache/Home/2a94b8bda04ff446dcedd42276fc99ee.php 第 174 行.
INFO: Run Behavior\ParseTemplateBehavior [ RunTime:0.018227s ]
INFO: [ view_parse ] --END-- [ RunTime:0.018274s ]
INFO: [ view_filter ] --START--
INFO: Run Behavior\WriteHtmlCacheBehavior [ RunTime:0.000248s ]
INFO: [ view_filter ] --END-- [ RunTime:0.000286s ]
INFO: [ app_end ] --START--
INFO: Run Behavior\ShowPageTraceBehavior [ RunTime:0.000528s ]
INFO: [ app_end ] --END-- [ RunTime:0.000576s ]

