[ 2017-06-12T00:16:08+08:00 ] 113.87.181.117 /admin
INFO: [ app_init ] --START--
INFO: Run Behavior\BuildLiteBehavior [ RunTime:0.000016s ]
INFO: [ app_init ] --END-- [ RunTime:0.000470s ]
INFO: [ app_begin ] --START--
INFO: Run Behavior\ReadHtmlCacheBehavior [ RunTime:0.000573s ]
INFO: [ app_begin ] --END-- [ RunTime:0.000621s ]
INFO: [ view_parse ] --START--
INFO: [ template_filter ] --START--
INFO: Run Behavior\ContentReplaceBehavior [ RunTime:0.000036s ]
INFO: [ template_filter ] --END-- [ RunTime:0.000085s ]
INFO: Run Behavior\ParseTemplateBehavior [ RunTime:0.005517s ]
INFO: [ view_parse ] --END-- [ RunTime:0.005561s ]
INFO: [ view_filter ] --START--
INFO: Run Behavior\WriteHtmlCacheBehavior [ RunTime:0.000376s ]
INFO: [ view_filter ] --END-- [ RunTime:0.000409s ]
INFO: [ app_end ] --START--
INFO: Run Behavior\ShowPageTraceBehavior [ RunTime:0.000522s ]
INFO: [ app_end ] --END-- [ RunTime:0.000565s ]

[ 2017-06-12T00:16:14+08:00 ] 183.13.86.129 /Admin/Login/check
INFO: [ app_init ] --START--
INFO: Run Behavior\BuildLiteBehavior [ RunTime:0.000022s ]
INFO: [ app_init ] --END-- [ RunTime:0.000569s ]
INFO: [ app_begin ] --START--
INFO: Run Behavior\ReadHtmlCacheBehavior [ RunTime:0.000572s ]
INFO: [ app_begin ] --END-- [ RunTime:0.000622s ]
SQL: SHOW COLUMNS FROM `tb_admin` [ RunTime:0.002050s ]
SQL: SELECT * FROM `tb_admin` WHERE ( `username` = 'admin' ) AND ( `password` = 'd033e22ae348aeb5660fc2140aec35850c4da997' ) LIMIT 1   [ RunTime:0.001740s ]
INFO: [ view_parse ] --START--
INFO: [ template_filter ] --START--
INFO: Run Behavior\ContentReplaceBehavior [ RunTime:0.000028s ]
INFO: [ template_filter ] --END-- [ RunTime:0.000072s ]
INFO: Run Behavior\ParseTemplateBehavior [ RunTime:0.005801s ]
INFO: [ view_parse ] --END-- [ RunTime:0.005851s ]
INFO: [ view_filter ] --START--
INFO: Run Behavior\WriteHtmlCacheBehavior [ RunTime:0.000228s ]
INFO: [ view_filter ] --END-- [ RunTime:0.000260s ]
INFO: [ app_end ] --START--
INFO: Run Behavior\ShowPageTraceBehavior [ RunTime:0.000511s ]
INFO: [ app_end ] --END-- [ RunTime:0.000556s ]

[ 2017-06-12T00:16:15+08:00 ] 183.13.86.129 /Admin/Index/index.html
INFO: [ app_init ] --START--
INFO: Run Behavior\BuildLiteBehavior [ RunTime:0.000027s ]
INFO: [ app_init ] --END-- [ RunTime:0.000622s ]
INFO: [ app_begin ] --START--
INFO: Run Behavior\ReadHtmlCacheBehavior [ RunTime:0.000649s ]
INFO: [ app_begin ] --END-- [ RunTime:0.000697s ]
NOTIC: [2] mysql_get_server_info(): Can't connect to local MySQL server through socket '/tmp/mysql.sock' (2) /data/home/bxu2442410262/htdocs/Application/Admin/Controller/IndexController.class.php Á¨¨ 18 Ë°å.
NOTIC: [2] mysql_get_server_info(): A link to the server could not be established /data/home/bxu2442410262/htdocs/Application/Admin/Controller/IndexController.class.php Á¨¨ 18 Ë°å.
SQL: SHOW COLUMNS FROM `tb_friendlylink` [ RunTime:0.001961s ]
SQL: SELECT COUNT(*) AS tp_count FROM `tb_friendlylink` LIMIT 1   [ RunTime:0.001662s ]
SQL: SHOW COLUMNS FROM `tb_article` [ RunTime:0.001732s ]
SQL: SELECT COUNT(*) AS tp_count FROM `tb_article` LIMIT 1   [ RunTime:0.001982s ]
INFO: [ view_parse ] --START--
INFO: [ template_filter ] --START--
INFO: Run Behavior\ContentReplaceBehavior [ RunTime:0.000076s ]
INFO: [ template_filter ] --END-- [ RunTime:0.000119s ]
INFO: Run Behavior\ParseTemplateBehavior [ RunTime:0.012135s ]
INFO: [ view_parse ] --END-- [ RunTime:0.012305s ]
INFO: [ view_filter ] --START--
INFO: Run Behavior\WriteHtmlCacheBehavior [ RunTime:0.000228s ]
INFO: [ view_filter ] --END-- [ RunTime:0.000262s ]
INFO: [ app_end ] --START--
INFO: Run Behavior\ShowPageTraceBehavior [ RunTime:0.000620s ]
INFO: [ app_end ] --END-- [ RunTime:0.000661s ]

[ 2017-06-12T00:16:18+08:00 ] 101.226.89.122 /admin
INFO: [ app_init ] --START--
INFO: Run Behavior\BuildLiteBehavior [ RunTime:0.000016s ]
INFO: [ app_init ] --END-- [ RunTime:0.000378s ]
INFO: [ app_begin ] --START--
INFO: Run Behavior\ReadHtmlCacheBehavior [ RunTime:0.000662s ]
INFO: [ app_begin ] --END-- [ RunTime:0.000733s ]
INFO: [ view_parse ] --START--
INFO: [ template_filter ] --START--
INFO: Run Behavior\ContentReplaceBehavior [ RunTime:0.000038s ]
INFO: [ template_filter ] --END-- [ RunTime:0.000082s ]
INFO: Run Behavior\ParseTemplateBehavior [ RunTime:0.005395s ]
INFO: [ view_parse ] --END-- [ RunTime:0.005444s ]
INFO: [ view_filter ] --START--
INFO: Run Behavior\WriteHtmlCacheBehavior [ RunTime:0.000220s ]
INFO: [ view_filter ] --END-- [ RunTime:0.000251s ]
INFO: [ app_end ] --START--
INFO: Run Behavior\ShowPageTraceBehavior [ RunTime:0.000482s ]
INFO: [ app_end ] --END-- [ RunTime:0.000520s ]

[ 2017-06-12T00:16:21+08:00 ] 183.13.86.129 /Admin/Article/select.html
INFO: [ app_init ] --START--
INFO: Run Behavior\BuildLiteBehavior [ RunTime:0.000016s ]
INFO: [ app_init ] --END-- [ RunTime:0.000352s ]
INFO: [ app_begin ] --START--
INFO: Run Behavior\ReadHtmlCacheBehavior [ RunTime:0.000563s ]
INFO: [ app_begin ] --END-- [ RunTime:0.000608s ]
SQL: SHOW COLUMNS FROM `tb_article` [ RunTime:0.001895s ]
SQL: SELECT COUNT(*) AS tp_count FROM `tb_article` LIMIT 1   [ RunTime:0.001381s ]
SQL: SELECT * FROM `tb_article` ORDER BY articletime desc LIMIT 0,7   [ RunTime:0.006892s ]
INFO: [ view_parse ] --START--
INFO: [ template_filter ] --START--
INFO: Run Behavior\ContentReplaceBehavior [ RunTime:0.000091s ]
INFO: [ template_filter ] --END-- [ RunTime:0.000143s ]
INFO: Run Behavior\ParseTemplateBehavior [ RunTime:0.011247s ]
INFO: [ view_parse ] --END-- [ RunTime:0.011321s ]
INFO: [ view_filter ] --START--
INFO: Run Behavior\WriteHtmlCacheBehavior [ RunTime:0.000247s ]
INFO: [ view_filter ] --END-- [ RunTime:0.000282s ]
INFO: [ app_end ] --START--
INFO: Run Behavior\ShowPageTraceBehavior [ RunTime:0.000553s ]
INFO: [ app_end ] --END-- [ RunTime:0.000630s ]

[ 2017-06-12T00:16:24+08:00 ] 183.13.86.129 /Admin/Article/add
INFO: [ app_init ] --START--
INFO: Run Behavior\BuildLiteBehavior [ RunTime:0.000016s ]
INFO: [ app_init ] --END-- [ RunTime:0.000372s ]
INFO: [ app_begin ] --START--
INFO: Run Behavior\ReadHtmlCacheBehavior [ RunTime:0.000538s ]
INFO: [ app_begin ] --END-- [ RunTime:0.000584s ]
SQL: SHOW COLUMNS FROM `tb_tag` [ RunTime:0.001529s ]
SQL: SELECT * FROM `tb_tag`  [ RunTime:0.001314s ]
SQL: SHOW COLUMNS FROM `tb_img` [ RunTime:0.001404s ]
SQL: SELECT * FROM `tb_img`  [ RunTime:0.001319s ]
INFO: [ view_parse ] --START--
INFO: [ template_filter ] --START--
INFO: Run Behavior\ContentReplaceBehavior [ RunTime:0.000074s ]
INFO: [ template_filter ] --END-- [ RunTime:0.000115s ]
INFO: Run Behavior\ParseTemplateBehavior [ RunTime:0.013207s ]
INFO: [ view_parse ] --END-- [ RunTime:0.013250s ]
INFO: [ view_filter ] --START--
INFO: Run Behavior\WriteHtmlCacheBehavior [ RunTime:0.000225s ]
INFO: [ view_filter ] --END-- [ RunTime:0.000259s ]
INFO: [ app_end ] --START--
INFO: Run Behavior\ShowPageTraceBehavior [ RunTime:0.000479s ]
INFO: [ app_end ] --END-- [ RunTime:0.000519s ]

[ 2017-06-12T00:16:31+08:00 ] 180.163.1.46 /Admin/Article/select.html
INFO: [ app_init ] --START--
INFO: Run Behavior\BuildLiteBehavior [ RunTime:0.000016s ]
INFO: [ app_init ] --END-- [ RunTime:0.000378s ]
INFO: [ app_begin ] --START--
INFO: Run Behavior\ReadHtmlCacheBehavior [ RunTime:0.000636s ]
INFO: [ app_begin ] --END-- [ RunTime:0.000681s ]
SQL: SHOW COLUMNS FROM `tb_article` [ RunTime:0.001568s ]
SQL: SELECT COUNT(*) AS tp_count FROM `tb_article` LIMIT 1   [ RunTime:0.001171s ]
SQL: SELECT * FROM `tb_article` ORDER BY articletime desc LIMIT 0,7   [ RunTime:0.005206s ]
INFO: [ view_parse ] --START--
INFO: [ template_filter ] --START--
INFO: Run Behavior\ContentReplaceBehavior [ RunTime:0.000054s ]
INFO: [ template_filter ] --END-- [ RunTime:0.000103s ]
INFO: Run Behavior\ParseTemplateBehavior [ RunTime:0.011354s ]
INFO: [ view_parse ] --END-- [ RunTime:0.011423s ]
INFO: [ view_filter ] --START--
INFO: Run Behavior\WriteHtmlCacheBehavior [ RunTime:0.000247s ]
INFO: [ view_filter ] --END-- [ RunTime:0.000281s ]
INFO: [ app_end ] --START--
INFO: Run Behavior\ShowPageTraceBehavior [ RunTime:0.000510s ]
INFO: [ app_end ] --END-- [ RunTime:0.000554s ]

[ 2017-06-12T00:25:03+08:00 ] 183.14.173.169 /Admin/Article/add
INFO: [ app_init ] --START--
INFO: Run Behavior\BuildLiteBehavior [ RunTime:0.000015s ]
INFO: [ app_init ] --END-- [ RunTime:0.000371s ]
INFO: [ app_begin ] --START--
INFO: Run Behavior\ReadHtmlCacheBehavior [ RunTime:0.000591s ]
INFO: [ app_begin ] --END-- [ RunTime:0.000637s ]
SQL: SHOW COLUMNS FROM `tb_article` [ RunTime:0.002093s ]
SQL: INSERT INTO `tb_article` (`articletitle`,`description`,`ispublic`,`articletime`,`articlecontent`,`titlepic`) VALUES ('Windows‰∏≠ÂÆâË£ÖPHP ApcuÊâ©Â±ï','Windows‰∏≠ÂÆâË£ÖPHP ApcuÊâ©Â±ï','0','2017-06-12 00:25:03','&lt;p&gt;Á¨¨‰∏ÄÔº\ö&lt;/p&gt;&lt;p&gt;&amp;nbsp;&amp;nbsp;&amp;nbsp;&amp;nbsp;&amp;nbsp;&amp;nbsp;&amp;nbsp;&amp;nbsp; ‰∏ãËΩΩApcuÊâ©Â±ïÊñá‰ª∂&lt;/p&gt;&lt;p&gt;&amp;nbsp;&amp;nbsp;&amp;nbsp;&amp;nbsp;&amp;nbsp;&amp;nbsp;&amp;nbsp;&amp;nbsp;&amp;nbsp; &lt;a href=&quot;http://windows.php.net/downloads/pecl/releases/apcu/&quot; _src=&quot;http://windows.php.net/downloads/pecl/releases/apcu/&quot;&gt;http://windows.php.net/downloads/pecl/releases/apcu/&lt;/a&gt;&lt;br/&gt;&lt;/p&gt;&lt;p&gt;&amp;nbsp;&amp;nbsp;&amp;nbsp;&amp;nbsp;&amp;nbsp;&amp;nbsp;&amp;nbsp;&amp;nbsp;&amp;nbsp; ‰æãÂ¶Ç‰∏ãËΩΩÁöÑÊñá‰ª∂‰∏∫Ôºöphp_apcu-4.0.4-5.5-ts-vc11-x86.zip&lt;/p&gt;&lt;p&gt;&amp;nbsp;&amp;nbsp;&amp;nbsp;&amp;nbsp;&amp;nbsp;&amp;nbsp;&amp;nbsp;&amp;nbsp;&amp;nbsp; Ê≥®ÊÑèÊñá‰ª∂Âêç‰∏≠Áö\Ñ5.5Â∫îËØ•ÊòØÊîØÊåÅÁöÑphpÁâàÊú¨ÔºåÊ≥®ÊÑè‰Ω†ÂΩìÂâçÁöÑphpÊòØÂá†ÁâàÊú¨ÔºåÂ∞±‰∏ãËΩΩÂØπÂ∫îÁöÑÁâàÊú\¨&lt;/p&gt;&lt;p&gt;&amp;nbsp;&amp;nbsp;&amp;nbsp;&amp;nbsp;&amp;nbsp;&amp;nbsp;&amp;nbsp;&amp;nbsp;&amp;nbsp; ËøòÊúâÂ¶ÇÊûúWampServerÊò\Ø32‰ΩçÔºåÊâ©Â±ï‰πüÊòØ‰∏ãËΩΩ32‰ΩçÁöÑÔºåÂ∞ΩÈáèË∑üÂΩìÂâçÁéØÂ¢ÉÂåπÈÖç„Ä\Ç&lt;br/&gt; &lt;/p&gt;&lt;p&gt;Á¨¨‰∫åÔº\ö&lt;/p&gt;&lt;p&gt;&amp;nbsp;&amp;nbsp;&amp;nbsp;&amp;nbsp;&amp;nbsp;&amp;nbsp;&amp;nbsp; ÊâìÂºÄphp.iniÈÖçÁΩÆÊñá‰ª∂&lt;/p&gt;&lt;p&gt;&amp;nbsp;&amp;nbsp;&amp;nbsp;&amp;nbsp;&amp;nbsp;&amp;nbsp;&amp;nbsp; Âú®ÂéªÊéâÔºõÂè∑ÁöÑextension=php_mysqli.dllÂêéÈù¢Âä†‰∏ä&lt;/p&gt;&lt;p&gt;&amp;nbsp;&amp;nbsp;&amp;nbsp;&amp;nbsp;&amp;nbsp;&amp;nbsp;&amp;nbsp; [APCu]&lt;br/&gt;&amp;nbsp;&amp;nbsp;&amp;nbsp;&amp;nbsp;&amp;nbsp;&amp;nbsp;&amp;nbsp; extension=php_apcu.dll&lt;br/&gt;&amp;nbsp;&amp;nbsp;&amp;nbsp;&amp;nbsp;&amp;nbsp;&amp;nbsp;&amp;nbsp; apc.enabled=1&lt;br/&gt;&amp;nbsp;&amp;nbsp;&amp;nbsp;&amp;nbsp;&amp;nbsp;&amp;nbsp;&amp;nbsp; apc.shm_size=32M&lt;br/&gt;&amp;nbsp;&amp;nbsp;&amp;nbsp;&amp;nbsp;&amp;nbsp;&amp;nbsp;&amp;nbsp; apc.ttl=7200&lt;br/&gt;&amp;nbsp;&amp;nbsp;&amp;nbsp;&amp;nbsp;&amp;nbsp;&amp;nbsp;&amp;nbsp; apc.enable_cli=1&lt;br/&gt;&amp;nbsp;&amp;nbsp;&amp;nbsp;&amp;nbsp;&amp;nbsp;&amp;nbsp;&amp;nbsp; apc.serializer=php&lt;/p&gt;&lt;p&gt;&amp;nbsp;&amp;nbsp;&amp;nbsp;&amp;nbsp;&amp;nbsp;&amp;nbsp;&amp;nbsp; &lt;br/&gt;‰øùÂ≠òÔºåÈáçÂêØWampServer&lt;/p&gt;','2017-05-01/149357583259062898e4f8b.png') [ RunTime:0.004726s ]
SQL: SHOW COLUMNS FROM `tb_article_tag` [ RunTime:0.001717s ]
SQL: INSERT INTO `tb_article_tag` (`articleid`,`tagid`) VALUES (35,3) [ RunTime:0.008224s ]
INFO: [ view_parse ] --START--
INFO: [ template_filter ] --START--
INFO: Run Behavior\ContentReplaceBehavior [ RunTime:0.000029s ]
INFO: [ template_filter ] --END-- [ RunTime:0.000078s ]
INFO: Run Behavior\ParseTemplateBehavior [ RunTime:0.005688s ]
INFO: [ view_parse ] --END-- [ RunTime:0.005768s ]
INFO: [ view_filter ] --START--
INFO: Run Behavior\WriteHtmlCacheBehavior [ RunTime:0.000261s ]
INFO: [ view_filter ] --END-- [ RunTime:0.000296s ]
INFO: [ app_end ] --START--
INFO: Run Behavior\ShowPageTraceBehavior [ RunTime:0.000558s ]
INFO: [ app_end ] --END-- [ RunTime:0.000602s ]

[ 2017-06-12T00:25:05+08:00 ] 183.14.173.169 /Admin/Article/select.html
INFO: [ app_init ] --START--
INFO: Run Behavior\BuildLiteBehavior [ RunTime:0.000015s ]
INFO: [ app_init ] --END-- [ RunTime:0.000413s ]
INFO: [ app_begin ] --START--
INFO: Run Behavior\ReadHtmlCacheBehavior [ RunTime:0.000655s ]
INFO: [ app_begin ] --END-- [ RunTime:0.000704s ]
SQL: SHOW COLUMNS FROM `tb_article` [ RunTime:0.001457s ]
SQL: SELECT COUNT(*) AS tp_count FROM `tb_article` LIMIT 1   [ RunTime:0.001541s ]
SQL: SELECT * FROM `tb_article` ORDER BY articletime desc LIMIT 0,7   [ RunTime:0.005678s ]
INFO: [ view_parse ] --START--
INFO: [ template_filter ] --START--
INFO: Run Behavior\ContentReplaceBehavior [ RunTime:0.000052s ]
INFO: [ template_filter ] --END-- [ RunTime:0.000092s ]
INFO: Run Behavior\ParseTemplateBehavior [ RunTime:0.011498s ]
INFO: [ view_parse ] --END-- [ RunTime:0.011565s ]
INFO: [ view_filter ] --START--
INFO: Run Behavior\WriteHtmlCacheBehavior [ RunTime:0.000230s ]
INFO: [ view_filter ] --END-- [ RunTime:0.000264s ]
INFO: [ app_end ] --START--
INFO: Run Behavior\ShowPageTraceBehavior [ RunTime:0.000542s ]
INFO: [ app_end ] --END-- [ RunTime:0.000585s ]

[ 2017-06-12T03:00:37+08:00 ] 220.181.51.92 /
INFO: [ app_init ] --START--
INFO: Run Behavior\BuildLiteBehavior [ RunTime:0.000015s ]
INFO: [ app_init ] --END-- [ RunTime:0.000354s ]
INFO: [ app_begin ] --START--
INFO: Run Behavior\ReadHtmlCacheBehavior [ RunTime:0.000465s ]
INFO: [ app_begin ] --END-- [ RunTime:0.000524s ]
SQL: SHOW COLUMNS FROM `tb_article` [ RunTime:0.001994s ]
SQL: SHOW COLUMNS FROM `tb_visitors` [ RunTime:0.001838s ]
SQL: INSERT INTO `tb_visitors` (`ip`,`ipdate`,`address`) VALUES ('220.181.51.92','2017-06-12 03:00:37','‰∏≠ÂõΩÂåó‰∫¨Â∏ÇÂåó‰∫¨Â∏Ç') [ RunTime:0.005167s ]
SQL: SELECT COUNT(*) AS tp_count FROM `tb_article` LIMIT 1   [ RunTime:0.002133s ]
SQL: SELECT * FROM `tb_article` WHERE ( `ispublic` = '0' ) ORDER BY articletime desc LIMIT 0,7   [ RunTime:0.006826s ]
SQL: SHOW COLUMNS FROM tb_article_tag as at [ RunTime:0.001345s ]
ERR: 1064:You have an error in your SQL syntax; check the manual that corresponds to your MySQL server version for the right syntax to use near 'as at' at line 1
 [ SQLËØ≠Âè• ] : SHOW COLUMNS FROM tb_article_tag as at
SQL: SELECT * FROM tb_article_tag as at INNER JOIN tb_tag as t on at.tagid=t.id   [ RunTime:0.002071s ]
SQL: SHOW COLUMNS FROM `tb_article` [ RunTime:0.001696s ]
SQL: SELECT * FROM `tb_article` ORDER BY views desc  [ RunTime:0.009441s ]
SQL: SELECT * FROM `tb_article` ORDER BY articletime desc  [ RunTime:0.006075s ]
SQL: SHOW COLUMNS FROM `tb_friendlylink` [ RunTime:0.001715s ]
SQL: SELECT * FROM `tb_friendlylink`  [ RunTime:0.001570s ]
SQL: SHOW COLUMNS FROM `tb_tag` [ RunTime:0.001582s ]
SQL: SELECT * FROM `tb_tag`  [ RunTime:0.001420s ]
SQL: SELECT COUNT(distinct(ip)) AS tp_count FROM `tb_visitors` WHERE ( `ip` = 'ip' ) LIMIT 1   [ RunTime:0.001730s ]
NOTIC: [8] Undefined index: www.zxdphp.site /data/home/bxu2442410262/htdocs/Application/Home/Controller/IndexController.class.php Á¨¨ 111 Ë°å.
INFO: [ view_parse ] --START--
INFO: [ template_filter ] --START--
INFO: Run Behavior\ContentReplaceBehavior [ RunTime:0.000209s ]
INFO: [ template_filter ] --END-- [ RunTime:0.000271s ]
NOTIC: [8] Undefined variable: data /data/home/bxu2442410262/htdocs/Application/Runtime/Cache/Home/2a94b8bda04ff446dcedd42276fc99ee.php Á¨¨ 169 Ë°å.
NOTIC: [8] Undefined variable: data /data/home/bxu2442410262/htdocs/Application/Runtime/Cache/Home/2a94b8bda04ff446dcedd42276fc99ee.php Á¨¨ 171 Ë°å.
INFO: Run Behavior\ParseTemplateBehavior [ RunTime:0.018616s ]
INFO: [ view_parse ] --END-- [ RunTime:0.018680s ]
INFO: [ view_filter ] --START--
INFO: Run Behavior\WriteHtmlCacheBehavior [ RunTime:0.000265s ]
INFO: [ view_filter ] --END-- [ RunTime:0.000302s ]
INFO: [ app_end ] --START--
INFO: Run Behavior\ShowPageTraceBehavior [ RunTime:0.000628s ]
INFO: [ app_end ] --END-- [ RunTime:0.000690s ]

[ 2017-06-12T08:39:03+08:00 ] 34.207.224.14 /
INFO: [ app_init ] --START--
INFO: Run Behavior\BuildLiteBehavior [ RunTime:0.000018s ]
INFO: [ app_init ] --END-- [ RunTime:0.000389s ]
INFO: [ app_begin ] --START--
INFO: Run Behavior\ReadHtmlCacheBehavior [ RunTime:0.000449s ]
INFO: [ app_begin ] --END-- [ RunTime:0.000496s ]
SQL: SHOW COLUMNS FROM `tb_article` [ RunTime:0.001679s ]
SQL: SHOW COLUMNS FROM `tb_visitors` [ RunTime:0.001694s ]
SQL: INSERT INTO `tb_visitors` (`ip`,`ipdate`,`address`) VALUES ('34.207.224.14','2017-06-12 08:39:03','ÁæéÂõΩ') [ RunTime:0.003983s ]
SQL: SELECT COUNT(*) AS tp_count FROM `tb_article` LIMIT 1   [ RunTime:0.001845s ]
SQL: SELECT * FROM `tb_article` WHERE ( `ispublic` = '0' ) ORDER BY articletime desc LIMIT 0,7   [ RunTime:0.005369s ]
SQL: SHOW COLUMNS FROM tb_article_tag as at [ RunTime:0.001154s ]
ERR: 1064:You have an error in your SQL syntax; check the manual that corresponds to your MySQL server version for the right syntax to use near 'as at' at line 1
 [ SQLËØ≠Âè• ] : SHOW COLUMNS FROM tb_article_tag as at
SQL: SELECT * FROM tb_article_tag as at INNER JOIN tb_tag as t on at.tagid=t.id   [ RunTime:0.001703s ]
SQL: SHOW COLUMNS FROM `tb_article` [ RunTime:0.001514s ]
SQL: SELECT * FROM `tb_article` ORDER BY views desc  [ RunTime:0.008968s ]
SQL: SELECT * FROM `tb_article` ORDER BY articletime desc  [ RunTime:0.005997s ]
SQL: SHOW COLUMNS FROM `tb_friendlylink` [ RunTime:0.001560s ]
SQL: SELECT * FROM `tb_friendlylink`  [ RunTime:0.001353s ]
SQL: SHOW COLUMNS FROM `tb_tag` [ RunTime:0.001430s ]
SQL: SELECT * FROM `tb_tag`  [ RunTime:0.001225s ]
SQL: SELECT COUNT(distinct(ip)) AS tp_count FROM `tb_visitors` WHERE ( `ip` = 'ip' ) LIMIT 1   [ RunTime:0.001598s ]
NOTIC: [8] Undefined index: www.zxdphp.site /data/home/bxu2442410262/htdocs/Application/Home/Controller/IndexController.class.php Á¨¨ 111 Ë°å.
INFO: [ view_parse ] --START--
INFO: [ template_filter ] --START--
INFO: Run Behavior\ContentReplaceBehavior [ RunTime:0.000075s ]
INFO: [ template_filter ] --END-- [ RunTime:0.000115s ]
NOTIC: [8] Undefined variable: data /data/home/bxu2442410262/htdocs/Application/Runtime/Cache/Home/2a94b8bda04ff446dcedd42276fc99ee.php Á¨¨ 169 Ë°å.
NOTIC: [8] Undefined variable: data /data/home/bxu2442410262/htdocs/Application/Runtime/Cache/Home/2a94b8bda04ff446dcedd42276fc99ee.php Á¨¨ 171 Ë°å.
INFO: Run Behavior\ParseTemplateBehavior [ RunTime:0.017548s ]
INFO: [ view_parse ] --END-- [ RunTime:0.017603s ]
INFO: [ view_filter ] --START--
INFO: Run Behavior\WriteHtmlCacheBehavior [ RunTime:0.000238s ]
INFO: [ view_filter ] --END-- [ RunTime:0.000274s ]
INFO: [ app_end ] --START--
INFO: Run Behavior\ShowPageTraceBehavior [ RunTime:0.000533s ]
INFO: [ app_end ] --END-- [ RunTime:0.000573s ]

[ 2017-06-12T09:15:15+08:00 ] 183.14.30.189 /
INFO: [ app_init ] --START--
INFO: Run Behavior\BuildLiteBehavior [ RunTime:0.000015s ]
INFO: [ app_init ] --END-- [ RunTime:0.000378s ]
INFO: [ app_begin ] --START--
INFO: Run Behavior\ReadHtmlCacheBehavior [ RunTime:0.000551s ]
INFO: [ app_begin ] --END-- [ RunTime:0.000600s ]
SQL: SHOW COLUMNS FROM `tb_article` [ RunTime:0.003236s ]
SQL: SHOW COLUMNS FROM `tb_visitors` [ RunTime:0.001832s ]
SQL: INSERT INTO `tb_visitors` (`ip`,`ipdate`,`address`) VALUES ('183.14.30.189','2017-06-12 09:15:15','‰∏≠ÂõΩÂπø‰∏úÁúÅÊ∑±Âú≥Â∏Ç') [ RunTime:0.003674s ]
SQL: SELECT COUNT(*) AS tp_count FROM `tb_article` LIMIT 1   [ RunTime:0.001735s ]
SQL: SELECT * FROM `tb_article` WHERE ( `ispublic` = '0' ) ORDER BY articletime desc LIMIT 0,7   [ RunTime:0.006138s ]
SQL: SHOW COLUMNS FROM tb_article_tag as at [ RunTime:0.001160s ]
ERR: 1064:You have an error in your SQL syntax; check the manual that corresponds to your MySQL server version for the right syntax to use near 'as at' at line 1
 [ SQLËØ≠Âè• ] : SHOW COLUMNS FROM tb_article_tag as at
SQL: SELECT * FROM tb_article_tag as at INNER JOIN tb_tag as t on at.tagid=t.id   [ RunTime:0.001733s ]
SQL: SHOW COLUMNS FROM `tb_article` [ RunTime:0.001480s ]
SQL: SELECT * FROM `tb_article` ORDER BY views desc  [ RunTime:0.009542s ]
SQL: SELECT * FROM `tb_article` ORDER BY articletime desc  [ RunTime:0.005597s ]
SQL: SHOW COLUMNS FROM `tb_friendlylink` [ RunTime:0.001548s ]
SQL: SELECT * FROM `tb_friendlylink`  [ RunTime:0.001387s ]
SQL: SHOW COLUMNS FROM `tb_tag` [ RunTime:0.001503s ]
SQL: SELECT * FROM `tb_tag`  [ RunTime:0.001270s ]
SQL: SELECT COUNT(distinct(ip)) AS tp_count FROM `tb_visitors` WHERE ( `ip` = 'ip' ) LIMIT 1   [ RunTime:0.001565s ]
NOTIC: [8] Undefined index: www.zxdphp.site /data/home/bxu2442410262/htdocs/Application/Home/Controller/IndexController.class.php Á¨¨ 111 Ë°å.
INFO: [ view_parse ] --START--
INFO: [ template_filter ] --START--
INFO: Run Behavior\ContentReplaceBehavior [ RunTime:0.000055s ]
INFO: [ template_filter ] --END-- [ RunTime:0.000094s ]
NOTIC: [8] Undefined variable: data /data/home/bxu2442410262/htdocs/Application/Runtime/Cache/Home/2a94b8bda04ff446dcedd42276fc99ee.php Á¨¨ 169 Ë°å.
NOTIC: [8] Undefined variable: data /data/home/bxu2442410262/htdocs/Application/Runtime/Cache/Home/2a94b8bda04ff446dcedd42276fc99ee.php Á¨¨ 171 Ë°å.
INFO: Run Behavior\ParseTemplateBehavior [ RunTime:0.017513s ]
INFO: [ view_parse ] --END-- [ RunTime:0.017563s ]
INFO: [ view_filter ] --START--
INFO: Run Behavior\WriteHtmlCacheBehavior [ RunTime:0.000257s ]
INFO: [ view_filter ] --END-- [ RunTime:0.000294s ]
INFO: [ app_end ] --START--
INFO: Run Behavior\ShowPageTraceBehavior [ RunTime:0.000513s ]
INFO: [ app_end ] --END-- [ RunTime:0.000560s ]

[ 2017-06-12T09:15:20+08:00 ] 183.14.30.189 /Home/NewList/newdetail/id/34.html
INFO: [ app_init ] --START--
INFO: Run Behavior\BuildLiteBehavior [ RunTime:0.000017s ]
INFO: [ app_init ] --END-- [ RunTime:0.000403s ]
INFO: [ app_begin ] --START--
INFO: Run Behavior\ReadHtmlCacheBehavior [ RunTime:0.000447s ]
INFO: [ app_begin ] --END-- [ RunTime:0.000494s ]
SQL: SHOW COLUMNS FROM `tb_article` [ RunTime:0.001884s ]
SQL: UPDATE `tb_article` SET `views`=views+1 WHERE ( `id` = 34 ) [ RunTime:0.005020s ]
SQL: SELECT * FROM `tb_article` WHERE ( `id` = 34 ) LIMIT 1   [ RunTime:0.001559s ]
SQL: SELECT * FROM `tb_article` WHERE ( id<34 ) ORDER BY id DESC LIMIT 1   [ RunTime:0.001685s ]
SQL: SELECT * FROM `tb_article` WHERE ( id>34 ) ORDER BY id ASC LIMIT 1   [ RunTime:0.001452s ]
INFO: [ view_parse ] --START--
INFO: [ template_filter ] --START--
INFO: Run Behavior\ContentReplaceBehavior [ RunTime:0.000063s ]
INFO: [ template_filter ] --END-- [ RunTime:0.000112s ]
INFO: Run Behavior\ParseTemplateBehavior [ RunTime:0.009853s ]
INFO: [ view_parse ] --END-- [ RunTime:0.009901s ]
INFO: [ view_filter ] --START--
INFO: Run Behavior\WriteHtmlCacheBehavior [ RunTime:0.000237s ]
INFO: [ view_filter ] --END-- [ RunTime:0.000269s ]
INFO: [ app_end ] --START--
INFO: Run Behavior\ShowPageTraceBehavior [ RunTime:0.000662s ]
INFO: [ app_end ] --END-- [ RunTime:0.000712s ]

[ 2017-06-12T09:15:21+08:00 ] 183.14.30.189 /
INFO: [ app_init ] --START--
INFO: Run Behavior\BuildLiteBehavior [ RunTime:0.000016s ]
INFO: [ app_init ] --END-- [ RunTime:0.000359s ]
INFO: [ app_begin ] --START--
INFO: Run Behavior\ReadHtmlCacheBehavior [ RunTime:0.000457s ]
INFO: [ app_begin ] --END-- [ RunTime:0.000503s ]
SQL: SHOW COLUMNS FROM `tb_article` [ RunTime:0.001980s ]
SQL: SHOW COLUMNS FROM `tb_visitors` [ RunTime:0.001782s ]
SQL: INSERT INTO `tb_visitors` (`ip`,`ipdate`,`address`) VALUES ('183.14.30.189','2017-06-12 09:15:21','‰∏≠ÂõΩÂπø‰∏úÁúÅÊ∑±Âú≥Â∏Ç') [ RunTime:0.017036s ]
SQL: SELECT COUNT(*) AS tp_count FROM `tb_article` LIMIT 1   [ RunTime:0.001540s ]
SQL: SELECT * FROM `tb_article` WHERE ( `ispublic` = '0' ) ORDER BY articletime desc LIMIT 0,7   [ RunTime:0.006618s ]
SQL: SHOW COLUMNS FROM tb_article_tag as at [ RunTime:0.001395s ]
ERR: 1064:You have an error in your SQL syntax; check the manual that corresponds to your MySQL server version for the right syntax to use near 'as at' at line 1
 [ SQLËØ≠Âè• ] : SHOW COLUMNS FROM tb_article_tag as at
SQL: SELECT * FROM tb_article_tag as at INNER JOIN tb_tag as t on at.tagid=t.id   [ RunTime:0.001403s ]
SQL: SHOW COLUMNS FROM `tb_article` [ RunTime:0.001819s ]
SQL: SELECT * FROM `tb_article` ORDER BY views desc  [ RunTime:0.010438s ]
SQL: SELECT * FROM `tb_article` ORDER BY articletime desc  [ RunTime:0.006066s ]
SQL: SHOW COLUMNS FROM `tb_friendlylink` [ RunTime:0.001642s ]
SQL: SELECT * FROM `tb_friendlylink`  [ RunTime:0.001399s ]
SQL: SHOW COLUMNS FROM `tb_tag` [ RunTime:0.001555s ]
SQL: SELECT * FROM `tb_tag`  [ RunTime:0.001354s ]
SQL: SELECT COUNT(distinct(ip)) AS tp_count FROM `tb_visitors` WHERE ( `ip` = 'ip' ) LIMIT 1   [ RunTime:0.001604s ]
INFO: [ view_parse ] --START--
INFO: [ template_filter ] --START--
INFO: Run Behavior\ContentReplaceBehavior [ RunTime:0.000066s ]
INFO: [ template_filter ] --END-- [ RunTime:0.000108s ]
NOTIC: [8] Undefined variable: data /data/home/bxu2442410262/htdocs/Application/Runtime/Cache/Home/2a94b8bda04ff446dcedd42276fc99ee.php Á¨¨ 169 Ë°å.
NOTIC: [8] Undefined variable: data /data/home/bxu2442410262/htdocs/Application/Runtime/Cache/Home/2a94b8bda04ff446dcedd42276fc99ee.php Á¨¨ 171 Ë°å.
INFO: Run Behavior\ParseTemplateBehavior [ RunTime:0.017775s ]
INFO: [ view_parse ] --END-- [ RunTime:0.017824s ]
INFO: [ view_filter ] --START--
INFO: Run Behavior\WriteHtmlCacheBehavior [ RunTime:0.000244s ]
INFO: [ view_filter ] --END-- [ RunTime:0.000278s ]
INFO: [ app_end ] --START--
INFO: Run Behavior\ShowPageTraceBehavior [ RunTime:0.000580s ]
INFO: [ app_end ] --END-- [ RunTime:0.000628s ]

[ 2017-06-12T09:15:30+08:00 ] 101.226.66.180 /Home/NewList/newdetail/id/34.html
INFO: [ app_init ] --START--
INFO: Run Behavior\BuildLiteBehavior [ RunTime:0.000016s ]
INFO: [ app_init ] --END-- [ RunTime:0.000410s ]
INFO: [ app_begin ] --START--
INFO: Run Behavior\ReadHtmlCacheBehavior [ RunTime:0.000445s ]
INFO: [ app_begin ] --END-- [ RunTime:0.000493s ]
SQL: SHOW COLUMNS FROM `tb_article` [ RunTime:0.001640s ]
SQL: UPDATE `tb_article` SET `views`=views+1 WHERE ( `id` = 34 ) [ RunTime:0.004245s ]
SQL: SELECT * FROM `tb_article` WHERE ( `id` = 34 ) LIMIT 1   [ RunTime:0.001475s ]
SQL: SELECT * FROM `tb_article` WHERE ( id<34 ) ORDER BY id DESC LIMIT 1   [ RunTime:0.001384s ]
SQL: SELECT * FROM `tb_article` WHERE ( id>34 ) ORDER BY id ASC LIMIT 1   [ RunTime:0.001266s ]
INFO: [ view_parse ] --START--
INFO: [ template_filter ] --START--
INFO: Run Behavior\ContentReplaceBehavior [ RunTime:0.000063s ]
INFO: [ template_filter ] --END-- [ RunTime:0.000107s ]
INFO: Run Behavior\ParseTemplateBehavior [ RunTime:0.010417s ]
INFO: [ view_parse ] --END-- [ RunTime:0.010468s ]
INFO: [ view_filter ] --START--
INFO: Run Behavior\WriteHtmlCacheBehavior [ RunTime:0.000230s ]
INFO: [ view_filter ] --END-- [ RunTime:0.000263s ]
INFO: [ app_end ] --START--
INFO: Run Behavior\ShowPageTraceBehavior [ RunTime:0.000654s ]
INFO: [ app_end ] --END-- [ RunTime:0.000704s ]

[ 2017-06-12T09:15:42+08:00 ] 101.226.66.192 /
INFO: [ app_init ] --START--
INFO: Run Behavior\BuildLiteBehavior [ RunTime:0.000017s ]
INFO: [ app_init ] --END-- [ RunTime:0.000386s ]
INFO: [ app_begin ] --START--
INFO: Run Behavior\ReadHtmlCacheBehavior [ RunTime:0.000435s ]
INFO: [ app_begin ] --END-- [ RunTime:0.000481s ]
SQL: SHOW COLUMNS FROM `tb_article` [ RunTime:0.001607s ]
SQL: SHOW COLUMNS FROM `tb_visitors` [ RunTime:0.001887s ]
SQL: INSERT INTO `tb_visitors` (`ip`,`ipdate`,`address`) VALUES ('101.226.66.192','2017-06-12 09:15:42','‰∏≠ÂõΩ‰∏äÊµ∑Â∏Ç‰∏äÊµ∑Â∏Ç') [ RunTime:0.003610s ]
SQL: SELECT COUNT(*) AS tp_count FROM `tb_article` LIMIT 1   [ RunTime:0.001620s ]
SQL: SELECT * FROM `tb_article` WHERE ( `ispublic` = '0' ) ORDER BY articletime desc LIMIT 0,7   [ RunTime:0.005546s ]
SQL: SHOW COLUMNS FROM tb_article_tag as at [ RunTime:0.001059s ]
ERR: 1064:You have an error in your SQL syntax; check the manual that corresponds to your MySQL server version for the right syntax to use near 'as at' at line 1
 [ SQLËØ≠Âè• ] : SHOW COLUMNS FROM tb_article_tag as at
SQL: SELECT * FROM tb_article_tag as at INNER JOIN tb_tag as t on at.tagid=t.id   [ RunTime:0.001046s ]
SQL: SHOW COLUMNS FROM `tb_article` [ RunTime:0.001397s ]
SQL: SELECT * FROM `tb_article` ORDER BY views desc  [ RunTime:0.008587s ]
SQL: SELECT * FROM `tb_article` ORDER BY articletime desc  [ RunTime:0.005258s ]
SQL: SHOW COLUMNS FROM `tb_friendlylink` [ RunTime:0.001373s ]
SQL: SELECT * FROM `tb_friendlylink`  [ RunTime:0.001101s ]
SQL: SHOW COLUMNS FROM `tb_tag` [ RunTime:0.001351s ]
SQL: SELECT * FROM `tb_tag`  [ RunTime:0.001049s ]
SQL: SELECT COUNT(distinct(ip)) AS tp_count FROM `tb_visitors` WHERE ( `ip` = 'ip' ) LIMIT 1   [ RunTime:0.001450s ]
NOTIC: [8] Undefined index: www.zxdphp.site /data/home/bxu2442410262/htdocs/Application/Home/Controller/IndexController.class.php Á¨¨ 111 Ë°å.
INFO: [ view_parse ] --START--
INFO: [ template_filter ] --START--
INFO: Run Behavior\ContentReplaceBehavior [ RunTime:0.000064s ]
INFO: [ template_filter ] --END-- [ RunTime:0.000124s ]
NOTIC: [8] Undefined variable: data /data/home/bxu2442410262/htdocs/Application/Runtime/Cache/Home/2a94b8bda04ff446dcedd42276fc99ee.php Á¨¨ 169 Ë°å.
NOTIC: [8] Undefined variable: data /data/home/bxu2442410262/htdocs/Application/Runtime/Cache/Home/2a94b8bda04ff446dcedd42276fc99ee.php Á¨¨ 171 Ë°å.
INFO: Run Behavior\ParseTemplateBehavior [ RunTime:0.018314s ]
INFO: [ view_parse ] --END-- [ RunTime:0.018364s ]
INFO: [ view_filter ] --START--
INFO: Run Behavior\WriteHtmlCacheBehavior [ RunTime:0.000278s ]
INFO: [ view_filter ] --END-- [ RunTime:0.000314s ]
INFO: [ app_end ] --START--
INFO: Run Behavior\ShowPageTraceBehavior [ RunTime:0.000689s ]
INFO: [ app_end ] --END-- [ RunTime:0.000752s ]

[ 2017-06-12T09:19:33+08:00 ] 101.226.66.187 /
INFO: [ app_init ] --START--
INFO: Run Behavior\BuildLiteBehavior [ RunTime:0.000017s ]
INFO: [ app_init ] --END-- [ RunTime:0.000377s ]
INFO: [ app_begin ] --START--
INFO: Run Behavior\ReadHtmlCacheBehavior [ RunTime:0.000497s ]
INFO: [ app_begin ] --END-- [ RunTime:0.000547s ]
SQL: SHOW COLUMNS FROM `tb_article` [ RunTime:0.001734s ]
SQL: SHOW COLUMNS FROM `tb_visitors` [ RunTime:0.001587s ]
SQL: INSERT INTO `tb_visitors` (`ip`,`ipdate`,`address`) VALUES ('101.226.66.187','2017-06-12 09:19:33','‰∏≠ÂõΩ‰∏äÊµ∑Â∏Ç‰∏äÊµ∑Â∏Ç') [ RunTime:0.004854s ]
SQL: SELECT COUNT(*) AS tp_count FROM `tb_article` LIMIT 1   [ RunTime:0.001092s ]
SQL: SELECT * FROM `tb_article` WHERE ( `ispublic` = '0' ) ORDER BY articletime desc LIMIT 0,7   [ RunTime:0.005077s ]
SQL: SHOW COLUMNS FROM tb_article_tag as at [ RunTime:0.001109s ]
ERR: 1064:You have an error in your SQL syntax; check the manual that corresponds to your MySQL server version for the right syntax to use near 'as at' at line 1
 [ SQLËØ≠Âè• ] : SHOW COLUMNS FROM tb_article_tag as at
SQL: SELECT * FROM tb_article_tag as at INNER JOIN tb_tag as t on at.tagid=t.id   [ RunTime:0.001110s ]
SQL: SHOW COLUMNS FROM `tb_article` [ RunTime:0.001409s ]
SQL: SELECT * FROM `tb_article` ORDER BY views desc  [ RunTime:0.008947s ]
SQL: SELECT * FROM `tb_article` ORDER BY articletime desc  [ RunTime:0.005522s ]
SQL: SHOW COLUMNS FROM `tb_friendlylink` [ RunTime:0.001438s ]
SQL: SELECT * FROM `tb_friendlylink`  [ RunTime:0.001113s ]
SQL: SHOW COLUMNS FROM `tb_tag` [ RunTime:0.001343s ]
SQL: SELECT * FROM `tb_tag`  [ RunTime:0.001129s ]
SQL: SELECT COUNT(distinct(ip)) AS tp_count FROM `tb_visitors` WHERE ( `ip` = 'ip' ) LIMIT 1   [ RunTime:0.001490s ]
NOTIC: [8] Undefined index: www.zxdphp.site /data/home/bxu2442410262/htdocs/Application/Home/Controller/IndexController.class.php Á¨¨ 111 Ë°å.
INFO: [ view_parse ] --START--
INFO: [ template_filter ] --START--
INFO: Run Behavior\ContentReplaceBehavior [ RunTime:0.000058s ]
INFO: [ template_filter ] --END-- [ RunTime:0.000105s ]
NOTIC: [8] Undefined variable: data /data/home/bxu2442410262/htdocs/Application/Runtime/Cache/Home/2a94b8bda04ff446dcedd42276fc99ee.php Á¨¨ 169 Ë°å.
NOTIC: [8] Undefined variable: data /data/home/bxu2442410262/htdocs/Application/Runtime/Cache/Home/2a94b8bda04ff446dcedd42276fc99ee.php Á¨¨ 171 Ë°å.
INFO: Run Behavior\ParseTemplateBehavior [ RunTime:0.018771s ]
INFO: [ view_parse ] --END-- [ RunTime:0.018846s ]
INFO: [ view_filter ] --START--
INFO: Run Behavior\WriteHtmlCacheBehavior [ RunTime:0.000369s ]
INFO: [ view_filter ] --END-- [ RunTime:0.000421s ]
INFO: [ app_end ] --START--
INFO: Run Behavior\ShowPageTraceBehavior [ RunTime:0.000840s ]
INFO: [ app_end ] --END-- [ RunTime:0.000900s ]

[ 2017-06-12T09:57:18+08:00 ] 183.14.30.189 /
INFO: [ app_init ] --START--
INFO: Run Behavior\BuildLiteBehavior [ RunTime:0.000016s ]
INFO: [ app_init ] --END-- [ RunTime:0.000375s ]
INFO: [ app_begin ] --START--
INFO: Run Behavior\ReadHtmlCacheBehavior [ RunTime:0.000468s ]
INFO: [ app_begin ] --END-- [ RunTime:0.000515s ]
SQL: SHOW COLUMNS FROM `tb_article` [ RunTime:0.001832s ]
SQL: SHOW COLUMNS FROM `tb_visitors` [ RunTime:0.001819s ]
SQL: INSERT INTO `tb_visitors` (`ip`,`ipdate`,`address`) VALUES ('183.14.30.189','2017-06-12 09:57:17','‰∏≠ÂõΩÂπø‰∏úÁúÅÊ∑±Âú≥Â∏Ç') [ RunTime:0.005676s ]
SQL: SELECT COUNT(*) AS tp_count FROM `tb_article` LIMIT 1   [ RunTime:0.001766s ]
SQL: SELECT * FROM `tb_article` WHERE ( `ispublic` = '0' ) ORDER BY articletime desc LIMIT 0,7   [ RunTime:0.005923s ]
SQL: SHOW COLUMNS FROM tb_article_tag as at [ RunTime:0.001182s ]
ERR: 1064:You have an error in your SQL syntax; check the manual that corresponds to your MySQL server version for the right syntax to use near 'as at' at line 1
 [ SQLËØ≠Âè• ] : SHOW COLUMNS FROM tb_article_tag as at
SQL: SELECT * FROM tb_article_tag as at INNER JOIN tb_tag as t on at.tagid=t.id   [ RunTime:0.001777s ]
SQL: SHOW COLUMNS FROM `tb_article` [ RunTime:0.001474s ]
SQL: SELECT * FROM `tb_article` ORDER BY views desc  [ RunTime:0.009328s ]
SQL: SELECT * FROM `tb_article` ORDER BY articletime desc  [ RunTime:0.005630s ]
SQL: SHOW COLUMNS FROM `tb_friendlylink` [ RunTime:0.001528s ]
SQL: SELECT * FROM `tb_friendlylink`  [ RunTime:0.001462s ]
SQL: SHOW COLUMNS FROM `tb_tag` [ RunTime:0.001388s ]
SQL: SELECT * FROM `tb_tag`  [ RunTime:0.001243s ]
SQL: SELECT COUNT(distinct(ip)) AS tp_count FROM `tb_visitors` WHERE ( `ip` = 'ip' ) LIMIT 1   [ RunTime:0.001566s ]
INFO: [ view_parse ] --START--
INFO: [ template_filter ] --START--
INFO: Run Behavior\ContentReplaceBehavior [ RunTime:0.000055s ]
INFO: [ template_filter ] --END-- [ RunTime:0.000099s ]
NOTIC: [8] Undefined variable: data /data/home/bxu2442410262/htdocs/Application/Runtime/Cache/Home/2a94b8bda04ff446dcedd42276fc99ee.php Á¨¨ 169 Ë°å.
NOTIC: [8] Undefined variable: data /data/home/bxu2442410262/htdocs/Application/Runtime/Cache/Home/2a94b8bda04ff446dcedd42276fc99ee.php Á¨¨ 171 Ë°å.
INFO: Run Behavior\ParseTemplateBehavior [ RunTime:0.017929s ]
INFO: [ view_parse ] --END-- [ RunTime:0.017979s ]
INFO: [ view_filter ] --START--
INFO: Run Behavior\WriteHtmlCacheBehavior [ RunTime:0.000238s ]
INFO: [ view_filter ] --END-- [ RunTime:0.000272s ]
INFO: [ app_end ] --START--
INFO: Run Behavior\ShowPageTraceBehavior [ RunTime:0.000603s ]
INFO: [ app_end ] --END-- [ RunTime:0.000649s ]

[ 2017-06-12T09:57:20+08:00 ] 183.14.30.189 /Home/NewList/newdetail/id/35.html
INFO: [ app_init ] --START--
INFO: Run Behavior\BuildLiteBehavior [ RunTime:0.000016s ]
INFO: [ app_init ] --END-- [ RunTime:0.000360s ]
INFO: [ app_begin ] --START--
INFO: Run Behavior\ReadHtmlCacheBehavior [ RunTime:0.000452s ]
INFO: [ app_begin ] --END-- [ RunTime:0.000498s ]
SQL: SHOW COLUMNS FROM `tb_article` [ RunTime:0.001724s ]
SQL: UPDATE `tb_article` SET `views`=views+1 WHERE ( `id` = 35 ) [ RunTime:0.012293s ]
SQL: SELECT * FROM `tb_article` WHERE ( `id` = 35 ) LIMIT 1   [ RunTime:0.002046s ]
SQL: SELECT * FROM `tb_article` WHERE ( id<35 ) ORDER BY id DESC LIMIT 1   [ RunTime:0.001460s ]
SQL: SELECT * FROM `tb_article` WHERE ( id>35 ) ORDER BY id ASC LIMIT 1   [ RunTime:0.001260s ]
INFO: [ view_parse ] --START--
INFO: [ template_filter ] --START--
INFO: Run Behavior\ContentReplaceBehavior [ RunTime:0.000078s ]
INFO: [ template_filter ] --END-- [ RunTime:0.000122s ]
INFO: Run Behavior\ParseTemplateBehavior [ RunTime:0.009965s ]
INFO: [ view_parse ] --END-- [ RunTime:0.010011s ]
INFO: [ view_filter ] --START--
INFO: Run Behavior\WriteHtmlCacheBehavior [ RunTime:0.000237s ]
INFO: [ view_filter ] --END-- [ RunTime:0.000270s ]
INFO: [ app_end ] --START--
INFO: Run Behavior\ShowPageTraceBehavior [ RunTime:0.000501s ]
INFO: [ app_end ] --END-- [ RunTime:0.000546s ]

[ 2017-06-12T09:57:20+08:00 ] 183.14.30.189 /
INFO: [ app_init ] --START--
INFO: Run Behavior\BuildLiteBehavior [ RunTime:0.000017s ]
INFO: [ app_init ] --END-- [ RunTime:0.000372s ]
INFO: [ app_begin ] --START--
INFO: Run Behavior\ReadHtmlCacheBehavior [ RunTime:0.000483s ]
INFO: [ app_begin ] --END-- [ RunTime:0.000529s ]
SQL: SHOW COLUMNS FROM `tb_article` [ RunTime:0.001636s ]
SQL: SHOW COLUMNS FROM `tb_visitors` [ RunTime:0.003089s ]
SQL: INSERT INTO `tb_visitors` (`ip`,`ipdate`,`address`) VALUES ('183.14.30.189','2017-06-12 09:57:20','‰∏≠ÂõΩÂπø‰∏úÁúÅÊ∑±Âú≥Â∏Ç') [ RunTime:0.010350s ]
SQL: SELECT COUNT(*) AS tp_count FROM `tb_article` LIMIT 1   [ RunTime:0.001331s ]
SQL: SELECT * FROM `tb_article` WHERE ( `ispublic` = '0' ) ORDER BY articletime desc LIMIT 0,7   [ RunTime:0.005582s ]
SQL: SHOW COLUMNS FROM tb_article_tag as at [ RunTime:0.001130s ]
ERR: 1064:You have an error in your SQL syntax; check the manual that corresponds to your MySQL server version for the right syntax to use near 'as at' at line 1
 [ SQLËØ≠Âè• ] : SHOW COLUMNS FROM tb_article_tag as at
SQL: SELECT * FROM tb_article_tag as at INNER JOIN tb_tag as t on at.tagid=t.id   [ RunTime:0.001142s ]
SQL: SHOW COLUMNS FROM `tb_article` [ RunTime:0.001590s ]
SQL: SELECT * FROM `tb_article` ORDER BY views desc  [ RunTime:0.008794s ]
SQL: SELECT * FROM `tb_article` ORDER BY articletime desc  [ RunTime:0.005639s ]
SQL: SHOW COLUMNS FROM `tb_friendlylink` [ RunTime:0.001444s ]
SQL: SELECT * FROM `tb_friendlylink`  [ RunTime:0.001135s ]
SQL: SHOW COLUMNS FROM `tb_tag` [ RunTime:0.001469s ]
SQL: SELECT * FROM `tb_tag`  [ RunTime:0.001150s ]
SQL: SELECT COUNT(distinct(ip)) AS tp_count FROM `tb_visitors` WHERE ( `ip` = 'ip' ) LIMIT 1   [ RunTime:0.001578s ]
INFO: [ view_parse ] --START--
INFO: [ template_filter ] --START--
INFO: Run Behavior\ContentReplaceBehavior [ RunTime:0.000068s ]
INFO: [ template_filter ] --END-- [ RunTime:0.000115s ]
NOTIC: [8] Undefined variable: data /data/home/bxu2442410262/htdocs/Application/Runtime/Cache/Home/2a94b8bda04ff446dcedd42276fc99ee.php Á¨¨ 169 Ë°å.
NOTIC: [8] Undefined variable: data /data/home/bxu2442410262/htdocs/Application/Runtime/Cache/Home/2a94b8bda04ff446dcedd42276fc99ee.php Á¨¨ 171 Ë°å.
INFO: Run Behavior\ParseTemplateBehavior [ RunTime:0.020115s ]
INFO: [ view_parse ] --END-- [ RunTime:0.020166s ]
INFO: [ view_filter ] --START--
INFO: Run Behavior\WriteHtmlCacheBehavior [ RunTime:0.000247s ]
INFO: [ view_filter ] --END-- [ RunTime:0.000282s ]
INFO: [ app_end ] --START--
INFO: Run Behavior\ShowPageTraceBehavior [ RunTime:0.000718s ]
INFO: [ app_end ] --END-- [ RunTime:0.000795s ]

[ 2017-06-12T09:57:27+08:00 ] 101.226.61.206 /
INFO: [ app_init ] --START--
INFO: Run Behavior\BuildLiteBehavior [ RunTime:0.000016s ]
INFO: [ app_init ] --END-- [ RunTime:0.000381s ]
INFO: [ app_begin ] --START--
INFO: Run Behavior\ReadHtmlCacheBehavior [ RunTime:0.000446s ]
INFO: [ app_begin ] --END-- [ RunTime:0.000492s ]
SQL: SHOW COLUMNS FROM `tb_article` [ RunTime:0.001640s ]
SQL: SHOW COLUMNS FROM `tb_visitors` [ RunTime:0.001808s ]
SQL: INSERT INTO `tb_visitors` (`ip`,`ipdate`,`address`) VALUES ('101.226.61.206','2017-06-12 09:57:27','‰∏≠ÂõΩ‰∏äÊµ∑Â∏Ç‰∏äÊµ∑Â∏Ç') [ RunTime:0.011224s ]
SQL: SELECT COUNT(*) AS tp_count FROM `tb_article` LIMIT 1   [ RunTime:0.001116s ]
SQL: SELECT * FROM `tb_article` WHERE ( `ispublic` = '0' ) ORDER BY articletime desc LIMIT 0,7   [ RunTime:0.005038s ]
SQL: SHOW COLUMNS FROM tb_article_tag as at [ RunTime:0.001139s ]
ERR: 1064:You have an error in your SQL syntax; check the manual that corresponds to your MySQL server version for the right syntax to use near 'as at' at line 1
 [ SQLËØ≠Âè• ] : SHOW COLUMNS FROM tb_article_tag as at
SQL: SELECT * FROM tb_article_tag as at INNER JOIN tb_tag as t on at.tagid=t.id   [ RunTime:0.001189s ]
SQL: SHOW COLUMNS FROM `tb_article` [ RunTime:0.001629s ]
SQL: SELECT * FROM `tb_article` ORDER BY views desc  [ RunTime:0.008415s ]
SQL: SELECT * FROM `tb_article` ORDER BY articletime desc  [ RunTime:0.005348s ]
SQL: SHOW COLUMNS FROM `tb_friendlylink` [ RunTime:0.001496s ]
SQL: SELECT * FROM `tb_friendlylink`  [ RunTime:0.001133s ]
SQL: SHOW COLUMNS FROM `tb_tag` [ RunTime:0.001428s ]
SQL: SELECT * FROM `tb_tag`  [ RunTime:0.001116s ]
SQL: SELECT COUNT(distinct(ip)) AS tp_count FROM `tb_visitors` WHERE ( `ip` = 'ip' ) LIMIT 1   [ RunTime:0.001655s ]
NOTIC: [8] Undefined index: www.zxdphp.site /data/home/bxu2442410262/htdocs/Application/Home/Controller/IndexController.class.php Á¨¨ 111 Ë°å.
INFO: [ view_parse ] --START--
INFO: [ template_filter ] --START--
INFO: Run Behavior\ContentReplaceBehavior [ RunTime:0.000057s ]
INFO: [ template_filter ] --END-- [ RunTime:0.000099s ]
NOTIC: [8] Undefined variable: data /data/home/bxu2442410262/htdocs/Application/Runtime/Cache/Home/2a94b8bda04ff446dcedd42276fc99ee.php Á¨¨ 169 Ë°å.
NOTIC: [8] Undefined variable: data /data/home/bxu2442410262/htdocs/Application/Runtime/Cache/Home/2a94b8bda04ff446dcedd42276fc99ee.php Á¨¨ 171 Ë°å.
INFO: Run Behavior\ParseTemplateBehavior [ RunTime:0.018710s ]
INFO: [ view_parse ] --END-- [ RunTime:0.018773s ]
INFO: [ view_filter ] --START--
INFO: Run Behavior\WriteHtmlCacheBehavior [ RunTime:0.000281s ]
INFO: [ view_filter ] --END-- [ RunTime:0.000323s ]
INFO: [ app_end ] --START--
INFO: Run Behavior\ShowPageTraceBehavior [ RunTime:0.000544s ]
INFO: [ app_end ] --END-- [ RunTime:0.000595s ]

[ 2017-06-12T09:57:30+08:00 ] 101.226.79.182 /Home/NewList/newdetail/id/35.html
INFO: [ app_init ] --START--
INFO: Run Behavior\BuildLiteBehavior [ RunTime:0.000015s ]
INFO: [ app_init ] --END-- [ RunTime:0.000364s ]
INFO: [ app_begin ] --START--
INFO: Run Behavior\ReadHtmlCacheBehavior [ RunTime:0.000458s ]
INFO: [ app_begin ] --END-- [ RunTime:0.000507s ]
SQL: SHOW COLUMNS FROM `tb_article` [ RunTime:0.002241s ]
SQL: UPDATE `tb_article` SET `views`=views+1 WHERE ( `id` = 35 ) [ RunTime:0.004670s ]
SQL: SELECT * FROM `tb_article` WHERE ( `id` = 35 ) LIMIT 1   [ RunTime:0.001920s ]
SQL: SELECT * FROM `tb_article` WHERE ( id<35 ) ORDER BY id DESC LIMIT 1   [ RunTime:0.002389s ]
SQL: SELECT * FROM `tb_article` WHERE ( id>35 ) ORDER BY id ASC LIMIT 1   [ RunTime:0.001799s ]
INFO: [ view_parse ] --START--
INFO: [ template_filter ] --START--
INFO: Run Behavior\ContentReplaceBehavior [ RunTime:0.000058s ]
INFO: [ template_filter ] --END-- [ RunTime:0.000099s ]
INFO: Run Behavior\ParseTemplateBehavior [ RunTime:0.009852s ]
INFO: [ view_parse ] --END-- [ RunTime:0.009904s ]
INFO: [ view_filter ] --START--
INFO: Run Behavior\WriteHtmlCacheBehavior [ RunTime:0.000233s ]
INFO: [ view_filter ] --END-- [ RunTime:0.000266s ]
INFO: [ app_end ] --START--
INFO: Run Behavior\ShowPageTraceBehavior [ RunTime:0.000526s ]
INFO: [ app_end ] --END-- [ RunTime:0.000674s ]

[ 2017-06-12T09:57:34+08:00 ] 140.207.185.109 /Home/NewList/newdetail/id/35.html
INFO: [ app_init ] --START--
INFO: Run Behavior\BuildLiteBehavior [ RunTime:0.000017s ]
INFO: [ app_init ] --END-- [ RunTime:0.000385s ]
INFO: [ app_begin ] --START--
INFO: Run Behavior\ReadHtmlCacheBehavior [ RunTime:0.000507s ]
INFO: [ app_begin ] --END-- [ RunTime:0.000575s ]
SQL: SHOW COLUMNS FROM `tb_article` [ RunTime:0.001614s ]
SQL: UPDATE `tb_article` SET `views`=views+1 WHERE ( `id` = 35 ) [ RunTime:0.006474s ]
SQL: SELECT * FROM `tb_article` WHERE ( `id` = 35 ) LIMIT 1   [ RunTime:0.001299s ]
SQL: SELECT * FROM `tb_article` WHERE ( id<35 ) ORDER BY id DESC LIMIT 1   [ RunTime:0.001372s ]
SQL: SELECT * FROM `tb_article` WHERE ( id>35 ) ORDER BY id ASC LIMIT 1   [ RunTime:0.001178s ]
INFO: [ view_parse ] --START--
INFO: [ template_filter ] --START--
INFO: Run Behavior\ContentReplaceBehavior [ RunTime:0.000063s ]
INFO: [ template_filter ] --END-- [ RunTime:0.000106s ]
INFO: Run Behavior\ParseTemplateBehavior [ RunTime:0.009710s ]
INFO: [ view_parse ] --END-- [ RunTime:0.009763s ]
INFO: [ view_filter ] --START--
INFO: Run Behavior\WriteHtmlCacheBehavior [ RunTime:0.000339s ]
INFO: [ view_filter ] --END-- [ RunTime:0.000373s ]
INFO: [ app_end ] --START--
INFO: Run Behavior\ShowPageTraceBehavior [ RunTime:0.000518s ]
INFO: [ app_end ] --END-- [ RunTime:0.000562s ]

[ 2017-06-12T09:57:51+08:00 ] 140.207.185.109 /
INFO: [ app_init ] --START--
INFO: Run Behavior\BuildLiteBehavior [ RunTime:0.000016s ]
INFO: [ app_init ] --END-- [ RunTime:0.000371s ]
INFO: [ app_begin ] --START--
INFO: Run Behavior\ReadHtmlCacheBehavior [ RunTime:0.000490s ]
INFO: [ app_begin ] --END-- [ RunTime:0.000537s ]
SQL: SHOW COLUMNS FROM `tb_article` [ RunTime:0.002150s ]
SQL: SHOW COLUMNS FROM `tb_visitors` [ RunTime:0.002018s ]
SQL: INSERT INTO `tb_visitors` (`ip`,`ipdate`,`address`) VALUES ('140.207.185.109','2017-06-12 09:57:51','‰∏≠ÂõΩ‰∏äÊµ∑Â∏Ç‰∏äÊµ∑Â∏Ç') [ RunTime:0.004367s ]
SQL: SELECT COUNT(*) AS tp_count FROM `tb_article` LIMIT 1   [ RunTime:0.001569s ]
SQL: SELECT * FROM `tb_article` WHERE ( `ispublic` = '0' ) ORDER BY articletime desc LIMIT 0,7   [ RunTime:0.006863s ]
SQL: SHOW COLUMNS FROM tb_article_tag as at [ RunTime:0.001405s ]
ERR: 1064:You have an error in your SQL syntax; check the manual that corresponds to your MySQL server version for the right syntax to use near 'as at' at line 1
 [ SQLËØ≠Âè• ] : SHOW COLUMNS FROM tb_article_tag as at
SQL: SELECT * FROM tb_article_tag as at INNER JOIN tb_tag as t on at.tagid=t.id   [ RunTime:0.001514s ]
SQL: SHOW COLUMNS FROM `tb_article` [ RunTime:0.001889s ]
SQL: SELECT * FROM `tb_article` ORDER BY views desc  [ RunTime:0.010448s ]
SQL: SELECT * FROM `tb_article` ORDER BY articletime desc  [ RunTime:0.006200s ]
SQL: SHOW COLUMNS FROM `tb_friendlylink` [ RunTime:0.001675s ]
SQL: SELECT * FROM `tb_friendlylink`  [ RunTime:0.001677s ]
SQL: SHOW COLUMNS FROM `tb_tag` [ RunTime:0.001644s ]
SQL: SELECT * FROM `tb_tag`  [ RunTime:0.001407s ]
SQL: SELECT COUNT(distinct(ip)) AS tp_count FROM `tb_visitors` WHERE ( `ip` = 'ip' ) LIMIT 1   [ RunTime:0.001717s ]
NOTIC: [8] Undefined index: www.zxdphp.site /data/home/bxu2442410262/htdocs/Application/Home/Controller/IndexController.class.php Á¨¨ 111 Ë°å.
INFO: [ view_parse ] --START--
INFO: [ template_filter ] --START--
INFO: Run Behavior\ContentReplaceBehavior [ RunTime:0.000075s ]
INFO: [ template_filter ] --END-- [ RunTime:0.000118s ]
NOTIC: [8] Undefined variable: data /data/home/bxu2442410262/htdocs/Application/Runtime/Cache/Home/2a94b8bda04ff446dcedd42276fc99ee.php Á¨¨ 169 Ë°å.
NOTIC: [8] Undefined variable: data /data/home/bxu2442410262/htdocs/Application/Runtime/Cache/Home/2a94b8bda04ff446dcedd42276fc99ee.php Á¨¨ 171 Ë°å.
INFO: Run Behavior\ParseTemplateBehavior [ RunTime:0.018532s ]
INFO: [ view_parse ] --END-- [ RunTime:0.018603s ]
INFO: [ view_filter ] --START--
INFO: Run Behavior\WriteHtmlCacheBehavior [ RunTime:0.000260s ]
INFO: [ view_filter ] --END-- [ RunTime:0.000297s ]
INFO: [ app_end ] --START--
INFO: Run Behavior\ShowPageTraceBehavior [ RunTime:0.000549s ]
INFO: [ app_end ] --END-- [ RunTime:0.000597s ]

[ 2017-06-12T10:40:43+08:00 ] 123.125.71.46 /
INFO: [ app_init ] --START--
INFO: Run Behavior\BuildLiteBehavior [ RunTime:0.000016s ]
INFO: [ app_init ] --END-- [ RunTime:0.000368s ]
INFO: [ app_begin ] --START--
INFO: Run Behavior\ReadHtmlCacheBehavior [ RunTime:0.000517s ]
INFO: [ app_begin ] --END-- [ RunTime:0.000571s ]
SQL: SHOW COLUMNS FROM `tb_article` [ RunTime:0.001769s ]
SQL: SHOW COLUMNS FROM `tb_visitors` [ RunTime:0.001642s ]
SQL: INSERT INTO `tb_visitors` (`ip`,`ipdate`,`address`) VALUES ('123.125.71.46','2017-06-12 10:40:43','‰∏≠ÂõΩÂåó‰∫¨Â∏ÇÂåó‰∫¨Â∏Ç') [ RunTime:0.003738s ]
SQL: SELECT COUNT(*) AS tp_count FROM `tb_article` LIMIT 1   [ RunTime:0.001625s ]
SQL: SELECT * FROM `tb_article` WHERE ( `ispublic` = '0' ) ORDER BY articletime desc LIMIT 0,7   [ RunTime:0.005111s ]
SQL: SHOW COLUMNS FROM tb_article_tag as at [ RunTime:0.001081s ]
ERR: 1064:You have an error in your SQL syntax; check the manual that corresponds to your MySQL server version for the right syntax to use near 'as at' at line 1
 [ SQLËØ≠Âè• ] : SHOW COLUMNS FROM tb_article_tag as at
SQL: SELECT * FROM tb_article_tag as at INNER JOIN tb_tag as t on at.tagid=t.id   [ RunTime:0.001746s ]
SQL: SHOW COLUMNS FROM `tb_article` [ RunTime:0.001494s ]
SQL: SELECT * FROM `tb_article` ORDER BY views desc  [ RunTime:0.007740s ]
SQL: SELECT * FROM `tb_article` ORDER BY articletime desc  [ RunTime:0.005144s ]
SQL: SHOW COLUMNS FROM `tb_friendlylink` [ RunTime:0.001422s ]
SQL: SELECT * FROM `tb_friendlylink`  [ RunTime:0.001291s ]
SQL: SHOW COLUMNS FROM `tb_tag` [ RunTime:0.001556s ]
SQL: SELECT * FROM `tb_tag`  [ RunTime:0.001150s ]
SQL: SELECT COUNT(distinct(ip)) AS tp_count FROM `tb_visitors` WHERE ( `ip` = 'ip' ) LIMIT 1   [ RunTime:0.001482s ]
NOTIC: [8] Undefined index: www.zxdphp.site /data/home/bxu2442410262/htdocs/Application/Home/Controller/IndexController.class.php Á¨¨ 111 Ë°å.
INFO: [ view_parse ] --START--
INFO: [ template_filter ] --START--
INFO: Run Behavior\ContentReplaceBehavior [ RunTime:0.000056s ]
INFO: [ template_filter ] --END-- [ RunTime:0.000104s ]
NOTIC: [8] Undefined variable: data /data/home/bxu2442410262/htdocs/Application/Runtime/Cache/Home/2a94b8bda04ff446dcedd42276fc99ee.php Á¨¨ 169 Ë°å.
NOTIC: [8] Undefined variable: data /data/home/bxu2442410262/htdocs/Application/Runtime/Cache/Home/2a94b8bda04ff446dcedd42276fc99ee.php Á¨¨ 171 Ë°å.
INFO: Run Behavior\ParseTemplateBehavior [ RunTime:0.017671s ]
INFO: [ view_parse ] --END-- [ RunTime:0.017737s ]
INFO: [ view_filter ] --START--
INFO: Run Behavior\WriteHtmlCacheBehavior [ RunTime:0.000247s ]
INFO: [ view_filter ] --END-- [ RunTime:0.000285s ]
INFO: [ app_end ] --START--
INFO: Run Behavior\ShowPageTraceBehavior [ RunTime:0.000635s ]
INFO: [ app_end ] --END-- [ RunTime:0.000694s ]

[ 2017-06-12T19:08:24+08:00 ] 202.108.211.56 /
INFO: [ app_init ] --START--
INFO: Run Behavior\BuildLiteBehavior [ RunTime:0.000016s ]
INFO: [ app_init ] --END-- [ RunTime:0.000358s ]
INFO: [ app_begin ] --START--
INFO: Run Behavior\ReadHtmlCacheBehavior [ RunTime:0.000725s ]
INFO: [ app_begin ] --END-- [ RunTime:0.000796s ]
SQL: SHOW COLUMNS FROM `tb_article` [ RunTime:0.001776s ]
SQL: SHOW COLUMNS FROM `tb_visitors` [ RunTime:0.001740s ]
SQL: INSERT INTO `tb_visitors` (`ip`,`ipdate`,`address`) VALUES ('202.108.211.56','2017-06-12 19:08:24','‰∏≠ÂõΩÂåó‰∫¨Â∏ÇÂåó‰∫¨Â∏Ç') [ RunTime:0.004351s ]
SQL: SELECT COUNT(*) AS tp_count FROM `tb_article` LIMIT 1   [ RunTime:0.001839s ]
SQL: SELECT * FROM `tb_article` WHERE ( `ispublic` = '0' ) ORDER BY articletime desc LIMIT 0,7   [ RunTime:0.006331s ]
SQL: SHOW COLUMNS FROM tb_article_tag as at [ RunTime:0.001297s ]
ERR: 1064:You have an error in your SQL syntax; check the manual that corresponds to your MySQL server version for the right syntax to use near 'as at' at line 1
 [ SQLËØ≠Âè• ] : SHOW COLUMNS FROM tb_article_tag as at
SQL: SELECT * FROM tb_article_tag as at INNER JOIN tb_tag as t on at.tagid=t.id   [ RunTime:0.001791s ]
SQL: SHOW COLUMNS FROM `tb_article` [ RunTime:0.001630s ]
SQL: SELECT * FROM `tb_article` ORDER BY views desc  [ RunTime:0.010191s ]
SQL: SELECT * FROM `tb_article` ORDER BY articletime desc  [ RunTime:0.006107s ]
SQL: SHOW COLUMNS FROM `tb_friendlylink` [ RunTime:0.001665s ]
SQL: SELECT * FROM `tb_friendlylink`  [ RunTime:0.001576s ]
SQL: SHOW COLUMNS FROM `tb_tag` [ RunTime:0.001481s ]
SQL: SELECT * FROM `tb_tag`  [ RunTime:0.001518s ]
SQL: SELECT COUNT(distinct(ip)) AS tp_count FROM `tb_visitors` WHERE ( `ip` = 'ip' ) LIMIT 1   [ RunTime:0.002110s ]
NOTIC: [8] Undefined index: www.zxdphp.site /data/home/bxu2442410262/htdocs/Application/Home/Controller/IndexController.class.php Á¨¨ 111 Ë°å.
INFO: [ view_parse ] --START--
INFO: [ template_filter ] --START--
INFO: Run Behavior\ContentReplaceBehavior [ RunTime:0.000057s ]
INFO: [ template_filter ] --END-- [ RunTime:0.000097s ]
NOTIC: [8] Undefined variable: data /data/home/bxu2442410262/htdocs/Application/Runtime/Cache/Home/2a94b8bda04ff446dcedd42276fc99ee.php Á¨¨ 169 Ë°å.
NOTIC: [8] Undefined variable: data /data/home/bxu2442410262/htdocs/Application/Runtime/Cache/Home/2a94b8bda04ff446dcedd42276fc99ee.php Á¨¨ 171 Ë°å.
INFO: Run Behavior\ParseTemplateBehavior [ RunTime:0.017052s ]
INFO: [ view_parse ] --END-- [ RunTime:0.017102s ]
INFO: [ view_filter ] --START--
INFO: Run Behavior\WriteHtmlCacheBehavior [ RunTime:0.000231s ]
INFO: [ view_filter ] --END-- [ RunTime:0.000265s ]
INFO: [ app_end ] --START--
INFO: Run Behavior\ShowPageTraceBehavior [ RunTime:0.000550s ]
INFO: [ app_end ] --END-- [ RunTime:0.000597s ]

[ 2017-06-12T19:26:25+08:00 ] 202.173.11.239 /
INFO: [ app_init ] --START--
INFO: Run Behavior\BuildLiteBehavior [ RunTime:0.000018s ]
INFO: [ app_init ] --END-- [ RunTime:0.000361s ]
INFO: [ app_begin ] --START--
INFO: Run Behavior\ReadHtmlCacheBehavior [ RunTime:0.000462s ]
INFO: [ app_begin ] --END-- [ RunTime:0.000508s ]
SQL: SHOW COLUMNS FROM `tb_article` [ RunTime:0.001958s ]
SQL: SHOW COLUMNS FROM `tb_visitors` [ RunTime:0.001689s ]
SQL: INSERT INTO `tb_visitors` (`ip`,`ipdate`,`address`) VALUES ('202.173.11.239','2017-06-12 19:26:25','‰∏≠ÂõΩÂåó‰∫¨Â∏ÇÂåó‰∫¨Â∏Ç') [ RunTime:0.004275s ]
SQL: SELECT COUNT(*) AS tp_count FROM `tb_article` LIMIT 1   [ RunTime:0.001880s ]
SQL: SELECT * FROM `tb_article` WHERE ( `ispublic` = '0' ) ORDER BY articletime desc LIMIT 0,7   [ RunTime:0.005785s ]
SQL: SHOW COLUMNS FROM tb_article_tag as at [ RunTime:0.001215s ]
ERR: 1064:You have an error in your SQL syntax; check the manual that corresponds to your MySQL server version for the right syntax to use near 'as at' at line 1
 [ SQLËØ≠Âè• ] : SHOW COLUMNS FROM tb_article_tag as at
SQL: SELECT * FROM tb_article_tag as at INNER JOIN tb_tag as t on at.tagid=t.id   [ RunTime:0.001739s ]
SQL: SHOW COLUMNS FROM `tb_article` [ RunTime:0.001528s ]
SQL: SELECT * FROM `tb_article` ORDER BY views desc  [ RunTime:0.008996s ]
SQL: SELECT * FROM `tb_article` ORDER BY articletime desc  [ RunTime:0.005202s ]
SQL: SHOW COLUMNS FROM `tb_friendlylink` [ RunTime:0.001684s ]
SQL: SELECT * FROM `tb_friendlylink`  [ RunTime:0.001447s ]
SQL: SHOW COLUMNS FROM `tb_tag` [ RunTime:0.001473s ]
SQL: SELECT * FROM `tb_tag`  [ RunTime:0.001331s ]
SQL: SELECT COUNT(distinct(ip)) AS tp_count FROM `tb_visitors` WHERE ( `ip` = 'ip' ) LIMIT 1   [ RunTime:0.001655s ]
NOTIC: [8] Undefined index: www.zxdphp.site /data/home/bxu2442410262/htdocs/Application/Home/Controller/IndexController.class.php Á¨¨ 111 Ë°å.
INFO: [ view_parse ] --START--
INFO: [ template_filter ] --START--
INFO: Run Behavior\ContentReplaceBehavior [ RunTime:0.000072s ]
INFO: [ template_filter ] --END-- [ RunTime:0.000113s ]
NOTIC: [8] Undefined variable: data /data/home/bxu2442410262/htdocs/Application/Runtime/Cache/Home/2a94b8bda04ff446dcedd42276fc99ee.php Á¨¨ 169 Ë°å.
NOTIC: [8] Undefined variable: data /data/home/bxu2442410262/htdocs/Application/Runtime/Cache/Home/2a94b8bda04ff446dcedd42276fc99ee.php Á¨¨ 171 Ë°å.
INFO: Run Behavior\ParseTemplateBehavior [ RunTime:0.017616s ]
INFO: [ view_parse ] --END-- [ RunTime:0.017666s ]
INFO: [ view_filter ] --START--
INFO: Run Behavior\WriteHtmlCacheBehavior [ RunTime:0.000346s ]
INFO: [ view_filter ] --END-- [ RunTime:0.000382s ]
INFO: [ app_end ] --START--
INFO: Run Behavior\ShowPageTraceBehavior [ RunTime:0.000788s ]
INFO: [ app_end ] --END-- [ RunTime:0.000858s ]

