[ 2017-07-01T02:03:22+08:00 ] 202.173.11.239 /
INFO: [ app_init ] --START--
INFO: Run Behavior\BuildLiteBehavior [ RunTime:0.000015s ]
INFO: [ app_init ] --END-- [ RunTime:0.000380s ]
INFO: [ app_begin ] --START--
INFO: Run Behavior\ReadHtmlCacheBehavior [ RunTime:0.000450s ]
INFO: [ app_begin ] --END-- [ RunTime:0.000495s ]
SQL: SHOW COLUMNS FROM `tb_article` [ RunTime:0.002037s ]
SQL: SHOW COLUMNS FROM `tb_visitors` [ RunTime:0.001982s ]
SQL: INSERT INTO `tb_visitors` (`ip`,`ipdate`,`address`) VALUES ('202.173.11.239','2017-07-01 02:03:21','‰∏≠ÂõΩÂåó‰∫¨Â∏ÇÂåó‰∫¨Â∏Ç') [ RunTime:0.004798s ]
SQL: SELECT COUNT(*) AS tp_count FROM `tb_article` LIMIT 1   [ RunTime:0.002098s ]
SQL: SELECT * FROM `tb_article` WHERE ( `ispublic` = '0' ) ORDER BY articletime desc LIMIT 0,7   [ RunTime:0.003306s ]
SQL: SHOW COLUMNS FROM tb_article_tag as at [ RunTime:0.001658s ]
ERR: 1064:You have an error in your SQL syntax; check the manual that corresponds to your MySQL server version for the right syntax to use near 'as at' at line 1
 [ SQLËØ≠Âè• ] : SHOW COLUMNS FROM tb_article_tag as at
SQL: SELECT * FROM tb_article_tag as at INNER JOIN tb_tag as t on at.tagid=t.id   [ RunTime:0.002375s ]
SQL: SHOW COLUMNS FROM `tb_article` [ RunTime:0.001810s ]
SQL: SELECT * FROM `tb_article` ORDER BY views desc  [ RunTime:0.022314s ]
SQL: SELECT * FROM `tb_article` ORDER BY articletime desc  [ RunTime:0.014562s ]
SQL: SHOW COLUMNS FROM `tb_friendlylink` [ RunTime:0.001973s ]
SQL: SELECT * FROM `tb_friendlylink`  [ RunTime:0.001564s ]
SQL: SHOW COLUMNS FROM `tb_tag` [ RunTime:0.001615s ]
SQL: SELECT * FROM `tb_tag`  [ RunTime:0.001436s ]
SQL: SELECT COUNT(distinct(ip)) AS tp_count FROM `tb_visitors` WHERE ( `ip` = 'ip' ) LIMIT 1   [ RunTime:0.001994s ]
NOTIC: [8] Undefined index: www.zxdphp.site /data/home/bxu2442410262/htdocs/Application/Home/Controller/IndexController.class.php Á¨¨ 111 Ë°å.
INFO: [ view_parse ] --START--
INFO: [ template_filter ] --START--
INFO: Run Behavior\ContentReplaceBehavior [ RunTime:0.000056s ]
INFO: [ template_filter ] --END-- [ RunTime:0.000097s ]
NOTIC: [8] Undefined variable: data /data/home/bxu2442410262/htdocs/Application/Runtime/Cache/Home/2a94b8bda04ff446dcedd42276fc99ee.php Á¨¨ 169 Ë°å.
NOTIC: [8] Undefined variable: data /data/home/bxu2442410262/htdocs/Application/Runtime/Cache/Home/2a94b8bda04ff446dcedd42276fc99ee.php Á¨¨ 171 Ë°å.
INFO: Run Behavior\ParseTemplateBehavior [ RunTime:0.018139s ]
INFO: [ view_parse ] --END-- [ RunTime:0.018183s ]
INFO: [ view_filter ] --START--
INFO: Run Behavior\WriteHtmlCacheBehavior [ RunTime:0.000256s ]
INFO: [ view_filter ] --END-- [ RunTime:0.000291s ]
INFO: [ app_end ] --START--
INFO: Run Behavior\ShowPageTraceBehavior [ RunTime:0.000518s ]
INFO: [ app_end ] --END-- [ RunTime:0.000555s ]

[ 2017-07-01T17:00:34+08:00 ] 5.188.211.40 /
INFO: [ app_init ] --START--
INFO: Run Behavior\BuildLiteBehavior [ RunTime:0.000013s ]
INFO: [ app_init ] --END-- [ RunTime:0.000366s ]
INFO: [ app_begin ] --START--
INFO: Run Behavior\ReadHtmlCacheBehavior [ RunTime:0.000544s ]
INFO: [ app_begin ] --END-- [ RunTime:0.000592s ]
SQL: SHOW COLUMNS FROM `tb_article` [ RunTime:0.002002s ]
SQL: SHOW COLUMNS FROM `tb_visitors` [ RunTime:0.001795s ]
SQL: INSERT INTO `tb_visitors` (`ip`,`ipdate`,`address`) VALUES ('5.188.211.40','2017-07-01 17:00:33','‰øÑÁΩóÊñ\Ø') [ RunTime:0.006692s ]
SQL: SELECT COUNT(*) AS tp_count FROM `tb_article` LIMIT 1   [ RunTime:0.001732s ]
SQL: SELECT * FROM `tb_article` WHERE ( `ispublic` = '0' ) ORDER BY articletime desc LIMIT 0,7   [ RunTime:0.002833s ]
SQL: SHOW COLUMNS FROM tb_article_tag as at [ RunTime:0.001136s ]
ERR: 1064:You have an error in your SQL syntax; check the manual that corresponds to your MySQL server version for the right syntax to use near 'as at' at line 1
 [ SQLËØ≠Âè• ] : SHOW COLUMNS FROM tb_article_tag as at
SQL: SELECT * FROM tb_article_tag as at INNER JOIN tb_tag as t on at.tagid=t.id   [ RunTime:0.001698s ]
SQL: SHOW COLUMNS FROM `tb_article` [ RunTime:0.001542s ]
SQL: SELECT * FROM `tb_article` ORDER BY views desc  [ RunTime:0.015251s ]
SQL: SELECT * FROM `tb_article` ORDER BY articletime desc  [ RunTime:0.011257s ]
SQL: SHOW COLUMNS FROM `tb_friendlylink` [ RunTime:0.001533s ]
SQL: SELECT * FROM `tb_friendlylink`  [ RunTime:0.001390s ]
SQL: SHOW COLUMNS FROM `tb_tag` [ RunTime:0.001383s ]
SQL: SELECT * FROM `tb_tag`  [ RunTime:0.001225s ]
SQL: SELECT COUNT(distinct(ip)) AS tp_count FROM `tb_visitors` WHERE ( `ip` = 'ip' ) LIMIT 1   [ RunTime:0.001642s ]
NOTIC: [8] Undefined index: www.zxdphp.site /data/home/bxu2442410262/htdocs/Application/Home/Controller/IndexController.class.php Á¨¨ 111 Ë°å.
INFO: [ view_parse ] --START--
INFO: [ template_filter ] --START--
INFO: Run Behavior\ContentReplaceBehavior [ RunTime:0.000054s ]
INFO: [ template_filter ] --END-- [ RunTime:0.000111s ]
NOTIC: [8] Undefined variable: data /data/home/bxu2442410262/htdocs/Application/Runtime/Cache/Home/2a94b8bda04ff446dcedd42276fc99ee.php Á¨¨ 169 Ë°å.
NOTIC: [8] Undefined variable: data /data/home/bxu2442410262/htdocs/Application/Runtime/Cache/Home/2a94b8bda04ff446dcedd42276fc99ee.php Á¨¨ 171 Ë°å.
INFO: Run Behavior\ParseTemplateBehavior [ RunTime:0.017663s ]
INFO: [ view_parse ] --END-- [ RunTime:0.017707s ]
INFO: [ view_filter ] --START--
INFO: Run Behavior\WriteHtmlCacheBehavior [ RunTime:0.000261s ]
INFO: [ view_filter ] --END-- [ RunTime:0.000295s ]
INFO: [ app_end ] --START--
INFO: Run Behavior\ShowPageTraceBehavior [ RunTime:0.000547s ]
INFO: [ app_end ] --END-- [ RunTime:0.000586s ]

[ 2017-07-01T17:00:34+08:00 ] 5.188.211.40 /Home/Message/add.html
INFO: [ app_init ] --START--
INFO: Run Behavior\BuildLiteBehavior [ RunTime:0.000016s ]
INFO: [ app_init ] --END-- [ RunTime:0.000369s ]
INFO: [ app_begin ] --START--
INFO: Run Behavior\ReadHtmlCacheBehavior [ RunTime:0.000473s ]
INFO: [ app_begin ] --END-- [ RunTime:0.000532s ]
INFO: [ view_parse ] --START--
INFO: [ template_filter ] --START--
INFO: Run Behavior\ContentReplaceBehavior [ RunTime:0.000068s ]
INFO: [ template_filter ] --END-- [ RunTime:0.000109s ]
INFO: Run Behavior\ParseTemplateBehavior [ RunTime:0.008469s ]
INFO: [ view_parse ] --END-- [ RunTime:0.008516s ]
INFO: [ view_filter ] --START--
INFO: Run Behavior\WriteHtmlCacheBehavior [ RunTime:0.000245s ]
INFO: [ view_filter ] --END-- [ RunTime:0.000277s ]
INFO: [ app_end ] --START--
INFO: Run Behavior\ShowPageTraceBehavior [ RunTime:0.000494s ]
INFO: [ app_end ] --END-- [ RunTime:0.000533s ]

[ 2017-07-01T18:15:35+08:00 ] 202.108.211.56 /
INFO: [ app_init ] --START--
INFO: Run Behavior\BuildLiteBehavior [ RunTime:0.000016s ]
INFO: [ app_init ] --END-- [ RunTime:0.000401s ]
INFO: [ app_begin ] --START--
INFO: Run Behavior\ReadHtmlCacheBehavior [ RunTime:0.000453s ]
INFO: [ app_begin ] --END-- [ RunTime:0.000500s ]
SQL: SHOW COLUMNS FROM `tb_article` [ RunTime:0.001795s ]
SQL: SHOW COLUMNS FROM `tb_visitors` [ RunTime:0.002013s ]
SQL: INSERT INTO `tb_visitors` (`ip`,`ipdate`,`address`) VALUES ('202.108.211.56','2017-07-01 18:15:35','‰∏≠ÂõΩÂåó‰∫¨Â∏ÇÂåó‰∫¨Â∏Ç') [ RunTime:0.004177s ]
SQL: SELECT COUNT(*) AS tp_count FROM `tb_article` LIMIT 1   [ RunTime:0.001884s ]
SQL: SELECT * FROM `tb_article` WHERE ( `ispublic` = '0' ) ORDER BY articletime desc LIMIT 0,7   [ RunTime:0.003259s ]
SQL: SHOW COLUMNS FROM tb_article_tag as at [ RunTime:0.001289s ]
ERR: 1064:You have an error in your SQL syntax; check the manual that corresponds to your MySQL server version for the right syntax to use near 'as at' at line 1
 [ SQLËØ≠Âè• ] : SHOW COLUMNS FROM tb_article_tag as at
SQL: SELECT * FROM tb_article_tag as at INNER JOIN tb_tag as t on at.tagid=t.id   [ RunTime:0.001890s ]
SQL: SHOW COLUMNS FROM `tb_article` [ RunTime:0.001593s ]
SQL: SELECT * FROM `tb_article` ORDER BY views desc  [ RunTime:0.018374s ]
SQL: SELECT * FROM `tb_article` ORDER BY articletime desc  [ RunTime:0.014338s ]
SQL: SHOW COLUMNS FROM `tb_friendlylink` [ RunTime:0.001594s ]
SQL: SELECT * FROM `tb_friendlylink`  [ RunTime:0.001532s ]
SQL: SHOW COLUMNS FROM `tb_tag` [ RunTime:0.001493s ]
SQL: SELECT * FROM `tb_tag`  [ RunTime:0.001314s ]
SQL: SELECT COUNT(distinct(ip)) AS tp_count FROM `tb_visitors` WHERE ( `ip` = 'ip' ) LIMIT 1   [ RunTime:0.001645s ]
NOTIC: [8] Undefined index: www.zxdphp.site /data/home/bxu2442410262/htdocs/Application/Home/Controller/IndexController.class.php Á¨¨ 111 Ë°å.
INFO: [ view_parse ] --START--
INFO: [ template_filter ] --START--
INFO: Run Behavior\ContentReplaceBehavior [ RunTime:0.000063s ]
INFO: [ template_filter ] --END-- [ RunTime:0.000114s ]
NOTIC: [8] Undefined variable: data /data/home/bxu2442410262/htdocs/Application/Runtime/Cache/Home/2a94b8bda04ff446dcedd42276fc99ee.php Á¨¨ 169 Ë°å.
NOTIC: [8] Undefined variable: data /data/home/bxu2442410262/htdocs/Application/Runtime/Cache/Home/2a94b8bda04ff446dcedd42276fc99ee.php Á¨¨ 171 Ë°å.
INFO: Run Behavior\ParseTemplateBehavior [ RunTime:0.018392s ]
INFO: [ view_parse ] --END-- [ RunTime:0.018438s ]
INFO: [ view_filter ] --START--
INFO: Run Behavior\WriteHtmlCacheBehavior [ RunTime:0.000274s ]
INFO: [ view_filter ] --END-- [ RunTime:0.000320s ]
INFO: [ app_end ] --START--
INFO: Run Behavior\ShowPageTraceBehavior [ RunTime:0.000570s ]
INFO: [ app_end ] --END-- [ RunTime:0.000616s ]

[ 2017-07-01T18:57:56+08:00 ] 101.226.99.196 /
INFO: [ app_init ] --START--
INFO: Run Behavior\BuildLiteBehavior [ RunTime:0.000015s ]
INFO: [ app_init ] --END-- [ RunTime:0.000388s ]
INFO: [ app_begin ] --START--
INFO: Run Behavior\ReadHtmlCacheBehavior [ RunTime:0.000457s ]
INFO: [ app_begin ] --END-- [ RunTime:0.000503s ]
SQL: SHOW COLUMNS FROM `tb_article` [ RunTime:0.001756s ]
SQL: SHOW COLUMNS FROM `tb_visitors` [ RunTime:0.002035s ]
SQL: INSERT INTO `tb_visitors` (`ip`,`ipdate`,`address`) VALUES ('101.226.99.196','2017-07-01 18:57:56','‰∏≠ÂõΩ‰∏äÊµ∑Â∏Ç‰∏äÊµ∑Â∏Ç') [ RunTime:0.004464s ]
SQL: SELECT COUNT(*) AS tp_count FROM `tb_article` LIMIT 1   [ RunTime:0.001969s ]
SQL: SELECT * FROM `tb_article` WHERE ( `ispublic` = '0' ) ORDER BY articletime desc LIMIT 0,7   [ RunTime:0.003084s ]
SQL: SHOW COLUMNS FROM tb_article_tag as at [ RunTime:0.001271s ]
ERR: 1064:You have an error in your SQL syntax; check the manual that corresponds to your MySQL server version for the right syntax to use near 'as at' at line 1
 [ SQLËØ≠Âè• ] : SHOW COLUMNS FROM tb_article_tag as at
SQL: SELECT * FROM tb_article_tag as at INNER JOIN tb_tag as t on at.tagid=t.id   [ RunTime:0.001801s ]
SQL: SHOW COLUMNS FROM `tb_article` [ RunTime:0.001598s ]
SQL: SELECT * FROM `tb_article` ORDER BY views desc  [ RunTime:0.018640s ]
SQL: SELECT * FROM `tb_article` ORDER BY articletime desc  [ RunTime:0.013104s ]
SQL: SHOW COLUMNS FROM `tb_friendlylink` [ RunTime:0.001719s ]
SQL: SELECT * FROM `tb_friendlylink`  [ RunTime:0.001520s ]
SQL: SHOW COLUMNS FROM `tb_tag` [ RunTime:0.001502s ]
SQL: SELECT * FROM `tb_tag`  [ RunTime:0.001353s ]
SQL: SELECT COUNT(distinct(ip)) AS tp_count FROM `tb_visitors` WHERE ( `ip` = 'ip' ) LIMIT 1   [ RunTime:0.001686s ]
NOTIC: [8] Undefined index: www.zxdphp.site /data/home/bxu2442410262/htdocs/Application/Home/Controller/IndexController.class.php Á¨¨ 111 Ë°å.
INFO: [ view_parse ] --START--
INFO: [ template_filter ] --START--
INFO: Run Behavior\ContentReplaceBehavior [ RunTime:0.000054s ]
INFO: [ template_filter ] --END-- [ RunTime:0.000092s ]
NOTIC: [8] Undefined variable: data /data/home/bxu2442410262/htdocs/Application/Runtime/Cache/Home/2a94b8bda04ff446dcedd42276fc99ee.php Á¨¨ 169 Ë°å.
NOTIC: [8] Undefined variable: data /data/home/bxu2442410262/htdocs/Application/Runtime/Cache/Home/2a94b8bda04ff446dcedd42276fc99ee.php Á¨¨ 171 Ë°å.
INFO: Run Behavior\ParseTemplateBehavior [ RunTime:0.017700s ]
INFO: [ view_parse ] --END-- [ RunTime:0.017743s ]
INFO: [ view_filter ] --START--
INFO: Run Behavior\WriteHtmlCacheBehavior [ RunTime:0.000255s ]
INFO: [ view_filter ] --END-- [ RunTime:0.000311s ]
INFO: [ app_end ] --START--
INFO: Run Behavior\ShowPageTraceBehavior [ RunTime:0.000530s ]
INFO: [ app_end ] --END-- [ RunTime:0.000583s ]

[ 2017-07-01T18:57:59+08:00 ] 101.226.33.217 /
INFO: [ app_init ] --START--
INFO: Run Behavior\BuildLiteBehavior [ RunTime:0.000017s ]
INFO: [ app_init ] --END-- [ RunTime:0.000386s ]
INFO: [ app_begin ] --START--
INFO: Run Behavior\ReadHtmlCacheBehavior [ RunTime:0.000497s ]
INFO: [ app_begin ] --END-- [ RunTime:0.000545s ]
SQL: SHOW COLUMNS FROM `tb_article` [ RunTime:0.001864s ]
SQL: SHOW COLUMNS FROM `tb_visitors` [ RunTime:0.001940s ]
SQL: INSERT INTO `tb_visitors` (`ip`,`ipdate`,`address`) VALUES ('101.226.33.217','2017-07-01 18:57:59','‰∏≠ÂõΩ‰∏äÊµ∑Â∏Ç‰∏äÊµ∑Â∏Ç') [ RunTime:0.005845s ]
SQL: SELECT COUNT(*) AS tp_count FROM `tb_article` LIMIT 1   [ RunTime:0.001376s ]
SQL: SELECT * FROM `tb_article` WHERE ( `ispublic` = '0' ) ORDER BY articletime desc LIMIT 0,7   [ RunTime:0.002975s ]
SQL: SHOW COLUMNS FROM tb_article_tag as at [ RunTime:0.001378s ]
ERR: 1064:You have an error in your SQL syntax; check the manual that corresponds to your MySQL server version for the right syntax to use near 'as at' at line 1
 [ SQLËØ≠Âè• ] : SHOW COLUMNS FROM tb_article_tag as at
SQL: SELECT * FROM tb_article_tag as at INNER JOIN tb_tag as t on at.tagid=t.id   [ RunTime:0.001389s ]
SQL: SHOW COLUMNS FROM `tb_article` [ RunTime:0.001758s ]
SQL: SELECT * FROM `tb_article` ORDER BY views desc  [ RunTime:0.020241s ]
SQL: SELECT * FROM `tb_article` ORDER BY articletime desc  [ RunTime:0.014372s ]
SQL: SHOW COLUMNS FROM `tb_friendlylink` [ RunTime:0.001745s ]
SQL: SELECT * FROM `tb_friendlylink`  [ RunTime:0.001384s ]
SQL: SHOW COLUMNS FROM `tb_tag` [ RunTime:0.001710s ]
SQL: SELECT * FROM `tb_tag`  [ RunTime:0.001395s ]
SQL: SELECT COUNT(distinct(ip)) AS tp_count FROM `tb_visitors` WHERE ( `ip` = 'ip' ) LIMIT 1   [ RunTime:0.001731s ]
NOTIC: [8] Undefined index: www.zxdphp.site /data/home/bxu2442410262/htdocs/Application/Home/Controller/IndexController.class.php Á¨¨ 111 Ë°å.
INFO: [ view_parse ] --START--
INFO: [ template_filter ] --START--
INFO: Run Behavior\ContentReplaceBehavior [ RunTime:0.000063s ]
INFO: [ template_filter ] --END-- [ RunTime:0.000138s ]
NOTIC: [8] Undefined variable: data /data/home/bxu2442410262/htdocs/Application/Runtime/Cache/Home/2a94b8bda04ff446dcedd42276fc99ee.php Á¨¨ 169 Ë°å.
NOTIC: [8] Undefined variable: data /data/home/bxu2442410262/htdocs/Application/Runtime/Cache/Home/2a94b8bda04ff446dcedd42276fc99ee.php Á¨¨ 171 Ë°å.
INFO: Run Behavior\ParseTemplateBehavior [ RunTime:0.018602s ]
INFO: [ view_parse ] --END-- [ RunTime:0.018649s ]
INFO: [ view_filter ] --START--
INFO: Run Behavior\WriteHtmlCacheBehavior [ RunTime:0.000360s ]
INFO: [ view_filter ] --END-- [ RunTime:0.000397s ]
INFO: [ app_end ] --START--
INFO: Run Behavior\ShowPageTraceBehavior [ RunTime:0.000540s ]
INFO: [ app_end ] --END-- [ RunTime:0.000587s ]

[ 2017-07-01T22:11:16+08:00 ] 220.181.108.102 /Home/NewList/newdetail/id/16.html
INFO: [ app_init ] --START--
INFO: Run Behavior\BuildLiteBehavior [ RunTime:0.000016s ]
INFO: [ app_init ] --END-- [ RunTime:0.000381s ]
INFO: [ app_begin ] --START--
INFO: Run Behavior\ReadHtmlCacheBehavior [ RunTime:0.000500s ]
INFO: [ app_begin ] --END-- [ RunTime:0.000547s ]
SQL: SHOW COLUMNS FROM `tb_article` [ RunTime:0.001931s ]
SQL: UPDATE `tb_article` SET `views`=views+1 WHERE ( `id` = 16 ) [ RunTime:0.005649s ]
SQL: SELECT * FROM `tb_article` WHERE ( `id` = 16 ) LIMIT 1   [ RunTime:0.001508s ]
SQL: SELECT * FROM `tb_article` WHERE ( id<16 ) ORDER BY id DESC LIMIT 1   [ RunTime:0.001826s ]
SQL: SELECT * FROM `tb_article` WHERE ( id>16 ) ORDER BY id ASC LIMIT 1   [ RunTime:0.001507s ]
INFO: [ view_parse ] --START--
INFO: [ template_filter ] --START--
INFO: Run Behavior\ContentReplaceBehavior [ RunTime:0.000062s ]
INFO: [ template_filter ] --END-- [ RunTime:0.000122s ]
INFO: Run Behavior\ParseTemplateBehavior [ RunTime:0.010095s ]
INFO: [ view_parse ] --END-- [ RunTime:0.010144s ]
INFO: [ view_filter ] --START--
INFO: Run Behavior\WriteHtmlCacheBehavior [ RunTime:0.000303s ]
INFO: [ view_filter ] --END-- [ RunTime:0.000338s ]
INFO: [ app_end ] --START--
INFO: Run Behavior\ShowPageTraceBehavior [ RunTime:0.000699s ]
INFO: [ app_end ] --END-- [ RunTime:0.000759s ]

