[ 2017-06-14T04:12:43+08:00 ] 220.181.51.88 /
INFO: [ app_init ] --START--
INFO: Run Behavior\BuildLiteBehavior [ RunTime:0.000016s ]
INFO: [ app_init ] --END-- [ RunTime:0.000383s ]
INFO: [ app_begin ] --START--
INFO: Run Behavior\ReadHtmlCacheBehavior [ RunTime:0.000457s ]
INFO: [ app_begin ] --END-- [ RunTime:0.000504s ]
SQL: SHOW COLUMNS FROM `tb_article` [ RunTime:0.001857s ]
SQL: SHOW COLUMNS FROM `tb_visitors` [ RunTime:0.001829s ]
SQL: INSERT INTO `tb_visitors` (`ip`,`ipdate`,`address`) VALUES ('220.181.51.88','2017-06-14 04:12:43','中国北京市北京市') [ RunTime:0.007975s ]
SQL: SELECT COUNT(*) AS tp_count FROM `tb_article` LIMIT 1   [ RunTime:0.001952s ]
SQL: SELECT * FROM `tb_article` WHERE ( `ispublic` = '0' ) ORDER BY articletime desc LIMIT 0,7   [ RunTime:0.006354s ]
SQL: SHOW COLUMNS FROM tb_article_tag as at [ RunTime:0.001361s ]
ERR: 1064:You have an error in your SQL syntax; check the manual that corresponds to your MySQL server version for the right syntax to use near 'as at' at line 1
 [ SQL语句 ] : SHOW COLUMNS FROM tb_article_tag as at
SQL: SELECT * FROM tb_article_tag as at INNER JOIN tb_tag as t on at.tagid=t.id   [ RunTime:0.001821s ]
SQL: SHOW COLUMNS FROM `tb_article` [ RunTime:0.001809s ]
SQL: SELECT * FROM `tb_article` ORDER BY views desc  [ RunTime:0.010932s ]
SQL: SELECT * FROM `tb_article` ORDER BY articletime desc  [ RunTime:0.005667s ]
SQL: SHOW COLUMNS FROM `tb_friendlylink` [ RunTime:0.001773s ]
SQL: SELECT * FROM `tb_friendlylink`  [ RunTime:0.001615s ]
SQL: SHOW COLUMNS FROM `tb_tag` [ RunTime:0.001513s ]
SQL: SELECT * FROM `tb_tag`  [ RunTime:0.001376s ]
SQL: SELECT COUNT(distinct(ip)) AS tp_count FROM `tb_visitors` WHERE ( `ip` = 'ip' ) LIMIT 1   [ RunTime:0.001745s ]
NOTIC: [8] Undefined index: www.zxdphp.site /data/home/bxu2442410262/htdocs/Application/Home/Controller/IndexController.class.php 第 111 行.
INFO: [ view_parse ] --START--
INFO: [ template_filter ] --START--
INFO: Run Behavior\ContentReplaceBehavior [ RunTime:0.000059s ]
INFO: [ template_filter ] --END-- [ RunTime:0.000116s ]
NOTIC: [8] Undefined variable: data /data/home/bxu2442410262/htdocs/Application/Runtime/Cache/Home/2a94b8bda04ff446dcedd42276fc99ee.php 第 169 行.
NOTIC: [8] Undefined variable: data /data/home/bxu2442410262/htdocs/Application/Runtime/Cache/Home/2a94b8bda04ff446dcedd42276fc99ee.php 第 171 行.
INFO: Run Behavior\ParseTemplateBehavior [ RunTime:0.019269s ]
INFO: [ view_parse ] --END-- [ RunTime:0.019335s ]
INFO: [ view_filter ] --START--
INFO: Run Behavior\WriteHtmlCacheBehavior [ RunTime:0.000288s ]
INFO: [ view_filter ] --END-- [ RunTime:0.000325s ]
INFO: [ app_end ] --START--
INFO: Run Behavior\ShowPageTraceBehavior [ RunTime:0.000709s ]
INFO: [ app_end ] --END-- [ RunTime:0.000755s ]

[ 2017-06-14T09:37:50+08:00 ] 183.14.135.93 /
INFO: [ app_init ] --START--
INFO: Run Behavior\BuildLiteBehavior [ RunTime:0.000025s ]
INFO: [ app_init ] --END-- [ RunTime:0.000582s ]
INFO: [ app_begin ] --START--
INFO: Run Behavior\ReadHtmlCacheBehavior [ RunTime:0.000461s ]
INFO: [ app_begin ] --END-- [ RunTime:0.000512s ]
SQL: SHOW COLUMNS FROM `tb_article` [ RunTime:0.001808s ]
SQL: SHOW COLUMNS FROM `tb_visitors` [ RunTime:0.001693s ]
SQL: INSERT INTO `tb_visitors` (`ip`,`ipdate`,`address`) VALUES ('183.14.135.93','2017-06-14 09:37:49','中国广东省深圳市') [ RunTime:0.011936s ]
SQL: SELECT COUNT(*) AS tp_count FROM `tb_article` LIMIT 1   [ RunTime:0.002043s ]
SQL: SELECT * FROM `tb_article` WHERE ( `ispublic` = '0' ) ORDER BY articletime desc LIMIT 0,7   [ RunTime:0.006048s ]
SQL: SHOW COLUMNS FROM tb_article_tag as at [ RunTime:0.001286s ]
ERR: 1064:You have an error in your SQL syntax; check the manual that corresponds to your MySQL server version for the right syntax to use near 'as at' at line 1
 [ SQL语句 ] : SHOW COLUMNS FROM tb_article_tag as at
SQL: SELECT * FROM tb_article_tag as at INNER JOIN tb_tag as t on at.tagid=t.id   [ RunTime:0.001950s ]
SQL: SHOW COLUMNS FROM `tb_article` [ RunTime:0.001617s ]
SQL: SELECT * FROM `tb_article` ORDER BY views desc  [ RunTime:0.009484s ]
SQL: SELECT * FROM `tb_article` ORDER BY articletime desc  [ RunTime:0.005564s ]
SQL: SHOW COLUMNS FROM `tb_friendlylink` [ RunTime:0.001613s ]
SQL: SELECT * FROM `tb_friendlylink`  [ RunTime:0.001482s ]
SQL: SHOW COLUMNS FROM `tb_tag` [ RunTime:0.001465s ]
SQL: SELECT * FROM `tb_tag`  [ RunTime:0.001321s ]
SQL: SELECT COUNT(distinct(ip)) AS tp_count FROM `tb_visitors` WHERE ( `ip` = 'ip' ) LIMIT 1   [ RunTime:0.001624s ]
NOTIC: [8] Undefined index: www.zxdphp.site /data/home/bxu2442410262/htdocs/Application/Home/Controller/IndexController.class.php 第 111 行.
INFO: [ view_parse ] --START--
INFO: [ template_filter ] --START--
INFO: Run Behavior\ContentReplaceBehavior [ RunTime:0.000083s ]
INFO: [ template_filter ] --END-- [ RunTime:0.000145s ]
NOTIC: [8] Undefined variable: data /data/home/bxu2442410262/htdocs/Application/Runtime/Cache/Home/2a94b8bda04ff446dcedd42276fc99ee.php 第 169 行.
NOTIC: [8] Undefined variable: data /data/home/bxu2442410262/htdocs/Application/Runtime/Cache/Home/2a94b8bda04ff446dcedd42276fc99ee.php 第 171 行.
INFO: Run Behavior\ParseTemplateBehavior [ RunTime:0.018753s ]
INFO: [ view_parse ] --END-- [ RunTime:0.018813s ]
INFO: [ view_filter ] --START--
INFO: Run Behavior\WriteHtmlCacheBehavior [ RunTime:0.000323s ]
INFO: [ view_filter ] --END-- [ RunTime:0.000361s ]
INFO: [ app_end ] --START--
INFO: Run Behavior\ShowPageTraceBehavior [ RunTime:0.000613s ]
INFO: [ app_end ] --END-- [ RunTime:0.000699s ]

[ 2017-06-14T09:38:56+08:00 ] 183.14.135.93 /Home/Index/index/id/17.html
INFO: [ app_init ] --START--
INFO: Run Behavior\BuildLiteBehavior [ RunTime:0.000020s ]
INFO: [ app_init ] --END-- [ RunTime:0.000422s ]
INFO: [ app_begin ] --START--
INFO: Run Behavior\ReadHtmlCacheBehavior [ RunTime:0.000662s ]
INFO: [ app_begin ] --END-- [ RunTime:0.000714s ]
SQL: SHOW COLUMNS FROM `tb_article` [ RunTime:0.001724s ]
SQL: SHOW COLUMNS FROM `tb_visitors` [ RunTime:0.001846s ]
SQL: INSERT INTO `tb_visitors` (`ip`,`ipdate`,`address`) VALUES ('183.14.135.93','2017-06-14 09:38:56','中国广东省深圳市') [ RunTime:0.004637s ]
SQL: SHOW COLUMNS FROM tb_article as a [ RunTime:0.001332s ]
ERR: 1064:You have an error in your SQL syntax; check the manual that corresponds to your MySQL server version for the right syntax to use near 'as a' at line 1
 [ SQL语句 ] : SHOW COLUMNS FROM tb_article as a
SQL: SELECT COUNT(*) AS tp_count FROM tb_article as a INNER JOIN tb_article_tag as at on a.id=at.articleid INNER JOIN tb_tag as t on at.tagid=t.id  WHERE ( at.tagid = '17' ) AND ( a.ispublic = '0' ) LIMIT 1   [ RunTime:0.001896s ]
SQL: SELECT a.id,a.titlepic,a.articletitle,a.articlecontent,a.articletime,at.articleid,t.name FROM tb_article as a INNER JOIN tb_article_tag as at on a.id=at.articleid INNER JOIN tb_tag as t on at.tagid=t.id  WHERE ( at.tagid = '17' ) AND ( a.ispublic = '0' ) LIMIT 0,7   [ RunTime:0.006580s ]
SQL: SHOW COLUMNS FROM tb_article_tag as at [ RunTime:0.001282s ]
ERR: 1064:You have an error in your SQL syntax; check the manual that corresponds to your MySQL server version for the right syntax to use near 'as at' at line 1
 [ SQL语句 ] : SHOW COLUMNS FROM tb_article_tag as at
SQL: SELECT * FROM tb_article_tag as at INNER JOIN tb_tag as t on at.tagid=t.id   [ RunTime:0.001305s ]
SQL: SHOW COLUMNS FROM `tb_article` [ RunTime:0.001748s ]
SQL: SELECT * FROM `tb_article` ORDER BY views desc  [ RunTime:0.008026s ]
SQL: SELECT * FROM `tb_article` ORDER BY articletime desc  [ RunTime:0.005543s ]
SQL: SHOW COLUMNS FROM `tb_friendlylink` [ RunTime:0.001532s ]
SQL: SELECT * FROM `tb_friendlylink`  [ RunTime:0.001288s ]
SQL: SHOW COLUMNS FROM `tb_tag` [ RunTime:0.001652s ]
SQL: SELECT * FROM `tb_tag`  [ RunTime:0.001283s ]
SQL: SELECT COUNT(distinct(ip)) AS tp_count FROM `tb_visitors` WHERE ( `ip` = 'ip' ) LIMIT 1   [ RunTime:0.001930s ]
INFO: [ view_parse ] --START--
INFO: [ template_filter ] --START--
INFO: Run Behavior\ContentReplaceBehavior [ RunTime:0.000072s ]
INFO: [ template_filter ] --END-- [ RunTime:0.000117s ]
NOTIC: [8] Undefined index: views /data/home/bxu2442410262/htdocs/Application/Runtime/Cache/Home/2a94b8bda04ff446dcedd42276fc99ee.php 第 93 行.
NOTIC: [8] Undefined index: views /data/home/bxu2442410262/htdocs/Application/Runtime/Cache/Home/2a94b8bda04ff446dcedd42276fc99ee.php 第 93 行.
NOTIC: [8] Undefined index: views /data/home/bxu2442410262/htdocs/Application/Runtime/Cache/Home/2a94b8bda04ff446dcedd42276fc99ee.php 第 93 行.
NOTIC: [8] Undefined index: views /data/home/bxu2442410262/htdocs/Application/Runtime/Cache/Home/2a94b8bda04ff446dcedd42276fc99ee.php 第 93 行.
NOTIC: [8] Undefined variable: data /data/home/bxu2442410262/htdocs/Application/Runtime/Cache/Home/2a94b8bda04ff446dcedd42276fc99ee.php 第 169 行.
NOTIC: [8] Undefined variable: data /data/home/bxu2442410262/htdocs/Application/Runtime/Cache/Home/2a94b8bda04ff446dcedd42276fc99ee.php 第 171 行.
INFO: Run Behavior\ParseTemplateBehavior [ RunTime:0.017232s ]
INFO: [ view_parse ] --END-- [ RunTime:0.017276s ]
INFO: [ view_filter ] --START--
INFO: Run Behavior\WriteHtmlCacheBehavior [ RunTime:0.000253s ]
INFO: [ view_filter ] --END-- [ RunTime:0.000287s ]
INFO: [ app_end ] --START--
INFO: Run Behavior\ShowPageTraceBehavior [ RunTime:0.000584s ]
INFO: [ app_end ] --END-- [ RunTime:0.000631s ]

[ 2017-06-14T09:39:21+08:00 ] 183.14.135.93 /Home/NewList/newdetail/id/21.html
INFO: [ app_init ] --START--
INFO: Run Behavior\BuildLiteBehavior [ RunTime:0.000015s ]
INFO: [ app_init ] --END-- [ RunTime:0.000428s ]
INFO: [ app_begin ] --START--
INFO: Run Behavior\ReadHtmlCacheBehavior [ RunTime:0.000471s ]
INFO: [ app_begin ] --END-- [ RunTime:0.000541s ]
SQL: SHOW COLUMNS FROM `tb_article` [ RunTime:0.001597s ]
SQL: UPDATE `tb_article` SET `views`=views+1 WHERE ( `id` = 21 ) [ RunTime:0.004407s ]
SQL: SELECT * FROM `tb_article` WHERE ( `id` = 21 ) LIMIT 1   [ RunTime:0.001412s ]
SQL: SELECT * FROM `tb_article` WHERE ( id<21 ) ORDER BY id DESC LIMIT 1   [ RunTime:0.001788s ]
SQL: SELECT * FROM `tb_article` WHERE ( id>21 ) ORDER BY id ASC LIMIT 1   [ RunTime:0.001835s ]
INFO: [ view_parse ] --START--
INFO: [ template_filter ] --START--
INFO: Run Behavior\ContentReplaceBehavior [ RunTime:0.000067s ]
INFO: [ template_filter ] --END-- [ RunTime:0.000127s ]
INFO: Run Behavior\ParseTemplateBehavior [ RunTime:0.009532s ]
INFO: [ view_parse ] --END-- [ RunTime:0.009581s ]
INFO: [ view_filter ] --START--
INFO: Run Behavior\WriteHtmlCacheBehavior [ RunTime:0.000245s ]
INFO: [ view_filter ] --END-- [ RunTime:0.000278s ]
INFO: [ app_end ] --START--
INFO: Run Behavior\ShowPageTraceBehavior [ RunTime:0.000496s ]
INFO: [ app_end ] --END-- [ RunTime:0.000541s ]

[ 2017-06-14T09:39:22+08:00 ] 183.14.135.93 /
INFO: [ app_init ] --START--
INFO: Run Behavior\BuildLiteBehavior [ RunTime:0.000017s ]
INFO: [ app_init ] --END-- [ RunTime:0.000385s ]
INFO: [ app_begin ] --START--
INFO: Run Behavior\ReadHtmlCacheBehavior [ RunTime:0.000487s ]
INFO: [ app_begin ] --END-- [ RunTime:0.000536s ]
SQL: SHOW COLUMNS FROM `tb_article` [ RunTime:0.001751s ]
SQL: SHOW COLUMNS FROM `tb_visitors` [ RunTime:0.001410s ]
SQL: INSERT INTO `tb_visitors` (`ip`,`ipdate`,`address`) VALUES ('183.14.135.93','2017-06-14 09:39:22','中国广东省深圳市') [ RunTime:0.004000s ]
SQL: SELECT COUNT(*) AS tp_count FROM `tb_article` LIMIT 1   [ RunTime:0.001406s ]
SQL: SELECT * FROM `tb_article` WHERE ( `ispublic` = '0' ) ORDER BY articletime desc LIMIT 0,7   [ RunTime:0.007151s ]
SQL: SHOW COLUMNS FROM tb_article_tag as at [ RunTime:0.001155s ]
ERR: 1064:You have an error in your SQL syntax; check the manual that corresponds to your MySQL server version for the right syntax to use near 'as at' at line 1
 [ SQL语句 ] : SHOW COLUMNS FROM tb_article_tag as at
SQL: SELECT * FROM tb_article_tag as at INNER JOIN tb_tag as t on at.tagid=t.id   [ RunTime:0.001173s ]
SQL: SHOW COLUMNS FROM `tb_article` [ RunTime:0.001421s ]
SQL: SELECT * FROM `tb_article` ORDER BY views desc  [ RunTime:0.009864s ]
SQL: SELECT * FROM `tb_article` ORDER BY articletime desc  [ RunTime:0.005574s ]
SQL: SHOW COLUMNS FROM `tb_friendlylink` [ RunTime:0.001372s ]
SQL: SELECT * FROM `tb_friendlylink`  [ RunTime:0.001140s ]
SQL: SHOW COLUMNS FROM `tb_tag` [ RunTime:0.001323s ]
SQL: SELECT * FROM `tb_tag`  [ RunTime:0.001174s ]
SQL: SELECT COUNT(distinct(ip)) AS tp_count FROM `tb_visitors` WHERE ( `ip` = 'ip' ) LIMIT 1   [ RunTime:0.001430s ]
INFO: [ view_parse ] --START--
INFO: [ template_filter ] --START--
INFO: Run Behavior\ContentReplaceBehavior [ RunTime:0.000065s ]
INFO: [ template_filter ] --END-- [ RunTime:0.000108s ]
NOTIC: [8] Undefined variable: data /data/home/bxu2442410262/htdocs/Application/Runtime/Cache/Home/2a94b8bda04ff446dcedd42276fc99ee.php 第 169 行.
NOTIC: [8] Undefined variable: data /data/home/bxu2442410262/htdocs/Application/Runtime/Cache/Home/2a94b8bda04ff446dcedd42276fc99ee.php 第 171 行.
INFO: Run Behavior\ParseTemplateBehavior [ RunTime:0.019250s ]
INFO: [ view_parse ] --END-- [ RunTime:0.019316s ]
INFO: [ view_filter ] --START--
INFO: Run Behavior\WriteHtmlCacheBehavior [ RunTime:0.000309s ]
INFO: [ view_filter ] --END-- [ RunTime:0.000351s ]
INFO: [ app_end ] --START--
INFO: Run Behavior\ShowPageTraceBehavior [ RunTime:0.000674s ]
INFO: [ app_end ] --END-- [ RunTime:0.000773s ]

[ 2017-06-14T09:45:15+08:00 ] 123.125.71.114 /
INFO: [ app_init ] --START--
INFO: Run Behavior\BuildLiteBehavior [ RunTime:0.000015s ]
INFO: [ app_init ] --END-- [ RunTime:0.000370s ]
INFO: [ app_begin ] --START--
INFO: Run Behavior\ReadHtmlCacheBehavior [ RunTime:0.000466s ]
INFO: [ app_begin ] --END-- [ RunTime:0.000514s ]
SQL: SHOW COLUMNS FROM `tb_article` [ RunTime:0.001724s ]
SQL: SHOW COLUMNS FROM `tb_visitors` [ RunTime:0.001544s ]
SQL: INSERT INTO `tb_visitors` (`ip`,`ipdate`,`address`) VALUES ('123.125.71.114','2017-06-14 09:45:15','中国北京市北京市') [ RunTime:0.019225s ]
SQL: SELECT COUNT(*) AS tp_count FROM `tb_article` LIMIT 1   [ RunTime:0.001707s ]
SQL: SELECT * FROM `tb_article` WHERE ( `ispublic` = '0' ) ORDER BY articletime desc LIMIT 0,7   [ RunTime:0.005437s ]
SQL: SHOW COLUMNS FROM tb_article_tag as at [ RunTime:0.001236s ]
ERR: 1064:You have an error in your SQL syntax; check the manual that corresponds to your MySQL server version for the right syntax to use near 'as at' at line 1
 [ SQL语句 ] : SHOW COLUMNS FROM tb_article_tag as at
SQL: SELECT * FROM tb_article_tag as at INNER JOIN tb_tag as t on at.tagid=t.id   [ RunTime:0.001583s ]
SQL: SHOW COLUMNS FROM `tb_article` [ RunTime:0.001372s ]
SQL: SELECT * FROM `tb_article` ORDER BY views desc  [ RunTime:0.008326s ]
SQL: SELECT * FROM `tb_article` ORDER BY articletime desc  [ RunTime:0.005748s ]
SQL: SHOW COLUMNS FROM `tb_friendlylink` [ RunTime:0.001444s ]
SQL: SELECT * FROM `tb_friendlylink`  [ RunTime:0.001331s ]
SQL: SHOW COLUMNS FROM `tb_tag` [ RunTime:0.001307s ]
SQL: SELECT * FROM `tb_tag`  [ RunTime:0.001230s ]
SQL: SELECT COUNT(distinct(ip)) AS tp_count FROM `tb_visitors` WHERE ( `ip` = 'ip' ) LIMIT 1   [ RunTime:0.001507s ]
NOTIC: [8] Undefined index: www.zxdphp.site /data/home/bxu2442410262/htdocs/Application/Home/Controller/IndexController.class.php 第 111 行.
INFO: [ view_parse ] --START--
INFO: [ template_filter ] --START--
INFO: Run Behavior\ContentReplaceBehavior [ RunTime:0.000058s ]
INFO: [ template_filter ] --END-- [ RunTime:0.000107s ]
NOTIC: [8] Undefined variable: data /data/home/bxu2442410262/htdocs/Application/Runtime/Cache/Home/2a94b8bda04ff446dcedd42276fc99ee.php 第 169 行.
NOTIC: [8] Undefined variable: data /data/home/bxu2442410262/htdocs/Application/Runtime/Cache/Home/2a94b8bda04ff446dcedd42276fc99ee.php 第 171 行.
INFO: Run Behavior\ParseTemplateBehavior [ RunTime:0.018142s ]
INFO: [ view_parse ] --END-- [ RunTime:0.018217s ]
INFO: [ view_filter ] --START--
INFO: Run Behavior\WriteHtmlCacheBehavior [ RunTime:0.000300s ]
INFO: [ view_filter ] --END-- [ RunTime:0.000339s ]
INFO: [ app_end ] --START--
INFO: Run Behavior\ShowPageTraceBehavior [ RunTime:0.000768s ]
INFO: [ app_end ] --END-- [ RunTime:0.000831s ]

[ 2017-06-14T12:26:36+08:00 ] 202.173.11.239 /
INFO: [ app_init ] --START--
INFO: Run Behavior\BuildLiteBehavior [ RunTime:0.000016s ]
INFO: [ app_init ] --END-- [ RunTime:0.000424s ]
INFO: [ app_begin ] --START--
INFO: Run Behavior\ReadHtmlCacheBehavior [ RunTime:0.000493s ]
INFO: [ app_begin ] --END-- [ RunTime:0.000540s ]
SQL: SHOW COLUMNS FROM `tb_article` [ RunTime:0.001677s ]
SQL: SHOW COLUMNS FROM `tb_visitors` [ RunTime:0.001763s ]
SQL: INSERT INTO `tb_visitors` (`ip`,`ipdate`,`address`) VALUES ('202.173.11.239','2017-06-14 12:26:36','中国北京市北京市') [ RunTime:0.007977s ]
SQL: SELECT COUNT(*) AS tp_count FROM `tb_article` LIMIT 1   [ RunTime:0.001982s ]
SQL: SELECT * FROM `tb_article` WHERE ( `ispublic` = '0' ) ORDER BY articletime desc LIMIT 0,7   [ RunTime:0.005708s ]
SQL: SHOW COLUMNS FROM tb_article_tag as at [ RunTime:0.001198s ]
ERR: 1064:You have an error in your SQL syntax; check the manual that corresponds to your MySQL server version for the right syntax to use near 'as at' at line 1
 [ SQL语句 ] : SHOW COLUMNS FROM tb_article_tag as at
SQL: SELECT * FROM tb_article_tag as at INNER JOIN tb_tag as t on at.tagid=t.id   [ RunTime:0.001726s ]
SQL: SHOW COLUMNS FROM `tb_article` [ RunTime:0.001655s ]
SQL: SELECT * FROM `tb_article` ORDER BY views desc  [ RunTime:0.008592s ]
SQL: SELECT * FROM `tb_article` ORDER BY articletime desc  [ RunTime:0.005360s ]
SQL: SHOW COLUMNS FROM `tb_friendlylink` [ RunTime:0.001478s ]
SQL: SELECT * FROM `tb_friendlylink`  [ RunTime:0.001380s ]
SQL: SHOW COLUMNS FROM `tb_tag` [ RunTime:0.001442s ]
SQL: SELECT * FROM `tb_tag`  [ RunTime:0.001301s ]
SQL: SELECT COUNT(distinct(ip)) AS tp_count FROM `tb_visitors` WHERE ( `ip` = 'ip' ) LIMIT 1   [ RunTime:0.001663s ]
NOTIC: [8] Undefined index: www.zxdphp.site /data/home/bxu2442410262/htdocs/Application/Home/Controller/IndexController.class.php 第 111 行.
INFO: [ view_parse ] --START--
INFO: [ template_filter ] --START--
INFO: Run Behavior\ContentReplaceBehavior [ RunTime:0.000055s ]
INFO: [ template_filter ] --END-- [ RunTime:0.000094s ]
NOTIC: [8] Undefined variable: data /data/home/bxu2442410262/htdocs/Application/Runtime/Cache/Home/2a94b8bda04ff446dcedd42276fc99ee.php 第 169 行.
NOTIC: [8] Undefined variable: data /data/home/bxu2442410262/htdocs/Application/Runtime/Cache/Home/2a94b8bda04ff446dcedd42276fc99ee.php 第 171 行.
INFO: Run Behavior\ParseTemplateBehavior [ RunTime:0.018069s ]
INFO: [ view_parse ] --END-- [ RunTime:0.018117s ]
INFO: [ view_filter ] --START--
INFO: Run Behavior\WriteHtmlCacheBehavior [ RunTime:0.000281s ]
INFO: [ view_filter ] --END-- [ RunTime:0.000320s ]
INFO: [ app_end ] --START--
INFO: Run Behavior\ShowPageTraceBehavior [ RunTime:0.000571s ]
INFO: [ app_end ] --END-- [ RunTime:0.000618s ]

[ 2017-06-14T12:57:07+08:00 ] 220.181.108.104 /Home/NewList/newdetail/id/13.html
INFO: [ app_init ] --START--
INFO: Run Behavior\BuildLiteBehavior [ RunTime:0.000016s ]
INFO: [ app_init ] --END-- [ RunTime:0.000389s ]
INFO: [ app_begin ] --START--
INFO: Run Behavior\ReadHtmlCacheBehavior [ RunTime:0.000470s ]
INFO: [ app_begin ] --END-- [ RunTime:0.000517s ]
SQL: SHOW COLUMNS FROM `tb_article` [ RunTime:0.001880s ]
SQL: UPDATE `tb_article` SET `views`=views+1 WHERE ( `id` = 13 ) [ RunTime:0.004663s ]
SQL: SELECT * FROM `tb_article` WHERE ( `id` = 13 ) LIMIT 1   [ RunTime:0.001486s ]
SQL: SELECT * FROM `tb_article` WHERE ( id<13 ) ORDER BY id DESC LIMIT 1   [ RunTime:0.003124s ]
SQL: SELECT * FROM `tb_article` WHERE ( id>13 ) ORDER BY id ASC LIMIT 1   [ RunTime:0.001839s ]
INFO: [ view_parse ] --START--
INFO: [ template_filter ] --START--
INFO: Run Behavior\ContentReplaceBehavior [ RunTime:0.000052s ]
INFO: [ template_filter ] --END-- [ RunTime:0.000092s ]
INFO: Run Behavior\ParseTemplateBehavior [ RunTime:0.009903s ]
INFO: [ view_parse ] --END-- [ RunTime:0.009952s ]
INFO: [ view_filter ] --START--
INFO: Run Behavior\WriteHtmlCacheBehavior [ RunTime:0.000251s ]
INFO: [ view_filter ] --END-- [ RunTime:0.000284s ]
INFO: [ app_end ] --START--
INFO: Run Behavior\ShowPageTraceBehavior [ RunTime:0.000555s ]
INFO: [ app_end ] --END-- [ RunTime:0.000600s ]

[ 2017-06-14T14:03:47+08:00 ] 220.181.108.114 /Home/Index/index/id/2.html
INFO: [ app_init ] --START--
INFO: Run Behavior\BuildLiteBehavior [ RunTime:0.000016s ]
INFO: [ app_init ] --END-- [ RunTime:0.000402s ]
INFO: [ app_begin ] --START--
INFO: Run Behavior\ReadHtmlCacheBehavior [ RunTime:0.000463s ]
INFO: [ app_begin ] --END-- [ RunTime:0.000529s ]
SQL: SHOW COLUMNS FROM `tb_article` [ RunTime:0.001818s ]
SQL: SHOW COLUMNS FROM `tb_visitors` [ RunTime:0.001909s ]
SQL: INSERT INTO `tb_visitors` (`ip`,`ipdate`,`address`) VALUES ('220.181.108.114','2017-06-14 14:03:47','中国北京市北京市') [ RunTime:0.003819s ]
SQL: SHOW COLUMNS FROM tb_article as a [ RunTime:0.001513s ]
ERR: 1064:You have an error in your SQL syntax; check the manual that corresponds to your MySQL server version for the right syntax to use near 'as a' at line 1
 [ SQL语句 ] : SHOW COLUMNS FROM tb_article as a
SQL: SELECT COUNT(*) AS tp_count FROM tb_article as a INNER JOIN tb_article_tag as at on a.id=at.articleid INNER JOIN tb_tag as t on at.tagid=t.id  WHERE ( at.tagid = '2' ) AND ( a.ispublic = '0' ) LIMIT 1   [ RunTime:0.002405s ]
SQL: SELECT a.id,a.titlepic,a.articletitle,a.articlecontent,a.articletime,at.articleid,t.name FROM tb_article as a INNER JOIN tb_article_tag as at on a.id=at.articleid INNER JOIN tb_tag as t on at.tagid=t.id  WHERE ( at.tagid = '2' ) AND ( a.ispublic = '0' ) LIMIT 0,7   [ RunTime:0.004789s ]
SQL: SHOW COLUMNS FROM tb_article_tag as at [ RunTime:0.001450s ]
ERR: 1064:You have an error in your SQL syntax; check the manual that corresponds to your MySQL server version for the right syntax to use near 'as at' at line 1
 [ SQL语句 ] : SHOW COLUMNS FROM tb_article_tag as at
SQL: SELECT * FROM tb_article_tag as at INNER JOIN tb_tag as t on at.tagid=t.id   [ RunTime:0.001520s ]
SQL: SHOW COLUMNS FROM `tb_article` [ RunTime:0.001638s ]
SQL: SELECT * FROM `tb_article` ORDER BY views desc  [ RunTime:0.009381s ]
SQL: SELECT * FROM `tb_article` ORDER BY articletime desc  [ RunTime:0.006957s ]
SQL: SHOW COLUMNS FROM `tb_friendlylink` [ RunTime:0.001695s ]
SQL: SELECT * FROM `tb_friendlylink`  [ RunTime:0.001523s ]
SQL: SHOW COLUMNS FROM `tb_tag` [ RunTime:0.001524s ]
SQL: SELECT * FROM `tb_tag`  [ RunTime:0.001418s ]
SQL: SELECT COUNT(distinct(ip)) AS tp_count FROM `tb_visitors` WHERE ( `ip` = 'ip' ) LIMIT 1   [ RunTime:0.001742s ]
NOTIC: [8] Undefined index: www.zxdphp.site /data/home/bxu2442410262/htdocs/Application/Home/Controller/IndexController.class.php 第 55 行.
INFO: [ view_parse ] --START--
INFO: [ template_filter ] --START--
INFO: Run Behavior\ContentReplaceBehavior [ RunTime:0.000058s ]
INFO: [ template_filter ] --END-- [ RunTime:0.000107s ]
NOTIC: [8] Undefined index: views /data/home/bxu2442410262/htdocs/Application/Runtime/Cache/Home/2a94b8bda04ff446dcedd42276fc99ee.php 第 93 行.
NOTIC: [8] Undefined index: views /data/home/bxu2442410262/htdocs/Application/Runtime/Cache/Home/2a94b8bda04ff446dcedd42276fc99ee.php 第 93 行.
NOTIC: [8] Undefined index: views /data/home/bxu2442410262/htdocs/Application/Runtime/Cache/Home/2a94b8bda04ff446dcedd42276fc99ee.php 第 93 行.
NOTIC: [8] Undefined index: views /data/home/bxu2442410262/htdocs/Application/Runtime/Cache/Home/2a94b8bda04ff446dcedd42276fc99ee.php 第 93 行.
NOTIC: [8] Undefined index: views /data/home/bxu2442410262/htdocs/Application/Runtime/Cache/Home/2a94b8bda04ff446dcedd42276fc99ee.php 第 93 行.
NOTIC: [8] Undefined index: views /data/home/bxu2442410262/htdocs/Application/Runtime/Cache/Home/2a94b8bda04ff446dcedd42276fc99ee.php 第 93 行.
NOTIC: [8] Undefined index: views /data/home/bxu2442410262/htdocs/Application/Runtime/Cache/Home/2a94b8bda04ff446dcedd42276fc99ee.php 第 93 行.
NOTIC: [8] Undefined variable: data /data/home/bxu2442410262/htdocs/Application/Runtime/Cache/Home/2a94b8bda04ff446dcedd42276fc99ee.php 第 169 行.
NOTIC: [8] Undefined variable: data /data/home/bxu2442410262/htdocs/Application/Runtime/Cache/Home/2a94b8bda04ff446dcedd42276fc99ee.php 第 171 行.
INFO: Run Behavior\ParseTemplateBehavior [ RunTime:0.018677s ]
INFO: [ view_parse ] --END-- [ RunTime:0.018762s ]
INFO: [ view_filter ] --START--
INFO: Run Behavior\WriteHtmlCacheBehavior [ RunTime:0.000324s ]
INFO: [ view_filter ] --END-- [ RunTime:0.000368s ]
INFO: [ app_end ] --START--
INFO: Run Behavior\ShowPageTraceBehavior [ RunTime:0.000643s ]
INFO: [ app_end ] --END-- [ RunTime:0.000683s ]

[ 2017-06-14T14:37:07+08:00 ] 220.181.108.116 /Home/NewList/newdetail/id/35.html
INFO: [ app_init ] --START--
INFO: Run Behavior\BuildLiteBehavior [ RunTime:0.000015s ]
INFO: [ app_init ] --END-- [ RunTime:0.000368s ]
INFO: [ app_begin ] --START--
INFO: Run Behavior\ReadHtmlCacheBehavior [ RunTime:0.000487s ]
INFO: [ app_begin ] --END-- [ RunTime:0.000533s ]
SQL: SHOW COLUMNS FROM `tb_article` [ RunTime:0.001804s ]
SQL: UPDATE `tb_article` SET `views`=views+1 WHERE ( `id` = 35 ) [ RunTime:0.003797s ]
SQL: SELECT * FROM `tb_article` WHERE ( `id` = 35 ) LIMIT 1   [ RunTime:0.001687s ]
SQL: SELECT * FROM `tb_article` WHERE ( id<35 ) ORDER BY id DESC LIMIT 1   [ RunTime:0.001626s ]
SQL: SELECT * FROM `tb_article` WHERE ( id>35 ) ORDER BY id ASC LIMIT 1   [ RunTime:0.001359s ]
INFO: [ view_parse ] --START--
INFO: [ template_filter ] --START--
INFO: Run Behavior\ContentReplaceBehavior [ RunTime:0.000058s ]
INFO: [ template_filter ] --END-- [ RunTime:0.000101s ]
INFO: Run Behavior\ParseTemplateBehavior [ RunTime:0.009938s ]
INFO: [ view_parse ] --END-- [ RunTime:0.009996s ]
INFO: [ view_filter ] --START--
INFO: Run Behavior\WriteHtmlCacheBehavior [ RunTime:0.000246s ]
INFO: [ view_filter ] --END-- [ RunTime:0.000279s ]
INFO: [ app_end ] --START--
INFO: Run Behavior\ShowPageTraceBehavior [ RunTime:0.000504s ]
INFO: [ app_end ] --END-- [ RunTime:0.000549s ]

[ 2017-06-14T15:10:27+08:00 ] 123.125.71.99 /Home/NewList/newdetail/id/34.html
INFO: [ app_init ] --START--
INFO: Run Behavior\BuildLiteBehavior [ RunTime:0.000016s ]
INFO: [ app_init ] --END-- [ RunTime:0.000387s ]
INFO: [ app_begin ] --START--
INFO: Run Behavior\ReadHtmlCacheBehavior [ RunTime:0.000496s ]
INFO: [ app_begin ] --END-- [ RunTime:0.000544s ]
SQL: SHOW COLUMNS FROM `tb_article` [ RunTime:0.001725s ]
SQL: UPDATE `tb_article` SET `views`=views+1 WHERE ( `id` = 34 ) [ RunTime:0.004329s ]
SQL: SELECT * FROM `tb_article` WHERE ( `id` = 34 ) LIMIT 1   [ RunTime:0.001327s ]
SQL: SELECT * FROM `tb_article` WHERE ( id<34 ) ORDER BY id DESC LIMIT 1   [ RunTime:0.001571s ]
SQL: SELECT * FROM `tb_article` WHERE ( id>34 ) ORDER BY id ASC LIMIT 1   [ RunTime:0.001402s ]
INFO: [ view_parse ] --START--
INFO: [ template_filter ] --START--
INFO: Run Behavior\ContentReplaceBehavior [ RunTime:0.000064s ]
INFO: [ template_filter ] --END-- [ RunTime:0.000110s ]
INFO: Run Behavior\ParseTemplateBehavior [ RunTime:0.010062s ]
INFO: [ view_parse ] --END-- [ RunTime:0.010113s ]
INFO: [ view_filter ] --START--
INFO: Run Behavior\WriteHtmlCacheBehavior [ RunTime:0.000247s ]
INFO: [ view_filter ] --END-- [ RunTime:0.000280s ]
INFO: [ app_end ] --START--
INFO: Run Behavior\ShowPageTraceBehavior [ RunTime:0.000647s ]
INFO: [ app_end ] --END-- [ RunTime:0.000712s ]

[ 2017-06-14T18:59:12+08:00 ] 220.181.108.174 /Home/Mood/select.html
INFO: [ app_init ] --START--
INFO: Run Behavior\BuildLiteBehavior [ RunTime:0.000028s ]
INFO: [ app_init ] --END-- [ RunTime:0.002387s ]
INFO: [ app_begin ] --START--
INFO: Run Behavior\ReadHtmlCacheBehavior [ RunTime:0.007646s ]
INFO: [ app_begin ] --END-- [ RunTime:0.007789s ]
SQL: SHOW COLUMNS FROM `tb_mood` [ RunTime:0.001632s ]
SQL: SELECT * FROM `tb_mood` ORDER BY mood_time desc  [ RunTime:0.001589s ]
INFO: [ view_parse ] --START--
INFO: [ template_filter ] --START--
INFO: Run Behavior\ContentReplaceBehavior [ RunTime:0.000071s ]
INFO: [ template_filter ] --END-- [ RunTime:0.000139s ]
INFO: Run Behavior\ParseTemplateBehavior [ RunTime:0.179758s ]
INFO: [ view_parse ] --END-- [ RunTime:0.179824s ]
INFO: [ view_filter ] --START--
INFO: Run Behavior\WriteHtmlCacheBehavior [ RunTime:0.015300s ]
INFO: [ view_filter ] --END-- [ RunTime:0.015349s ]
INFO: [ app_end ] --START--
INFO: Run Behavior\ShowPageTraceBehavior [ RunTime:0.010821s ]
INFO: [ app_end ] --END-- [ RunTime:0.010872s ]

