[ 2017-07-21T04:10:13+08:00 ] 123.125.67.227 /
INFO: [ app_init ] --START--
INFO: Run Behavior\BuildLiteBehavior [ RunTime:0.000018s ]
INFO: [ app_init ] --END-- [ RunTime:0.000390s ]
INFO: [ app_begin ] --START--
INFO: Run Behavior\ReadHtmlCacheBehavior [ RunTime:0.000491s ]
INFO: [ app_begin ] --END-- [ RunTime:0.000537s ]
SQL: SHOW COLUMNS FROM `tb_article` [ RunTime:0.001830s ]
SQL: SHOW COLUMNS FROM `tb_visitors` [ RunTime:0.001743s ]
SQL: INSERT INTO `tb_visitors` (`ip`,`ipdate`,`address`) VALUES ('123.125.67.227','2017-07-21 04:10:13','中国北京市北京市') [ RunTime:0.011380s ]
SQL: SELECT COUNT(*) AS tp_count FROM `tb_article` LIMIT 1   [ RunTime:0.001856s ]
SQL: SELECT * FROM `tb_article` WHERE ( `ispublic` = '0' ) ORDER BY articletime desc LIMIT 0,7   [ RunTime:0.003010s ]
SQL: SHOW COLUMNS FROM tb_article_tag as at [ RunTime:0.001274s ]
ERR: 1064:You have an error in your SQL syntax; check the manual that corresponds to your MySQL server version for the right syntax to use near 'as at' at line 1
 [ SQL语句 ] : SHOW COLUMNS FROM tb_article_tag as at
SQL: SELECT * FROM tb_article_tag as at INNER JOIN tb_tag as t on at.tagid=t.id   [ RunTime:0.001750s ]
SQL: SHOW COLUMNS FROM `tb_article` [ RunTime:0.001585s ]
SQL: SELECT * FROM `tb_article` ORDER BY views desc  [ RunTime:0.011312s ]
SQL: SELECT * FROM `tb_article` ORDER BY articletime desc  [ RunTime:0.005814s ]
SQL: SHOW COLUMNS FROM `tb_friendlylink` [ RunTime:0.001694s ]
SQL: SELECT * FROM `tb_friendlylink`  [ RunTime:0.001492s ]
SQL: SHOW COLUMNS FROM `tb_tag` [ RunTime:0.001572s ]
SQL: SELECT * FROM `tb_tag`  [ RunTime:0.001337s ]
SQL: SELECT COUNT(distinct(ip)) AS tp_count FROM `tb_visitors` WHERE ( `ip` = 'ip' ) LIMIT 1   [ RunTime:0.001801s ]
NOTIC: [8] Undefined index: www.zxdphp.site /data/home/bxu2442410262/htdocs/Application/Home/Controller/IndexController.class.php 第 111 行.
INFO: [ view_parse ] --START--
INFO: [ template_filter ] --START--
INFO: Run Behavior\ContentReplaceBehavior [ RunTime:0.000057s ]
INFO: [ template_filter ] --END-- [ RunTime:0.000101s ]
NOTIC: [8] Undefined variable: data /data/home/bxu2442410262/htdocs/Application/Runtime/Cache/Home/2a94b8bda04ff446dcedd42276fc99ee.php 第 169 行.
NOTIC: [8] Undefined variable: data /data/home/bxu2442410262/htdocs/Application/Runtime/Cache/Home/2a94b8bda04ff446dcedd42276fc99ee.php 第 171 行.
INFO: Run Behavior\ParseTemplateBehavior [ RunTime:0.018164s ]
INFO: [ view_parse ] --END-- [ RunTime:0.018303s ]
INFO: [ view_filter ] --START--
INFO: Run Behavior\WriteHtmlCacheBehavior [ RunTime:0.000384s ]
INFO: [ view_filter ] --END-- [ RunTime:0.000428s ]
INFO: [ app_end ] --START--
INFO: Run Behavior\ShowPageTraceBehavior [ RunTime:0.000691s ]
INFO: [ app_end ] --END-- [ RunTime:0.000743s ]

[ 2017-07-21T09:27:10+08:00 ] 220.181.108.109 /Home/Index/index/id/4.html
INFO: [ app_init ] --START--
INFO: Run Behavior\BuildLiteBehavior [ RunTime:0.000023s ]
INFO: [ app_init ] --END-- [ RunTime:0.000487s ]
INFO: [ app_begin ] --START--
INFO: Run Behavior\ReadHtmlCacheBehavior [ RunTime:0.000701s ]
INFO: [ app_begin ] --END-- [ RunTime:0.000805s ]
SQL: SHOW COLUMNS FROM `tb_article` [ RunTime:0.001827s ]
SQL: SHOW COLUMNS FROM `tb_visitors` [ RunTime:0.001694s ]
SQL: INSERT INTO `tb_visitors` (`ip`,`ipdate`,`address`) VALUES ('220.181.108.109','2017-07-21 09:27:10','中国北京市北京市') [ RunTime:0.003785s ]
SQL: SHOW COLUMNS FROM tb_article as a [ RunTime:0.001303s ]
ERR: 1064:You have an error in your SQL syntax; check the manual that corresponds to your MySQL server version for the right syntax to use near 'as a' at line 1
 [ SQL语句 ] : SHOW COLUMNS FROM tb_article as a
SQL: SELECT COUNT(*) AS tp_count FROM tb_article as a INNER JOIN tb_article_tag as at on a.id=at.articleid INNER JOIN tb_tag as t on at.tagid=t.id  WHERE ( at.tagid = '4' ) AND ( a.ispublic = '0' ) LIMIT 1   [ RunTime:0.002227s ]
SQL: SELECT a.id,a.titlepic,a.articletitle,a.articlecontent,a.articletime,at.articleid,t.name FROM tb_article as a INNER JOIN tb_article_tag as at on a.id=at.articleid INNER JOIN tb_tag as t on at.tagid=t.id  WHERE ( at.tagid = '4' ) AND ( a.ispublic = '0' ) LIMIT 0,7   [ RunTime:0.004694s ]
SQL: SHOW COLUMNS FROM tb_article_tag as at [ RunTime:0.001295s ]
ERR: 1064:You have an error in your SQL syntax; check the manual that corresponds to your MySQL server version for the right syntax to use near 'as at' at line 1
 [ SQL语句 ] : SHOW COLUMNS FROM tb_article_tag as at
SQL: SELECT * FROM tb_article_tag as at INNER JOIN tb_tag as t on at.tagid=t.id   [ RunTime:0.001464s ]
SQL: SHOW COLUMNS FROM `tb_article` [ RunTime:0.001582s ]
SQL: SELECT * FROM `tb_article` ORDER BY views desc  [ RunTime:0.010376s ]
SQL: SELECT * FROM `tb_article` ORDER BY articletime desc  [ RunTime:0.006366s ]
SQL: SHOW COLUMNS FROM `tb_friendlylink` [ RunTime:0.001568s ]
SQL: SELECT * FROM `tb_friendlylink`  [ RunTime:0.001516s ]
SQL: SHOW COLUMNS FROM `tb_tag` [ RunTime:0.001489s ]
SQL: SELECT * FROM `tb_tag`  [ RunTime:0.001425s ]
SQL: SELECT COUNT(distinct(ip)) AS tp_count FROM `tb_visitors` WHERE ( `ip` = 'ip' ) LIMIT 1   [ RunTime:0.001771s ]
NOTIC: [8] Undefined index: www.zxdphp.site /data/home/bxu2442410262/htdocs/Application/Home/Controller/IndexController.class.php 第 55 行.
INFO: [ view_parse ] --START--
INFO: [ template_filter ] --START--
INFO: Run Behavior\ContentReplaceBehavior [ RunTime:0.000057s ]
INFO: [ template_filter ] --END-- [ RunTime:0.000097s ]
NOTIC: [8] Undefined index: views /data/home/bxu2442410262/htdocs/Application/Runtime/Cache/Home/2a94b8bda04ff446dcedd42276fc99ee.php 第 93 行.
NOTIC: [8] Undefined index: views /data/home/bxu2442410262/htdocs/Application/Runtime/Cache/Home/2a94b8bda04ff446dcedd42276fc99ee.php 第 93 行.
NOTIC: [8] Undefined index: views /data/home/bxu2442410262/htdocs/Application/Runtime/Cache/Home/2a94b8bda04ff446dcedd42276fc99ee.php 第 93 行.
NOTIC: [8] Undefined variable: data /data/home/bxu2442410262/htdocs/Application/Runtime/Cache/Home/2a94b8bda04ff446dcedd42276fc99ee.php 第 169 行.
NOTIC: [8] Undefined variable: data /data/home/bxu2442410262/htdocs/Application/Runtime/Cache/Home/2a94b8bda04ff446dcedd42276fc99ee.php 第 171 行.
INFO: Run Behavior\ParseTemplateBehavior [ RunTime:0.017813s ]
INFO: [ view_parse ] --END-- [ RunTime:0.017864s ]
INFO: [ view_filter ] --START--
INFO: Run Behavior\WriteHtmlCacheBehavior [ RunTime:0.000400s ]
INFO: [ view_filter ] --END-- [ RunTime:0.000441s ]
INFO: [ app_end ] --START--
INFO: Run Behavior\ShowPageTraceBehavior [ RunTime:0.000577s ]
INFO: [ app_end ] --END-- [ RunTime:0.000626s ]

[ 2017-07-21T09:31:08+08:00 ] 183.14.134.2 /
INFO: [ app_init ] --START--
INFO: Run Behavior\BuildLiteBehavior [ RunTime:0.000018s ]
INFO: [ app_init ] --END-- [ RunTime:0.000390s ]
INFO: [ app_begin ] --START--
INFO: Run Behavior\ReadHtmlCacheBehavior [ RunTime:0.000496s ]
INFO: [ app_begin ] --END-- [ RunTime:0.000542s ]
SQL: SHOW COLUMNS FROM `tb_article` [ RunTime:0.001774s ]
SQL: SELECT COUNT(*) AS tp_count FROM `tb_article` LIMIT 1   [ RunTime:0.002000s ]
SQL: SELECT * FROM `tb_article` WHERE ( `ispublic` = '0' ) ORDER BY articletime desc LIMIT 0,7   [ RunTime:0.002915s ]
SQL: SHOW COLUMNS FROM tb_article_tag as at [ RunTime:0.001135s ]
ERR: 1064:You have an error in your SQL syntax; check the manual that corresponds to your MySQL server version for the right syntax to use near 'as at' at line 1
 [ SQL语句 ] : SHOW COLUMNS FROM tb_article_tag as at
SQL: SELECT * FROM tb_article_tag as at INNER JOIN tb_tag as t on at.tagid=t.id   [ RunTime:0.001338s ]
SQL: SHOW COLUMNS FROM `tb_article` [ RunTime:0.001707s ]
SQL: SELECT * FROM `tb_article` ORDER BY views desc  [ RunTime:0.010728s ]
SQL: SELECT * FROM `tb_article` ORDER BY articletime desc  [ RunTime:0.005798s ]
SQL: SHOW COLUMNS FROM `tb_friendlylink` [ RunTime:0.001670s ]
SQL: SELECT * FROM `tb_friendlylink`  [ RunTime:0.001138s ]
SQL: SHOW COLUMNS FROM `tb_tag` [ RunTime:0.001475s ]
SQL: SELECT * FROM `tb_tag`  [ RunTime:0.001136s ]
SQL: SHOW COLUMNS FROM `tb_visitors` [ RunTime:0.001487s ]
SQL: SELECT COUNT(distinct(ip)) AS tp_count FROM `tb_visitors` WHERE ( `ip` = 'ip' ) LIMIT 1   [ RunTime:0.001145s ]
INFO: [ view_parse ] --START--
INFO: [ template_filter ] --START--
INFO: Run Behavior\ContentReplaceBehavior [ RunTime:0.000058s ]
INFO: [ template_filter ] --END-- [ RunTime:0.000105s ]
NOTIC: [8] Undefined variable: data /data/home/bxu2442410262/htdocs/Application/Runtime/Cache/Home/2a94b8bda04ff446dcedd42276fc99ee.php 第 169 行.
NOTIC: [8] Undefined variable: data /data/home/bxu2442410262/htdocs/Application/Runtime/Cache/Home/2a94b8bda04ff446dcedd42276fc99ee.php 第 171 行.
INFO: Run Behavior\ParseTemplateBehavior [ RunTime:0.018576s ]
INFO: [ view_parse ] --END-- [ RunTime:0.018636s ]
INFO: [ view_filter ] --START--
INFO: Run Behavior\WriteHtmlCacheBehavior [ RunTime:0.000541s ]
INFO: [ view_filter ] --END-- [ RunTime:0.000577s ]
INFO: [ app_end ] --START--
INFO: Run Behavior\ShowPageTraceBehavior [ RunTime:0.000662s ]
INFO: [ app_end ] --END-- [ RunTime:0.000727s ]

[ 2017-07-21T09:31:13+08:00 ] 183.14.134.2 /Home/Index/index/id/17.html
INFO: [ app_init ] --START--
INFO: Run Behavior\BuildLiteBehavior [ RunTime:0.000015s ]
INFO: [ app_init ] --END-- [ RunTime:0.000375s ]
INFO: [ app_begin ] --START--
INFO: Run Behavior\ReadHtmlCacheBehavior [ RunTime:0.000497s ]
INFO: [ app_begin ] --END-- [ RunTime:0.000545s ]
SQL: SHOW COLUMNS FROM `tb_article` [ RunTime:0.001630s ]
SQL: SHOW COLUMNS FROM `tb_visitors` [ RunTime:0.001394s ]
SQL: INSERT INTO `tb_visitors` (`ip`,`ipdate`,`address`) VALUES ('183.14.134.2','2017-07-21 09:31:13','中国广东省深圳市') [ RunTime:0.003918s ]
SQL: SHOW COLUMNS FROM tb_article as a [ RunTime:0.001090s ]
ERR: 1064:You have an error in your SQL syntax; check the manual that corresponds to your MySQL server version for the right syntax to use near 'as a' at line 1
 [ SQL语句 ] : SHOW COLUMNS FROM tb_article as a
SQL: SELECT COUNT(*) AS tp_count FROM tb_article as a INNER JOIN tb_article_tag as at on a.id=at.articleid INNER JOIN tb_tag as t on at.tagid=t.id  WHERE ( at.tagid = '17' ) AND ( a.ispublic = '0' ) LIMIT 1   [ RunTime:0.001503s ]
SQL: SELECT a.id,a.titlepic,a.articletitle,a.articlecontent,a.articletime,at.articleid,t.name FROM tb_article as a INNER JOIN tb_article_tag as at on a.id=at.articleid INNER JOIN tb_tag as t on at.tagid=t.id  WHERE ( at.tagid = '17' ) AND ( a.ispublic = '0' ) LIMIT 0,7   [ RunTime:0.005628s ]
SQL: SHOW COLUMNS FROM tb_article_tag as at [ RunTime:0.001079s ]
ERR: 1064:You have an error in your SQL syntax; check the manual that corresponds to your MySQL server version for the right syntax to use near 'as at' at line 1
 [ SQL语句 ] : SHOW COLUMNS FROM tb_article_tag as at
SQL: SELECT * FROM tb_article_tag as at INNER JOIN tb_tag as t on at.tagid=t.id   [ RunTime:0.001091s ]
SQL: SHOW COLUMNS FROM `tb_article` [ RunTime:0.001391s ]
SQL: SELECT * FROM `tb_article` ORDER BY views desc  [ RunTime:0.007793s ]
SQL: SELECT * FROM `tb_article` ORDER BY articletime desc  [ RunTime:0.005254s ]
SQL: SHOW COLUMNS FROM `tb_friendlylink` [ RunTime:0.001396s ]
SQL: SELECT * FROM `tb_friendlylink`  [ RunTime:0.001129s ]
SQL: SHOW COLUMNS FROM `tb_tag` [ RunTime:0.001347s ]
SQL: SELECT * FROM `tb_tag`  [ RunTime:0.001139s ]
SQL: SELECT COUNT(distinct(ip)) AS tp_count FROM `tb_visitors` WHERE ( `ip` = 'ip' ) LIMIT 1   [ RunTime:0.001661s ]
INFO: [ view_parse ] --START--
INFO: [ template_filter ] --START--
INFO: Run Behavior\ContentReplaceBehavior [ RunTime:0.000061s ]
INFO: [ template_filter ] --END-- [ RunTime:0.000116s ]
NOTIC: [8] Undefined index: views /data/home/bxu2442410262/htdocs/Application/Runtime/Cache/Home/2a94b8bda04ff446dcedd42276fc99ee.php 第 93 行.
NOTIC: [8] Undefined index: views /data/home/bxu2442410262/htdocs/Application/Runtime/Cache/Home/2a94b8bda04ff446dcedd42276fc99ee.php 第 93 行.
NOTIC: [8] Undefined index: views /data/home/bxu2442410262/htdocs/Application/Runtime/Cache/Home/2a94b8bda04ff446dcedd42276fc99ee.php 第 93 行.
NOTIC: [8] Undefined index: views /data/home/bxu2442410262/htdocs/Application/Runtime/Cache/Home/2a94b8bda04ff446dcedd42276fc99ee.php 第 93 行.
NOTIC: [8] Undefined index: views /data/home/bxu2442410262/htdocs/Application/Runtime/Cache/Home/2a94b8bda04ff446dcedd42276fc99ee.php 第 93 行.
NOTIC: [8] Undefined variable: data /data/home/bxu2442410262/htdocs/Application/Runtime/Cache/Home/2a94b8bda04ff446dcedd42276fc99ee.php 第 169 行.
NOTIC: [8] Undefined variable: data /data/home/bxu2442410262/htdocs/Application/Runtime/Cache/Home/2a94b8bda04ff446dcedd42276fc99ee.php 第 171 行.
INFO: Run Behavior\ParseTemplateBehavior [ RunTime:0.018753s ]
INFO: [ view_parse ] --END-- [ RunTime:0.018800s ]
INFO: [ view_filter ] --START--
INFO: Run Behavior\WriteHtmlCacheBehavior [ RunTime:0.000281s ]
INFO: [ view_filter ] --END-- [ RunTime:0.000316s ]
INFO: [ app_end ] --START--
INFO: Run Behavior\ShowPageTraceBehavior [ RunTime:0.001018s ]
INFO: [ app_end ] --END-- [ RunTime:0.001096s ]

[ 2017-07-21T09:31:31+08:00 ] 183.14.134.2 /Home/NewList/newdetail/id/36.html
INFO: [ app_init ] --START--
INFO: Run Behavior\BuildLiteBehavior [ RunTime:0.000018s ]
INFO: [ app_init ] --END-- [ RunTime:0.000386s ]
INFO: [ app_begin ] --START--
INFO: Run Behavior\ReadHtmlCacheBehavior [ RunTime:0.000471s ]
INFO: [ app_begin ] --END-- [ RunTime:0.000518s ]
SQL: SHOW COLUMNS FROM `tb_article` [ RunTime:0.001811s ]
SQL: UPDATE `tb_article` SET `views`=views+1 WHERE ( `id` = 36 ) [ RunTime:0.004582s ]
SQL: SELECT * FROM `tb_article` WHERE ( `id` = 36 ) LIMIT 1   [ RunTime:0.001378s ]
SQL: SELECT * FROM `tb_article` WHERE ( id<36 ) ORDER BY id DESC LIMIT 1   [ RunTime:0.001512s ]
SQL: SELECT * FROM `tb_article` WHERE ( id>36 ) ORDER BY id ASC LIMIT 1   [ RunTime:0.001438s ]
INFO: [ view_parse ] --START--
INFO: [ template_filter ] --START--
INFO: Run Behavior\ContentReplaceBehavior [ RunTime:0.000075s ]
INFO: [ template_filter ] --END-- [ RunTime:0.000160s ]
INFO: Run Behavior\ParseTemplateBehavior [ RunTime:0.011525s ]
INFO: [ view_parse ] --END-- [ RunTime:0.011603s ]
INFO: [ view_filter ] --START--
INFO: Run Behavior\WriteHtmlCacheBehavior [ RunTime:0.000517s ]
INFO: [ view_filter ] --END-- [ RunTime:0.000560s ]
INFO: [ app_end ] --START--
INFO: Run Behavior\ShowPageTraceBehavior [ RunTime:0.001007s ]
INFO: [ app_end ] --END-- [ RunTime:0.001077s ]

[ 2017-07-21T09:31:32+08:00 ] 183.14.134.2 /
INFO: [ app_init ] --START--
INFO: Run Behavior\BuildLiteBehavior [ RunTime:0.000026s ]
INFO: [ app_init ] --END-- [ RunTime:0.000566s ]
INFO: [ app_begin ] --START--
INFO: Run Behavior\ReadHtmlCacheBehavior [ RunTime:0.000478s ]
INFO: [ app_begin ] --END-- [ RunTime:0.000525s ]
SQL: SHOW COLUMNS FROM `tb_article` [ RunTime:0.001544s ]
SQL: SHOW COLUMNS FROM `tb_visitors` [ RunTime:0.001720s ]
SQL: INSERT INTO `tb_visitors` (`ip`,`ipdate`,`address`) VALUES ('183.14.134.2','2017-07-21 09:31:32','中国广东省深圳市') [ RunTime:0.012851s ]
SQL: SELECT COUNT(*) AS tp_count FROM `tb_article` LIMIT 1   [ RunTime:0.001598s ]
SQL: SELECT * FROM `tb_article` WHERE ( `ispublic` = '0' ) ORDER BY articletime desc LIMIT 0,7   [ RunTime:0.002679s ]
SQL: SHOW COLUMNS FROM tb_article_tag as at [ RunTime:0.001088s ]
ERR: 1064:You have an error in your SQL syntax; check the manual that corresponds to your MySQL server version for the right syntax to use near 'as at' at line 1
 [ SQL语句 ] : SHOW COLUMNS FROM tb_article_tag as at
SQL: SELECT * FROM tb_article_tag as at INNER JOIN tb_tag as t on at.tagid=t.id   [ RunTime:0.001119s ]
SQL: SHOW COLUMNS FROM `tb_article` [ RunTime:0.001533s ]
SQL: SELECT * FROM `tb_article` ORDER BY views desc  [ RunTime:0.010969s ]
SQL: SELECT * FROM `tb_article` ORDER BY articletime desc  [ RunTime:0.006032s ]
SQL: SHOW COLUMNS FROM `tb_friendlylink` [ RunTime:0.001446s ]
SQL: SELECT * FROM `tb_friendlylink`  [ RunTime:0.001110s ]
SQL: SHOW COLUMNS FROM `tb_tag` [ RunTime:0.001334s ]
SQL: SELECT * FROM `tb_tag`  [ RunTime:0.001086s ]
SQL: SELECT COUNT(distinct(ip)) AS tp_count FROM `tb_visitors` WHERE ( `ip` = 'ip' ) LIMIT 1   [ RunTime:0.001563s ]
INFO: [ view_parse ] --START--
INFO: [ template_filter ] --START--
INFO: Run Behavior\ContentReplaceBehavior [ RunTime:0.000058s ]
INFO: [ template_filter ] --END-- [ RunTime:0.000108s ]
NOTIC: [8] Undefined variable: data /data/home/bxu2442410262/htdocs/Application/Runtime/Cache/Home/2a94b8bda04ff446dcedd42276fc99ee.php 第 169 行.
NOTIC: [8] Undefined variable: data /data/home/bxu2442410262/htdocs/Application/Runtime/Cache/Home/2a94b8bda04ff446dcedd42276fc99ee.php 第 171 行.
INFO: Run Behavior\ParseTemplateBehavior [ RunTime:0.018037s ]
INFO: [ view_parse ] --END-- [ RunTime:0.018081s ]
INFO: [ view_filter ] --START--
INFO: Run Behavior\WriteHtmlCacheBehavior [ RunTime:0.000268s ]
INFO: [ view_filter ] --END-- [ RunTime:0.000301s ]
INFO: [ app_end ] --START--
INFO: Run Behavior\ShowPageTraceBehavior [ RunTime:0.000784s ]
INFO: [ app_end ] --END-- [ RunTime:0.000901s ]

[ 2017-07-21T17:39:39+08:00 ] 183.14.29.72 /
INFO: [ app_init ] --START--
INFO: Run Behavior\BuildLiteBehavior [ RunTime:0.000016s ]
INFO: [ app_init ] --END-- [ RunTime:0.000392s ]
INFO: [ app_begin ] --START--
INFO: Run Behavior\ReadHtmlCacheBehavior [ RunTime:0.000496s ]
INFO: [ app_begin ] --END-- [ RunTime:0.000541s ]
SQL: SHOW COLUMNS FROM `tb_article` [ RunTime:0.001952s ]
SQL: SHOW COLUMNS FROM `tb_visitors` [ RunTime:0.001802s ]
SQL: INSERT INTO `tb_visitors` (`ip`,`ipdate`,`address`) VALUES ('183.14.29.72','2017-07-21 17:39:39','中国广东省深圳市') [ RunTime:0.005406s ]
SQL: SELECT COUNT(*) AS tp_count FROM `tb_article` LIMIT 1   [ RunTime:0.001794s ]
SQL: SELECT * FROM `tb_article` WHERE ( `ispublic` = '0' ) ORDER BY articletime desc LIMIT 0,7   [ RunTime:0.002984s ]
SQL: SHOW COLUMNS FROM tb_article_tag as at [ RunTime:0.001192s ]
ERR: 1064:You have an error in your SQL syntax; check the manual that corresponds to your MySQL server version for the right syntax to use near 'as at' at line 1
 [ SQL语句 ] : SHOW COLUMNS FROM tb_article_tag as at
SQL: SELECT * FROM tb_article_tag as at INNER JOIN tb_tag as t on at.tagid=t.id   [ RunTime:0.002264s ]
SQL: SHOW COLUMNS FROM `tb_article` [ RunTime:0.001493s ]
SQL: SELECT * FROM `tb_article` ORDER BY views desc  [ RunTime:0.010595s ]
SQL: SELECT * FROM `tb_article` ORDER BY articletime desc  [ RunTime:0.005359s ]
SQL: SHOW COLUMNS FROM `tb_friendlylink` [ RunTime:0.001616s ]
SQL: SELECT * FROM `tb_friendlylink`  [ RunTime:0.001415s ]
SQL: SHOW COLUMNS FROM `tb_tag` [ RunTime:0.001352s ]
SQL: SELECT * FROM `tb_tag`  [ RunTime:0.001215s ]
SQL: SELECT COUNT(distinct(ip)) AS tp_count FROM `tb_visitors` WHERE ( `ip` = 'ip' ) LIMIT 1   [ RunTime:0.001644s ]
INFO: [ view_parse ] --START--
INFO: [ template_filter ] --START--
INFO: Run Behavior\ContentReplaceBehavior [ RunTime:0.000055s ]
INFO: [ template_filter ] --END-- [ RunTime:0.000102s ]
NOTIC: [8] Undefined variable: data /data/home/bxu2442410262/htdocs/Application/Runtime/Cache/Home/2a94b8bda04ff446dcedd42276fc99ee.php 第 169 行.
NOTIC: [8] Undefined variable: data /data/home/bxu2442410262/htdocs/Application/Runtime/Cache/Home/2a94b8bda04ff446dcedd42276fc99ee.php 第 171 行.
INFO: Run Behavior\ParseTemplateBehavior [ RunTime:0.017617s ]
INFO: [ view_parse ] --END-- [ RunTime:0.017663s ]
INFO: [ view_filter ] --START--
INFO: Run Behavior\WriteHtmlCacheBehavior [ RunTime:0.000303s ]
INFO: [ view_filter ] --END-- [ RunTime:0.000337s ]
INFO: [ app_end ] --START--
INFO: Run Behavior\ShowPageTraceBehavior [ RunTime:0.000589s ]
INFO: [ app_end ] --END-- [ RunTime:0.000635s ]

[ 2017-07-21T17:39:47+08:00 ] 183.14.29.72 /Home/NewList/newdetail/id/36.html
INFO: [ app_init ] --START--
INFO: Run Behavior\BuildLiteBehavior [ RunTime:0.000019s ]
INFO: [ app_init ] --END-- [ RunTime:0.000481s ]
INFO: [ app_begin ] --START--
INFO: Run Behavior\ReadHtmlCacheBehavior [ RunTime:0.000546s ]
INFO: [ app_begin ] --END-- [ RunTime:0.000628s ]
SQL: SHOW COLUMNS FROM `tb_article` [ RunTime:0.001682s ]
SQL: UPDATE `tb_article` SET `views`=views+1 WHERE ( `id` = 36 ) [ RunTime:0.005216s ]
SQL: SELECT * FROM `tb_article` WHERE ( `id` = 36 ) LIMIT 1   [ RunTime:0.001347s ]
SQL: SELECT * FROM `tb_article` WHERE ( id<36 ) ORDER BY id DESC LIMIT 1   [ RunTime:0.001345s ]
SQL: SELECT * FROM `tb_article` WHERE ( id>36 ) ORDER BY id ASC LIMIT 1   [ RunTime:0.001393s ]
INFO: [ view_parse ] --START--
INFO: [ template_filter ] --START--
INFO: Run Behavior\ContentReplaceBehavior [ RunTime:0.000067s ]
INFO: [ template_filter ] --END-- [ RunTime:0.000114s ]
INFO: Run Behavior\ParseTemplateBehavior [ RunTime:0.009663s ]
INFO: [ view_parse ] --END-- [ RunTime:0.009712s ]
INFO: [ view_filter ] --START--
INFO: Run Behavior\WriteHtmlCacheBehavior [ RunTime:0.000268s ]
INFO: [ view_filter ] --END-- [ RunTime:0.000324s ]
INFO: [ app_end ] --START--
INFO: Run Behavior\ShowPageTraceBehavior [ RunTime:0.000616s ]
INFO: [ app_end ] --END-- [ RunTime:0.000684s ]

[ 2017-07-21T17:39:47+08:00 ] 183.14.29.72 /
INFO: [ app_init ] --START--
INFO: Run Behavior\BuildLiteBehavior [ RunTime:0.000016s ]
INFO: [ app_init ] --END-- [ RunTime:0.000482s ]
INFO: [ app_begin ] --START--
INFO: Run Behavior\ReadHtmlCacheBehavior [ RunTime:0.000469s ]
INFO: [ app_begin ] --END-- [ RunTime:0.000535s ]
SQL: SHOW COLUMNS FROM `tb_article` [ RunTime:0.002403s ]
SQL: SHOW COLUMNS FROM `tb_visitors` [ RunTime:0.001649s ]
SQL: INSERT INTO `tb_visitors` (`ip`,`ipdate`,`address`) VALUES ('183.14.29.72','2017-07-21 17:39:47','中国广东省深圳市') [ RunTime:0.003674s ]
SQL: SELECT COUNT(*) AS tp_count FROM `tb_article` LIMIT 1   [ RunTime:0.001444s ]
SQL: SELECT * FROM `tb_article` WHERE ( `ispublic` = '0' ) ORDER BY articletime desc LIMIT 0,7   [ RunTime:0.002996s ]
SQL: SHOW COLUMNS FROM tb_article_tag as at [ RunTime:0.001289s ]
ERR: 1064:You have an error in your SQL syntax; check the manual that corresponds to your MySQL server version for the right syntax to use near 'as at' at line 1
 [ SQL语句 ] : SHOW COLUMNS FROM tb_article_tag as at
SQL: SELECT * FROM tb_article_tag as at INNER JOIN tb_tag as t on at.tagid=t.id   [ RunTime:0.001319s ]
SQL: SHOW COLUMNS FROM `tb_article` [ RunTime:0.001567s ]
SQL: SELECT * FROM `tb_article` ORDER BY views desc  [ RunTime:0.012450s ]
SQL: SELECT * FROM `tb_article` ORDER BY articletime desc  [ RunTime:0.006778s ]
SQL: SHOW COLUMNS FROM `tb_friendlylink` [ RunTime:0.001559s ]
SQL: SELECT * FROM `tb_friendlylink`  [ RunTime:0.001300s ]
SQL: SHOW COLUMNS FROM `tb_tag` [ RunTime:0.001461s ]
SQL: SELECT * FROM `tb_tag`  [ RunTime:0.001262s ]
SQL: SELECT COUNT(distinct(ip)) AS tp_count FROM `tb_visitors` WHERE ( `ip` = 'ip' ) LIMIT 1   [ RunTime:0.001547s ]
INFO: [ view_parse ] --START--
INFO: [ template_filter ] --START--
INFO: Run Behavior\ContentReplaceBehavior [ RunTime:0.000054s ]
INFO: [ template_filter ] --END-- [ RunTime:0.000093s ]
NOTIC: [8] Undefined variable: data /data/home/bxu2442410262/htdocs/Application/Runtime/Cache/Home/2a94b8bda04ff446dcedd42276fc99ee.php 第 169 行.
NOTIC: [8] Undefined variable: data /data/home/bxu2442410262/htdocs/Application/Runtime/Cache/Home/2a94b8bda04ff446dcedd42276fc99ee.php 第 171 行.
INFO: Run Behavior\ParseTemplateBehavior [ RunTime:0.017147s ]
INFO: [ view_parse ] --END-- [ RunTime:0.017200s ]
INFO: [ view_filter ] --START--
INFO: Run Behavior\WriteHtmlCacheBehavior [ RunTime:0.000280s ]
INFO: [ view_filter ] --END-- [ RunTime:0.000314s ]
INFO: [ app_end ] --START--
INFO: Run Behavior\ShowPageTraceBehavior [ RunTime:0.000550s ]
INFO: [ app_end ] --END-- [ RunTime:0.000599s ]

[ 2017-07-21T19:59:18+08:00 ] 216.145.14.142 /
INFO: [ app_init ] --START--
INFO: Run Behavior\BuildLiteBehavior [ RunTime:0.000017s ]
INFO: [ app_init ] --END-- [ RunTime:0.000390s ]
INFO: [ app_begin ] --START--
INFO: Run Behavior\ReadHtmlCacheBehavior [ RunTime:0.000527s ]
INFO: [ app_begin ] --END-- [ RunTime:0.000573s ]
SQL: SHOW COLUMNS FROM `tb_article` [ RunTime:0.002188s ]
SQL: SHOW COLUMNS FROM `tb_visitors` [ RunTime:0.002151s ]
SQL: INSERT INTO `tb_visitors` (`ip`,`ipdate`,`address`) VALUES ('216.145.14.142','2017-07-21 19:59:18','美国') [ RunTime:0.005178s ]
SQL: SELECT COUNT(*) AS tp_count FROM `tb_article` LIMIT 1   [ RunTime:0.001999s ]
SQL: SELECT * FROM `tb_article` WHERE ( `ispublic` = '0' ) ORDER BY articletime desc LIMIT 0,7   [ RunTime:0.003098s ]
SQL: SHOW COLUMNS FROM tb_article_tag as at [ RunTime:0.001248s ]
ERR: 1064:You have an error in your SQL syntax; check the manual that corresponds to your MySQL server version for the right syntax to use near 'as at' at line 1
 [ SQL语句 ] : SHOW COLUMNS FROM tb_article_tag as at
SQL: SELECT * FROM tb_article_tag as at INNER JOIN tb_tag as t on at.tagid=t.id   [ RunTime:0.001877s ]
SQL: SHOW COLUMNS FROM `tb_article` [ RunTime:0.001644s ]
SQL: SELECT * FROM `tb_article` ORDER BY views desc  [ RunTime:0.011704s ]
SQL: SELECT * FROM `tb_article` ORDER BY articletime desc  [ RunTime:0.005697s ]
SQL: SHOW COLUMNS FROM `tb_friendlylink` [ RunTime:0.001549s ]
SQL: SELECT * FROM `tb_friendlylink`  [ RunTime:0.001500s ]
SQL: SHOW COLUMNS FROM `tb_tag` [ RunTime:0.001432s ]
SQL: SELECT * FROM `tb_tag`  [ RunTime:0.001360s ]
SQL: SELECT COUNT(distinct(ip)) AS tp_count FROM `tb_visitors` WHERE ( `ip` = 'ip' ) LIMIT 1   [ RunTime:0.001768s ]
NOTIC: [8] Undefined index: www.zxdphp.site /data/home/bxu2442410262/htdocs/Application/Home/Controller/IndexController.class.php 第 111 行.
INFO: [ view_parse ] --START--
INFO: [ template_filter ] --START--
INFO: Run Behavior\ContentReplaceBehavior [ RunTime:0.000055s ]
INFO: [ template_filter ] --END-- [ RunTime:0.000116s ]
NOTIC: [8] Undefined variable: data /data/home/bxu2442410262/htdocs/Application/Runtime/Cache/Home/2a94b8bda04ff446dcedd42276fc99ee.php 第 169 行.
NOTIC: [8] Undefined variable: data /data/home/bxu2442410262/htdocs/Application/Runtime/Cache/Home/2a94b8bda04ff446dcedd42276fc99ee.php 第 171 行.
INFO: Run Behavior\ParseTemplateBehavior [ RunTime:0.017328s ]
INFO: [ view_parse ] --END-- [ RunTime:0.017391s ]
INFO: [ view_filter ] --START--
INFO: Run Behavior\WriteHtmlCacheBehavior [ RunTime:0.000264s ]
INFO: [ view_filter ] --END-- [ RunTime:0.000300s ]
INFO: [ app_end ] --START--
INFO: Run Behavior\ShowPageTraceBehavior [ RunTime:0.000525s ]
INFO: [ app_end ] --END-- [ RunTime:0.000569s ]

